/home/gb21553/miniconda3/envs/torch/lib/python3.12/site-packages/torch/functional.py:507: UserWarning: torch.meshgrid: in an upcoming release, it will be required to pass the indexing argument. (Triggered internally at /opt/conda/conda-bld/pytorch_1708025845206/work/aten/src/ATen/native/TensorShape.cpp:3549.)
  return _VF.meshgrid(tensors, **kwargs)  # type: ignore[attr-defined]
CUDA available:  True
Using the following arguments:
task navier
n_iter 500
tasks_per_metaupdate 25
k_meta_train 10
k_meta_test 10
k_shot_eval 10
lr_inner 0.1
lr_meta 0.001
num_inner_updates 4
num_context_params 202
num_hidden_layers [178, 178, 178, 178, 178]
first_order False
maml False
seed 20060
use_ordered_pixels False
device cuda:0

Copied files into to regression/BackupNavier
Number of parameters in the model:  310959
saving best model at iter 0
Iter 0    - time: 4     - [train]: 0.9425 - [valid]: 0.9509 - [adapt]: 0.9374 - [adapt_test]: 0.9493 - [adapt_test_per_env]: [1.0253, 0.9716, 0.9226, 0.8775]
saving best model at iter 1
Iter 1    - time: 4     - [train]: 0.9423 - [valid]: 0.9507 - [adapt]: 0.9372 - [adapt_test]: 0.9491 - [adapt_test_per_env]: [1.0251, 0.9714, 0.9225, 0.8774]
saving best model at iter 2
Iter 2    - time: 4     - [train]: 0.9421 - [valid]: 0.9506 - [adapt]: 0.9371 - [adapt_test]: 0.9489 - [adapt_test_per_env]: [1.025, 0.9713, 0.9223, 0.8772]
saving best model at iter 3
Iter 3    - time: 3     - [train]: 0.942  - [valid]: 0.9504 - [adapt]: 0.9369 - [adapt_test]: 0.9488 - [adapt_test_per_env]: [1.0249, 0.9711, 0.9222, 0.8771]
saving best model at iter 4
Iter 4    - time: 4     - [train]: 0.9419 - [valid]: 0.9503 - [adapt]: 0.9368 - [adapt_test]: 0.9487 - [adapt_test_per_env]: [1.0247, 0.971, 0.922, 0.8769]
saving best model at iter 5
Iter 5    - time: 4     - [train]: 0.9418 - [valid]: 0.9502 - [adapt]: 0.9367 - [adapt_test]: 0.9486 - [adapt_test_per_env]: [1.0246, 0.9709, 0.9219, 0.8768]
saving best model at iter 6
Iter 6    - time: 4     - [train]: 0.9416 - [valid]: 0.9501 - [adapt]: 0.9366 - [adapt_test]: 0.9484 - [adapt_test_per_env]: [1.0245, 0.9708, 0.9218, 0.8767]
saving best model at iter 7
Iter 7    - time: 4     - [train]: 0.9415 - [valid]: 0.95   - [adapt]: 0.9365 - [adapt_test]: 0.9483 - [adapt_test_per_env]: [1.0244, 0.9707, 0.9217, 0.8766]
saving best model at iter 8
Iter 8    - time: 4     - [train]: 0.9414 - [valid]: 0.9499 - [adapt]: 0.9364 - [adapt_test]: 0.9482 - [adapt_test_per_env]: [1.0243, 0.9706, 0.9216, 0.8765]
saving best model at iter 9
Iter 9    - time: 4     - [train]: 0.9414 - [valid]: 0.9498 - [adapt]: 0.9363 - [adapt_test]: 0.9482 - [adapt_test_per_env]: [1.0242, 0.9705, 0.9215, 0.8764]
saving best model at iter 10
Iter 10   - time: 4     - [train]: 0.9413 - [valid]: 0.9497 - [adapt]: 0.9362 - [adapt_test]: 0.9481 - [adapt_test_per_env]: [1.0241, 0.9704, 0.9214, 0.8763]
saving best model at iter 11
Iter 11   - time: 4     - [train]: 0.9412 - [valid]: 0.9496 - [adapt]: 0.9361 - [adapt_test]: 0.948  - [adapt_test_per_env]: [1.024, 0.9703, 0.9213, 0.8763]
saving best model at iter 12
Iter 12   - time: 3     - [train]: 0.9411 - [valid]: 0.9495 - [adapt]: 0.936  - [adapt_test]: 0.9479 - [adapt_test_per_env]: [1.0239, 0.9702, 0.9213, 0.8762]
saving best model at iter 13
Iter 13   - time: 4     - [train]: 0.941  - [valid]: 0.9494 - [adapt]: 0.9359 - [adapt_test]: 0.9478 - [adapt_test_per_env]: [1.0238, 0.9701, 0.9212, 0.8761]
saving best model at iter 14
Iter 14   - time: 4     - [train]: 0.9409 - [valid]: 0.9494 - [adapt]: 0.9358 - [adapt_test]: 0.9477 - [adapt_test_per_env]: [1.0237, 0.9701, 0.9211, 0.876]
saving best model at iter 15
Iter 15   - time: 4     - [train]: 0.9408 - [valid]: 0.9493 - [adapt]: 0.9358 - [adapt_test]: 0.9476 - [adapt_test_per_env]: [1.0236, 0.97, 0.921, 0.8759]
saving best model at iter 16
Iter 16   - time: 3     - [train]: 0.9407 - [valid]: 0.9492 - [adapt]: 0.9357 - [adapt_test]: 0.9475 - [adapt_test_per_env]: [1.0235, 0.9699, 0.9209, 0.8758]
saving best model at iter 17
Iter 17   - time: 4     - [train]: 0.9406 - [valid]: 0.9491 - [adapt]: 0.9356 - [adapt_test]: 0.9474 - [adapt_test_per_env]: [1.0234, 0.9697, 0.9208, 0.8757]
saving best model at iter 18
Iter 18   - time: 3     - [train]: 0.9405 - [valid]: 0.9489 - [adapt]: 0.9354 - [adapt_test]: 0.9473 - [adapt_test_per_env]: [1.0233, 0.9696, 0.9207, 0.8756]
saving best model at iter 19
Iter 19   - time: 4     - [train]: 0.9404 - [valid]: 0.9488 - [adapt]: 0.9353 - [adapt_test]: 0.9472 - [adapt_test_per_env]: [1.0231, 0.9695, 0.9205, 0.8755]
saving best model at iter 20
Iter 20   - time: 4     - [train]: 0.9402 - [valid]: 0.9486 - [adapt]: 0.9351 - [adapt_test]: 0.947  - [adapt_test_per_env]: [1.0229, 0.9693, 0.9204, 0.8753]
saving best model at iter 21
Iter 21   - time: 4     - [train]: 0.94   - [valid]: 0.9484 - [adapt]: 0.9349 - [adapt_test]: 0.9468 - [adapt_test_per_env]: [1.0227, 0.9691, 0.9202, 0.8751]
saving best model at iter 22
Iter 22   - time: 4     - [train]: 0.9398 - [valid]: 0.9482 - [adapt]: 0.9347 - [adapt_test]: 0.9465 - [adapt_test_per_env]: [1.0225, 0.9688, 0.9199, 0.8749]
saving best model at iter 23
Iter 23   - time: 4     - [train]: 0.9395 - [valid]: 0.9479 - [adapt]: 0.9345 - [adapt_test]: 0.9463 - [adapt_test_per_env]: [1.0222, 0.9686, 0.9197, 0.8747]
saving best model at iter 24
Iter 24   - time: 4     - [train]: 0.9392 - [valid]: 0.9476 - [adapt]: 0.9342 - [adapt_test]: 0.946  - [adapt_test_per_env]: [1.0219, 0.9682, 0.9194, 0.8744]
saving best model at iter 25
Iter 25   - time: 4     - [train]: 0.9388 - [valid]: 0.9472 - [adapt]: 0.9338 - [adapt_test]: 0.9456 - [adapt_test_per_env]: [1.0215, 0.9679, 0.919, 0.874]
saving best model at iter 26
Iter 26   - time: 4     - [train]: 0.9384 - [valid]: 0.9468 - [adapt]: 0.9334 - [adapt_test]: 0.9452 - [adapt_test_per_env]: [1.021, 0.9674, 0.9186, 0.8736]
saving best model at iter 27
Iter 27   - time: 4     - [train]: 0.9379 - [valid]: 0.9463 - [adapt]: 0.933  - [adapt_test]: 0.9447 - [adapt_test_per_env]: [1.0205, 0.9669, 0.9181, 0.8731]
saving best model at iter 28
Iter 28   - time: 4     - [train]: 0.9373 - [valid]: 0.9457 - [adapt]: 0.9324 - [adapt_test]: 0.9441 - [adapt_test_per_env]: [1.0199, 0.9663, 0.9175, 0.8726]
saving best model at iter 29
Iter 29   - time: 4     - [train]: 0.9367 - [valid]: 0.945  - [adapt]: 0.9318 - [adapt_test]: 0.9434 - [adapt_test_per_env]: [1.0191, 0.9657, 0.9169, 0.872]
saving best model at iter 30
Iter 30   - time: 4     - [train]: 0.9359 - [valid]: 0.9443 - [adapt]: 0.9311 - [adapt_test]: 0.9426 - [adapt_test_per_env]: [1.0183, 0.9649, 0.9161, 0.8712]
saving best model at iter 31
Iter 31   - time: 4     - [train]: 0.935  - [valid]: 0.9434 - [adapt]: 0.9303 - [adapt_test]: 0.9417 - [adapt_test_per_env]: [1.0174, 0.964, 0.9152, 0.8704]
saving best model at iter 32
Iter 32   - time: 4     - [train]: 0.934  - [valid]: 0.9423 - [adapt]: 0.9294 - [adapt_test]: 0.9407 - [adapt_test_per_env]: [1.0163, 0.9629, 0.9142, 0.8694]
saving best model at iter 33
Iter 33   - time: 4     - [train]: 0.9328 - [valid]: 0.9411 - [adapt]: 0.9283 - [adapt_test]: 0.9395 - [adapt_test_per_env]: [1.015, 0.9617, 0.9131, 0.8683]
saving best model at iter 34
Iter 34   - time: 4     - [train]: 0.9314 - [valid]: 0.9397 - [adapt]: 0.927  - [adapt_test]: 0.9381 - [adapt_test_per_env]: [1.0135, 0.9603, 0.9117, 0.867]
saving best model at iter 35
Iter 35   - time: 4     - [train]: 0.9299 - [valid]: 0.9381 - [adapt]: 0.9255 - [adapt_test]: 0.9365 - [adapt_test_per_env]: [1.0118, 0.9586, 0.9101, 0.8655]
saving best model at iter 36
Iter 36   - time: 3     - [train]: 0.928  - [valid]: 0.9362 - [adapt]: 0.9239 - [adapt_test]: 0.9346 - [adapt_test_per_env]: [1.0098, 0.9567, 0.9083, 0.8637]
saving best model at iter 37
Iter 37   - time: 4     - [train]: 0.9259 - [valid]: 0.9341 - [adapt]: 0.9219 - [adapt_test]: 0.9325 - [adapt_test_per_env]: [1.0075, 0.9545, 0.9062, 0.8617]
saving best model at iter 38
Iter 38   - time: 4     - [train]: 0.9234 - [valid]: 0.9315 - [adapt]: 0.9196 - [adapt_test]: 0.9299 - [adapt_test_per_env]: [1.0048, 0.9519, 0.9037, 0.8593]
saving best model at iter 39
Iter 39   - time: 4     - [train]: 0.9205 - [valid]: 0.9286 - [adapt]: 0.917  - [adapt_test]: 0.927  - [adapt_test_per_env]: [1.0017, 0.949, 0.9008, 0.8565]
saving best model at iter 40
Iter 40   - time: 4     - [train]: 0.9172 - [valid]: 0.9252 - [adapt]: 0.9139 - [adapt_test]: 0.9236 - [adapt_test_per_env]: [0.9981, 0.9455, 0.8975, 0.8533]
saving best model at iter 41
Iter 41   - time: 4     - [train]: 0.9133 - [valid]: 0.9212 - [adapt]: 0.9104 - [adapt_test]: 0.9196 - [adapt_test_per_env]: [0.9939, 0.9414, 0.8936, 0.8496]
saving best model at iter 42
Iter 42   - time: 4     - [train]: 0.9087 - [valid]: 0.9166 - [adapt]: 0.9062 - [adapt_test]: 0.915  - [adapt_test_per_env]: [0.989, 0.9367, 0.8891, 0.8452]
saving best model at iter 43
Iter 43   - time: 4     - [train]: 0.9034 - [valid]: 0.9112 - [adapt]: 0.9013 - [adapt_test]: 0.9096 - [adapt_test_per_env]: [0.9832, 0.9312, 0.8838, 0.8401]
saving best model at iter 44
Iter 44   - time: 4     - [train]: 0.8971 - [valid]: 0.9048 - [adapt]: 0.8956 - [adapt_test]: 0.9033 - [adapt_test_per_env]: [0.9765, 0.9248, 0.8776, 0.8342]
saving best model at iter 45
Iter 45   - time: 4     - [train]: 0.8898 - [valid]: 0.8974 - [adapt]: 0.889  - [adapt_test]: 0.8959 - [adapt_test_per_env]: [0.9686, 0.9172, 0.8704, 0.8272]
saving best model at iter 46
Iter 46   - time: 4     - [train]: 0.8813 - [valid]: 0.8888 - [adapt]: 0.8812 - [adapt_test]: 0.8872 - [adapt_test_per_env]: [0.9594, 0.9084, 0.8619, 0.8191]
saving best model at iter 47
Iter 47   - time: 4     - [train]: 0.8713 - [valid]: 0.8786 - [adapt]: 0.8721 - [adapt_test]: 0.8771 - [adapt_test_per_env]: [0.9486, 0.8981, 0.852, 0.8096]
saving best model at iter 48
Iter 48   - time: 4     - [train]: 0.8598 - [valid]: 0.8668 - [adapt]: 0.8615 - [adapt_test]: 0.8653 - [adapt_test_per_env]: [0.9361, 0.8861, 0.8405, 0.7986]
saving best model at iter 49
Iter 49   - time: 4     - [train]: 0.8464 - [valid]: 0.8532 - [adapt]: 0.8493 - [adapt_test]: 0.8517 - [adapt_test_per_env]: [0.9215, 0.8722, 0.8273, 0.7859]
saving best model at iter 50
Iter 50   - time: 4     - [train]: 0.8311 - [valid]: 0.8377 - [adapt]: 0.8355 - [adapt_test]: 0.8362 - [adapt_test_per_env]: [0.9049, 0.8564, 0.8122, 0.7715]
saving best model at iter 51
Iter 51   - time: 4     - [train]: 0.8139 - [valid]: 0.8203 - [adapt]: 0.8202 - [adapt_test]: 0.8188 - [adapt_test_per_env]: [0.8861, 0.8386, 0.7953, 0.7554]
saving best model at iter 52
Iter 52   - time: 4     - [train]: 0.7952 - [valid]: 0.8013 - [adapt]: 0.8037 - [adapt_test]: 0.7999 - [adapt_test_per_env]: [0.8654, 0.8192, 0.7769, 0.7381]
saving best model at iter 53
Iter 53   - time: 4     - [train]: 0.7757 - [valid]: 0.7814 - [adapt]: 0.7871 - [adapt_test]: 0.7801 - [adapt_test_per_env]: [0.8435, 0.7988, 0.7578, 0.7202]
saving best model at iter 54
Iter 54   - time: 4     - [train]: 0.7569 - [valid]: 0.7622 - [adapt]: 0.7718 - [adapt_test]: 0.7609 - [adapt_test_per_env]: [0.8219, 0.7789, 0.7395, 0.7035]
saving best model at iter 55
Iter 55   - time: 4     - [train]: 0.7416 - [valid]: 0.7467 - [adapt]: 0.7611 - [adapt_test]: 0.7454 - [adapt_test_per_env]: [0.8032, 0.7625, 0.7251, 0.6909]
saving best model at iter 56
Iter 56   - time: 4     - [train]: 0.7349 - [valid]: 0.7398 - [adapt]: 0.7599 - [adapt_test]: 0.7386 - [adapt_test_per_env]: [0.7927, 0.7546, 0.7196, 0.6876]
Iter 57   - time: 4     - [train]: 0.7407 - [valid]: 0.7455 - [adapt]: 0.7718 - [adapt_test]: 0.7444 - [adapt_test_per_env]: [0.7945, 0.7593, 0.7268, 0.6972]
Iter 58   - time: 4     - [train]: 0.7503 - [valid]: 0.7549 - [adapt]: 0.7857 - [adapt_test]: 0.7539 - [adapt_test_per_env]: [0.8012, 0.7679, 0.7373, 0.7092]
Iter 59   - time: 4     - [train]: 0.7493 - [valid]: 0.7536 - [adapt]: 0.7862 - [adapt_test]: 0.7526 - [adapt_test_per_env]: [0.7992, 0.7665, 0.7362, 0.7086]
Iter 60   - time: 4     - [train]: 0.7385 - [valid]: 0.7425 - [adapt]: 0.7747 - [adapt_test]: 0.7415 - [adapt_test_per_env]: [0.7889, 0.7555, 0.7248, 0.6967]
saving best model at iter 61
Iter 61   - time: 4     - [train]: 0.7256 - [valid]: 0.7293 - [adapt]: 0.7601 - [adapt_test]: 0.7283 - [adapt_test_per_env]: [0.7773, 0.7428, 0.7111, 0.6821]
saving best model at iter 62
Iter 62   - time: 4     - [train]: 0.7155 - [valid]: 0.7192 - [adapt]: 0.7483 - [adapt_test]: 0.7182 - [adapt_test_per_env]: [0.7689, 0.7331, 0.7003, 0.6703]
saving best model at iter 63
Iter 63   - time: 4     - [train]: 0.7093 - [valid]: 0.7132 - [adapt]: 0.7408 - [adapt_test]: 0.7121 - [adapt_test_per_env]: [0.7644, 0.7275, 0.6937, 0.6628]
saving best model at iter 64
Iter 64   - time: 4     - [train]: 0.706  - [valid]: 0.7101 - [adapt]: 0.7368 - [adapt_test]: 0.7089 - [adapt_test_per_env]: [0.7625, 0.7247, 0.6901, 0.6584]
saving best model at iter 65
Iter 65   - time: 4     - [train]: 0.7039 - [valid]: 0.7082 - [adapt]: 0.7348 - [adapt_test]: 0.707  - [adapt_test_per_env]: [0.7615, 0.723, 0.6878, 0.6556]
saving best model at iter 66
Iter 66   - time: 4     - [train]: 0.7018 - [valid]: 0.7062 - [adapt]: 0.7336 - [adapt_test]: 0.705  - [adapt_test_per_env]: [0.7601, 0.7212, 0.6856, 0.653]
saving best model at iter 67
Iter 67   - time: 3     - [train]: 0.6989 - [valid]: 0.7033 - [adapt]: 0.7323 - [adapt_test]: 0.7021 - [adapt_test_per_env]: [0.7575, 0.7184, 0.6826, 0.65]
saving best model at iter 68
Iter 68   - time: 4     - [train]: 0.6947 - [valid]: 0.6991 - [adapt]: 0.7305 - [adapt_test]: 0.6978 - [adapt_test_per_env]: [0.7531, 0.7141, 0.6784, 0.6458]
saving best model at iter 69
Iter 69   - time: 3     - [train]: 0.6891 - [valid]: 0.6933 - [adapt]: 0.7281 - [adapt_test]: 0.6921 - [adapt_test_per_env]: [0.7469, 0.7081, 0.6727, 0.6404]
saving best model at iter 70
Iter 70   - time: 4     - [train]: 0.682  - [valid]: 0.6859 - [adapt]: 0.7251 - [adapt_test]: 0.6847 - [adapt_test_per_env]: [0.7388, 0.7006, 0.6656, 0.6338]
saving best model at iter 71
Iter 71   - time: 4     - [train]: 0.6736 - [valid]: 0.6771 - [adapt]: 0.7218 - [adapt_test]: 0.6759 - [adapt_test_per_env]: [0.729, 0.6914, 0.6572, 0.626]
saving best model at iter 72
Iter 72   - time: 4     - [train]: 0.6643 - [valid]: 0.6672 - [adapt]: 0.7184 - [adapt_test]: 0.666  - [adapt_test_per_env]: [0.7177, 0.6811, 0.6478, 0.6174]
saving best model at iter 73
Iter 73   - time: 4     - [train]: 0.6545 - [valid]: 0.6566 - [adapt]: 0.7154 - [adapt_test]: 0.6554 - [adapt_test_per_env]: [0.7054, 0.67, 0.6378, 0.6085]
saving best model at iter 74
Iter 74   - time: 4     - [train]: 0.6449 - [valid]: 0.646  - [adapt]: 0.7131 - [adapt_test]: 0.6448 - [adapt_test_per_env]: [0.6928, 0.6588, 0.6279, 0.5999]
saving best model at iter 75
Iter 75   - time: 4     - [train]: 0.6363 - [valid]: 0.636  - [adapt]: 0.7113 - [adapt_test]: 0.6349 - [adapt_test_per_env]: [0.6807, 0.6481, 0.6187, 0.5922]
saving best model at iter 76
Iter 76   - time: 4     - [train]: 0.6292 - [valid]: 0.6273 - [adapt]: 0.7095 - [adapt_test]: 0.6262 - [adapt_test_per_env]: [0.6697, 0.6387, 0.6108, 0.5857]
saving best model at iter 77
Iter 77   - time: 4     - [train]: 0.6236 - [valid]: 0.6201 - [adapt]: 0.7065 - [adapt_test]: 0.619  - [adapt_test_per_env]: [0.6603, 0.6308, 0.6042, 0.5805]
saving best model at iter 78
Iter 78   - time: 4     - [train]: 0.6194 - [valid]: 0.6142 - [adapt]: 0.7016 - [adapt_test]: 0.6131 - [adapt_test_per_env]: [0.653, 0.6244, 0.5989, 0.5762]
saving best model at iter 79
Iter 79   - time: 4     - [train]: 0.6158 - [valid]: 0.6094 - [adapt]: 0.6951 - [adapt_test]: 0.6082 - [adapt_test_per_env]: [0.6474, 0.6192, 0.5942, 0.5722]
saving best model at iter 80
Iter 80   - time: 4     - [train]: 0.6116 - [valid]: 0.6045 - [adapt]: 0.6884 - [adapt_test]: 0.6034 - [adapt_test_per_env]: [0.6426, 0.6143, 0.5893, 0.5673]
saving best model at iter 81
Iter 81   - time: 4     - [train]: 0.6064 - [valid]: 0.5992 - [adapt]: 0.6824 - [adapt_test]: 0.598  - [adapt_test_per_env]: [0.6378, 0.609, 0.5837, 0.5614]
saving best model at iter 82
Iter 82   - time: 4     - [train]: 0.6012 - [valid]: 0.5942 - [adapt]: 0.6778 - [adapt_test]: 0.5929 - [adapt_test_per_env]: [0.6336, 0.6042, 0.5784, 0.5556]
saving best model at iter 83
Iter 83   - time: 4     - [train]: 0.5972 - [valid]: 0.5904 - [adapt]: 0.6748 - [adapt_test]: 0.5892 - [adapt_test_per_env]: [0.6307, 0.6008, 0.5743, 0.551]
saving best model at iter 84
Iter 84   - time: 4     - [train]: 0.5947 - [valid]: 0.5882 - [adapt]: 0.6732 - [adapt_test]: 0.587  - [adapt_test_per_env]: [0.6292, 0.5988, 0.5719, 0.5481]
saving best model at iter 85
Iter 85   - time: 4     - [train]: 0.5931 - [valid]: 0.587  - [adapt]: 0.6723 - [adapt_test]: 0.5858 - [adapt_test_per_env]: [0.6284, 0.5977, 0.5706, 0.5465]
saving best model at iter 86
Iter 86   - time: 4     - [train]: 0.5919 - [valid]: 0.5861 - [adapt]: 0.6717 - [adapt_test]: 0.5848 - [adapt_test_per_env]: [0.6276, 0.5968, 0.5695, 0.5454]
saving best model at iter 87
Iter 87   - time: 4     - [train]: 0.5903 - [valid]: 0.5846 - [adapt]: 0.671  - [adapt_test]: 0.5834 - [adapt_test_per_env]: [0.6261, 0.5953, 0.5681, 0.544]
saving best model at iter 88
Iter 88   - time: 4     - [train]: 0.5879 - [valid]: 0.5825 - [adapt]: 0.6699 - [adapt_test]: 0.5812 - [adapt_test_per_env]: [0.6236, 0.593, 0.5661, 0.5422]
saving best model at iter 89
Iter 89   - time: 4     - [train]: 0.585  - [valid]: 0.5796 - [adapt]: 0.6684 - [adapt_test]: 0.5783 - [adapt_test_per_env]: [0.6202, 0.59, 0.5633, 0.5398]
saving best model at iter 90
Iter 90   - time: 4     - [train]: 0.5816 - [valid]: 0.5763 - [adapt]: 0.6664 - [adapt_test]: 0.575  - [adapt_test_per_env]: [0.6162, 0.5865, 0.5603, 0.5372]
saving best model at iter 91
Iter 91   - time: 3     - [train]: 0.5782 - [valid]: 0.5729 - [adapt]: 0.6642 - [adapt_test]: 0.5717 - [adapt_test_per_env]: [0.6121, 0.5829, 0.5572, 0.5346]
saving best model at iter 92
Iter 92   - time: 4     - [train]: 0.5751 - [valid]: 0.5698 - [adapt]: 0.6617 - [adapt_test]: 0.5686 - [adapt_test_per_env]: [0.6082, 0.5795, 0.5544, 0.5323]
saving best model at iter 93
Iter 93   - time: 4     - [train]: 0.5723 - [valid]: 0.567  - [adapt]: 0.6592 - [adapt_test]: 0.5658 - [adapt_test_per_env]: [0.6046, 0.5764, 0.5518, 0.5304]
saving best model at iter 94
Iter 94   - time: 4     - [train]: 0.5697 - [valid]: 0.5644 - [adapt]: 0.6566 - [adapt_test]: 0.5632 - [adapt_test_per_env]: [0.6012, 0.5735, 0.5495, 0.5285]
saving best model at iter 95
Iter 95   - time: 4     - [train]: 0.5671 - [valid]: 0.5618 - [adapt]: 0.654  - [adapt_test]: 0.5605 - [adapt_test_per_env]: [0.5979, 0.5707, 0.5471, 0.5265]
saving best model at iter 96
Iter 96   - time: 4     - [train]: 0.5646 - [valid]: 0.5592 - [adapt]: 0.6517 - [adapt_test]: 0.558  - [adapt_test_per_env]: [0.5949, 0.568, 0.5446, 0.5243]
saving best model at iter 97
Iter 97   - time: 4     - [train]: 0.5621 - [valid]: 0.5567 - [adapt]: 0.6495 - [adapt_test]: 0.5555 - [adapt_test_per_env]: [0.5923, 0.5655, 0.5423, 0.522]
saving best model at iter 98
Iter 98   - time: 4     - [train]: 0.5597 - [valid]: 0.5545 - [adapt]: 0.6474 - [adapt_test]: 0.5533 - [adapt_test_per_env]: [0.59, 0.5633, 0.5401, 0.5198]
saving best model at iter 99
Iter 99   - time: 4     - [train]: 0.5573 - [valid]: 0.5525 - [adapt]: 0.6452 - [adapt_test]: 0.5513 - [adapt_test_per_env]: [0.5881, 0.5614, 0.538, 0.5177]
saving best model at iter 100
Iter 100  - time: 4     - [train]: 0.555  - [valid]: 0.5506 - [adapt]: 0.6429 - [adapt_test]: 0.5494 - [adapt_test_per_env]: [0.5864, 0.5595, 0.5361, 0.5156]
saving best model at iter 101
Iter 101  - time: 4     - [train]: 0.5526 - [valid]: 0.5487 - [adapt]: 0.6402 - [adapt_test]: 0.5475 - [adapt_test_per_env]: [0.5846, 0.5577, 0.5342, 0.5137]
saving best model at iter 102
Iter 102  - time: 4     - [train]: 0.5502 - [valid]: 0.5468 - [adapt]: 0.6373 - [adapt_test]: 0.5456 - [adapt_test_per_env]: [0.5826, 0.5557, 0.5322, 0.5118]
saving best model at iter 103
Iter 103  - time: 4     - [train]: 0.5476 - [valid]: 0.5447 - [adapt]: 0.634  - [adapt_test]: 0.5435 - [adapt_test_per_env]: [0.5804, 0.5536, 0.5302, 0.5099]
saving best model at iter 104
Iter 104  - time: 4     - [train]: 0.5449 - [valid]: 0.5425 - [adapt]: 0.6305 - [adapt_test]: 0.5413 - [adapt_test_per_env]: [0.5777, 0.5512, 0.5281, 0.508]
saving best model at iter 105
Iter 105  - time: 4     - [train]: 0.5421 - [valid]: 0.5399 - [adapt]: 0.6266 - [adapt_test]: 0.5387 - [adapt_test_per_env]: [0.5747, 0.5485, 0.5258, 0.506]
saving best model at iter 106
Iter 106  - time: 4     - [train]: 0.5391 - [valid]: 0.5372 - [adapt]: 0.6223 - [adapt_test]: 0.536  - [adapt_test_per_env]: [0.5713, 0.5456, 0.5232, 0.5039]
saving best model at iter 107
Iter 107  - time: 4     - [train]: 0.536  - [valid]: 0.5343 - [adapt]: 0.6177 - [adapt_test]: 0.5331 - [adapt_test_per_env]: [0.5678, 0.5425, 0.5206, 0.5017]
saving best model at iter 108
Iter 108  - time: 3     - [train]: 0.5328 - [valid]: 0.5313 - [adapt]: 0.6129 - [adapt_test]: 0.5301 - [adapt_test_per_env]: [0.5642, 0.5393, 0.5178, 0.4993]
saving best model at iter 109
Iter 109  - time: 4     - [train]: 0.5295 - [valid]: 0.5283 - [adapt]: 0.6077 - [adapt_test]: 0.5271 - [adapt_test_per_env]: [0.5607, 0.5361, 0.5149, 0.4967]
saving best model at iter 110
Iter 110  - time: 4     - [train]: 0.5262 - [valid]: 0.5253 - [adapt]: 0.6024 - [adapt_test]: 0.5241 - [adapt_test_per_env]: [0.5574, 0.533, 0.512, 0.494]
saving best model at iter 111
Iter 111  - time: 4     - [train]: 0.5228 - [valid]: 0.5222 - [adapt]: 0.597  - [adapt_test]: 0.521  - [adapt_test_per_env]: [0.5542, 0.5298, 0.509, 0.4911]
saving best model at iter 112
Iter 112  - time: 4     - [train]: 0.5194 - [valid]: 0.5191 - [adapt]: 0.5916 - [adapt_test]: 0.5179 - [adapt_test_per_env]: [0.551, 0.5267, 0.5059, 0.4881]
saving best model at iter 113
Iter 113  - time: 4     - [train]: 0.5158 - [valid]: 0.5161 - [adapt]: 0.5862 - [adapt_test]: 0.5149 - [adapt_test_per_env]: [0.5479, 0.5236, 0.5028, 0.485]
saving best model at iter 114
Iter 114  - time: 4     - [train]: 0.5122 - [valid]: 0.5131 - [adapt]: 0.581  - [adapt_test]: 0.5118 - [adapt_test_per_env]: [0.5448, 0.5206, 0.4998, 0.4821]
saving best model at iter 115
Iter 115  - time: 4     - [train]: 0.5085 - [valid]: 0.5101 - [adapt]: 0.5758 - [adapt_test]: 0.5088 - [adapt_test_per_env]: [0.5416, 0.5175, 0.4969, 0.4793]
saving best model at iter 116
Iter 116  - time: 4     - [train]: 0.5047 - [valid]: 0.5071 - [adapt]: 0.5706 - [adapt_test]: 0.5058 - [adapt_test_per_env]: [0.5383, 0.5144, 0.494, 0.4766]
saving best model at iter 117
Iter 117  - time: 4     - [train]: 0.5009 - [valid]: 0.504  - [adapt]: 0.5654 - [adapt_test]: 0.5028 - [adapt_test_per_env]: [0.5348, 0.5112, 0.4911, 0.4741]
saving best model at iter 118
Iter 118  - time: 4     - [train]: 0.4969 - [valid]: 0.501  - [adapt]: 0.56   - [adapt_test]: 0.4997 - [adapt_test_per_env]: [0.5312, 0.508, 0.4882, 0.4715]
saving best model at iter 119
Iter 119  - time: 4     - [train]: 0.493  - [valid]: 0.4979 - [adapt]: 0.5544 - [adapt_test]: 0.4967 - [adapt_test_per_env]: [0.5276, 0.5047, 0.4853, 0.4689]
saving best model at iter 120
Iter 120  - time: 4     - [train]: 0.489  - [valid]: 0.4947 - [adapt]: 0.5486 - [adapt_test]: 0.4935 - [adapt_test_per_env]: [0.524, 0.5014, 0.4824, 0.4663]
saving best model at iter 121
Iter 121  - time: 4     - [train]: 0.4851 - [valid]: 0.4916 - [adapt]: 0.5427 - [adapt_test]: 0.4903 - [adapt_test_per_env]: [0.5204, 0.4981, 0.4793, 0.4635]
saving best model at iter 122
Iter 122  - time: 4     - [train]: 0.4811 - [valid]: 0.4883 - [adapt]: 0.5368 - [adapt_test]: 0.4871 - [adapt_test_per_env]: [0.5168, 0.4947, 0.4762, 0.4607]
saving best model at iter 123
Iter 123  - time: 4     - [train]: 0.4772 - [valid]: 0.4851 - [adapt]: 0.5312 - [adapt_test]: 0.4838 - [adapt_test_per_env]: [0.5131, 0.4913, 0.4731, 0.4579]
saving best model at iter 124
Iter 124  - time: 4     - [train]: 0.4734 - [valid]: 0.4818 - [adapt]: 0.5257 - [adapt_test]: 0.4806 - [adapt_test_per_env]: [0.5094, 0.4879, 0.47, 0.455]
saving best model at iter 125
Iter 125  - time: 4     - [train]: 0.4696 - [valid]: 0.4786 - [adapt]: 0.5204 - [adapt_test]: 0.4774 - [adapt_test_per_env]: [0.5058, 0.4846, 0.4669, 0.4522]
saving best model at iter 126
Iter 126  - time: 4     - [train]: 0.466  - [valid]: 0.4755 - [adapt]: 0.5153 - [adapt_test]: 0.4743 - [adapt_test_per_env]: [0.5023, 0.4814, 0.4639, 0.4495]
saving best model at iter 127
Iter 127  - time: 4     - [train]: 0.4625 - [valid]: 0.4724 - [adapt]: 0.5104 - [adapt_test]: 0.4712 - [adapt_test_per_env]: [0.4989, 0.4782, 0.4611, 0.4468]
saving best model at iter 128
Iter 128  - time: 4     - [train]: 0.459  - [valid]: 0.4695 - [adapt]: 0.5057 - [adapt_test]: 0.4683 - [adapt_test_per_env]: [0.4956, 0.4752, 0.4583, 0.4443]
saving best model at iter 129
Iter 129  - time: 3     - [train]: 0.4557 - [valid]: 0.4667 - [adapt]: 0.5015 - [adapt_test]: 0.4655 - [adapt_test_per_env]: [0.4923, 0.4722, 0.4556, 0.4419]
saving best model at iter 130
Iter 130  - time: 4     - [train]: 0.4525 - [valid]: 0.4639 - [adapt]: 0.4977 - [adapt_test]: 0.4627 - [adapt_test_per_env]: [0.4892, 0.4693, 0.4529, 0.4394]
saving best model at iter 131
Iter 131  - time: 4     - [train]: 0.4494 - [valid]: 0.4612 - [adapt]: 0.4941 - [adapt_test]: 0.46   - [adapt_test_per_env]: [0.4861, 0.4665, 0.4503, 0.437]
saving best model at iter 132
Iter 132  - time: 3     - [train]: 0.4463 - [valid]: 0.4584 - [adapt]: 0.4907 - [adapt_test]: 0.4572 - [adapt_test_per_env]: [0.4832, 0.4636, 0.4475, 0.4344]
saving best model at iter 133
Iter 133  - time: 4     - [train]: 0.4434 - [valid]: 0.4556 - [adapt]: 0.4875 - [adapt_test]: 0.4544 - [adapt_test_per_env]: [0.4803, 0.4608, 0.4447, 0.4317]
saving best model at iter 134
Iter 134  - time: 4     - [train]: 0.4405 - [valid]: 0.4527 - [adapt]: 0.4844 - [adapt_test]: 0.4515 - [adapt_test_per_env]: [0.4774, 0.4579, 0.4419, 0.4289]
saving best model at iter 135
Iter 135  - time: 3     - [train]: 0.4377 - [valid]: 0.4499 - [adapt]: 0.4814 - [adapt_test]: 0.4487 - [adapt_test_per_env]: [0.4745, 0.455, 0.4391, 0.4262]
saving best model at iter 136
Iter 136  - time: 4     - [train]: 0.4349 - [valid]: 0.4471 - [adapt]: 0.4784 - [adapt_test]: 0.4459 - [adapt_test_per_env]: [0.4716, 0.4522, 0.4363, 0.4234]
saving best model at iter 137
Iter 137  - time: 4     - [train]: 0.4322 - [valid]: 0.4443 - [adapt]: 0.4753 - [adapt_test]: 0.4431 - [adapt_test_per_env]: [0.4687, 0.4494, 0.4336, 0.4207]
saving best model at iter 138
Iter 138  - time: 4     - [train]: 0.4295 - [valid]: 0.4416 - [adapt]: 0.4722 - [adapt_test]: 0.4404 - [adapt_test_per_env]: [0.4659, 0.4466, 0.4309, 0.4181]
saving best model at iter 139
Iter 139  - time: 4     - [train]: 0.4268 - [valid]: 0.4389 - [adapt]: 0.4692 - [adapt_test]: 0.4377 - [adapt_test_per_env]: [0.463, 0.4438, 0.4282, 0.4155]
saving best model at iter 140
Iter 140  - time: 3     - [train]: 0.4242 - [valid]: 0.4362 - [adapt]: 0.4663 - [adapt_test]: 0.435  - [adapt_test_per_env]: [0.4602, 0.4411, 0.4256, 0.4131]
saving best model at iter 141
Iter 141  - time: 4     - [train]: 0.4217 - [valid]: 0.4336 - [adapt]: 0.4635 - [adapt_test]: 0.4323 - [adapt_test_per_env]: [0.4573, 0.4384, 0.423, 0.4106]
saving best model at iter 142
Iter 142  - time: 4     - [train]: 0.4191 - [valid]: 0.431  - [adapt]: 0.4606 - [adapt_test]: 0.4297 - [adapt_test_per_env]: [0.4545, 0.4357, 0.4205, 0.4082]
saving best model at iter 143
Iter 143  - time: 4     - [train]: 0.4166 - [valid]: 0.4284 - [adapt]: 0.4577 - [adapt_test]: 0.4271 - [adapt_test_per_env]: [0.4518, 0.4331, 0.4179, 0.4058]
saving best model at iter 144
Iter 144  - time: 4     - [train]: 0.4142 - [valid]: 0.4258 - [adapt]: 0.4548 - [adapt_test]: 0.4246 - [adapt_test_per_env]: [0.4491, 0.4305, 0.4154, 0.4034]
saving best model at iter 145
Iter 145  - time: 4     - [train]: 0.4118 - [valid]: 0.4233 - [adapt]: 0.4521 - [adapt_test]: 0.422  - [adapt_test_per_env]: [0.4464, 0.4278, 0.4129, 0.401]
saving best model at iter 146
Iter 146  - time: 4     - [train]: 0.4094 - [valid]: 0.4207 - [adapt]: 0.4494 - [adapt_test]: 0.4195 - [adapt_test_per_env]: [0.4438, 0.4253, 0.4104, 0.3985]
saving best model at iter 147
Iter 147  - time: 4     - [train]: 0.4071 - [valid]: 0.4182 - [adapt]: 0.4468 - [adapt_test]: 0.417  - [adapt_test_per_env]: [0.4412, 0.4227, 0.4079, 0.3961]
saving best model at iter 148
Iter 148  - time: 4     - [train]: 0.4048 - [valid]: 0.4157 - [adapt]: 0.4443 - [adapt_test]: 0.4145 - [adapt_test_per_env]: [0.4386, 0.4202, 0.4054, 0.3936]
saving best model at iter 149
Iter 149  - time: 3     - [train]: 0.4025 - [valid]: 0.4132 - [adapt]: 0.442  - [adapt_test]: 0.412  - [adapt_test_per_env]: [0.4361, 0.4177, 0.4029, 0.3912]
saving best model at iter 150
Iter 150  - time: 4     - [train]: 0.4003 - [valid]: 0.4108 - [adapt]: 0.4398 - [adapt_test]: 0.4096 - [adapt_test_per_env]: [0.4336, 0.4152, 0.4005, 0.3889]
saving best model at iter 151
Iter 151  - time: 3     - [train]: 0.3981 - [valid]: 0.4085 - [adapt]: 0.4378 - [adapt_test]: 0.4072 - [adapt_test_per_env]: [0.4312, 0.4128, 0.3982, 0.3866]
saving best model at iter 152
Iter 152  - time: 4     - [train]: 0.396  - [valid]: 0.4062 - [adapt]: 0.4357 - [adapt_test]: 0.4049 - [adapt_test_per_env]: [0.4288, 0.4105, 0.3959, 0.3844]
saving best model at iter 153
Iter 153  - time: 3     - [train]: 0.3939 - [valid]: 0.4039 - [adapt]: 0.4338 - [adapt_test]: 0.4026 - [adapt_test_per_env]: [0.4265, 0.4082, 0.3937, 0.3822]
saving best model at iter 154
Iter 154  - time: 4     - [train]: 0.3918 - [valid]: 0.4017 - [adapt]: 0.4318 - [adapt_test]: 0.4005 - [adapt_test_per_env]: [0.4242, 0.406, 0.3915, 0.3801]
saving best model at iter 155
Iter 155  - time: 3     - [train]: 0.3898 - [valid]: 0.3996 - [adapt]: 0.4299 - [adapt_test]: 0.3983 - [adapt_test_per_env]: [0.422, 0.4038, 0.3894, 0.378]
saving best model at iter 156
Iter 156  - time: 4     - [train]: 0.3878 - [valid]: 0.3974 - [adapt]: 0.428  - [adapt_test]: 0.3962 - [adapt_test_per_env]: [0.4198, 0.4016, 0.3872, 0.3759]
saving best model at iter 157
Iter 157  - time: 4     - [train]: 0.3859 - [valid]: 0.3953 - [adapt]: 0.4261 - [adapt_test]: 0.394  - [adapt_test_per_env]: [0.4176, 0.3995, 0.3852, 0.3739]
saving best model at iter 158
Iter 158  - time: 3     - [train]: 0.3839 - [valid]: 0.3932 - [adapt]: 0.4241 - [adapt_test]: 0.392  - [adapt_test_per_env]: [0.4155, 0.3974, 0.3831, 0.3719]
saving best model at iter 159
Iter 159  - time: 4     - [train]: 0.382  - [valid]: 0.3912 - [adapt]: 0.422  - [adapt_test]: 0.3899 - [adapt_test_per_env]: [0.4133, 0.3953, 0.381, 0.3699]
saving best model at iter 160
Iter 160  - time: 4     - [train]: 0.38   - [valid]: 0.3891 - [adapt]: 0.4199 - [adapt_test]: 0.3878 - [adapt_test_per_env]: [0.4111, 0.3932, 0.379, 0.368]
saving best model at iter 161
Iter 161  - time: 3     - [train]: 0.3781 - [valid]: 0.3871 - [adapt]: 0.4178 - [adapt_test]: 0.3858 - [adapt_test_per_env]: [0.409, 0.3911, 0.377, 0.366]
saving best model at iter 162
Iter 162  - time: 4     - [train]: 0.3761 - [valid]: 0.385  - [adapt]: 0.4156 - [adapt_test]: 0.3837 - [adapt_test_per_env]: [0.4068, 0.389, 0.375, 0.3641]
saving best model at iter 163
Iter 163  - time: 4     - [train]: 0.3742 - [valid]: 0.383  - [adapt]: 0.4134 - [adapt_test]: 0.3817 - [adapt_test_per_env]: [0.4046, 0.3869, 0.373, 0.3622]
saving best model at iter 164
Iter 164  - time: 4     - [train]: 0.3722 - [valid]: 0.381  - [adapt]: 0.4111 - [adapt_test]: 0.3797 - [adapt_test_per_env]: [0.4025, 0.3848, 0.371, 0.3603]
saving best model at iter 165
Iter 165  - time: 4     - [train]: 0.3703 - [valid]: 0.3789 - [adapt]: 0.4088 - [adapt_test]: 0.3776 - [adapt_test_per_env]: [0.4003, 0.3828, 0.369, 0.3584]
saving best model at iter 166
Iter 166  - time: 4     - [train]: 0.3683 - [valid]: 0.3769 - [adapt]: 0.4065 - [adapt_test]: 0.3756 - [adapt_test_per_env]: [0.3982, 0.3807, 0.367, 0.3565]
saving best model at iter 167
Iter 167  - time: 4     - [train]: 0.3663 - [valid]: 0.3749 - [adapt]: 0.4041 - [adapt_test]: 0.3736 - [adapt_test_per_env]: [0.3961, 0.3786, 0.3651, 0.3546]
saving best model at iter 168
Iter 168  - time: 4     - [train]: 0.3643 - [valid]: 0.3729 - [adapt]: 0.4017 - [adapt_test]: 0.3716 - [adapt_test_per_env]: [0.3939, 0.3766, 0.3631, 0.3527]
saving best model at iter 169
Iter 169  - time: 4     - [train]: 0.3623 - [valid]: 0.3709 - [adapt]: 0.3992 - [adapt_test]: 0.3695 - [adapt_test_per_env]: [0.3918, 0.3745, 0.3611, 0.3508]
saving best model at iter 170
Iter 170  - time: 3     - [train]: 0.3603 - [valid]: 0.3688 - [adapt]: 0.3966 - [adapt_test]: 0.3675 - [adapt_test_per_env]: [0.3896, 0.3724, 0.3591, 0.3489]
saving best model at iter 171
Iter 171  - time: 4     - [train]: 0.3582 - [valid]: 0.3668 - [adapt]: 0.394  - [adapt_test]: 0.3655 - [adapt_test_per_env]: [0.3874, 0.3703, 0.3571, 0.347]
saving best model at iter 172
Iter 172  - time: 3     - [train]: 0.3561 - [valid]: 0.3647 - [adapt]: 0.3913 - [adapt_test]: 0.3634 - [adapt_test_per_env]: [0.3852, 0.3682, 0.3551, 0.3451]
saving best model at iter 173
Iter 173  - time: 3     - [train]: 0.3541 - [valid]: 0.3626 - [adapt]: 0.3886 - [adapt_test]: 0.3613 - [adapt_test_per_env]: [0.3829, 0.3661, 0.3531, 0.3432]
saving best model at iter 174
Iter 174  - time: 4     - [train]: 0.3519 - [valid]: 0.3605 - [adapt]: 0.3858 - [adapt_test]: 0.3592 - [adapt_test_per_env]: [0.3806, 0.3639, 0.351, 0.3413]
saving best model at iter 175
Iter 175  - time: 4     - [train]: 0.3498 - [valid]: 0.3584 - [adapt]: 0.3829 - [adapt_test]: 0.3571 - [adapt_test_per_env]: [0.3783, 0.3617, 0.349, 0.3393]
saving best model at iter 176
Iter 176  - time: 4     - [train]: 0.3476 - [valid]: 0.3562 - [adapt]: 0.3801 - [adapt_test]: 0.3549 - [adapt_test_per_env]: [0.376, 0.3595, 0.3469, 0.3373]
saving best model at iter 177
Iter 177  - time: 4     - [train]: 0.3455 - [valid]: 0.3541 - [adapt]: 0.3772 - [adapt_test]: 0.3527 - [adapt_test_per_env]: [0.3737, 0.3573, 0.3447, 0.3353]
saving best model at iter 178
Iter 178  - time: 3     - [train]: 0.3432 - [valid]: 0.3519 - [adapt]: 0.3743 - [adapt_test]: 0.3505 - [adapt_test_per_env]: [0.3713, 0.355, 0.3426, 0.3333]
saving best model at iter 179
Iter 179  - time: 4     - [train]: 0.341  - [valid]: 0.3496 - [adapt]: 0.3714 - [adapt_test]: 0.3483 - [adapt_test_per_env]: [0.3689, 0.3527, 0.3404, 0.3312]
saving best model at iter 180
Iter 180  - time: 4     - [train]: 0.3387 - [valid]: 0.3473 - [adapt]: 0.3685 - [adapt_test]: 0.346  - [adapt_test_per_env]: [0.3665, 0.3504, 0.3382, 0.329]
saving best model at iter 181
Iter 181  - time: 4     - [train]: 0.3364 - [valid]: 0.345  - [adapt]: 0.3656 - [adapt_test]: 0.3437 - [adapt_test_per_env]: [0.364, 0.348, 0.3359, 0.3269]
saving best model at iter 182
Iter 182  - time: 4     - [train]: 0.3341 - [valid]: 0.3427 - [adapt]: 0.3626 - [adapt_test]: 0.3414 - [adapt_test_per_env]: [0.3615, 0.3456, 0.3336, 0.3247]
saving best model at iter 183
Iter 183  - time: 4     - [train]: 0.3317 - [valid]: 0.3403 - [adapt]: 0.3597 - [adapt_test]: 0.339  - [adapt_test_per_env]: [0.3589, 0.3432, 0.3313, 0.3225]
saving best model at iter 184
Iter 184  - time: 4     - [train]: 0.3293 - [valid]: 0.3379 - [adapt]: 0.3568 - [adapt_test]: 0.3366 - [adapt_test_per_env]: [0.3563, 0.3407, 0.3289, 0.3202]
saving best model at iter 185
Iter 185  - time: 4     - [train]: 0.3268 - [valid]: 0.3354 - [adapt]: 0.3538 - [adapt_test]: 0.3341 - [adapt_test_per_env]: [0.3537, 0.3382, 0.3265, 0.318]
saving best model at iter 186
Iter 186  - time: 4     - [train]: 0.3243 - [valid]: 0.3329 - [adapt]: 0.3508 - [adapt_test]: 0.3316 - [adapt_test_per_env]: [0.351, 0.3356, 0.3241, 0.3156]
saving best model at iter 187
Iter 187  - time: 4     - [train]: 0.3218 - [valid]: 0.3304 - [adapt]: 0.3478 - [adapt_test]: 0.329  - [adapt_test_per_env]: [0.3483, 0.333, 0.3216, 0.3133]
saving best model at iter 188
Iter 188  - time: 4     - [train]: 0.3192 - [valid]: 0.3278 - [adapt]: 0.3447 - [adapt_test]: 0.3264 - [adapt_test_per_env]: [0.3455, 0.3304, 0.3191, 0.3108]
saving best model at iter 189
Iter 189  - time: 4     - [train]: 0.3166 - [valid]: 0.3251 - [adapt]: 0.3415 - [adapt_test]: 0.3238 - [adapt_test_per_env]: [0.3427, 0.3277, 0.3165, 0.3084]
saving best model at iter 190
Iter 190  - time: 4     - [train]: 0.3139 - [valid]: 0.3224 - [adapt]: 0.3382 - [adapt_test]: 0.3211 - [adapt_test_per_env]: [0.3398, 0.3249, 0.3138, 0.3058]
saving best model at iter 191
Iter 191  - time: 4     - [train]: 0.3111 - [valid]: 0.3197 - [adapt]: 0.3348 - [adapt_test]: 0.3183 - [adapt_test_per_env]: [0.3369, 0.3221, 0.3111, 0.3032]
saving best model at iter 192
Iter 192  - time: 4     - [train]: 0.3083 - [valid]: 0.3168 - [adapt]: 0.3313 - [adapt_test]: 0.3155 - [adapt_test_per_env]: [0.3339, 0.3192, 0.3084, 0.3006]
saving best model at iter 193
Iter 193  - time: 4     - [train]: 0.3054 - [valid]: 0.314  - [adapt]: 0.3277 - [adapt_test]: 0.3126 - [adapt_test_per_env]: [0.3308, 0.3163, 0.3055, 0.2979]
saving best model at iter 194
Iter 194  - time: 4     - [train]: 0.3024 - [valid]: 0.311  - [adapt]: 0.324  - [adapt_test]: 0.3097 - [adapt_test_per_env]: [0.3277, 0.3133, 0.3027, 0.2951]
saving best model at iter 195
Iter 195  - time: 4     - [train]: 0.2994 - [valid]: 0.308  - [adapt]: 0.3203 - [adapt_test]: 0.3067 - [adapt_test_per_env]: [0.3245, 0.3102, 0.2997, 0.2923]
saving best model at iter 196
Iter 196  - time: 4     - [train]: 0.2963 - [valid]: 0.305  - [adapt]: 0.3164 - [adapt_test]: 0.3036 - [adapt_test_per_env]: [0.3212, 0.3071, 0.2967, 0.2895]
saving best model at iter 197
Iter 197  - time: 4     - [train]: 0.2932 - [valid]: 0.3019 - [adapt]: 0.3125 - [adapt_test]: 0.3005 - [adapt_test_per_env]: [0.3179, 0.3039, 0.2937, 0.2865]
saving best model at iter 198
Iter 198  - time: 4     - [train]: 0.29   - [valid]: 0.2987 - [adapt]: 0.3085 - [adapt_test]: 0.2973 - [adapt_test_per_env]: [0.3145, 0.3006, 0.2906, 0.2836]
saving best model at iter 199
Iter 199  - time: 4     - [train]: 0.2866 - [valid]: 0.2954 - [adapt]: 0.3044 - [adapt_test]: 0.294  - [adapt_test_per_env]: [0.311, 0.2973, 0.2874, 0.2805]
saving best model at iter 200
Iter 200  - time: 3     - [train]: 0.2833 - [valid]: 0.2921 - [adapt]: 0.3002 - [adapt_test]: 0.2907 - [adapt_test_per_env]: [0.3074, 0.2939, 0.2841, 0.2774]
saving best model at iter 201
Iter 201  - time: 4     - [train]: 0.2798 - [valid]: 0.2887 - [adapt]: 0.2959 - [adapt_test]: 0.2873 - [adapt_test_per_env]: [0.3038, 0.2904, 0.2808, 0.2743]
saving best model at iter 202
Iter 202  - time: 4     - [train]: 0.2763 - [valid]: 0.2852 - [adapt]: 0.2915 - [adapt_test]: 0.2839 - [adapt_test_per_env]: [0.3001, 0.2869, 0.2774, 0.271]
saving best model at iter 203
Iter 203  - time: 4     - [train]: 0.2727 - [valid]: 0.2817 - [adapt]: 0.2871 - [adapt_test]: 0.2803 - [adapt_test_per_env]: [0.2963, 0.2832, 0.274, 0.2678]
saving best model at iter 204
Iter 204  - time: 4     - [train]: 0.269  - [valid]: 0.2781 - [adapt]: 0.2826 - [adapt_test]: 0.2767 - [adapt_test_per_env]: [0.2924, 0.2796, 0.2705, 0.2644]
saving best model at iter 205
Iter 205  - time: 4     - [train]: 0.2653 - [valid]: 0.2744 - [adapt]: 0.2781 - [adapt_test]: 0.273  - [adapt_test_per_env]: [0.2885, 0.2758, 0.2669, 0.261]
saving best model at iter 206
Iter 206  - time: 4     - [train]: 0.2615 - [valid]: 0.2707 - [adapt]: 0.2736 - [adapt_test]: 0.2693 - [adapt_test_per_env]: [0.2845, 0.272, 0.2632, 0.2575]
saving best model at iter 207
Iter 207  - time: 4     - [train]: 0.2577 - [valid]: 0.2669 - [adapt]: 0.2691 - [adapt_test]: 0.2655 - [adapt_test_per_env]: [0.2805, 0.2681, 0.2595, 0.2539]
saving best model at iter 208
Iter 208  - time: 4     - [train]: 0.2538 - [valid]: 0.263  - [adapt]: 0.2647 - [adapt_test]: 0.2617 - [adapt_test_per_env]: [0.2764, 0.2642, 0.2558, 0.2503]
saving best model at iter 209
Iter 209  - time: 4     - [train]: 0.2499 - [valid]: 0.2591 - [adapt]: 0.2603 - [adapt_test]: 0.2578 - [adapt_test_per_env]: [0.2722, 0.2602, 0.252, 0.2467]
saving best model at iter 210
Iter 210  - time: 4     - [train]: 0.246  - [valid]: 0.2552 - [adapt]: 0.2559 - [adapt_test]: 0.2539 - [adapt_test_per_env]: [0.2681, 0.2562, 0.2481, 0.243]
saving best model at iter 211
Iter 211  - time: 4     - [train]: 0.242  - [valid]: 0.2512 - [adapt]: 0.2517 - [adapt_test]: 0.2499 - [adapt_test_per_env]: [0.2638, 0.2522, 0.2443, 0.2393]
saving best model at iter 212
Iter 212  - time: 4     - [train]: 0.2381 - [valid]: 0.2473 - [adapt]: 0.2474 - [adapt_test]: 0.2459 - [adapt_test_per_env]: [0.2596, 0.2482, 0.2404, 0.2356]
saving best model at iter 213
Iter 213  - time: 4     - [train]: 0.2342 - [valid]: 0.2433 - [adapt]: 0.2433 - [adapt_test]: 0.2419 - [adapt_test_per_env]: [0.2554, 0.2441, 0.2365, 0.2318]
saving best model at iter 214
Iter 214  - time: 4     - [train]: 0.2302 - [valid]: 0.2393 - [adapt]: 0.2392 - [adapt_test]: 0.238  - [adapt_test_per_env]: [0.2512, 0.2401, 0.2326, 0.228]
saving best model at iter 215
Iter 215  - time: 4     - [train]: 0.2264 - [valid]: 0.2353 - [adapt]: 0.2352 - [adapt_test]: 0.234  - [adapt_test_per_env]: [0.2471, 0.236, 0.2287, 0.2243]
saving best model at iter 216
Iter 216  - time: 3     - [train]: 0.2225 - [valid]: 0.2314 - [adapt]: 0.2313 - [adapt_test]: 0.2301 - [adapt_test_per_env]: [0.2429, 0.232, 0.2248, 0.2205]
saving best model at iter 217
Iter 217  - time: 4     - [train]: 0.2187 - [valid]: 0.2275 - [adapt]: 0.2274 - [adapt_test]: 0.2262 - [adapt_test_per_env]: [0.2389, 0.2281, 0.2209, 0.2167]
saving best model at iter 218
Iter 218  - time: 4     - [train]: 0.215  - [valid]: 0.2237 - [adapt]: 0.2237 - [adapt_test]: 0.2223 - [adapt_test_per_env]: [0.235, 0.2243, 0.2172, 0.213]
saving best model at iter 219
Iter 219  - time: 4     - [train]: 0.2113 - [valid]: 0.2199 - [adapt]: 0.2201 - [adapt_test]: 0.2186 - [adapt_test_per_env]: [0.2311, 0.2205, 0.2135, 0.2094]
saving best model at iter 220
Iter 220  - time: 4     - [train]: 0.2078 - [valid]: 0.2163 - [adapt]: 0.2165 - [adapt_test]: 0.215  - [adapt_test_per_env]: [0.2274, 0.2168, 0.2098, 0.2058]
saving best model at iter 221
Iter 221  - time: 4     - [train]: 0.2043 - [valid]: 0.2128 - [adapt]: 0.213  - [adapt_test]: 0.2115 - [adapt_test_per_env]: [0.2239, 0.2133, 0.2064, 0.2023]
saving best model at iter 222
Iter 222  - time: 4     - [train]: 0.2009 - [valid]: 0.2093 - [adapt]: 0.2096 - [adapt_test]: 0.208  - [adapt_test_per_env]: [0.2203, 0.2099, 0.203, 0.199]
saving best model at iter 223
Iter 223  - time: 4     - [train]: 0.1977 - [valid]: 0.2063 - [adapt]: 0.2063 - [adapt_test]: 0.2051 - [adapt_test_per_env]: [0.2176, 0.207, 0.2, 0.1958]
saving best model at iter 224
Iter 224  - time: 3     - [train]: 0.1951 - [valid]: 0.2032 - [adapt]: 0.2033 - [adapt_test]: 0.2018 - [adapt_test_per_env]: [0.2135, 0.2034, 0.197, 0.1934]
Iter 225  - time: 4     - [train]: 0.195  - [valid]: 0.2046 - [adapt]: 0.202  - [adapt_test]: 0.2038 - [adapt_test_per_env]: [0.2181, 0.2063, 0.1981, 0.1927]
saving best model at iter 226
Iter 226  - time: 4     - [train]: 0.1952 - [valid]: 0.2017 - [adapt]: 0.2027 - [adapt_test]: 0.2004 - [adapt_test_per_env]: [0.2089, 0.201, 0.1966, 0.1951]
saving best model at iter 227
Iter 227  - time: 4     - [train]: 0.1896 - [valid]: 0.1997 - [adapt]: 0.1981 - [adapt_test]: 0.1987 - [adapt_test_per_env]: [0.2138, 0.2015, 0.1927, 0.1869]
saving best model at iter 228
Iter 228  - time: 4     - [train]: 0.1861 - [valid]: 0.196  - [adapt]: 0.1952 - [adapt_test]: 0.1951 - [adapt_test_per_env]: [0.2087, 0.1974, 0.1896, 0.1847]
saving best model at iter 229
Iter 229  - time: 4     - [train]: 0.1872 - [valid]: 0.1942 - [adapt]: 0.1938 - [adapt_test]: 0.1929 - [adapt_test_per_env]: [0.2012, 0.1935, 0.1892, 0.1878]
saving best model at iter 230
Iter 230  - time: 4     - [train]: 0.1814 - [valid]: 0.1907 - [adapt]: 0.1897 - [adapt_test]: 0.1896 - [adapt_test_per_env]: [0.2021, 0.1915, 0.1844, 0.1802]
Iter 231  - time: 4     - [train]: 0.1819 - [valid]: 0.1929 - [adapt]: 0.1899 - [adapt_test]: 0.1923 - [adapt_test_per_env]: [0.207, 0.1949, 0.1864, 0.1807]
saving best model at iter 232
Iter 232  - time: 4     - [train]: 0.1782 - [valid]: 0.1871 - [adapt]: 0.1855 - [adapt_test]: 0.1858 - [adapt_test_per_env]: [0.1965, 0.1872, 0.1813, 0.1783]
saving best model at iter 233
Iter 233  - time: 4     - [train]: 0.1771 - [valid]: 0.1854 - [adapt]: 0.1835 - [adapt_test]: 0.1841 - [adapt_test_per_env]: [0.1939, 0.1852, 0.1799, 0.1774]
Iter 234  - time: 4     - [train]: 0.1756 - [valid]: 0.1862 - [adapt]: 0.1823 - [adapt_test]: 0.1853 - [adapt_test_per_env]: [0.1988, 0.1876, 0.1799, 0.175]
saving best model at iter 235
Iter 235  - time: 4     - [train]: 0.1732 - [valid]: 0.1837 - [adapt]: 0.1798 - [adapt_test]: 0.1827 - [adapt_test_per_env]: [0.1954, 0.1848, 0.1775, 0.1731]
saving best model at iter 236
Iter 236  - time: 4     - [train]: 0.1727 - [valid]: 0.1811 - [adapt]: 0.1785 - [adapt_test]: 0.1797 - [adapt_test_per_env]: [0.189, 0.1806, 0.1757, 0.1735]
saving best model at iter 237
Iter 237  - time: 4     - [train]: 0.1695 - [valid]: 0.1792 - [adapt]: 0.1758 - [adapt_test]: 0.1779 - [adapt_test_per_env]: [0.1889, 0.1794, 0.1733, 0.17]
Iter 238  - time: 4     - [train]: 0.1695 - [valid]: 0.1806 - [adapt]: 0.1755 - [adapt_test]: 0.1798 - [adapt_test_per_env]: [0.1929, 0.182, 0.1745, 0.1697]
saving best model at iter 239
Iter 239  - time: 4     - [train]: 0.1667 - [valid]: 0.1764 - [adapt]: 0.1727 - [adapt_test]: 0.1752 - [adapt_test_per_env]: [0.1861, 0.1767, 0.1706, 0.1673]
saving best model at iter 240
Iter 240  - time: 4     - [train]: 0.1665 - [valid]: 0.1753 - [adapt]: 0.172  - [adapt_test]: 0.1739 - [adapt_test_per_env]: [0.1828, 0.1748, 0.17, 0.168]
saving best model at iter 241
Iter 241  - time: 4     - [train]: 0.1643 - [valid]: 0.1749 - [adapt]: 0.1703 - [adapt_test]: 0.1738 - [adapt_test_per_env]: [0.1852, 0.1755, 0.1691, 0.1654]
saving best model at iter 242
Iter 242  - time: 4     - [train]: 0.1633 - [valid]: 0.1744 - [adapt]: 0.1688 - [adapt_test]: 0.1734 - [adapt_test_per_env]: [0.1857, 0.1753, 0.1684, 0.1642]
saving best model at iter 243
Iter 243  - time: 4     - [train]: 0.162  - [valid]: 0.1714 - [adapt]: 0.1675 - [adapt_test]: 0.1701 - [adapt_test_per_env]: [0.18, 0.1713, 0.1659, 0.1632]
saving best model at iter 244
Iter 244  - time: 4     - [train]: 0.1605 - [valid]: 0.1703 - [adapt]: 0.1657 - [adapt_test]: 0.1691 - [adapt_test_per_env]: [0.1786, 0.1702, 0.1651, 0.1626]
Iter 245  - time: 4     - [train]: 0.1596 - [valid]: 0.1707 - [adapt]: 0.1646 - [adapt_test]: 0.1698 - [adapt_test_per_env]: [0.181, 0.1714, 0.1652, 0.1616]
saving best model at iter 246
Iter 246  - time: 4     - [train]: 0.1581 - [valid]: 0.1687 - [adapt]: 0.1631 - [adapt_test]: 0.1675 - [adapt_test_per_env]: [0.1783, 0.169, 0.1629, 0.1596]
saving best model at iter 247
Iter 247  - time: 4     - [train]: 0.1572 - [valid]: 0.1671 - [adapt]: 0.1621 - [adapt_test]: 0.1658 - [adapt_test_per_env]: [0.1755, 0.167, 0.1617, 0.1591]
saving best model at iter 248
Iter 248  - time: 4     - [train]: 0.1561 - [valid]: 0.1669 - [adapt]: 0.1605 - [adapt_test]: 0.1661 - [adapt_test_per_env]: [0.1761, 0.1674, 0.1619, 0.159]
saving best model at iter 249
Iter 249  - time: 4     - [train]: 0.1548 - [valid]: 0.1657 - [adapt]: 0.1594 - [adapt_test]: 0.1648 - [adapt_test_per_env]: [0.175, 0.1661, 0.1605, 0.1575]
saving best model at iter 250
Iter 250  - time: 4     - [train]: 0.1541 - [valid]: 0.1645 - [adapt]: 0.1587 - [adapt_test]: 0.1633 - [adapt_test_per_env]: [0.1733, 0.1645, 0.1591, 0.1563]
saving best model at iter 251
Iter 251  - time: 4     - [train]: 0.1527 - [valid]: 0.1637 - [adapt]: 0.1572 - [adapt_test]: 0.1627 - [adapt_test_per_env]: [0.1731, 0.1641, 0.1584, 0.1554]
saving best model at iter 252
Iter 252  - time: 4     - [train]: 0.1521 - [valid]: 0.1632 - [adapt]: 0.1561 - [adapt_test]: 0.1624 - [adapt_test_per_env]: [0.1722, 0.1636, 0.1583, 0.1555]
saving best model at iter 253
Iter 253  - time: 4     - [train]: 0.151  - [valid]: 0.1615 - [adapt]: 0.1554 - [adapt_test]: 0.1603 - [adapt_test_per_env]: [0.1693, 0.1613, 0.1565, 0.1543]
saving best model at iter 254
Iter 254  - time: 4     - [train]: 0.1501 - [valid]: 0.1611 - [adapt]: 0.1545 - [adapt_test]: 0.16   - [adapt_test_per_env]: [0.1699, 0.1612, 0.1557, 0.1529]
saving best model at iter 255
Iter 255  - time: 4     - [train]: 0.1493 - [valid]: 0.1609 - [adapt]: 0.1534 - [adapt_test]: 0.1601 - [adapt_test_per_env]: [0.1705, 0.1615, 0.1557, 0.1526]
saving best model at iter 256
Iter 256  - time: 4     - [train]: 0.1484 - [valid]: 0.1592 - [adapt]: 0.1527 - [adapt_test]: 0.1582 - [adapt_test_per_env]: [0.1671, 0.1592, 0.1544, 0.1523]
saving best model at iter 257
Iter 257  - time: 4     - [train]: 0.1475 - [valid]: 0.1584 - [adapt]: 0.1519 - [adapt_test]: 0.1574 - [adapt_test_per_env]: [0.1663, 0.1584, 0.1536, 0.1514]
Iter 258  - time: 4     - [train]: 0.1469 - [valid]: 0.1587 - [adapt]: 0.151  - [adapt_test]: 0.1579 - [adapt_test_per_env]: [0.1681, 0.1592, 0.1536, 0.1505]
saving best model at iter 259
Iter 259  - time: 3     - [train]: 0.1459 - [valid]: 0.1573 - [adapt]: 0.1502 - [adapt_test]: 0.1564 - [adapt_test_per_env]: [0.1658, 0.1575, 0.1523, 0.1498]
saving best model at iter 260
Iter 260  - time: 4     - [train]: 0.1453 - [valid]: 0.1563 - [adapt]: 0.1497 - [adapt_test]: 0.1554 - [adapt_test_per_env]: [0.1639, 0.1562, 0.1517, 0.1498]
Iter 261  - time: 4     - [train]: 0.1446 - [valid]: 0.1563 - [adapt]: 0.1487 - [adapt_test]: 0.1557 - [adapt_test_per_env]: [0.165, 0.1568, 0.1517, 0.1492]
saving best model at iter 262
Iter 262  - time: 4     - [train]: 0.1439 - [valid]: 0.1555 - [adapt]: 0.1482 - [adapt_test]: 0.1546 - [adapt_test_per_env]: [0.1641, 0.1558, 0.1506, 0.1481]
saving best model at iter 263
Iter 263  - time: 4     - [train]: 0.1432 - [valid]: 0.1546 - [adapt]: 0.1478 - [adapt_test]: 0.1537 - [adapt_test_per_env]: [0.1625, 0.1546, 0.1499, 0.1477]
saving best model at iter 264
Iter 264  - time: 4     - [train]: 0.1426 - [valid]: 0.1545 - [adapt]: 0.1468 - [adapt_test]: 0.1539 - [adapt_test_per_env]: [0.1629, 0.1549, 0.1501, 0.1478]
saving best model at iter 265
Iter 265  - time: 4     - [train]: 0.1419 - [valid]: 0.1536 - [adapt]: 0.1463 - [adapt_test]: 0.1529 - [adapt_test_per_env]: [0.1616, 0.1538, 0.1491, 0.147]
saving best model at iter 266
Iter 266  - time: 4     - [train]: 0.1414 - [valid]: 0.153  - [adapt]: 0.1459 - [adapt_test]: 0.1521 - [adapt_test_per_env]: [0.161, 0.1531, 0.1483, 0.1461]
saving best model at iter 267
Iter 267  - time: 4     - [train]: 0.1408 - [valid]: 0.1528 - [adapt]: 0.145  - [adapt_test]: 0.1523 - [adapt_test_per_env]: [0.1614, 0.1534, 0.1484, 0.146]
saving best model at iter 268
Iter 268  - time: 4     - [train]: 0.1402 - [valid]: 0.1519 - [adapt]: 0.1447 - [adapt_test]: 0.1513 - [adapt_test_per_env]: [0.1596, 0.1521, 0.1477, 0.1457]
saving best model at iter 269
Iter 269  - time: 4     - [train]: 0.1397 - [valid]: 0.1513 - [adapt]: 0.1442 - [adapt_test]: 0.1506 - [adapt_test_per_env]: [0.159, 0.1514, 0.147, 0.145]
Iter 270  - time: 4     - [train]: 0.1392 - [valid]: 0.1514 - [adapt]: 0.1435 - [adapt_test]: 0.1508 - [adapt_test_per_env]: [0.1599, 0.1519, 0.147, 0.1446]
saving best model at iter 271
Iter 271  - time: 4     - [train]: 0.1386 - [valid]: 0.1503 - [adapt]: 0.1431 - [adapt_test]: 0.1497 - [adapt_test_per_env]: [0.158, 0.1505, 0.1461, 0.1442]
saving best model at iter 272
Iter 272  - time: 4     - [train]: 0.1381 - [valid]: 0.1498 - [adapt]: 0.1427 - [adapt_test]: 0.1493 - [adapt_test_per_env]: [0.1573, 0.15, 0.1458, 0.144]
saving best model at iter 273
Iter 273  - time: 3     - [train]: 0.1377 - [valid]: 0.1498 - [adapt]: 0.142  - [adapt_test]: 0.1493 - [adapt_test_per_env]: [0.1579, 0.1502, 0.1456, 0.1435]
saving best model at iter 274
Iter 274  - time: 4     - [train]: 0.1372 - [valid]: 0.1489 - [adapt]: 0.1418 - [adapt_test]: 0.1482 - [adapt_test_per_env]: [0.1564, 0.149, 0.1446, 0.1428]
saving best model at iter 275
Iter 275  - time: 4     - [train]: 0.1367 - [valid]: 0.1485 - [adapt]: 0.1413 - [adapt_test]: 0.148  - [adapt_test_per_env]: [0.156, 0.1487, 0.1444, 0.1426]
saving best model at iter 276
Iter 276  - time: 4     - [train]: 0.1363 - [valid]: 0.1482 - [adapt]: 0.1408 - [adapt_test]: 0.1478 - [adapt_test_per_env]: [0.1559, 0.1486, 0.1443, 0.1424]
saving best model at iter 277
Iter 277  - time: 4     - [train]: 0.1359 - [valid]: 0.1475 - [adapt]: 0.1405 - [adapt_test]: 0.1469 - [adapt_test_per_env]: [0.1548, 0.1476, 0.1434, 0.1417]
saving best model at iter 278
Iter 278  - time: 4     - [train]: 0.1354 - [valid]: 0.1473 - [adapt]: 0.14   - [adapt_test]: 0.1469 - [adapt_test_per_env]: [0.155, 0.1477, 0.1433, 0.1414]
saving best model at iter 279
Iter 279  - time: 4     - [train]: 0.135  - [valid]: 0.1467 - [adapt]: 0.1396 - [adapt_test]: 0.1462 - [adapt_test_per_env]: [0.154, 0.1469, 0.1428, 0.1412]
saving best model at iter 280
Iter 280  - time: 3     - [train]: 0.1346 - [valid]: 0.1463 - [adapt]: 0.1393 - [adapt_test]: 0.1457 - [adapt_test_per_env]: [0.1533, 0.1464, 0.1424, 0.1408]
saving best model at iter 281
Iter 281  - time: 4     - [train]: 0.1342 - [valid]: 0.1462 - [adapt]: 0.1388 - [adapt_test]: 0.1458 - [adapt_test_per_env]: [0.1538, 0.1465, 0.1423, 0.1404]
saving best model at iter 282
Iter 282  - time: 4     - [train]: 0.1339 - [valid]: 0.1454 - [adapt]: 0.1385 - [adapt_test]: 0.1449 - [adapt_test_per_env]: [0.1524, 0.1455, 0.1416, 0.1401]
saving best model at iter 283
Iter 283  - time: 4     - [train]: 0.1335 - [valid]: 0.1452 - [adapt]: 0.1381 - [adapt_test]: 0.1448 - [adapt_test_per_env]: [0.1524, 0.1455, 0.1415, 0.1399]
saving best model at iter 284
Iter 284  - time: 4     - [train]: 0.1331 - [valid]: 0.145  - [adapt]: 0.1377 - [adapt_test]: 0.1445 - [adapt_test_per_env]: [0.1521, 0.1452, 0.1411, 0.1395]
saving best model at iter 285
Iter 285  - time: 4     - [train]: 0.1328 - [valid]: 0.1444 - [adapt]: 0.1374 - [adapt_test]: 0.1439 - [adapt_test_per_env]: [0.1513, 0.1445, 0.1406, 0.1391]
saving best model at iter 286
Iter 286  - time: 4     - [train]: 0.1325 - [valid]: 0.1443 - [adapt]: 0.137  - [adapt_test]: 0.1439 - [adapt_test_per_env]: [0.1515, 0.1446, 0.1406, 0.139]
saving best model at iter 287
Iter 287  - time: 4     - [train]: 0.1321 - [valid]: 0.1438 - [adapt]: 0.1367 - [adapt_test]: 0.1432 - [adapt_test_per_env]: [0.1505, 0.1438, 0.14, 0.1386]
saving best model at iter 288
Iter 288  - time: 3     - [train]: 0.1318 - [valid]: 0.1437 - [adapt]: 0.1363 - [adapt_test]: 0.1432 - [adapt_test_per_env]: [0.1507, 0.1438, 0.1399, 0.1384]
saving best model at iter 289
Iter 289  - time: 3     - [train]: 0.1315 - [valid]: 0.1432 - [adapt]: 0.136  - [adapt_test]: 0.1428 - [adapt_test_per_env]: [0.15, 0.1433, 0.1395, 0.1381]
saving best model at iter 290
Iter 290  - time: 4     - [train]: 0.1312 - [valid]: 0.1429 - [adapt]: 0.1357 - [adapt_test]: 0.1424 - [adapt_test_per_env]: [0.1496, 0.143, 0.1392, 0.1379]
saving best model at iter 291
Iter 291  - time: 3     - [train]: 0.1309 - [valid]: 0.1428 - [adapt]: 0.1354 - [adapt_test]: 0.1424 - [adapt_test_per_env]: [0.1497, 0.143, 0.1391, 0.1377]
saving best model at iter 292
Iter 292  - time: 4     - [train]: 0.1306 - [valid]: 0.1423 - [adapt]: 0.1352 - [adapt_test]: 0.1417 - [adapt_test_per_env]: [0.1488, 0.1423, 0.1386, 0.1373]
saving best model at iter 293
Iter 293  - time: 4     - [train]: 0.1303 - [valid]: 0.1423 - [adapt]: 0.1348 - [adapt_test]: 0.1419 - [adapt_test_per_env]: [0.1491, 0.1425, 0.1387, 0.1373]
saving best model at iter 294
Iter 294  - time: 4     - [train]: 0.13   - [valid]: 0.1417 - [adapt]: 0.1346 - [adapt_test]: 0.1412 - [adapt_test_per_env]: [0.1481, 0.1417, 0.1381, 0.1369]
Iter 295  - time: 4     - [train]: 0.1298 - [valid]: 0.1418 - [adapt]: 0.1343 - [adapt_test]: 0.1414 - [adapt_test_per_env]: [0.1486, 0.142, 0.1382, 0.1368]
saving best model at iter 296
Iter 296  - time: 4     - [train]: 0.1295 - [valid]: 0.1412 - [adapt]: 0.1341 - [adapt_test]: 0.1407 - [adapt_test_per_env]: [0.1475, 0.1411, 0.1377, 0.1365]
Iter 297  - time: 4     - [train]: 0.1292 - [valid]: 0.1413 - [adapt]: 0.1338 - [adapt_test]: 0.1409 - [adapt_test_per_env]: [0.148, 0.1415, 0.1378, 0.1364]
saving best model at iter 298
Iter 298  - time: 4     - [train]: 0.129  - [valid]: 0.1407 - [adapt]: 0.1336 - [adapt_test]: 0.1402 - [adapt_test_per_env]: [0.1469, 0.1406, 0.1372, 0.136]
Iter 299  - time: 3     - [train]: 0.1287 - [valid]: 0.1409 - [adapt]: 0.1333 - [adapt_test]: 0.1406 - [adapt_test_per_env]: [0.1476, 0.1411, 0.1375, 0.1361]
saving best model at iter 300
Iter 300  - time: 4     - [train]: 0.1285 - [valid]: 0.1401 - [adapt]: 0.1332 - [adapt_test]: 0.1396 - [adapt_test_per_env]: [0.1461, 0.14, 0.1367, 0.1356]
Iter 301  - time: 4     - [train]: 0.1284 - [valid]: 0.1408 - [adapt]: 0.1329 - [adapt_test]: 0.1405 - [adapt_test_per_env]: [0.1477, 0.1412, 0.1374, 0.1359]
saving best model at iter 302
Iter 302  - time: 4     - [train]: 0.1283 - [valid]: 0.1396 - [adapt]: 0.1329 - [adapt_test]: 0.139  - [adapt_test_per_env]: [0.1452, 0.1393, 0.1362, 0.1353]
Iter 303  - time: 3     - [train]: 0.1284 - [valid]: 0.1413 - [adapt]: 0.1327 - [adapt_test]: 0.1413 - [adapt_test_per_env]: [0.1488, 0.142, 0.1381, 0.1365]
saving best model at iter 304
Iter 304  - time: 4     - [train]: 0.1287 - [valid]: 0.1393 - [adapt]: 0.1332 - [adapt_test]: 0.1386 - [adapt_test_per_env]: [0.1442, 0.1387, 0.136, 0.1354]
Iter 305  - time: 4     - [train]: 0.1293 - [valid]: 0.1431 - [adapt]: 0.1332 - [adapt_test]: 0.1435 - [adapt_test_per_env]: [0.1516, 0.1444, 0.1401, 0.138]
saving best model at iter 306
Iter 306  - time: 4     - [train]: 0.129  - [valid]: 0.1392 - [adapt]: 0.1333 - [adapt_test]: 0.1385 - [adapt_test_per_env]: [0.1437, 0.1385, 0.136, 0.1357]
Iter 307  - time: 4     - [train]: 0.128  - [valid]: 0.1413 - [adapt]: 0.1323 - [adapt_test]: 0.1416 - [adapt_test_per_env]: [0.1492, 0.1423, 0.1383, 0.1365]
saving best model at iter 308
Iter 308  - time: 4     - [train]: 0.1268 - [valid]: 0.1385 - [adapt]: 0.1314 - [adapt_test]: 0.1381 - [adapt_test_per_env]: [0.1444, 0.1385, 0.1353, 0.1343]
saving best model at iter 309
Iter 309  - time: 4     - [train]: 0.127  - [valid]: 0.1382 - [adapt]: 0.1315 - [adapt_test]: 0.1376 - [adapt_test_per_env]: [0.1435, 0.1378, 0.1349, 0.1342]
Iter 310  - time: 4     - [train]: 0.1276 - [valid]: 0.1411 - [adapt]: 0.1319 - [adapt_test]: 0.1413 - [adapt_test_per_env]: [0.1489, 0.1421, 0.138, 0.1362]
saving best model at iter 311
Iter 311  - time: 4     - [train]: 0.1269 - [valid]: 0.1378 - [adapt]: 0.1315 - [adapt_test]: 0.1372 - [adapt_test_per_env]: [0.1429, 0.1374, 0.1346, 0.134]
Iter 312  - time: 4     - [train]: 0.1261 - [valid]: 0.1382 - [adapt]: 0.1307 - [adapt_test]: 0.1379 - [adapt_test_per_env]: [0.1445, 0.1384, 0.135, 0.1339]
Iter 313  - time: 4     - [train]: 0.1262 - [valid]: 0.139  - [adapt]: 0.1307 - [adapt_test]: 0.1389 - [adapt_test_per_env]: [0.1458, 0.1395, 0.1358, 0.1345]
saving best model at iter 314
Iter 314  - time: 4     - [train]: 0.1264 - [valid]: 0.1373 - [adapt]: 0.1311 - [adapt_test]: 0.1367 - [adapt_test_per_env]: [0.1422, 0.1368, 0.1341, 0.1336]
Iter 315  - time: 4     - [train]: 0.1258 - [valid]: 0.1385 - [adapt]: 0.1304 - [adapt_test]: 0.1384 - [adapt_test_per_env]: [0.1454, 0.139, 0.1354, 0.134]
Iter 316  - time: 3     - [train]: 0.1254 - [valid]: 0.1376 - [adapt]: 0.1301 - [adapt_test]: 0.1373 - [adapt_test_per_env]: [0.1437, 0.1377, 0.1344, 0.1334]
saving best model at iter 317
Iter 317  - time: 4     - [train]: 0.1256 - [valid]: 0.1369 - [adapt]: 0.1303 - [adapt_test]: 0.1364 - [adapt_test_per_env]: [0.142, 0.1365, 0.1337, 0.1332]
Iter 318  - time: 4     - [train]: 0.1255 - [valid]: 0.1384 - [adapt]: 0.13   - [adapt_test]: 0.1384 - [adapt_test_per_env]: [0.1453, 0.139, 0.1354, 0.134]
saving best model at iter 319
Iter 319  - time: 4     - [train]: 0.125  - [valid]: 0.1368 - [adapt]: 0.1297 - [adapt_test]: 0.1364 - [adapt_test_per_env]: [0.1424, 0.1367, 0.1336, 0.1327]
saving best model at iter 320
Iter 320  - time: 4     - [train]: 0.1249 - [valid]: 0.1365 - [adapt]: 0.1296 - [adapt_test]: 0.1361 - [adapt_test_per_env]: [0.1419, 0.1363, 0.1334, 0.1327]
Iter 321  - time: 4     - [train]: 0.125  - [valid]: 0.138  - [adapt]: 0.1296 - [adapt_test]: 0.1379 - [adapt_test_per_env]: [0.1446, 0.1384, 0.1349, 0.1336]
saving best model at iter 322
Iter 322  - time: 4     - [train]: 0.1246 - [valid]: 0.1363 - [adapt]: 0.1293 - [adapt_test]: 0.1358 - [adapt_test_per_env]: [0.1417, 0.1361, 0.1331, 0.1323]
Iter 323  - time: 3     - [train]: 0.1244 - [valid]: 0.1364 - [adapt]: 0.1291 - [adapt_test]: 0.136  - [adapt_test_per_env]: [0.1421, 0.1363, 0.1332, 0.1323]
Iter 324  - time: 4     - [train]: 0.1244 - [valid]: 0.1373 - [adapt]: 0.129  - [adapt_test]: 0.1371 - [adapt_test_per_env]: [0.1437, 0.1376, 0.1342, 0.1329]
saving best model at iter 325
Iter 325  - time: 3     - [train]: 0.1243 - [valid]: 0.1359 - [adapt]: 0.129  - [adapt_test]: 0.1354 - [adapt_test_per_env]: [0.1411, 0.1356, 0.1327, 0.132]
Iter 326  - time: 4     - [train]: 0.124  - [valid]: 0.1363 - [adapt]: 0.1286 - [adapt_test]: 0.136  - [adapt_test_per_env]: [0.1422, 0.1364, 0.1332, 0.1321]
Iter 327  - time: 4     - [train]: 0.1239 - [valid]: 0.1365 - [adapt]: 0.1285 - [adapt_test]: 0.1362 - [adapt_test_per_env]: [0.1425, 0.1366, 0.1334, 0.1323]
saving best model at iter 328
Iter 328  - time: 4     - [train]: 0.1238 - [valid]: 0.1356 - [adapt]: 0.1286 - [adapt_test]: 0.1351 - [adapt_test_per_env]: [0.1407, 0.1353, 0.1325, 0.1318]
Iter 329  - time: 4     - [train]: 0.1236 - [valid]: 0.1363 - [adapt]: 0.1283 - [adapt_test]: 0.136  - [adapt_test_per_env]: [0.1423, 0.1364, 0.1332, 0.1321]
Iter 330  - time: 4     - [train]: 0.1234 - [valid]: 0.1358 - [adapt]: 0.1281 - [adapt_test]: 0.1354 - [adapt_test_per_env]: [0.1415, 0.1358, 0.1327, 0.1317]
saving best model at iter 331
Iter 331  - time: 4     - [train]: 0.1234 - [valid]: 0.1353 - [adapt]: 0.1281 - [adapt_test]: 0.1348 - [adapt_test_per_env]: [0.1405, 0.1351, 0.1322, 0.1315]
Iter 332  - time: 4     - [train]: 0.1233 - [valid]: 0.1361 - [adapt]: 0.1279 - [adapt_test]: 0.1358 - [adapt_test_per_env]: [0.1421, 0.1363, 0.133, 0.1319]
saving best model at iter 333
Iter 333  - time: 4     - [train]: 0.1231 - [valid]: 0.1352 - [adapt]: 0.1278 - [adapt_test]: 0.1348 - [adapt_test_per_env]: [0.1406, 0.1351, 0.1321, 0.1313]
saving best model at iter 334
Iter 334  - time: 4     - [train]: 0.1229 - [valid]: 0.1352 - [adapt]: 0.1276 - [adapt_test]: 0.1348 - [adapt_test_per_env]: [0.1406, 0.1351, 0.1321, 0.1313]
Iter 335  - time: 4     - [train]: 0.1229 - [valid]: 0.1357 - [adapt]: 0.1275 - [adapt_test]: 0.1354 - [adapt_test_per_env]: [0.1416, 0.1358, 0.1326, 0.1316]
saving best model at iter 336
Iter 336  - time: 4     - [train]: 0.1227 - [valid]: 0.1348 - [adapt]: 0.1275 - [adapt_test]: 0.1343 - [adapt_test_per_env]: [0.14, 0.1346, 0.1317, 0.131]
Iter 337  - time: 4     - [train]: 0.1226 - [valid]: 0.1352 - [adapt]: 0.1272 - [adapt_test]: 0.1348 - [adapt_test_per_env]: [0.1408, 0.1352, 0.1321, 0.1311]
Iter 338  - time: 4     - [train]: 0.1225 - [valid]: 0.1351 - [adapt]: 0.1271 - [adapt_test]: 0.1347 - [adapt_test_per_env]: [0.1407, 0.1351, 0.132, 0.1311]
saving best model at iter 339
Iter 339  - time: 4     - [train]: 0.1224 - [valid]: 0.1346 - [adapt]: 0.127  - [adapt_test]: 0.1341 - [adapt_test_per_env]: [0.1397, 0.1343, 0.1315, 0.1307]
Iter 340  - time: 4     - [train]: 0.1223 - [valid]: 0.1352 - [adapt]: 0.1269 - [adapt_test]: 0.1348 - [adapt_test_per_env]: [0.1408, 0.1352, 0.1321, 0.131]
saving best model at iter 341
Iter 341  - time: 4     - [train]: 0.1221 - [valid]: 0.1345 - [adapt]: 0.1268 - [adapt_test]: 0.1341 - [adapt_test_per_env]: [0.1398, 0.1344, 0.1315, 0.1306]
saving best model at iter 342
Iter 342  - time: 4     - [train]: 0.122  - [valid]: 0.1345 - [adapt]: 0.1266 - [adapt_test]: 0.1341 - [adapt_test_per_env]: [0.1398, 0.1344, 0.1314, 0.1306]
Iter 343  - time: 3     - [train]: 0.1219 - [valid]: 0.1348 - [adapt]: 0.1265 - [adapt_test]: 0.1344 - [adapt_test_per_env]: [0.1404, 0.1348, 0.1317, 0.1308]
saving best model at iter 344
Iter 344  - time: 4     - [train]: 0.1218 - [valid]: 0.1342 - [adapt]: 0.1264 - [adapt_test]: 0.1337 - [adapt_test_per_env]: [0.1393, 0.1339, 0.1311, 0.1303]
Iter 345  - time: 4     - [train]: 0.1217 - [valid]: 0.1346 - [adapt]: 0.1263 - [adapt_test]: 0.1342 - [adapt_test_per_env]: [0.1401, 0.1345, 0.1315, 0.1306]
Iter 346  - time: 4     - [train]: 0.1216 - [valid]: 0.1342 - [adapt]: 0.1262 - [adapt_test]: 0.1338 - [adapt_test_per_env]: [0.1395, 0.1341, 0.1312, 0.1303]
saving best model at iter 347
Iter 347  - time: 4     - [train]: 0.1215 - [valid]: 0.1341 - [adapt]: 0.1261 - [adapt_test]: 0.1336 - [adapt_test_per_env]: [0.1393, 0.1339, 0.131, 0.1302]
Iter 348  - time: 4     - [train]: 0.1214 - [valid]: 0.1344 - [adapt]: 0.126  - [adapt_test]: 0.134  - [adapt_test_per_env]: [0.1399, 0.1344, 0.1313, 0.1304]
saving best model at iter 349
Iter 349  - time: 4     - [train]: 0.1213 - [valid]: 0.1338 - [adapt]: 0.1259 - [adapt_test]: 0.1333 - [adapt_test_per_env]: [0.139, 0.1336, 0.1308, 0.13]
Iter 350  - time: 4     - [train]: 0.1212 - [valid]: 0.1342 - [adapt]: 0.1258 - [adapt_test]: 0.1337 - [adapt_test_per_env]: [0.1395, 0.1341, 0.1311, 0.1302]
Iter 351  - time: 4     - [train]: 0.121  - [valid]: 0.1339 - [adapt]: 0.1256 - [adapt_test]: 0.1334 - [adapt_test_per_env]: [0.1391, 0.1337, 0.1308, 0.13]
saving best model at iter 352
Iter 352  - time: 4     - [train]: 0.1209 - [valid]: 0.1338 - [adapt]: 0.1255 - [adapt_test]: 0.1333 - [adapt_test_per_env]: [0.1389, 0.1336, 0.1307, 0.1299]
Iter 353  - time: 4     - [train]: 0.1209 - [valid]: 0.134  - [adapt]: 0.1254 - [adapt_test]: 0.1335 - [adapt_test_per_env]: [0.1393, 0.1339, 0.1309, 0.13]
saving best model at iter 354
Iter 354  - time: 4     - [train]: 0.1208 - [valid]: 0.1335 - [adapt]: 0.1254 - [adapt_test]: 0.133  - [adapt_test_per_env]: [0.1386, 0.1333, 0.1305, 0.1297]
Iter 355  - time: 4     - [train]: 0.1207 - [valid]: 0.1339 - [adapt]: 0.1252 - [adapt_test]: 0.1334 - [adapt_test_per_env]: [0.1392, 0.1338, 0.1308, 0.1299]
saving best model at iter 356
Iter 356  - time: 3     - [train]: 0.1206 - [valid]: 0.1334 - [adapt]: 0.1251 - [adapt_test]: 0.133  - [adapt_test_per_env]: [0.1386, 0.1333, 0.1304, 0.1296]
Iter 357  - time: 4     - [train]: 0.1205 - [valid]: 0.1336 - [adapt]: 0.125  - [adapt_test]: 0.1331 - [adapt_test_per_env]: [0.1388, 0.1335, 0.1306, 0.1297]
Iter 358  - time: 4     - [train]: 0.1204 - [valid]: 0.1335 - [adapt]: 0.1249 - [adapt_test]: 0.133  - [adapt_test_per_env]: [0.1386, 0.1333, 0.1304, 0.1296]
saving best model at iter 359
Iter 359  - time: 4     - [train]: 0.1203 - [valid]: 0.1333 - [adapt]: 0.1248 - [adapt_test]: 0.1328 - [adapt_test_per_env]: [0.1384, 0.1331, 0.1303, 0.1294]
Iter 360  - time: 4     - [train]: 0.1202 - [valid]: 0.1335 - [adapt]: 0.1247 - [adapt_test]: 0.133  - [adapt_test_per_env]: [0.1387, 0.1334, 0.1305, 0.1296]
saving best model at iter 361
Iter 361  - time: 4     - [train]: 0.1201 - [valid]: 0.1331 - [adapt]: 0.1246 - [adapt_test]: 0.1326 - [adapt_test_per_env]: [0.1381, 0.1329, 0.1301, 0.1293]
Iter 362  - time: 4     - [train]: 0.12   - [valid]: 0.1334 - [adapt]: 0.1245 - [adapt_test]: 0.133  - [adapt_test_per_env]: [0.1387, 0.1333, 0.1304, 0.1295]
saving best model at iter 363
Iter 363  - time: 4     - [train]: 0.1199 - [valid]: 0.133  - [adapt]: 0.1244 - [adapt_test]: 0.1325 - [adapt_test_per_env]: [0.138, 0.1328, 0.13, 0.1292]
Iter 364  - time: 4     - [train]: 0.1198 - [valid]: 0.1333 - [adapt]: 0.1243 - [adapt_test]: 0.1329 - [adapt_test_per_env]: [0.1385, 0.1332, 0.1303, 0.1294]
saving best model at iter 365
Iter 365  - time: 4     - [train]: 0.1198 - [valid]: 0.1329 - [adapt]: 0.1243 - [adapt_test]: 0.1324 - [adapt_test_per_env]: [0.1379, 0.1327, 0.1299, 0.1291]
Iter 366  - time: 4     - [train]: 0.1197 - [valid]: 0.1332 - [adapt]: 0.1242 - [adapt_test]: 0.1327 - [adapt_test_per_env]: [0.1384, 0.1331, 0.1302, 0.1293]
saving best model at iter 367
Iter 367  - time: 4     - [train]: 0.1196 - [valid]: 0.1328 - [adapt]: 0.1241 - [adapt_test]: 0.1323 - [adapt_test_per_env]: [0.1378, 0.1326, 0.1298, 0.129]
Iter 368  - time: 4     - [train]: 0.1195 - [valid]: 0.1331 - [adapt]: 0.124  - [adapt_test]: 0.1326 - [adapt_test_per_env]: [0.1382, 0.1329, 0.1301, 0.1291]
saving best model at iter 369
Iter 369  - time: 4     - [train]: 0.1194 - [valid]: 0.1327 - [adapt]: 0.1239 - [adapt_test]: 0.1322 - [adapt_test_per_env]: [0.1376, 0.1325, 0.1297, 0.1289]
Iter 370  - time: 3     - [train]: 0.1193 - [valid]: 0.133  - [adapt]: 0.1238 - [adapt_test]: 0.1325 - [adapt_test_per_env]: [0.1381, 0.1329, 0.13, 0.1291]
saving best model at iter 371
Iter 371  - time: 4     - [train]: 0.1193 - [valid]: 0.1325 - [adapt]: 0.1237 - [adapt_test]: 0.132  - [adapt_test_per_env]: [0.1374, 0.1323, 0.1295, 0.1287]
Iter 372  - time: 4     - [train]: 0.1192 - [valid]: 0.133  - [adapt]: 0.1236 - [adapt_test]: 0.1326 - [adapt_test_per_env]: [0.1382, 0.1329, 0.13, 0.1291]
saving best model at iter 373
Iter 373  - time: 3     - [train]: 0.1191 - [valid]: 0.1323 - [adapt]: 0.1236 - [adapt_test]: 0.1318 - [adapt_test_per_env]: [0.1371, 0.132, 0.1293, 0.1285]
Iter 374  - time: 4     - [train]: 0.1191 - [valid]: 0.1333 - [adapt]: 0.1235 - [adapt_test]: 0.1328 - [adapt_test_per_env]: [0.1385, 0.1332, 0.1303, 0.1292]
saving best model at iter 375
Iter 375  - time: 4     - [train]: 0.1191 - [valid]: 0.132  - [adapt]: 0.1235 - [adapt_test]: 0.1314 - [adapt_test_per_env]: [0.1366, 0.1316, 0.129, 0.1284]
Iter 376  - time: 4     - [train]: 0.1193 - [valid]: 0.1341 - [adapt]: 0.1235 - [adapt_test]: 0.1337 - [adapt_test_per_env]: [0.1396, 0.1342, 0.1311, 0.1299]
saving best model at iter 377
Iter 377  - time: 4     - [train]: 0.1195 - [valid]: 0.1318 - [adapt]: 0.1237 - [adapt_test]: 0.1311 - [adapt_test_per_env]: [0.1361, 0.1313, 0.1288, 0.1283]
Iter 378  - time: 4     - [train]: 0.1201 - [valid]: 0.1358 - [adapt]: 0.124  - [adapt_test]: 0.1356 - [adapt_test_per_env]: [0.1419, 0.1362, 0.1328, 0.1314]
saving best model at iter 379
Iter 379  - time: 4     - [train]: 0.1201 - [valid]: 0.1317 - [adapt]: 0.1241 - [adapt_test]: 0.131  - [adapt_test_per_env]: [0.1357, 0.1311, 0.1288, 0.1285]
Iter 380  - time: 4     - [train]: 0.1198 - [valid]: 0.1353 - [adapt]: 0.1238 - [adapt_test]: 0.1351 - [adapt_test_per_env]: [0.1414, 0.1358, 0.1324, 0.131]
saving best model at iter 381
Iter 381  - time: 4     - [train]: 0.1188 - [valid]: 0.1315 - [adapt]: 0.123  - [adapt_test]: 0.1309 - [adapt_test_per_env]: [0.136, 0.1311, 0.1286, 0.128]
Iter 382  - time: 4     - [train]: 0.1185 - [valid]: 0.1317 - [adapt]: 0.1228 - [adapt_test]: 0.1312 - [adapt_test_per_env]: [0.1364, 0.1315, 0.1288, 0.128]
Iter 383  - time: 3     - [train]: 0.119  - [valid]: 0.134  - [adapt]: 0.1232 - [adapt_test]: 0.1337 - [adapt_test_per_env]: [0.1396, 0.1342, 0.1311, 0.1298]
saving best model at iter 384
Iter 384  - time: 4     - [train]: 0.1191 - [valid]: 0.1312 - [adapt]: 0.1232 - [adapt_test]: 0.1306 - [adapt_test_per_env]: [0.1354, 0.1307, 0.1283, 0.1278]
Iter 385  - time: 3     - [train]: 0.1186 - [valid]: 0.1333 - [adapt]: 0.1228 - [adapt_test]: 0.1329 - [adapt_test_per_env]: [0.1387, 0.1334, 0.1304, 0.1292]
Iter 386  - time: 4     - [train]: 0.1182 - [valid]: 0.1317 - [adapt]: 0.1225 - [adapt_test]: 0.1312 - [adapt_test_per_env]: [0.1366, 0.1315, 0.1288, 0.128]
saving best model at iter 387
Iter 387  - time: 4     - [train]: 0.1184 - [valid]: 0.1311 - [adapt]: 0.1227 - [adapt_test]: 0.1305 - [adapt_test_per_env]: [0.1355, 0.1307, 0.1281, 0.1275]
Iter 388  - time: 4     - [train]: 0.1186 - [valid]: 0.1336 - [adapt]: 0.1227 - [adapt_test]: 0.1332 - [adapt_test_per_env]: [0.1392, 0.1337, 0.1306, 0.1294]
Iter 389  - time: 4     - [train]: 0.1181 - [valid]: 0.1312 - [adapt]: 0.1224 - [adapt_test]: 0.1305 - [adapt_test_per_env]: [0.1356, 0.1308, 0.1282, 0.1275]
Iter 390  - time: 4     - [train]: 0.1179 - [valid]: 0.1315 - [adapt]: 0.1222 - [adapt_test]: 0.1309 - [adapt_test_per_env]: [0.1362, 0.1312, 0.1286, 0.1278]
Iter 391  - time: 4     - [train]: 0.1181 - [valid]: 0.1328 - [adapt]: 0.1223 - [adapt_test]: 0.1324 - [adapt_test_per_env]: [0.1381, 0.1329, 0.1299, 0.1288]
saving best model at iter 392
Iter 392  - time: 4     - [train]: 0.1181 - [valid]: 0.1309 - [adapt]: 0.1223 - [adapt_test]: 0.1303 - [adapt_test_per_env]: [0.1353, 0.1305, 0.128, 0.1274]
Iter 393  - time: 3     - [train]: 0.1178 - [valid]: 0.132  - [adapt]: 0.122  - [adapt_test]: 0.1315 - [adapt_test_per_env]: [0.137, 0.1319, 0.1291, 0.1281]
Iter 394  - time: 3     - [train]: 0.1177 - [valid]: 0.1319 - [adapt]: 0.122  - [adapt_test]: 0.1314 - [adapt_test_per_env]: [0.1369, 0.1318, 0.129, 0.128]
saving best model at iter 395
Iter 395  - time: 4     - [train]: 0.1178 - [valid]: 0.1309 - [adapt]: 0.122  - [adapt_test]: 0.1303 - [adapt_test_per_env]: [0.1354, 0.1305, 0.128, 0.1273]
Iter 396  - time: 4     - [train]: 0.1177 - [valid]: 0.1323 - [adapt]: 0.1219 - [adapt_test]: 0.1319 - [adapt_test_per_env]: [0.1375, 0.1323, 0.1294, 0.1284]
Iter 397  - time: 4     - [train]: 0.1175 - [valid]: 0.1312 - [adapt]: 0.1217 - [adapt_test]: 0.1307 - [adapt_test_per_env]: [0.1359, 0.131, 0.1284, 0.1276]
Iter 398  - time: 4     - [train]: 0.1175 - [valid]: 0.131  - [adapt]: 0.1217 - [adapt_test]: 0.1304 - [adapt_test_per_env]: [0.1355, 0.1307, 0.1281, 0.1274]
Iter 399  - time: 4     - [train]: 0.1175 - [valid]: 0.1322 - [adapt]: 0.1217 - [adapt_test]: 0.1318 - [adapt_test_per_env]: [0.1373, 0.1322, 0.1294, 0.1284]
Iter 400  - time: 4     - [train]: 0.1174 - [valid]: 0.1309 - [adapt]: 0.1216 - [adapt_test]: 0.1303 - [adapt_test_per_env]: [0.1354, 0.1306, 0.128, 0.1273]
Iter 401  - time: 4     - [train]: 0.1173 - [valid]: 0.1313 - [adapt]: 0.1215 - [adapt_test]: 0.1307 - [adapt_test_per_env]: [0.136, 0.131, 0.1284, 0.1275]
Iter 402  - time: 4     - [train]: 0.1173 - [valid]: 0.1318 - [adapt]: 0.1215 - [adapt_test]: 0.1313 - [adapt_test_per_env]: [0.1368, 0.1317, 0.1289, 0.128]
saving best model at iter 403
Iter 403  - time: 4     - [train]: 0.1172 - [valid]: 0.1308 - [adapt]: 0.1215 - [adapt_test]: 0.1302 - [adapt_test_per_env]: [0.1352, 0.1304, 0.1279, 0.1272]
Iter 404  - time: 4     - [train]: 0.1171 - [valid]: 0.1315 - [adapt]: 0.1213 - [adapt_test]: 0.1311 - [adapt_test_per_env]: [0.1364, 0.1314, 0.1287, 0.1278]
Iter 405  - time: 4     - [train]: 0.117  - [valid]: 0.1313 - [adapt]: 0.1213 - [adapt_test]: 0.1308 - [adapt_test_per_env]: [0.136, 0.1311, 0.1284, 0.1276]
Iter 406  - time: 4     - [train]: 0.117  - [valid]: 0.1308 - [adapt]: 0.1213 - [adapt_test]: 0.1302 - [adapt_test_per_env]: [0.1353, 0.1305, 0.1279, 0.1272]
Iter 407  - time: 4     - [train]: 0.117  - [valid]: 0.1317 - [adapt]: 0.1212 - [adapt_test]: 0.1312 - [adapt_test_per_env]: [0.1366, 0.1316, 0.1288, 0.1279]
Iter 408  - time: 4     - [train]: 0.1169 - [valid]: 0.1309 - [adapt]: 0.1211 - [adapt_test]: 0.1303 - [adapt_test_per_env]: [0.1354, 0.1306, 0.128, 0.1272]
Iter 409  - time: 4     - [train]: 0.1168 - [valid]: 0.131  - [adapt]: 0.121  - [adapt_test]: 0.1304 - [adapt_test_per_env]: [0.1356, 0.1307, 0.1281, 0.1273]
Iter 410  - time: 4     - [train]: 0.1168 - [valid]: 0.1315 - [adapt]: 0.121  - [adapt_test]: 0.131  - [adapt_test_per_env]: [0.1363, 0.1313, 0.1286, 0.1277]
saving best model at iter 411
Iter 411  - time: 4     - [train]: 0.1168 - [valid]: 0.1307 - [adapt]: 0.1209 - [adapt_test]: 0.1301 - [adapt_test_per_env]: [0.1352, 0.1304, 0.1278, 0.1271]
Iter 412  - time: 4     - [train]: 0.1167 - [valid]: 0.1313 - [adapt]: 0.1209 - [adapt_test]: 0.1308 - [adapt_test_per_env]: [0.136, 0.1311, 0.1284, 0.1275]
Iter 413  - time: 4     - [train]: 0.1166 - [valid]: 0.131  - [adapt]: 0.1208 - [adapt_test]: 0.1305 - [adapt_test_per_env]: [0.1356, 0.1308, 0.1282, 0.1273]
Iter 414  - time: 4     - [train]: 0.1166 - [valid]: 0.1307 - [adapt]: 0.1208 - [adapt_test]: 0.1302 - [adapt_test_per_env]: [0.1352, 0.1305, 0.1279, 0.1271]
Iter 415  - time: 4     - [train]: 0.1165 - [valid]: 0.1313 - [adapt]: 0.1207 - [adapt_test]: 0.1308 - [adapt_test_per_env]: [0.1361, 0.1312, 0.1285, 0.1276]
saving best model at iter 416
Iter 416  - time: 4     - [train]: 0.1165 - [valid]: 0.1307 - [adapt]: 0.1206 - [adapt_test]: 0.1301 - [adapt_test_per_env]: [0.1352, 0.1304, 0.1278, 0.127]
Iter 417  - time: 4     - [train]: 0.1164 - [valid]: 0.131  - [adapt]: 0.1206 - [adapt_test]: 0.1305 - [adapt_test_per_env]: [0.1356, 0.1308, 0.1281, 0.1273]
Iter 418  - time: 4     - [train]: 0.1163 - [valid]: 0.131  - [adapt]: 0.1205 - [adapt_test]: 0.1305 - [adapt_test_per_env]: [0.1356, 0.1308, 0.1282, 0.1273]
saving best model at iter 419
Iter 419  - time: 4     - [train]: 0.1163 - [valid]: 0.1307 - [adapt]: 0.1205 - [adapt_test]: 0.1301 - [adapt_test_per_env]: [0.1351, 0.1303, 0.1278, 0.127]
Iter 420  - time: 4     - [train]: 0.1163 - [valid]: 0.1311 - [adapt]: 0.1204 - [adapt_test]: 0.1306 - [adapt_test_per_env]: [0.1358, 0.131, 0.1283, 0.1274]
Iter 421  - time: 4     - [train]: 0.1162 - [valid]: 0.1307 - [adapt]: 0.1203 - [adapt_test]: 0.1301 - [adapt_test_per_env]: [0.1351, 0.1304, 0.1278, 0.127]
Iter 422  - time: 4     - [train]: 0.1161 - [valid]: 0.1309 - [adapt]: 0.1203 - [adapt_test]: 0.1303 - [adapt_test_per_env]: [0.1354, 0.1306, 0.128, 0.1272]
Iter 423  - time: 4     - [train]: 0.1161 - [valid]: 0.1309 - [adapt]: 0.1202 - [adapt_test]: 0.1304 - [adapt_test_per_env]: [0.1355, 0.1307, 0.1281, 0.1272]
saving best model at iter 424
Iter 424  - time: 4     - [train]: 0.116  - [valid]: 0.1306 - [adapt]: 0.1202 - [adapt_test]: 0.13   - [adapt_test_per_env]: [0.1351, 0.1303, 0.1278, 0.127]
Iter 425  - time: 4     - [train]: 0.116  - [valid]: 0.131  - [adapt]: 0.1201 - [adapt_test]: 0.1305 - [adapt_test_per_env]: [0.1356, 0.1308, 0.1282, 0.1273]
saving best model at iter 426
Iter 426  - time: 6     - [train]: 0.1159 - [valid]: 0.1306 - [adapt]: 0.1201 - [adapt_test]: 0.13   - [adapt_test_per_env]: [0.135, 0.1303, 0.1277, 0.1269]
Iter 427  - time: 8     - [train]: 0.1159 - [valid]: 0.1308 - [adapt]: 0.12   - [adapt_test]: 0.1303 - [adapt_test_per_env]: [0.1354, 0.1306, 0.128, 0.1272]
Iter 428  - time: 8     - [train]: 0.1158 - [valid]: 0.1307 - [adapt]: 0.1199 - [adapt_test]: 0.1302 - [adapt_test_per_env]: [0.1352, 0.1305, 0.1279, 0.1271]
Iter 429  - time: 8     - [train]: 0.1158 - [valid]: 0.1306 - [adapt]: 0.1199 - [adapt_test]: 0.13   - [adapt_test_per_env]: [0.135, 0.1303, 0.1278, 0.127]
Iter 430  - time: 10    - [train]: 0.1157 - [valid]: 0.1309 - [adapt]: 0.1198 - [adapt_test]: 0.1303 - [adapt_test_per_env]: [0.1354, 0.1307, 0.1281, 0.1272]
saving best model at iter 431
Iter 431  - time: 6     - [train]: 0.1157 - [valid]: 0.1305 - [adapt]: 0.1198 - [adapt_test]: 0.1299 - [adapt_test_per_env]: [0.1349, 0.1302, 0.1277, 0.1269]
Iter 432  - time: 10    - [train]: 0.1156 - [valid]: 0.1308 - [adapt]: 0.1197 - [adapt_test]: 0.1303 - [adapt_test_per_env]: [0.1354, 0.1306, 0.128, 0.1272]
Iter 433  - time: 9     - [train]: 0.1156 - [valid]: 0.1305 - [adapt]: 0.1197 - [adapt_test]: 0.13   - [adapt_test_per_env]: [0.135, 0.1303, 0.1277, 0.1269]
Iter 434  - time: 10    - [train]: 0.1155 - [valid]: 0.1307 - [adapt]: 0.1196 - [adapt_test]: 0.1301 - [adapt_test_per_env]: [0.1352, 0.1305, 0.1279, 0.127]
Iter 435  - time: 9     - [train]: 0.1155 - [valid]: 0.1306 - [adapt]: 0.1196 - [adapt_test]: 0.1301 - [adapt_test_per_env]: [0.1351, 0.1304, 0.1278, 0.127]
Iter 436  - time: 5     - [train]: 0.1155 - [valid]: 0.1305 - [adapt]: 0.1195 - [adapt_test]: 0.13   - [adapt_test_per_env]: [0.1349, 0.1303, 0.1277, 0.1269]
Iter 437  - time: 4     - [train]: 0.1154 - [valid]: 0.1307 - [adapt]: 0.1195 - [adapt_test]: 0.1302 - [adapt_test_per_env]: [0.1352, 0.1305, 0.1279, 0.1271]
saving best model at iter 438
Iter 438  - time: 4     - [train]: 0.1154 - [valid]: 0.1304 - [adapt]: 0.1194 - [adapt_test]: 0.1299 - [adapt_test_per_env]: [0.1348, 0.1302, 0.1276, 0.1268]
Iter 439  - time: 4     - [train]: 0.1153 - [valid]: 0.1307 - [adapt]: 0.1193 - [adapt_test]: 0.1302 - [adapt_test_per_env]: [0.1352, 0.1305, 0.1279, 0.1271]
saving best model at iter 440
Iter 440  - time: 4     - [train]: 0.1153 - [valid]: 0.1304 - [adapt]: 0.1193 - [adapt_test]: 0.1298 - [adapt_test_per_env]: [0.1348, 0.1301, 0.1276, 0.1268]
Iter 441  - time: 4     - [train]: 0.1152 - [valid]: 0.1307 - [adapt]: 0.1192 - [adapt_test]: 0.1302 - [adapt_test_per_env]: [0.1352, 0.1305, 0.1279, 0.1271]
saving best model at iter 442
Iter 442  - time: 4     - [train]: 0.1152 - [valid]: 0.1304 - [adapt]: 0.1192 - [adapt_test]: 0.1298 - [adapt_test_per_env]: [0.1347, 0.1301, 0.1276, 0.1268]
Iter 443  - time: 4     - [train]: 0.1151 - [valid]: 0.1307 - [adapt]: 0.1191 - [adapt_test]: 0.1301 - [adapt_test_per_env]: [0.1351, 0.1305, 0.1279, 0.127]
saving best model at iter 444
Iter 444  - time: 4     - [train]: 0.1151 - [valid]: 0.1304 - [adapt]: 0.1191 - [adapt_test]: 0.1298 - [adapt_test_per_env]: [0.1347, 0.1301, 0.1276, 0.1268]
Iter 445  - time: 3     - [train]: 0.115  - [valid]: 0.1306 - [adapt]: 0.119  - [adapt_test]: 0.1301 - [adapt_test_per_env]: [0.135, 0.1304, 0.1279, 0.127]
saving best model at iter 446
Iter 446  - time: 3     - [train]: 0.115  - [valid]: 0.1304 - [adapt]: 0.119  - [adapt_test]: 0.1298 - [adapt_test_per_env]: [0.1347, 0.1301, 0.1276, 0.1268]
Iter 447  - time: 4     - [train]: 0.115  - [valid]: 0.1306 - [adapt]: 0.1189 - [adapt_test]: 0.1301 - [adapt_test_per_env]: [0.135, 0.1304, 0.1279, 0.127]
saving best model at iter 448
Iter 448  - time: 4     - [train]: 0.1149 - [valid]: 0.1303 - [adapt]: 0.1189 - [adapt_test]: 0.1297 - [adapt_test_per_env]: [0.1346, 0.13, 0.1275, 0.1267]
Iter 449  - time: 3     - [train]: 0.1149 - [valid]: 0.1306 - [adapt]: 0.1188 - [adapt_test]: 0.1301 - [adapt_test_per_env]: [0.1351, 0.1304, 0.1279, 0.127]
saving best model at iter 450
Iter 450  - time: 4     - [train]: 0.1148 - [valid]: 0.1302 - [adapt]: 0.1188 - [adapt_test]: 0.1296 - [adapt_test_per_env]: [0.1345, 0.1299, 0.1275, 0.1267]
Iter 451  - time: 4     - [train]: 0.1148 - [valid]: 0.1308 - [adapt]: 0.1187 - [adapt_test]: 0.1302 - [adapt_test_per_env]: [0.1352, 0.1306, 0.128, 0.1271]
saving best model at iter 452
Iter 452  - time: 4     - [train]: 0.1148 - [valid]: 0.1301 - [adapt]: 0.1187 - [adapt_test]: 0.1295 - [adapt_test_per_env]: [0.1343, 0.1297, 0.1273, 0.1265]
Iter 453  - time: 4     - [train]: 0.1148 - [valid]: 0.131  - [adapt]: 0.1187 - [adapt_test]: 0.1306 - [adapt_test_per_env]: [0.1356, 0.131, 0.1284, 0.1274]
saving best model at iter 454
Iter 454  - time: 5     - [train]: 0.1148 - [valid]: 0.1298 - [adapt]: 0.1187 - [adapt_test]: 0.1292 - [adapt_test_per_env]: [0.1339, 0.1294, 0.127, 0.1263]
Iter 455  - time: 5     - [train]: 0.115  - [valid]: 0.1318 - [adapt]: 0.1187 - [adapt_test]: 0.1315 - [adapt_test_per_env]: [0.1366, 0.1319, 0.1292, 0.1282]
saving best model at iter 456
Iter 456  - time: 5     - [train]: 0.1152 - [valid]: 0.1296 - [adapt]: 0.1189 - [adapt_test]: 0.1288 - [adapt_test_per_env]: [0.1334, 0.129, 0.1267, 0.1261]
Iter 457  - time: 5     - [train]: 0.1157 - [valid]: 0.1334 - [adapt]: 0.119  - [adapt_test]: 0.1333 - [adapt_test_per_env]: [0.1387, 0.1338, 0.131, 0.1298]
saving best model at iter 458
Iter 458  - time: 5     - [train]: 0.1158 - [valid]: 0.1295 - [adapt]: 0.1192 - [adapt_test]: 0.1287 - [adapt_test_per_env]: [0.1331, 0.1288, 0.1266, 0.1261]
Iter 459  - time: 5     - [train]: 0.1157 - [valid]: 0.1334 - [adapt]: 0.1191 - [adapt_test]: 0.1333 - [adapt_test_per_env]: [0.1387, 0.1338, 0.1309, 0.1297]
saving best model at iter 460
Iter 460  - time: 5     - [train]: 0.1148 - [valid]: 0.1294 - [adapt]: 0.1185 - [adapt_test]: 0.1287 - [adapt_test_per_env]: [0.1332, 0.1289, 0.1266, 0.126]
Iter 461  - time: 5     - [train]: 0.1144 - [valid]: 0.1301 - [adapt]: 0.1183 - [adapt_test]: 0.1295 - [adapt_test_per_env]: [0.1343, 0.1298, 0.1273, 0.1265]
Iter 462  - time: 5     - [train]: 0.1147 - [valid]: 0.1315 - [adapt]: 0.1184 - [adapt_test]: 0.1311 - [adapt_test_per_env]: [0.1362, 0.1315, 0.1289, 0.1279]
saving best model at iter 463
Iter 463  - time: 5     - [train]: 0.115  - [valid]: 0.1292 - [adapt]: 0.1186 - [adapt_test]: 0.1284 - [adapt_test_per_env]: [0.1329, 0.1286, 0.1264, 0.1259]
Iter 464  - time: 5     - [train]: 0.1149 - [valid]: 0.1319 - [adapt]: 0.1185 - [adapt_test]: 0.1316 - [adapt_test_per_env]: [0.1368, 0.1321, 0.1294, 0.1283]
Iter 465  - time: 5     - [train]: 0.1143 - [valid]: 0.1295 - [adapt]: 0.1182 - [adapt_test]: 0.1289 - [adapt_test_per_env]: [0.1335, 0.1291, 0.1268, 0.1261]
Iter 466  - time: 5     - [train]: 0.1143 - [valid]: 0.1295 - [adapt]: 0.1181 - [adapt_test]: 0.1288 - [adapt_test_per_env]: [0.1336, 0.1291, 0.1267, 0.126]
Iter 467  - time: 5     - [train]: 0.1146 - [valid]: 0.1317 - [adapt]: 0.1184 - [adapt_test]: 0.1313 - [adapt_test_per_env]: [0.1365, 0.1317, 0.129, 0.128]
Iter 468  - time: 5     - [train]: 0.1145 - [valid]: 0.1293 - [adapt]: 0.1182 - [adapt_test]: 0.1286 - [adapt_test_per_env]: [0.1331, 0.1288, 0.1265, 0.1259]
Iter 469  - time: 5     - [train]: 0.1142 - [valid]: 0.1304 - [adapt]: 0.118  - [adapt_test]: 0.1299 - [adapt_test_per_env]: [0.1348, 0.1303, 0.1278, 0.1269]
Iter 470  - time: 5     - [train]: 0.1141 - [valid]: 0.1304 - [adapt]: 0.1179 - [adapt_test]: 0.13   - [adapt_test_per_env]: [0.1348, 0.1303, 0.1278, 0.127]
Iter 471  - time: 5     - [train]: 0.1143 - [valid]: 0.1293 - [adapt]: 0.1181 - [adapt_test]: 0.1286 - [adapt_test_per_env]: [0.1331, 0.1288, 0.1265, 0.1259]
Iter 472  - time: 5     - [train]: 0.1142 - [valid]: 0.131  - [adapt]: 0.118  - [adapt_test]: 0.1306 - [adapt_test_per_env]: [0.1356, 0.131, 0.1284, 0.1274]
Iter 473  - time: 5     - [train]: 0.114  - [valid]: 0.1296 - [adapt]: 0.1178 - [adapt_test]: 0.129  - [adapt_test_per_env]: [0.1337, 0.1293, 0.1269, 0.1262]
Iter 474  - time: 5     - [train]: 0.114  - [valid]: 0.1294 - [adapt]: 0.1178 - [adapt_test]: 0.1288 - [adapt_test_per_env]: [0.1334, 0.1291, 0.1267, 0.1261]
Iter 475  - time: 5     - [train]: 0.1141 - [valid]: 0.1308 - [adapt]: 0.1178 - [adapt_test]: 0.1305 - [adapt_test_per_env]: [0.1354, 0.1309, 0.1283, 0.1274]
Iter 476  - time: 5     - [train]: 0.114  - [valid]: 0.1293 - [adapt]: 0.1178 - [adapt_test]: 0.1287 - [adapt_test_per_env]: [0.1333, 0.1289, 0.1266, 0.126]
Iter 477  - time: 5     - [train]: 0.1138 - [valid]: 0.13   - [adapt]: 0.1176 - [adapt_test]: 0.1294 - [adapt_test_per_env]: [0.1341, 0.1297, 0.1273, 0.1265]
Iter 478  - time: 5     - [train]: 0.1139 - [valid]: 0.1304 - [adapt]: 0.1177 - [adapt_test]: 0.1299 - [adapt_test_per_env]: [0.1347, 0.1302, 0.1277, 0.1268]
Iter 479  - time: 5     - [train]: 0.1139 - [valid]: 0.1293 - [adapt]: 0.1177 - [adapt_test]: 0.1287 - [adapt_test_per_env]: [0.1332, 0.1289, 0.1266, 0.1259]
Iter 480  - time: 5     - [train]: 0.1138 - [valid]: 0.1303 - [adapt]: 0.1176 - [adapt_test]: 0.1299 - [adapt_test_per_env]: [0.1347, 0.1302, 0.1278, 0.1269]
Iter 481  - time: 5     - [train]: 0.1137 - [valid]: 0.1298 - [adapt]: 0.1175 - [adapt_test]: 0.1293 - [adapt_test_per_env]: [0.134, 0.1296, 0.1272, 0.1264]
Iter 482  - time: 5     - [train]: 0.1137 - [valid]: 0.1295 - [adapt]: 0.1175 - [adapt_test]: 0.1289 - [adapt_test_per_env]: [0.1335, 0.1291, 0.1268, 0.1261]
Iter 483  - time: 4     - [train]: 0.1137 - [valid]: 0.1304 - [adapt]: 0.1175 - [adapt_test]: 0.13   - [adapt_test_per_env]: [0.1347, 0.1303, 0.1278, 0.127]
Iter 484  - time: 5     - [train]: 0.1136 - [valid]: 0.1295 - [adapt]: 0.1174 - [adapt_test]: 0.1289 - [adapt_test_per_env]: [0.1335, 0.1291, 0.1268, 0.1261]
Iter 485  - time: 5     - [train]: 0.1136 - [valid]: 0.1298 - [adapt]: 0.1174 - [adapt_test]: 0.1293 - [adapt_test_per_env]: [0.1339, 0.1296, 0.1272, 0.1264]
Iter 486  - time: 4     - [train]: 0.1136 - [valid]: 0.1301 - [adapt]: 0.1173 - [adapt_test]: 0.1296 - [adapt_test_per_env]: [0.1343, 0.1299, 0.1275, 0.1267]
Iter 487  - time: 4     - [train]: 0.1136 - [valid]: 0.1294 - [adapt]: 0.1173 - [adapt_test]: 0.1288 - [adapt_test_per_env]: [0.1334, 0.129, 0.1267, 0.126]
Iter 488  - time: 4     - [train]: 0.1135 - [valid]: 0.1301 - [adapt]: 0.1173 - [adapt_test]: 0.1296 - [adapt_test_per_env]: [0.1344, 0.13, 0.1275, 0.1267]
Iter 489  - time: 3     - [train]: 0.1134 - [valid]: 0.1297 - [adapt]: 0.1172 - [adapt_test]: 0.1291 - [adapt_test_per_env]: [0.1338, 0.1294, 0.127, 0.1263]
Iter 490  - time: 4     - [train]: 0.1134 - [valid]: 0.1296 - [adapt]: 0.1172 - [adapt_test]: 0.129  - [adapt_test_per_env]: [0.1336, 0.1293, 0.1269, 0.1262]
Iter 491  - time: 4     - [train]: 0.1134 - [valid]: 0.1301 - [adapt]: 0.1171 - [adapt_test]: 0.1296 - [adapt_test_per_env]: [0.1343, 0.1299, 0.1275, 0.1267]
Iter 492  - time: 4     - [train]: 0.1134 - [valid]: 0.1295 - [adapt]: 0.1171 - [adapt_test]: 0.1289 - [adapt_test_per_env]: [0.1335, 0.1291, 0.1268, 0.1261]
Iter 493  - time: 3     - [train]: 0.1133 - [valid]: 0.1299 - [adapt]: 0.1171 - [adapt_test]: 0.1294 - [adapt_test_per_env]: [0.134, 0.1297, 0.1273, 0.1265]
Iter 494  - time: 4     - [train]: 0.1133 - [valid]: 0.1298 - [adapt]: 0.117  - [adapt_test]: 0.1292 - [adapt_test_per_env]: [0.1339, 0.1295, 0.1272, 0.1264]
Iter 495  - time: 4     - [train]: 0.1133 - [valid]: 0.1296 - [adapt]: 0.117  - [adapt_test]: 0.129  - [adapt_test_per_env]: [0.1336, 0.1292, 0.1269, 0.1261]
Iter 496  - time: 4     - [train]: 0.1132 - [valid]: 0.13   - [adapt]: 0.117  - [adapt_test]: 0.1295 - [adapt_test_per_env]: [0.1342, 0.1298, 0.1274, 0.1266]
Iter 497  - time: 3     - [train]: 0.1132 - [valid]: 0.1296 - [adapt]: 0.1169 - [adapt_test]: 0.1289 - [adapt_test_per_env]: [0.1335, 0.1292, 0.1269, 0.1261]
Iter 498  - time: 3     - [train]: 0.1132 - [valid]: 0.1298 - [adapt]: 0.1169 - [adapt_test]: 0.1293 - [adapt_test_per_env]: [0.1339, 0.1296, 0.1272, 0.1264]
Iter 499  - time: 4     - [train]: 0.1131 - [valid]: 0.1298 - [adapt]: 0.1169 - [adapt_test]: 0.1293 - [adapt_test_per_env]: [0.1339, 0.1296, 0.1272, 0.1264]

Total script time in hours minutes seconds:  00:35:20
