Number of parameters in the model:  312397
saving best model at iter 0
Iter 0    - time: 1     - [train] loss: 0.3465 - [valid] loss: 0.289  - [test] loss: 0.2293
saving best model at iter 10
Iter 10   - time: 7     - [train] loss: 0.2161 - [valid] loss: 0.2335 - [test] loss: 0.128 
saving best model at iter 20
Iter 20   - time: 7     - [train] loss: 0.2181 - [valid] loss: 0.2268 - [test] loss: 0.1166
Iter 30   - time: 7     - [train] loss: 0.2165 - [valid] loss: 0.2425 - [test] loss: 0.1283
Iter 40   - time: 7     - [train] loss: 0.2148 - [valid] loss: 0.2308 - [test] loss: 0.1187
Iter 50   - time: 7     - [train] loss: 0.2145 - [valid] loss: 0.2323 - [test] loss: 0.1213
Iter 60   - time: 7     - [train] loss: 0.2146 - [valid] loss: 0.2345 - [test] loss: 0.1211
Iter 70   - time: 7     - [train] loss: 0.2145 - [valid] loss: 0.2318 - [test] loss: 0.1205
Iter 80   - time: 7     - [train] loss: 0.2145 - [valid] loss: 0.2337 - [test] loss: 0.1211
Iter 90   - time: 7     - [train] loss: 0.2145 - [valid] loss: 0.2326 - [test] loss: 0.1208
Iter 100  - time: 7     - [train] loss: 0.2145 - [valid] loss: 0.2331 - [test] loss: 0.1209
Iter 110  - time: 7     - [train] loss: 0.2145 - [valid] loss: 0.2329 - [test] loss: 0.1208
Iter 120  - time: 7     - [train] loss: 0.2144 - [valid] loss: 0.2329 - [test] loss: 0.1209
Iter 130  - time: 7     - [train] loss: 0.2144 - [valid] loss: 0.2329 - [test] loss: 0.1208
Iter 140  - time: 7     - [train] loss: 0.2144 - [valid] loss: 0.2329 - [test] loss: 0.1208
Iter 150  - time: 7     - [train] loss: 0.2143 - [valid] loss: 0.2327 - [test] loss: 0.1208
Iter 160  - time: 7     - [train] loss: 0.2142 - [valid] loss: 0.2326 - [test] loss: 0.1207
Iter 170  - time: 7     - [train] loss: 0.2139 - [valid] loss: 0.2323 - [test] loss: 0.1206
Iter 180  - time: 7     - [train] loss: 0.213  - [valid] loss: 0.2314 - [test] loss: 0.1201
Iter 190  - time: 7     - [train] loss: 0.2094 - [valid] loss: 0.2278 - [test] loss: 0.1184
saving best model at iter 200
Iter 200  - time: 7     - [train] loss: 0.1867 - [valid] loss: 0.2052 - [test] loss: 0.1092
saving best model at iter 210
Iter 210  - time: 13    - [train] loss: 0.1466 - [valid] loss: 0.1623 - [test] loss: 0.0919
saving best model at iter 220
Iter 220  - time: 28    - [train] loss: 0.1229 - [valid] loss: 0.1371 - [test] loss: 0.0832
saving best model at iter 230
Iter 230  - time: 35    - [train] loss: 0.0907 - [valid] loss: 0.095  - [test] loss: 0.0688
saving best model at iter 240
Iter 240  - time: 32    - [train] loss: 0.065  - [valid] loss: 0.0706 - [test] loss: 0.0441
saving best model at iter 250
Iter 250  - time: 28    - [train] loss: 0.0478 - [valid] loss: 0.0551 - [test] loss: 0.0205
saving best model at iter 260
Iter 260  - time: 29    - [train] loss: 0.0407 - [valid] loss: 0.0446 - [test] loss: 0.0175
saving best model at iter 270
Iter 270  - time: 28    - [train] loss: 0.0373 - [valid] loss: 0.0422 - [test] loss: 0.0156
saving best model at iter 280
Iter 280  - time: 29    - [train] loss: 0.0352 - [valid] loss: 0.0394 - [test] loss: 0.013 
saving best model at iter 290
Iter 290  - time: 30    - [train] loss: 0.034  - [valid] loss: 0.0386 - [test] loss: 0.0129
saving best model at iter 300
Iter 300  - time: 31    - [train] loss: 0.0332 - [valid] loss: 0.0381 - [test] loss: 0.0126
saving best model at iter 310
Iter 310  - time: 31    - [train] loss: 0.0325 - [valid] loss: 0.0375 - [test] loss: 0.012 
saving best model at iter 320
Iter 320  - time: 31    - [train] loss: 0.032  - [valid] loss: 0.0371 - [test] loss: 0.0118
saving best model at iter 330
Iter 330  - time: 31    - [train] loss: 0.0314 - [valid] loss: 0.0367 - [test] loss: 0.0114
saving best model at iter 340
Iter 340  - time: 31    - [train] loss: 0.0309 - [valid] loss: 0.0363 - [test] loss: 0.011 
saving best model at iter 350
Iter 350  - time: 32    - [train] loss: 0.0304 - [valid] loss: 0.0359 - [test] loss: 0.0106
saving best model at iter 360
Iter 360  - time: 33    - [train] loss: 0.03   - [valid] loss: 0.0355 - [test] loss: 0.0101
saving best model at iter 370
Iter 370  - time: 33    - [train] loss: 0.0294 - [valid] loss: 0.035  - [test] loss: 0.0096
saving best model at iter 380
Iter 380  - time: 34    - [train] loss: 0.0289 - [valid] loss: 0.0344 - [test] loss: 0.0092
saving best model at iter 390
Iter 390  - time: 34    - [train] loss: 0.0283 - [valid] loss: 0.0338 - [test] loss: 0.0087
saving best model at iter 400
Iter 400  - time: 33    - [train] loss: 0.0276 - [valid] loss: 0.0331 - [test] loss: 0.0083
Iter 410  - time: 34    - [train] loss: 0.0326 - [valid] loss: 0.0363 - [test] loss: 0.0112
Iter 420  - time: 34    - [train] loss: 0.0275 - [valid] loss: 0.0337 - [test] loss: 0.0089
saving best model at iter 430
Iter 430  - time: 34    - [train] loss: 0.026  - [valid] loss: 0.0315 - [test] loss: 0.0074
saving best model at iter 440
Iter 440  - time: 34    - [train] loss: 0.0253 - [valid] loss: 0.0307 - [test] loss: 0.0067
Iter 450  - time: 34    - [train] loss: 0.0259 - [valid] loss: 0.0315 - [test] loss: 0.0065
Iter 460  - time: 34    - [train] loss: 0.0263 - [valid] loss: 0.0312 - [test] loss: 0.0114
saving best model at iter 470
Iter 470  - time: 34    - [train] loss: 0.0241 - [valid] loss: 0.0296 - [test] loss: 0.0066
saving best model at iter 480
Iter 480  - time: 34    - [train] loss: 0.0235 - [valid] loss: 0.0289 - [test] loss: 0.007 
saving best model at iter 490
Iter 490  - time: 33    - [train] loss: 0.023  - [valid] loss: 0.0283 - [test] loss: 0.0074
saving best model at iter 500
Iter 500  - time: 33    - [train] loss: 0.0225 - [valid] loss: 0.0278 - [test] loss: 0.0069
saving best model at iter 510
Iter 510  - time: 33    - [train] loss: 0.0219 - [valid] loss: 0.0272 - [test] loss: 0.0069
saving best model at iter 520
Iter 520  - time: 33    - [train] loss: 0.0215 - [valid] loss: 0.0268 - [test] loss: 0.0069
Iter 530  - time: 33    - [train] loss: 0.0219 - [valid] loss: 0.0271 - [test] loss: 0.0073
saving best model at iter 540
Iter 540  - time: 33    - [train] loss: 0.021  - [valid] loss: 0.0263 - [test] loss: 0.0075
saving best model at iter 550
Iter 550  - time: 33    - [train] loss: 0.0202 - [valid] loss: 0.0254 - [test] loss: 0.007 
saving best model at iter 560
Iter 560  - time: 34    - [train] loss: 0.0196 - [valid] loss: 0.0247 - [test] loss: 0.0072
saving best model at iter 570
Iter 570  - time: 34    - [train] loss: 0.019  - [valid] loss: 0.0241 - [test] loss: 0.0075
saving best model at iter 580
Iter 580  - time: 34    - [train] loss: 0.0183 - [valid] loss: 0.0234 - [test] loss: 0.0079
saving best model at iter 590
Iter 590  - time: 35    - [train] loss: 0.0177 - [valid] loss: 0.0227 - [test] loss: 0.0083
saving best model at iter 600
Iter 600  - time: 35    - [train] loss: 0.0169 - [valid] loss: 0.022  - [test] loss: 0.0087
Iter 610  - time: 36    - [train] loss: 0.018  - [valid] loss: 0.0229 - [test] loss: 0.0111
saving best model at iter 620
Iter 620  - time: 36    - [train] loss: 0.016  - [valid] loss: 0.0209 - [test] loss: 0.0092
saving best model at iter 630
Iter 630  - time: 36    - [train] loss: 0.0148 - [valid] loss: 0.0198 - [test] loss: 0.0097
saving best model at iter 640
Iter 640  - time: 36    - [train] loss: 0.014  - [valid] loss: 0.0188 - [test] loss: 0.0116
saving best model at iter 650
Iter 650  - time: 37    - [train] loss: 0.0132 - [valid] loss: 0.0179 - [test] loss: 0.0132
saving best model at iter 660
Iter 660  - time: 37    - [train] loss: 0.0125 - [valid] loss: 0.0171 - [test] loss: 0.0153
saving best model at iter 670
Iter 670  - time: 38    - [train] loss: 0.0119 - [valid] loss: 0.0165 - [test] loss: 0.0175
Iter 680  - time: 38    - [train] loss: 0.0131 - [valid] loss: 0.0188 - [test] loss: 0.0141
Iter 690  - time: 39    - [train] loss: 0.0147 - [valid] loss: 0.0186 - [test] loss: 0.0238
saving best model at iter 700
Iter 700  - time: 37    - [train] loss: 0.0118 - [valid] loss: 0.016  - [test] loss: 0.017 
saving best model at iter 710
Iter 710  - time: 38    - [train] loss: 0.0107 - [valid] loss: 0.015  - [test] loss: 0.0194
saving best model at iter 720
Iter 720  - time: 38    - [train] loss: 0.0102 - [valid] loss: 0.015  - [test] loss: 0.0213
saving best model at iter 730
Iter 730  - time: 39    - [train] loss: 0.0097 - [valid] loss: 0.0142 - [test] loss: 0.0253
saving best model at iter 740
Iter 740  - time: 39    - [train] loss: 0.0093 - [valid] loss: 0.0139 - [test] loss: 0.0247
saving best model at iter 750
Iter 750  - time: 40    - [train] loss: 0.009  - [valid] loss: 0.0135 - [test] loss: 0.0262
saving best model at iter 760
Iter 760  - time: 41    - [train] loss: 0.0087 - [valid] loss: 0.0132 - [test] loss: 0.0272
saving best model at iter 770
Iter 770  - time: 41    - [train] loss: 0.0084 - [valid] loss: 0.0129 - [test] loss: 0.0279
Iter 780  - time: 41    - [train] loss: 0.0091 - [valid] loss: 0.0135 - [test] loss: 0.022 
Iter 790  - time: 40    - [train] loss: 0.0127 - [valid] loss: 0.0183 - [test] loss: 0.0158
Iter 800  - time: 40    - [train] loss: 0.0094 - [valid] loss: 0.0133 - [test] loss: 0.0198
Iter 810  - time: 39    - [train] loss: 0.0086 - [valid] loss: 0.0134 - [test] loss: 0.0297
Iter 820  - time: 40    - [train] loss: 0.008  - [valid] loss: 0.013  - [test] loss: 0.0252
saving best model at iter 830
Iter 830  - time: 40    - [train] loss: 0.0075 - [valid] loss: 0.0123 - [test] loss: 0.0305
saving best model at iter 840
Iter 840  - time: 41    - [train] loss: 0.0073 - [valid] loss: 0.0122 - [test] loss: 0.0311
saving best model at iter 850
Iter 850  - time: 42    - [train] loss: 0.0071 - [valid] loss: 0.0121 - [test] loss: 0.0322
saving best model at iter 860
Iter 860  - time: 42    - [train] loss: 0.0069 - [valid] loss: 0.0119 - [test] loss: 0.031 
Iter 870  - time: 43    - [train] loss: 0.0067 - [valid] loss: 0.0121 - [test] loss: 0.0323
Iter 880  - time: 43    - [train] loss: 0.0065 - [valid] loss: 0.0122 - [test] loss: 0.0329
Iter 890  - time: 43    - [train] loss: 0.0063 - [valid] loss: 0.0122 - [test] loss: 0.033 
saving best model at iter 900
Iter 900  - time: 43    - [train] loss: 0.0073 - [valid] loss: 0.0109 - [test] loss: 0.0243
Iter 910  - time: 43    - [train] loss: 0.0077 - [valid] loss: 0.0119 - [test] loss: 0.0288
Iter 920  - time: 42    - [train] loss: 0.0085 - [valid] loss: 0.0132 - [test] loss: 0.0408
Iter 930  - time: 42    - [train] loss: 0.0066 - [valid] loss: 0.0109 - [test] loss: 0.0284
saving best model at iter 940
Iter 940  - time: 42    - [train] loss: 0.0063 - [valid] loss: 0.0105 - [test] loss: 0.0268
Iter 950  - time: 43    - [train] loss: 0.006  - [valid] loss: 0.0107 - [test] loss: 0.0326
saving best model at iter 960
Iter 960  - time: 43    - [train] loss: 0.0058 - [valid] loss: 0.01   - [test] loss: 0.033 
saving best model at iter 970
Iter 970  - time: 44    - [train] loss: 0.0056 - [valid] loss: 0.0096 - [test] loss: 0.0329
saving best model at iter 980
Iter 980  - time: 46    - [train] loss: 0.0054 - [valid] loss: 0.0095 - [test] loss: 0.0321
Iter 990  - time: 45    - [train] loss: 0.0053 - [valid] loss: 0.0098 - [test] loss: 0.0318
Iter 1000 - time: 45    - [train] loss: 0.0053 - [valid] loss: 0.0103 - [test] loss: 0.0309
saving best model at iter 1010
Iter 1010 - time: 45    - [train] loss: 0.0057 - [valid] loss: 0.0093 - [test] loss: 0.038 
Iter 1020 - time: 44    - [train] loss: 0.0124 - [valid] loss: 0.0192 - [test] loss: 0.0522
Iter 1030 - time: 41    - [train] loss: 0.0099 - [valid] loss: 0.0133 - [test] loss: 0.0232
Iter 1040 - time: 69    - [train] loss: 0.0082 - [valid] loss: 0.0129 - [test] loss: 0.0267
Iter 1050 - time: 71    - [train] loss: 0.0063 - [valid] loss: 0.0133 - [test] loss: 0.0268
Iter 1060 - time: 48    - [train] loss: 0.0056 - [valid] loss: 0.0107 - [test] loss: 0.0321
saving best model at iter 1070
Iter 1070 - time: 43    - [train] loss: 0.0052 - [valid] loss: 0.0091 - [test] loss: 0.0342
Iter 1080 - time: 44    - [train] loss: 0.005  - [valid] loss: 0.0092 - [test] loss: 0.0346
saving best model at iter 1090
Iter 1090 - time: 44    - [train] loss: 0.0048 - [valid] loss: 0.0087 - [test] loss: 0.0351
saving best model at iter 1100
Iter 1100 - time: 45    - [train] loss: 0.0047 - [valid] loss: 0.0086 - [test] loss: 0.0358
saving best model at iter 1110
Iter 1110 - time: 45    - [train] loss: 0.0048 - [valid] loss: 0.0082 - [test] loss: 0.0419
Iter 1120 - time: 46    - [train] loss: 0.0047 - [valid] loss: 0.0161 - [test] loss: 0.0461
Iter 1130 - time: 47    - [train] loss: 0.0045 - [valid] loss: 0.0084 - [test] loss: 0.0407
Iter 1140 - time: 47    - [train] loss: 0.0043 - [valid] loss: 0.0098 - [test] loss: 0.0423
Iter 1150 - time: 47    - [train] loss: 0.0049 - [valid] loss: 0.0162 - [test] loss: 0.0497
saving best model at iter 1160
Iter 1160 - time: 48    - [train] loss: 0.0044 - [valid] loss: 0.0076 - [test] loss: 0.0412
Iter 1170 - time: 48    - [train] loss: 0.0054 - [valid] loss: 0.024  - [test] loss: 0.0564
Iter 1180 - time: 49    - [train] loss: 0.0046 - [valid] loss: 0.0105 - [test] loss: 0.0477
Iter 1190 - time: 49    - [train] loss: 0.0046 - [valid] loss: 0.0145 - [test] loss: 0.0434
Iter 1200 - time: 49    - [train] loss: 0.0052 - [valid] loss: 0.0153 - [test] loss: 0.055 
Iter 1210 - time: 49    - [train] loss: 0.0044 - [valid] loss: 0.0139 - [test] loss: 0.0436
Iter 1220 - time: 50    - [train] loss: 0.0042 - [valid] loss: 0.0139 - [test] loss: 0.0446
Iter 1230 - time: 51    - [train] loss: 0.0044 - [valid] loss: 0.0179 - [test] loss: 0.0528
Iter 1240 - time: 51    - [train] loss: 0.0039 - [valid] loss: 0.008  - [test] loss: 0.0491
saving best model at iter 1250
Iter 1250 - time: 51    - [train] loss: 0.004  - [valid] loss: 0.0071 - [test] loss: 0.0483
Iter 1260 - time: 52    - [train] loss: 0.0042 - [valid] loss: 0.0076 - [test] loss: 0.0528
Iter 1270 - time: 53    - [train] loss: 0.004  - [valid] loss: 0.0173 - [test] loss: 0.0496
Iter 1280 - time: 53    - [train] loss: 0.0044 - [valid] loss: 0.0112 - [test] loss: 0.0529
Iter 1290 - time: 53    - [train] loss: 0.0039 - [valid] loss: 0.0076 - [test] loss: 0.0419
Iter 1300 - time: 53    - [train] loss: 0.0038 - [valid] loss: 0.0073 - [test] loss: 0.0456
saving best model at iter 1310
Iter 1310 - time: 54    - [train] loss: 0.0039 - [valid] loss: 0.007  - [test] loss: 0.0479
saving best model at iter 1320
Iter 1320 - time: 54    - [train] loss: 0.0036 - [valid] loss: 0.0068 - [test] loss: 0.0514
Iter 1330 - time: 55    - [train] loss: 0.0045 - [valid] loss: 0.008  - [test] loss: 0.0594
Iter 1340 - time: 55    - [train] loss: 0.0039 - [valid] loss: 0.0079 - [test] loss: 0.041 
Iter 1350 - time: 55    - [train] loss: 0.0069 - [valid] loss: 0.018  - [test] loss: 0.071 
Iter 1360 - time: 57    - [train] loss: 0.005  - [valid] loss: 0.0091 - [test] loss: 0.0466
Iter 1370 - time: 55    - [train] loss: 0.0043 - [valid] loss: 0.0071 - [test] loss: 0.0365
Iter 1380 - time: 54    - [train] loss: 0.0046 - [valid] loss: 0.0103 - [test] loss: 0.0444
Iter 1390 - time: 55    - [train] loss: 0.0037 - [valid] loss: 0.0079 - [test] loss: 0.0482
Iter 1400 - time: 55    - [train] loss: 0.0034 - [valid] loss: 0.0147 - [test] loss: 0.0516
Iter 1410 - time: 56    - [train] loss: 0.0034 - [valid] loss: 0.0139 - [test] loss: 0.0542
Iter 1420 - time: 57    - [train] loss: 0.0045 - [valid] loss: 0.0069 - [test] loss: 0.0535
Iter 1430 - time: 57    - [train] loss: 0.0039 - [valid] loss: 0.015  - [test] loss: 0.0552
Iter 1440 - time: 58    - [train] loss: 0.0037 - [valid] loss: 0.0122 - [test] loss: 0.0595
Iter 1450 - time: 59    - [train] loss: 0.0049 - [valid] loss: 0.0125 - [test] loss: 0.0627
Iter 1460 - time: 57    - [train] loss: 0.005  - [valid] loss: 0.0079 - [test] loss: 0.0545
Iter 1470 - time: 59    - [train] loss: 0.0069 - [valid] loss: 0.0117 - [test] loss: 0.0323
Iter 1480 - time: 59    - [train] loss: 0.0056 - [valid] loss: 0.0082 - [test] loss: 0.0331
Iter 1490 - time: 57    - [train] loss: 0.0048 - [valid] loss: 0.007  - [test] loss: 0.0368
Iter 1500 - time: 56    - [train] loss: 0.0038 - [valid] loss: 0.013  - [test] loss: 0.0513
Iter 1510 - time: 56    - [train] loss: 0.0034 - [valid] loss: 0.0178 - [test] loss: 0.0549
Iter 1520 - time: 57    - [train] loss: 0.0033 - [valid] loss: 0.0244 - [test] loss: 0.0585
Iter 1530 - time: 58    - [train] loss: 0.0037 - [valid] loss: 0.0119 - [test] loss: 0.0588
Iter 1540 - time: 59    - [train] loss: 0.0032 - [valid] loss: 0.0177 - [test] loss: 0.0609
Iter 1550 - time: 60    - [train] loss: 0.0031 - [valid] loss: 0.0124 - [test] loss: 0.0609
Iter 1560 - time: 60    - [train] loss: 0.0031 - [valid] loss: 0.0207 - [test] loss: 0.0645
Iter 1570 - time: 61    - [train] loss: 0.0039 - [valid] loss: 0.0083 - [test] loss: 0.0612
Iter 1580 - time: 60    - [train] loss: 0.0066 - [valid] loss: 0.0088 - [test] loss: 0.0266
Iter 1590 - time: 60    - [train] loss: 0.0066 - [valid] loss: 0.009  - [test] loss: 0.0396
Iter 1600 - time: 60    - [train] loss: 0.0039 - [valid] loss: 0.0083 - [test] loss: 0.0404
Iter 1610 - time: 59    - [train] loss: 0.0038 - [valid] loss: 0.008  - [test] loss: 0.0413
saving best model at iter 1620
Iter 1620 - time: 58    - [train] loss: 0.0034 - [valid] loss: 0.0068 - [test] loss: 0.048 
saving best model at iter 1630
Iter 1630 - time: 59    - [train] loss: 0.0032 - [valid] loss: 0.0068 - [test] loss: 0.0498
Iter 1640 - time: 59    - [train] loss: 0.0031 - [valid] loss: 0.0069 - [test] loss: 0.0527
saving best model at iter 1650
Iter 1650 - time: 60    - [train] loss: 0.003  - [valid] loss: 0.0066 - [test] loss: 0.0551
saving best model at iter 1660
Iter 1660 - time: 62    - [train] loss: 0.003  - [valid] loss: 0.0064 - [test] loss: 0.0549
Iter 1670 - time: 64    - [train] loss: 0.0029 - [valid] loss: 0.0066 - [test] loss: 0.0549
saving best model at iter 1680
Iter 1680 - time: 65    - [train] loss: 0.005  - [valid] loss: 0.0059 - [test] loss: 0.05  
Iter 1690 - time: 61    - [train] loss: 0.0065 - [valid] loss: 0.0072 - [test] loss: 0.0558
Iter 1700 - time: 57    - [train] loss: 0.005  - [valid] loss: 0.0086 - [test] loss: 0.039 
Iter 1710 - time: 57    - [train] loss: 0.004  - [valid] loss: 0.0066 - [test] loss: 0.0311
Iter 1720 - time: 57    - [train] loss: 0.0034 - [valid] loss: 0.0076 - [test] loss: 0.0404
Iter 1730 - time: 57    - [train] loss: 0.0032 - [valid] loss: 0.0064 - [test] loss: 0.0444
Iter 1740 - time: 57    - [train] loss: 0.003  - [valid] loss: 0.0064 - [test] loss: 0.0418
Iter 1750 - time: 57    - [train] loss: 0.0029 - [valid] loss: 0.0064 - [test] loss: 0.0413
Iter 1760 - time: 58    - [train] loss: 0.0029 - [valid] loss: 0.0063 - [test] loss: 0.0409
Iter 1770 - time: 58    - [train] loss: 0.0028 - [valid] loss: 0.0063 - [test] loss: 0.0414
Iter 1780 - time: 59    - [train] loss: 0.0028 - [valid] loss: 0.0062 - [test] loss: 0.0417
Iter 1790 - time: 59    - [train] loss: 0.0027 - [valid] loss: 0.0062 - [test] loss: 0.0419
Iter 1800 - time: 60    - [train] loss: 0.0027 - [valid] loss: 0.0062 - [test] loss: 0.0424
Iter 1810 - time: 60    - [train] loss: 0.0027 - [valid] loss: 0.0062 - [test] loss: 0.0428
Iter 1820 - time: 61    - [train] loss: 0.0035 - [valid] loss: 0.0079 - [test] loss: 0.0473
Iter 1830 - time: 61    - [train] loss: 0.004  - [valid] loss: 0.0068 - [test] loss: 0.0297
Iter 1840 - time: 61    - [train] loss: 0.0038 - [valid] loss: 0.0064 - [test] loss: 0.041 
Iter 1850 - time: 61    - [train] loss: 0.0037 - [valid] loss: 0.0087 - [test] loss: 0.0385
Iter 1860 - time: 61    - [train] loss: 0.0037 - [valid] loss: 0.0085 - [test] loss: 0.0364
Iter 1870 - time: 60    - [train] loss: 0.004  - [valid] loss: 0.0075 - [test] loss: 0.0296
Iter 1880 - time: 61    - [train] loss: 0.0043 - [valid] loss: 0.0065 - [test] loss: 0.0357
Iter 1890 - time: 61    - [train] loss: 0.0029 - [valid] loss: 0.0066 - [test] loss: 0.0344
saving best model at iter 1900
Iter 1900 - time: 60    - [train] loss: 0.0031 - [valid] loss: 0.0058 - [test] loss: 0.0348
Iter 1910 - time: 60    - [train] loss: 0.0028 - [valid] loss: 0.0064 - [test] loss: 0.0375
Iter 1920 - time: 61    - [train] loss: 0.0039 - [valid] loss: 0.0098 - [test] loss: 0.0424
Iter 1930 - time: 62    - [train] loss: 0.0037 - [valid] loss: 0.0066 - [test] loss: 0.0602
Iter 1940 - time: 62    - [train] loss: 0.0033 - [valid] loss: 0.0066 - [test] loss: 0.0435
Iter 1950 - time: 62    - [train] loss: 0.0031 - [valid] loss: 0.0062 - [test] loss: 0.0389
Iter 1960 - time: 62    - [train] loss: 0.0028 - [valid] loss: 0.0065 - [test] loss: 0.0452
Iter 1970 - time: 63    - [train] loss: 0.003  - [valid] loss: 0.0064 - [test] loss: 0.0368
Iter 1980 - time: 62    - [train] loss: 0.0027 - [valid] loss: 0.0068 - [test] loss: 0.0366
Iter 1990 - time: 63    - [train] loss: 0.0026 - [valid] loss: 0.0071 - [test] loss: 0.0405
Iter 2000 - time: 63    - [train] loss: 0.0025 - [valid] loss: 0.0062 - [test] loss: 0.0435
Iter 2010 - time: 63    - [train] loss: 0.0025 - [valid] loss: 0.0063 - [test] loss: 0.0451
Iter 2020 - time: 64    - [train] loss: 0.0025 - [valid] loss: 0.0064 - [test] loss: 0.0439
Iter 2030 - time: 64    - [train] loss: 0.0025 - [valid] loss: 0.0064 - [test] loss: 0.0466
Iter 2040 - time: 65    - [train] loss: 0.0024 - [valid] loss: 0.0065 - [test] loss: 0.0453
Iter 2050 - time: 64    - [train] loss: 0.0038 - [valid] loss: 0.0099 - [test] loss: 0.0504
Iter 2060 - time: 64    - [train] loss: 0.0052 - [valid] loss: 0.0078 - [test] loss: 0.0383
Iter 2070 - time: 64    - [train] loss: 0.0041 - [valid] loss: 0.0111 - [test] loss: 0.0319
Iter 2080 - time: 64    - [train] loss: 0.0034 - [valid] loss: 0.0059 - [test] loss: 0.0391
Iter 2090 - time: 64    - [train] loss: 0.003  - [valid] loss: 0.0059 - [test] loss: 0.035 
Iter 2100 - time: 64    - [train] loss: 0.0026 - [valid] loss: 0.0067 - [test] loss: 0.0378
Iter 2110 - time: 64    - [train] loss: 0.0026 - [valid] loss: 0.0061 - [test] loss: 0.0384
Iter 2120 - time: 64    - [train] loss: 0.0038 - [valid] loss: 0.0073 - [test] loss: 0.0301
Iter 2130 - time: 64    - [train] loss: 0.0031 - [valid] loss: 0.0082 - [test] loss: 0.0387
Iter 2140 - time: 64    - [train] loss: 0.003  - [valid] loss: 0.0087 - [test] loss: 0.0417
Iter 2150 - time: 65    - [train] loss: 0.0028 - [valid] loss: 0.0074 - [test] loss: 0.0445
Iter 2160 - time: 65    - [train] loss: 0.0025 - [valid] loss: 0.0071 - [test] loss: 0.0371
Iter 2170 - time: 65    - [train] loss: 0.0029 - [valid] loss: 0.0082 - [test] loss: 0.0345
Iter 2180 - time: 65    - [train] loss: 0.0025 - [valid] loss: 0.0075 - [test] loss: 0.0376
Iter 2190 - time: 65    - [train] loss: 0.0024 - [valid] loss: 0.0068 - [test] loss: 0.0423
Iter 2200 - time: 65    - [train] loss: 0.0024 - [valid] loss: 0.0066 - [test] loss: 0.0472
Iter 2210 - time: 66    - [train] loss: 0.0023 - [valid] loss: 0.0062 - [test] loss: 0.0436
Iter 2220 - time: 66    - [train] loss: 0.0023 - [valid] loss: 0.0063 - [test] loss: 0.0441
Iter 2230 - time: 67    - [train] loss: 0.0022 - [valid] loss: 0.0062 - [test] loss: 0.0446
Iter 2240 - time: 67    - [train] loss: 0.0022 - [valid] loss: 0.0061 - [test] loss: 0.045 
Iter 2250 - time: 67    - [train] loss: 0.0035 - [valid] loss: 0.0091 - [test] loss: 0.0502
Iter 2260 - time: 67    - [train] loss: 0.0038 - [valid] loss: 0.0086 - [test] loss: 0.0555
Iter 2270 - time: 66    - [train] loss: 0.0057 - [valid] loss: 0.0096 - [test] loss: 0.0393
Iter 2280 - time: 66    - [train] loss: 0.0037 - [valid] loss: 0.0079 - [test] loss: 0.0509
Iter 2290 - time: 66    - [train] loss: 0.0031 - [valid] loss: 0.0081 - [test] loss: 0.0463
Iter 2300 - time: 66    - [train] loss: 0.0026 - [valid] loss: 0.0062 - [test] loss: 0.0451
Iter 2310 - time: 65    - [train] loss: 0.0024 - [valid] loss: 0.0079 - [test] loss: 0.0393
Iter 2320 - time: 66    - [train] loss: 0.0029 - [valid] loss: 0.0085 - [test] loss: 0.0406
Iter 2330 - time: 66    - [train] loss: 0.0039 - [valid] loss: 0.006  - [test] loss: 0.0346
Iter 2340 - time: 65    - [train] loss: 0.0032 - [valid] loss: 0.0081 - [test] loss: 0.0355
Iter 2350 - time: 66    - [train] loss: 0.003  - [valid] loss: 0.0082 - [test] loss: 0.0414
Iter 2360 - time: 66    - [train] loss: 0.0026 - [valid] loss: 0.0077 - [test] loss: 0.0418
Iter 2370 - time: 66    - [train] loss: 0.0031 - [valid] loss: 0.009  - [test] loss: 0.049 
Iter 2380 - time: 66    - [train] loss: 0.0025 - [valid] loss: 0.0098 - [test] loss: 0.0353
Iter 2390 - time: 66    - [train] loss: 0.003  - [valid] loss: 0.0084 - [test] loss: 0.0348
Iter 2400 - time: 66    - [train] loss: 0.0025 - [valid] loss: 0.0077 - [test] loss: 0.0443
Iter 2410 - time: 65    - [train] loss: 0.0022 - [valid] loss: 0.0075 - [test] loss: 0.0405
Iter 2420 - time: 66    - [train] loss: 0.0022 - [valid] loss: 0.0069 - [test] loss: 0.0408
Iter 2430 - time: 66    - [train] loss: 0.0021 - [valid] loss: 0.0068 - [test] loss: 0.0416
Iter 2440 - time: 67    - [train] loss: 0.0021 - [valid] loss: 0.0067 - [test] loss: 0.0437
Iter 2450 - time: 68    - [train] loss: 0.0021 - [valid] loss: 0.0066 - [test] loss: 0.0434
Iter 2460 - time: 68    - [train] loss: 0.0021 - [valid] loss: 0.0065 - [test] loss: 0.0436
Iter 2470 - time: 68    - [train] loss: 0.0021 - [valid] loss: 0.0063 - [test] loss: 0.0439
Iter 2480 - time: 67    - [train] loss: 0.0021 - [valid] loss: 0.0063 - [test] loss: 0.0444
Iter 2490 - time: 68    - [train] loss: 0.002  - [valid] loss: 0.0063 - [test] loss: 0.0449
Iter 2500 - time: 67    - [train] loss: 0.002  - [valid] loss: 0.0064 - [test] loss: 0.0451
Iter 2510 - time: 68    - [train] loss: 0.002  - [valid] loss: 0.0064 - [test] loss: 0.0463
Iter 2520 - time: 68    - [train] loss: 0.002  - [valid] loss: 0.0064 - [test] loss: 0.0454
Iter 2530 - time: 68    - [train] loss: 0.002  - [valid] loss: 0.0066 - [test] loss: 0.0459
Iter 2540 - time: 68    - [train] loss: 0.0022 - [valid] loss: 0.007  - [test] loss: 0.0497
Iter 2550 - time: 68    - [train] loss: 0.002  - [valid] loss: 0.0062 - [test] loss: 0.0441
Iter 2560 - time: 68    - [train] loss: 0.0046 - [valid] loss: 0.0086 - [test] loss: 0.0594
Iter 2570 - time: 67    - [train] loss: 0.0027 - [valid] loss: 0.0074 - [test] loss: 0.0392
Iter 2580 - time: 66    - [train] loss: 0.0028 - [valid] loss: 0.0069 - [test] loss: 0.0364
Iter 2590 - time: 67    - [train] loss: 0.003  - [valid] loss: 0.0108 - [test] loss: 0.0397
