Number of parameters in the model:  52226
saving best model at iter 0
Iter 0    - time: 3     - [train] loss: 1.246  (+/-0.219 ) - [valid] loss: 1.1839 (+/-0.2074) - [test] loss: 1.5598 (+/-0.5549)
saving best model at iter 10
Iter 10   - time: 12    - [train] loss: 0.3364 (+/-0.1208) - [valid] loss: 0.41   (+/-0.1339) - [test] loss: 0.2181 (+/-0.0237)
saving best model at iter 20
Iter 20   - time: 12    - [train] loss: 0.2516 (+/-0.1005) - [valid] loss: 0.3047 (+/-0.1094) - [test] loss: 0.172  (+/-0.0097)
saving best model at iter 30
Iter 30   - time: 12    - [train] loss: 0.1959 (+/-0.0952) - [valid] loss: 0.2314 (+/-0.0997) - [test] loss: 0.1356 (+/-0.0763)
saving best model at iter 40
Iter 40   - time: 12    - [train] loss: 0.1634 (+/-0.0923) - [valid] loss: 0.1831 (+/-0.0975) - [test] loss: 0.1024 (+/-0.0811)
saving best model at iter 50
Iter 50   - time: 12    - [train] loss: 0.1204 (+/-0.0737) - [valid] loss: 0.1288 (+/-0.0799) - [test] loss: 0.0736 (+/-0.0881)
saving best model at iter 60
Iter 60   - time: 12    - [train] loss: 0.0939 (+/-0.0624) - [valid] loss: 0.0982 (+/-0.0645) - [test] loss: 0.0562 (+/-0.0893)
saving best model at iter 70
Iter 70   - time: 12    - [train] loss: 0.0788 (+/-0.053 ) - [valid] loss: 0.083  (+/-0.053 ) - [test] loss: 0.0339 (+/-0.0332)
Iter 80   - time: 12    - [train] loss: 0.1016 (+/-0.0802) - [valid] loss: 0.1036 (+/-0.0771) - [test] loss: 0.0364 (+/-0.0215)
Iter 90   - time: 12    - [train] loss: 0.1389 (+/-0.0966) - [valid] loss: 0.1414 (+/-0.0955) - [test] loss: 0.0615 (+/-0.0877)
Iter 100  - time: 12    - [train] loss: 0.1934 (+/-0.1152) - [valid] loss: 0.1952 (+/-0.1154) - [test] loss: 0.108  (+/-0.1375)
Iter 110  - time: 12    - [train] loss: 0.2529 (+/-0.1357) - [valid] loss: 0.2548 (+/-0.1368) - [test] loss: 0.1552 (+/-0.1782)
Iter 120  - time: 12    - [train] loss: 0.3128 (+/-0.1505) - [valid] loss: 0.3158 (+/-0.1529) - [test] loss: 0.2071 (+/-0.2129)
Iter 130  - time: 12    - [train] loss: 0.3746 (+/-0.1644) - [valid] loss: 0.3798 (+/-0.1679) - [test] loss: 0.2608 (+/-0.2444)
Iter 140  - time: 12    - [train] loss: 0.35   (+/-0.1598) - [valid] loss: 0.356  (+/-0.1633) - [test] loss: 0.2355 (+/-0.2345)
Iter 150  - time: 12    - [train] loss: 0.343  (+/-0.1579) - [valid] loss: 0.3498 (+/-0.1618) - [test] loss: 0.2289 (+/-0.2308)
Iter 160  - time: 11    - [train] loss: 0.3568 (+/-0.1616) - [valid] loss: 0.3644 (+/-0.1657) - [test] loss: 0.2397 (+/-0.2386)
Iter 170  - time: 11    - [train] loss: 0.3665 (+/-0.1642) - [valid] loss: 0.3746 (+/-0.1685) - [test] loss: 0.2475 (+/-0.2445)
Iter 180  - time: 11    - [train] loss: 0.3699 (+/-0.1657) - [valid] loss: 0.3782 (+/-0.17  ) - [test] loss: 0.2488 (+/-0.2471)
Iter 190  - time: 11    - [train] loss: 0.3737 (+/-0.1666) - [valid] loss: 0.3823 (+/-0.1711) - [test] loss: 0.2517 (+/-0.2494)
Iter 200  - time: 11    - [train] loss: 0.3746 (+/-0.1672) - [valid] loss: 0.3833 (+/-0.1717) - [test] loss: 0.2512 (+/-0.2503)
Iter 210  - time: 11    - [train] loss: 0.3633 (+/-0.1645) - [valid] loss: 0.3722 (+/-0.1692) - [test] loss: 0.2403 (+/-0.2447)
Iter 220  - time: 11    - [train] loss: 0.3693 (+/-0.1662) - [valid] loss: 0.3782 (+/-0.1709) - [test] loss: 0.2451 (+/-0.2478)
Iter 230  - time: 11    - [train] loss: 0.3725 (+/-0.167 ) - [valid] loss: 0.3815 (+/-0.1717) - [test] loss: 0.2474 (+/-0.2495)
Iter 240  - time: 11    - [train] loss: 0.375  (+/-0.1676) - [valid] loss: 0.3845 (+/-0.1724) - [test] loss: 0.2491 (+/-0.251 )
Iter 250  - time: 11    - [train] loss: 0.3801 (+/-0.1689) - [valid] loss: 0.39   (+/-0.1739) - [test] loss: 0.2526 (+/-0.2538)
Iter 260  - time: 11    - [train] loss: 0.3764 (+/-0.168 ) - [valid] loss: 0.3867 (+/-0.1731) - [test] loss: 0.2488 (+/-0.2521)
Iter 270  - time: 11    - [train] loss: 0.3776 (+/-0.1685) - [valid] loss: 0.3877 (+/-0.1736) - [test] loss: 0.2495 (+/-0.2526)
Iter 280  - time: 11    - [train] loss: 0.3801 (+/-0.1691) - [valid] loss: 0.3904 (+/-0.1743) - [test] loss: 0.2514 (+/-0.2539)
Iter 290  - time: 11    - [train] loss: 0.3818 (+/-0.1695) - [valid] loss: 0.3923 (+/-0.1748) - [test] loss: 0.2524 (+/-0.2549)
Iter 300  - time: 11    - [train] loss: 0.3867 (+/-0.1707) - [valid] loss: 0.3973 (+/-0.176 ) - [test] loss: 0.2563 (+/-0.2575)
Iter 310  - time: 11    - [train] loss: 0.38   (+/-0.1691) - [valid] loss: 0.3906 (+/-0.1744) - [test] loss: 0.2503 (+/-0.2541)
Iter 320  - time: 11    - [train] loss: 0.3794 (+/-0.1691) - [valid] loss: 0.3901 (+/-0.1745) - [test] loss: 0.2494 (+/-0.2538)
Iter 330  - time: 11    - [train] loss: 0.3811 (+/-0.1695) - [valid] loss: 0.3921 (+/-0.1749) - [test] loss: 0.2504 (+/-0.2548)
Iter 340  - time: 11    - [train] loss: 0.3704 (+/-0.1675) - [valid] loss: 0.3811 (+/-0.1728) - [test] loss: 0.2404 (+/-0.2496)
Iter 350  - time: 11    - [train] loss: 0.3786 (+/-0.1689) - [valid] loss: 0.3898 (+/-0.1745) - [test] loss: 0.2478 (+/-0.2533)
Iter 360  - time: 11    - [train] loss: 0.36   (+/-0.1646) - [valid] loss: 0.371  (+/-0.17  ) - [test] loss: 0.2311 (+/-0.2441)
Iter 370  - time: 11    - [train] loss: 0.3726 (+/-0.168 ) - [valid] loss: 0.3836 (+/-0.1734) - [test] loss: 0.2418 (+/-0.2505)
Iter 380  - time: 11    - [train] loss: 0.3691 (+/-0.1673) - [valid] loss: 0.3803 (+/-0.1728) - [test] loss: 0.2382 (+/-0.2488)
Iter 390  - time: 11    - [train] loss: 0.3689 (+/-0.1671) - [valid] loss: 0.3803 (+/-0.1727) - [test] loss: 0.2378 (+/-0.2486)
Iter 400  - time: 11    - [train] loss: 0.3736 (+/-0.1681) - [valid] loss: 0.3852 (+/-0.1738) - [test] loss: 0.2417 (+/-0.251 )
Iter 410  - time: 11    - [train] loss: 0.3715 (+/-0.1675) - [valid] loss: 0.383  (+/-0.1732) - [test] loss: 0.2399 (+/-0.25  )
Iter 420  - time: 11    - [train] loss: 0.3709 (+/-0.1675) - [valid] loss: 0.3825 (+/-0.1732) - [test] loss: 0.239  (+/-0.2498)
Iter 430  - time: 11    - [train] loss: 0.3754 (+/-0.1686) - [valid] loss: 0.3871 (+/-0.1743) - [test] loss: 0.2427 (+/-0.2521)
Iter 440  - time: 11    - [train] loss: 0.3774 (+/-0.169 ) - [valid] loss: 0.3892 (+/-0.1748) - [test] loss: 0.2443 (+/-0.2531)
Iter 450  - time: 12    - [train] loss: 0.3792 (+/-0.1693) - [valid] loss: 0.3911 (+/-0.1751) - [test] loss: 0.2458 (+/-0.2541)
Iter 460  - time: 12    - [train] loss: 0.3536 (+/-0.1638) - [valid] loss: 0.3651 (+/-0.1694) - [test] loss: 0.2229 (+/-0.2411)
Iter 470  - time: 11    - [train] loss: 0.3604 (+/-0.1651) - [valid] loss: 0.372  (+/-0.1708) - [test] loss: 0.2294 (+/-0.2442)
Iter 480  - time: 11    - [train] loss: 0.3587 (+/-0.1649) - [valid] loss: 0.3703 (+/-0.1705) - [test] loss: 0.2277 (+/-0.2433)
Iter 490  - time: 12    - [train] loss: 0.3553 (+/-0.164 ) - [valid] loss: 0.3669 (+/-0.1697) - [test] loss: 0.2246 (+/-0.2417)
Iter 500  - time: 12    - [train] loss: 0.3642 (+/-0.1661) - [valid] loss: 0.3759 (+/-0.1718) - [test] loss: 0.2322 (+/-0.2464)
Iter 510  - time: 11    - [train] loss: 0.3693 (+/-0.1673) - [valid] loss: 0.3812 (+/-0.173 ) - [test] loss: 0.2365 (+/-0.2491)
Iter 520  - time: 11    - [train] loss: 0.371  (+/-0.1678) - [valid] loss: 0.383  (+/-0.1736) - [test] loss: 0.2377 (+/-0.2501)
Iter 530  - time: 11    - [train] loss: 0.3703 (+/-0.1675) - [valid] loss: 0.3823 (+/-0.1733) - [test] loss: 0.237  (+/-0.2498)
Iter 540  - time: 11    - [train] loss: 0.3711 (+/-0.1678) - [valid] loss: 0.3831 (+/-0.1736) - [test] loss: 0.2375 (+/-0.2502)
Iter 550  - time: 11    - [train] loss: 0.3713 (+/-0.1678) - [valid] loss: 0.3834 (+/-0.1737) - [test] loss: 0.2375 (+/-0.2503)
Iter 560  - time: 11    - [train] loss: 0.373  (+/-0.1683) - [valid] loss: 0.3852 (+/-0.1742) - [test] loss: 0.2387 (+/-0.2513)
Iter 570  - time: 11    - [train] loss: 0.3655 (+/-0.1669) - [valid] loss: 0.3777 (+/-0.1727) - [test] loss: 0.2316 (+/-0.2475)
Iter 580  - time: 11    - [train] loss: 0.3628 (+/-0.1662) - [valid] loss: 0.3749 (+/-0.172 ) - [test] loss: 0.2296 (+/-0.2459)
Iter 590  - time: 11    - [train] loss: 0.3618 (+/-0.1658) - [valid] loss: 0.374  (+/-0.1716) - [test] loss: 0.2287 (+/-0.2454)
Iter 600  - time: 11    - [train] loss: 0.3666 (+/-0.1668) - [valid] loss: 0.3789 (+/-0.1727) - [test] loss: 0.233  (+/-0.2479)
Iter 610  - time: 11    - [train] loss: 0.3668 (+/-0.167 ) - [valid] loss: 0.3792 (+/-0.1728) - [test] loss: 0.2328 (+/-0.2481)
Iter 620  - time: 12    - [train] loss: 0.3687 (+/-0.1673) - [valid] loss: 0.3811 (+/-0.1733) - [test] loss: 0.2344 (+/-0.2491)
Iter 630  - time: 11    - [train] loss: 0.3698 (+/-0.1677) - [valid] loss: 0.3822 (+/-0.1736) - [test] loss: 0.2352 (+/-0.2497)
Iter 640  - time: 11    - [train] loss: 0.3661 (+/-0.1666) - [valid] loss: 0.3785 (+/-0.1725) - [test] loss: 0.2321 (+/-0.2479)
Iter 650  - time: 11    - [train] loss: 0.3682 (+/-0.1671) - [valid] loss: 0.3807 (+/-0.1731) - [test] loss: 0.2337 (+/-0.2489)
Iter 660  - time: 11    - [train] loss: 0.3632 (+/-0.1661) - [valid] loss: 0.3756 (+/-0.172 ) - [test] loss: 0.2292 (+/-0.2463)
Iter 670  - time: 11    - [train] loss: 0.3656 (+/-0.1667) - [valid] loss: 0.378  (+/-0.1726) - [test] loss: 0.2313 (+/-0.2476)
Iter 680  - time: 11    - [train] loss: 0.3678 (+/-0.1671) - [valid] loss: 0.3803 (+/-0.173 ) - [test] loss: 0.2332 (+/-0.2488)
Iter 690  - time: 11    - [train] loss: 0.3681 (+/-0.1673) - [valid] loss: 0.3806 (+/-0.1732) - [test] loss: 0.2332 (+/-0.249 )
Iter 700  - time: 11    - [train] loss: 0.3547 (+/-0.1639) - [valid] loss: 0.3675 (+/-0.1699) - [test] loss: 0.2218 (+/-0.2418)
Iter 710  - time: 11    - [train] loss: 0.3431 (+/-0.1619) - [valid] loss: 0.3553 (+/-0.1676) - [test] loss: 0.2118 (+/-0.2353)
Iter 720  - time: 11    - [train] loss: 0.3361 (+/-0.1593) - [valid] loss: 0.3482 (+/-0.1652) - [test] loss: 0.2065 (+/-0.2314)
Iter 730  - time: 11    - [train] loss: 0.3339 (+/-0.1586) - [valid] loss: 0.3461 (+/-0.1645) - [test] loss: 0.2047 (+/-0.2303)
Iter 740  - time: 11    - [train] loss: 0.3408 (+/-0.1607) - [valid] loss: 0.3529 (+/-0.1665) - [test] loss: 0.2103 (+/-0.2342)
Iter 750  - time: 11    - [train] loss: 0.3425 (+/-0.1606) - [valid] loss: 0.3548 (+/-0.1665) - [test] loss: 0.212  (+/-0.2352)
Iter 760  - time: 12    - [train] loss: 0.3453 (+/-0.1615) - [valid] loss: 0.3575 (+/-0.1674) - [test] loss: 0.2141 (+/-0.2368)
Iter 770  - time: 11    - [train] loss: 0.3467 (+/-0.1618) - [valid] loss: 0.359  (+/-0.1678) - [test] loss: 0.2152 (+/-0.2376)
Iter 780  - time: 11    - [train] loss: 0.3488 (+/-0.1624) - [valid] loss: 0.3612 (+/-0.1684) - [test] loss: 0.2168 (+/-0.2388)
Iter 790  - time: 11    - [train] loss: 0.351  (+/-0.1629) - [valid] loss: 0.3633 (+/-0.1689) - [test] loss: 0.2187 (+/-0.24  )
Iter 800  - time: 11    - [train] loss: 0.3526 (+/-0.1633) - [valid] loss: 0.3649 (+/-0.1693) - [test] loss: 0.2199 (+/-0.2409)
Iter 810  - time: 11    - [train] loss: 0.3543 (+/-0.1638) - [valid] loss: 0.3667 (+/-0.1697) - [test] loss: 0.2214 (+/-0.2419)
Iter 820  - time: 11    - [train] loss: 0.3544 (+/-0.1638) - [valid] loss: 0.3668 (+/-0.1698) - [test] loss: 0.2213 (+/-0.242 )
Iter 830  - time: 11    - [train] loss: 0.3552 (+/-0.164 ) - [valid] loss: 0.3676 (+/-0.17  ) - [test] loss: 0.2218 (+/-0.2424)
Iter 840  - time: 11    - [train] loss: 0.3559 (+/-0.1641) - [valid] loss: 0.3683 (+/-0.1701) - [test] loss: 0.2224 (+/-0.2428)
Iter 850  - time: 12    - [train] loss: 0.3583 (+/-0.1646) - [valid] loss: 0.3708 (+/-0.1706) - [test] loss: 0.2246 (+/-0.2441)
Iter 860  - time: 11    - [train] loss: 0.3514 (+/-0.163 ) - [valid] loss: 0.3638 (+/-0.169 ) - [test] loss: 0.2185 (+/-0.2405)
Iter 870  - time: 11    - [train] loss: 0.3549 (+/-0.164 ) - [valid] loss: 0.3674 (+/-0.17  ) - [test] loss: 0.2213 (+/-0.2423)
Iter 880  - time: 11    - [train] loss: 0.3556 (+/-0.1639) - [valid] loss: 0.3682 (+/-0.17  ) - [test] loss: 0.222  (+/-0.2427)
Iter 890  - time: 11    - [train] loss: 0.3469 (+/-0.1622) - [valid] loss: 0.3591 (+/-0.1681) - [test] loss: 0.2143 (+/-0.238 )
Iter 900  - time: 11    - [train] loss: 0.346  (+/-0.162 ) - [valid] loss: 0.3583 (+/-0.1679) - [test] loss: 0.2136 (+/-0.2375)
Iter 910  - time: 11    - [train] loss: 0.3477 (+/-0.1623) - [valid] loss: 0.36   (+/-0.1682) - [test] loss: 0.215  (+/-0.2384)
Iter 920  - time: 11    - [train] loss: 0.3509 (+/-0.163 ) - [valid] loss: 0.3633 (+/-0.169 ) - [test] loss: 0.2179 (+/-0.2402)
Iter 930  - time: 11    - [train] loss: 0.3529 (+/-0.1633) - [valid] loss: 0.3653 (+/-0.1693) - [test] loss: 0.2197 (+/-0.2412)
Iter 940  - time: 11    - [train] loss: 0.3523 (+/-0.1633) - [valid] loss: 0.3646 (+/-0.1693) - [test] loss: 0.2189 (+/-0.2409)
Iter 950  - time: 11    - [train] loss: 0.3524 (+/-0.1633) - [valid] loss: 0.3648 (+/-0.1693) - [test] loss: 0.219  (+/-0.241 )
Iter 960  - time: 11    - [train] loss: 0.3515 (+/-0.1631) - [valid] loss: 0.3639 (+/-0.1691) - [test] loss: 0.2181 (+/-0.2406)
Iter 970  - time: 11    - [train] loss: 0.3492 (+/-0.1623) - [valid] loss: 0.3618 (+/-0.1684) - [test] loss: 0.2162 (+/-0.2394)
Iter 980  - time: 12    - [train] loss: 0.349  (+/-0.1625) - [valid] loss: 0.3615 (+/-0.1685) - [test] loss: 0.2159 (+/-0.2392)
Iter 990  - time: 12    - [train] loss: 0.3512 (+/-0.163 ) - [valid] loss: 0.3636 (+/-0.169 ) - [test] loss: 0.2177 (+/-0.2404)
Iter 1000 - time: 12    - [train] loss: 0.3522 (+/-0.1633) - [valid] loss: 0.3647 (+/-0.1693) - [test] loss: 0.2186 (+/-0.241 )
Iter 1010 - time: 12    - [train] loss: 0.3529 (+/-0.1634) - [valid] loss: 0.3654 (+/-0.1694) - [test] loss: 0.2192 (+/-0.2414)
Iter 1020 - time: 12    - [train] loss: 0.3496 (+/-0.1621) - [valid] loss: 0.3623 (+/-0.1683) - [test] loss: 0.2165 (+/-0.2396)
Iter 1030 - time: 12    - [train] loss: 0.3194 (+/-0.1547) - [valid] loss: 0.3314 (+/-0.1606) - [test] loss: 0.1909 (+/-0.2227)
Iter 1040 - time: 12    - [train] loss: 0.3125 (+/-0.1529) - [valid] loss: 0.3252 (+/-0.159 ) - [test] loss: 0.1854 (+/-0.2183)
Iter 1050 - time: 12    - [train] loss: 0.3084 (+/-0.1508) - [valid] loss: 0.3208 (+/-0.157 ) - [test] loss: 0.1839 (+/-0.2152)
Iter 1060 - time: 12    - [train] loss: 0.3101 (+/-0.1505) - [valid] loss: 0.3223 (+/-0.1567) - [test] loss: 0.1865 (+/-0.2159)
Iter 1070 - time: 12    - [train] loss: 0.3131 (+/-0.1516) - [valid] loss: 0.3253 (+/-0.1578) - [test] loss: 0.1885 (+/-0.2182)
Iter 1080 - time: 12    - [train] loss: 0.322  (+/-0.1543) - [valid] loss: 0.3342 (+/-0.1604) - [test] loss: 0.1955 (+/-0.2237)
Iter 1090 - time: 12    - [train] loss: 0.3208 (+/-0.1541) - [valid] loss: 0.3329 (+/-0.1602) - [test] loss: 0.1942 (+/-0.2232)
Iter 1100 - time: 12    - [train] loss: 0.3224 (+/-0.1547) - [valid] loss: 0.3345 (+/-0.1607) - [test] loss: 0.1954 (+/-0.2243)
Iter 1110 - time: 11    - [train] loss: 0.3274 (+/-0.1561) - [valid] loss: 0.3395 (+/-0.1622) - [test] loss: 0.1995 (+/-0.2273)
Iter 1120 - time: 11    - [train] loss: 0.3268 (+/-0.1561) - [valid] loss: 0.3388 (+/-0.1621) - [test] loss: 0.1988 (+/-0.2271)
Iter 1130 - time: 11    - [train] loss: 0.3273 (+/-0.1563) - [valid] loss: 0.3394 (+/-0.1623) - [test] loss: 0.199  (+/-0.2274)
Iter 1140 - time: 12    - [train] loss: 0.3296 (+/-0.1568) - [valid] loss: 0.3416 (+/-0.1629) - [test] loss: 0.2008 (+/-0.2287)
Iter 1150 - time: 12    - [train] loss: 0.3297 (+/-0.157 ) - [valid] loss: 0.3418 (+/-0.163 ) - [test] loss: 0.2007 (+/-0.2288)
Iter 1160 - time: 12    - [train] loss: 0.3311 (+/-0.1574) - [valid] loss: 0.3432 (+/-0.1634) - [test] loss: 0.2018 (+/-0.2297)
Iter 1170 - time: 12    - [train] loss: 0.3322 (+/-0.1577) - [valid] loss: 0.3444 (+/-0.1637) - [test] loss: 0.2026 (+/-0.2303)
Iter 1180 - time: 12    - [train] loss: 0.3319 (+/-0.1575) - [valid] loss: 0.344  (+/-0.1635) - [test] loss: 0.2024 (+/-0.2301)
Iter 1190 - time: 12    - [train] loss: 0.3319 (+/-0.1575) - [valid] loss: 0.344  (+/-0.1636) - [test] loss: 0.2022 (+/-0.2301)
Iter 1200 - time: 11    - [train] loss: 0.3332 (+/-0.1579) - [valid] loss: 0.3454 (+/-0.1639) - [test] loss: 0.2032 (+/-0.2309)
Iter 1210 - time: 11    - [train] loss: 0.3348 (+/-0.1583) - [valid] loss: 0.347  (+/-0.1644) - [test] loss: 0.2045 (+/-0.2318)
Iter 1220 - time: 11    - [train] loss: 0.3346 (+/-0.1583) - [valid] loss: 0.3469 (+/-0.1643) - [test] loss: 0.2043 (+/-0.2317)
Iter 1230 - time: 11    - [train] loss: 0.334  (+/-0.1581) - [valid] loss: 0.3463 (+/-0.1642) - [test] loss: 0.2037 (+/-0.2314)
Iter 1240 - time: 11    - [train] loss: 0.3345 (+/-0.1583) - [valid] loss: 0.3468 (+/-0.1644) - [test] loss: 0.2039 (+/-0.2317)
Iter 1250 - time: 11    - [train] loss: 0.3346 (+/-0.1583) - [valid] loss: 0.3469 (+/-0.1644) - [test] loss: 0.204  (+/-0.2317)
Iter 1260 - time: 11    - [train] loss: 0.3346 (+/-0.1584) - [valid] loss: 0.3469 (+/-0.1644) - [test] loss: 0.2039 (+/-0.2318)
Iter 1270 - time: 11    - [train] loss: 0.3349 (+/-0.1584) - [valid] loss: 0.3473 (+/-0.1645) - [test] loss: 0.2041 (+/-0.2319)
Iter 1280 - time: 11    - [train] loss: 0.3351 (+/-0.1584) - [valid] loss: 0.3475 (+/-0.1645) - [test] loss: 0.2042 (+/-0.232 )
Iter 1290 - time: 11    - [train] loss: 0.3334 (+/-0.1581) - [valid] loss: 0.3458 (+/-0.1642) - [test] loss: 0.2026 (+/-0.2311)
Iter 1300 - time: 11    - [train] loss: 0.3339 (+/-0.1582) - [valid] loss: 0.3463 (+/-0.1643) - [test] loss: 0.203  (+/-0.2314)
Iter 1310 - time: 11    - [train] loss: 0.3347 (+/-0.1584) - [valid] loss: 0.3472 (+/-0.1645) - [test] loss: 0.2036 (+/-0.2318)
Iter 1320 - time: 11    - [train] loss: 0.3346 (+/-0.1585) - [valid] loss: 0.3471 (+/-0.1646) - [test] loss: 0.2034 (+/-0.2318)
Iter 1330 - time: 11    - [train] loss: 0.3293 (+/-0.1574) - [valid] loss: 0.3417 (+/-0.1634) - [test] loss: 0.1986 (+/-0.2288)
Iter 1340 - time: 11    - [train] loss: 0.3292 (+/-0.1573) - [valid] loss: 0.3416 (+/-0.1633) - [test] loss: 0.1987 (+/-0.2287)
Iter 1350 - time: 11    - [train] loss: 0.3306 (+/-0.1574) - [valid] loss: 0.343  (+/-0.1635) - [test] loss: 0.2001 (+/-0.2295)
Iter 1360 - time: 11    - [train] loss: 0.331  (+/-0.1576) - [valid] loss: 0.3434 (+/-0.1637) - [test] loss: 0.2003 (+/-0.2298)
Iter 1370 - time: 11    - [train] loss: 0.3316 (+/-0.1576) - [valid] loss: 0.344  (+/-0.1637) - [test] loss: 0.2008 (+/-0.2301)
Iter 1380 - time: 11    - [train] loss: 0.3312 (+/-0.1576) - [valid] loss: 0.3437 (+/-0.1637) - [test] loss: 0.2004 (+/-0.2299)
Iter 1390 - time: 11    - [train] loss: 0.3331 (+/-0.158 ) - [valid] loss: 0.3457 (+/-0.1641) - [test] loss: 0.202  (+/-0.231 )
Iter 1400 - time: 11    - [train] loss: 0.3282 (+/-0.1564) - [valid] loss: 0.3409 (+/-0.1626) - [test] loss: 0.198  (+/-0.2282)
Iter 1410 - time: 11    - [train] loss: 0.3223 (+/-0.1552) - [valid] loss: 0.3348 (+/-0.1613) - [test] loss: 0.1931 (+/-0.2248)
Iter 1420 - time: 11    - [train] loss: 0.3242 (+/-0.1558) - [valid] loss: 0.3365 (+/-0.1618) - [test] loss: 0.1947 (+/-0.2258)
Iter 1430 - time: 11    - [train] loss: 0.3242 (+/-0.1559) - [valid] loss: 0.3365 (+/-0.1619) - [test] loss: 0.1947 (+/-0.2259)
Iter 1440 - time: 11    - [train] loss: 0.3238 (+/-0.1556) - [valid] loss: 0.3362 (+/-0.1617) - [test] loss: 0.1944 (+/-0.2257)
Iter 1450 - time: 11    - [train] loss: 0.3212 (+/-0.1548) - [valid] loss: 0.3335 (+/-0.1609) - [test] loss: 0.1922 (+/-0.2242)
Iter 1460 - time: 11    - [train] loss: 0.3209 (+/-0.1547) - [valid] loss: 0.3331 (+/-0.1607) - [test] loss: 0.1921 (+/-0.224 )
Iter 1470 - time: 11    - [train] loss: 0.3187 (+/-0.1539) - [valid] loss: 0.3311 (+/-0.16  ) - [test] loss: 0.1905 (+/-0.2227)
Iter 1480 - time: 11    - [train] loss: 0.3193 (+/-0.1541) - [valid] loss: 0.3317 (+/-0.1602) - [test] loss: 0.1909 (+/-0.2231)
Iter 1490 - time: 11    - [train] loss: 0.3216 (+/-0.1547) - [valid] loss: 0.334  (+/-0.1608) - [test] loss: 0.1928 (+/-0.2244)
Iter 1500 - time: 11    - [train] loss: 0.3225 (+/-0.155 ) - [valid] loss: 0.3349 (+/-0.1611) - [test] loss: 0.1935 (+/-0.2249)
Iter 1510 - time: 11    - [train] loss: 0.3227 (+/-0.1552) - [valid] loss: 0.3352 (+/-0.1612) - [test] loss: 0.1935 (+/-0.2251)
Iter 1520 - time: 12    - [train] loss: 0.3224 (+/-0.1551) - [valid] loss: 0.3348 (+/-0.1612) - [test] loss: 0.1931 (+/-0.2249)
Iter 1530 - time: 12    - [train] loss: 0.3231 (+/-0.1552) - [valid] loss: 0.3357 (+/-0.1613) - [test] loss: 0.1937 (+/-0.2254)
Iter 1540 - time: 12    - [train] loss: 0.3212 (+/-0.1547) - [valid] loss: 0.3337 (+/-0.1609) - [test] loss: 0.192  (+/-0.2243)
Iter 1550 - time: 12    - [train] loss: 0.3203 (+/-0.1546) - [valid] loss: 0.3327 (+/-0.1607) - [test] loss: 0.1911 (+/-0.2238)
Iter 1560 - time: 12    - [train] loss: 0.3219 (+/-0.155 ) - [valid] loss: 0.3345 (+/-0.1611) - [test] loss: 0.1924 (+/-0.2247)
Iter 1570 - time: 11    - [train] loss: 0.3226 (+/-0.1552) - [valid] loss: 0.3352 (+/-0.1613) - [test] loss: 0.1929 (+/-0.2251)
Iter 1580 - time: 11    - [train] loss: 0.3237 (+/-0.1551) - [valid] loss: 0.3365 (+/-0.1613) - [test] loss: 0.1941 (+/-0.2257)
Iter 1590 - time: 11    - [train] loss: 0.3088 (+/-0.1512) - [valid] loss: 0.3211 (+/-0.1573) - [test] loss: 0.1822 (+/-0.2168)
Iter 1600 - time: 11    - [train] loss: 0.3118 (+/-0.1525) - [valid] loss: 0.324  (+/-0.1585) - [test] loss: 0.1845 (+/-0.2186)
Iter 1610 - time: 11    - [train] loss: 0.3077 (+/-0.1512) - [valid] loss: 0.3199 (+/-0.1572) - [test] loss: 0.1811 (+/-0.2163)
Iter 1620 - time: 12    - [train] loss: 0.3127 (+/-0.1524) - [valid] loss: 0.325  (+/-0.1585) - [test] loss: 0.1854 (+/-0.2192)
Iter 1630 - time: 11    - [train] loss: 0.3122 (+/-0.1522) - [valid] loss: 0.3245 (+/-0.1583) - [test] loss: 0.185  (+/-0.219 )
Iter 1640 - time: 11    - [train] loss: 0.3135 (+/-0.1527) - [valid] loss: 0.3258 (+/-0.1587) - [test] loss: 0.1858 (+/-0.2198)
Iter 1650 - time: 11    - [train] loss: 0.314  (+/-0.1528) - [valid] loss: 0.3264 (+/-0.1589) - [test] loss: 0.1863 (+/-0.2201)
Iter 1660 - time: 11    - [train] loss: 0.3151 (+/-0.1532) - [valid] loss: 0.3275 (+/-0.1592) - [test] loss: 0.187  (+/-0.2208)
Iter 1670 - time: 11    - [train] loss: 0.3158 (+/-0.1534) - [valid] loss: 0.3282 (+/-0.1594) - [test] loss: 0.1875 (+/-0.2212)
Iter 1680 - time: 11    - [train] loss: 0.3165 (+/-0.1536) - [valid] loss: 0.329  (+/-0.1596) - [test] loss: 0.1881 (+/-0.2217)
Iter 1690 - time: 12    - [train] loss: 0.3197 (+/-0.1543) - [valid] loss: 0.3322 (+/-0.1604) - [test] loss: 0.1909 (+/-0.2235)
Iter 1700 - time: 12    - [train] loss: 0.3198 (+/-0.1541) - [valid] loss: 0.3324 (+/-0.1603) - [test] loss: 0.1912 (+/-0.2235)
Iter 1710 - time: 11    - [train] loss: 0.3115 (+/-0.1518) - [valid] loss: 0.3242 (+/-0.158 ) - [test] loss: 0.1842 (+/-0.2186)
Iter 1720 - time: 11    - [train] loss: 0.3102 (+/-0.1516) - [valid] loss: 0.3227 (+/-0.1577) - [test] loss: 0.1832 (+/-0.2179)
Iter 1730 - time: 11    - [train] loss: 0.3111 (+/-0.1517) - [valid] loss: 0.3237 (+/-0.1579) - [test] loss: 0.184  (+/-0.2184)
Iter 1740 - time: 11    - [train] loss: 0.3078 (+/-0.1508) - [valid] loss: 0.3203 (+/-0.1569) - [test] loss: 0.181  (+/-0.2165)
Iter 1750 - time: 11    - [train] loss: 0.3036 (+/-0.1499) - [valid] loss: 0.3161 (+/-0.156 ) - [test] loss: 0.1773 (+/-0.214 )
Iter 1760 - time: 11    - [train] loss: 0.3024 (+/-0.1494) - [valid] loss: 0.3152 (+/-0.1556) - [test] loss: 0.1766 (+/-0.2133)
Iter 1770 - time: 11    - [train] loss: 0.3039 (+/-0.15  ) - [valid] loss: 0.3165 (+/-0.1561) - [test] loss: 0.1778 (+/-0.2142)
Iter 1780 - time: 11    - [train] loss: 0.3024 (+/-0.1494) - [valid] loss: 0.315  (+/-0.1556) - [test] loss: 0.1766 (+/-0.2133)
Iter 1790 - time: 11    - [train] loss: 0.3031 (+/-0.1496) - [valid] loss: 0.3157 (+/-0.1558) - [test] loss: 0.1771 (+/-0.2137)
Iter 1800 - time: 11    - [train] loss: 0.3037 (+/-0.1497) - [valid] loss: 0.3164 (+/-0.1559) - [test] loss: 0.1776 (+/-0.2141)
Iter 1810 - time: 11    - [train] loss: 0.3062 (+/-0.1506) - [valid] loss: 0.3189 (+/-0.1568) - [test] loss: 0.1794 (+/-0.2156)
Iter 1820 - time: 12    - [train] loss: 0.306  (+/-0.1504) - [valid] loss: 0.3188 (+/-0.1566) - [test] loss: 0.1793 (+/-0.2155)
Iter 1830 - time: 12    - [train] loss: 0.3073 (+/-0.1507) - [valid] loss: 0.32   (+/-0.1569) - [test] loss: 0.1806 (+/-0.2162)
Iter 1840 - time: 12    - [train] loss: 0.3017 (+/-0.1497) - [valid] loss: 0.3145 (+/-0.1558) - [test] loss: 0.1752 (+/-0.2131)
Iter 1850 - time: 11    - [train] loss: 0.2798 (+/-0.1433) - [valid] loss: 0.2922 (+/-0.1493) - [test] loss: 0.1576 (+/-0.1994)
Iter 1860 - time: 11    - [train] loss: 0.2827 (+/-0.1436) - [valid] loss: 0.2951 (+/-0.1498) - [test] loss: 0.1607 (+/-0.201 )
Iter 1870 - time: 11    - [train] loss: 0.2878 (+/-0.1445) - [valid] loss: 0.3004 (+/-0.1508) - [test] loss: 0.1658 (+/-0.2041)
Iter 1880 - time: 11    - [train] loss: 0.2847 (+/-0.1434) - [valid] loss: 0.2974 (+/-0.1497) - [test] loss: 0.1634 (+/-0.2022)
Iter 1890 - time: 11    - [train] loss: 0.2886 (+/-0.1449) - [valid] loss: 0.3013 (+/-0.1512) - [test] loss: 0.1662 (+/-0.2047)
Iter 1900 - time: 11    - [train] loss: 0.2898 (+/-0.1454) - [valid] loss: 0.3025 (+/-0.1517) - [test] loss: 0.1668 (+/-0.2056)
Iter 1910 - time: 11    - [train] loss: 0.2917 (+/-0.146 ) - [valid] loss: 0.3044 (+/-0.1523) - [test] loss: 0.1683 (+/-0.2068)
Iter 1920 - time: 11    - [train] loss: 0.2924 (+/-0.1463) - [valid] loss: 0.3051 (+/-0.1525) - [test] loss: 0.1687 (+/-0.2073)
Iter 1930 - time: 11    - [train] loss: 0.2929 (+/-0.1465) - [valid] loss: 0.3056 (+/-0.1527) - [test] loss: 0.1689 (+/-0.2077)
Iter 1940 - time: 11    - [train] loss: 0.2902 (+/-0.1461) - [valid] loss: 0.3028 (+/-0.1523) - [test] loss: 0.1662 (+/-0.2061)
Iter 1950 - time: 11    - [train] loss: 0.2921 (+/-0.1462) - [valid] loss: 0.3049 (+/-0.1525) - [test] loss: 0.1683 (+/-0.2072)
Iter 1960 - time: 11    - [train] loss: 0.2917 (+/-0.1463) - [valid] loss: 0.3044 (+/-0.1525) - [test] loss: 0.1679 (+/-0.207 )
Iter 1970 - time: 11    - [train] loss: 0.2916 (+/-0.1463) - [valid] loss: 0.3042 (+/-0.1525) - [test] loss: 0.1676 (+/-0.207 )
Iter 1980 - time: 11    - [train] loss: 0.2927 (+/-0.1467) - [valid] loss: 0.3053 (+/-0.1528) - [test] loss: 0.1684 (+/-0.2077)
Iter 1990 - time: 11    - [train] loss: 0.2868 (+/-0.1446) - [valid] loss: 0.2993 (+/-0.1508) - [test] loss: 0.1641 (+/-0.2039)
Iter 2000 - time: 11    - [train] loss: 0.2879 (+/-0.1451) - [valid] loss: 0.3004 (+/-0.1513) - [test] loss: 0.1649 (+/-0.2046)
Iter 2010 - time: 11    - [train] loss: 0.2895 (+/-0.1456) - [valid] loss: 0.302  (+/-0.1518) - [test] loss: 0.1662 (+/-0.2057)
Iter 2020 - time: 11    - [train] loss: 0.2916 (+/-0.1462) - [valid] loss: 0.3041 (+/-0.1524) - [test] loss: 0.168  (+/-0.207 )
Iter 2030 - time: 11    - [train] loss: 0.2922 (+/-0.1465) - [valid] loss: 0.3047 (+/-0.1526) - [test] loss: 0.1682 (+/-0.2074)
Iter 2040 - time: 11    - [train] loss: 0.2929 (+/-0.1467) - [valid] loss: 0.3055 (+/-0.1528) - [test] loss: 0.1688 (+/-0.2079)
Iter 2050 - time: 11    - [train] loss: 0.2934 (+/-0.1468) - [valid] loss: 0.3059 (+/-0.153 ) - [test] loss: 0.1691 (+/-0.2082)
Iter 2060 - time: 11    - [train] loss: 0.2933 (+/-0.1469) - [valid] loss: 0.3059 (+/-0.153 ) - [test] loss: 0.169  (+/-0.2082)
Iter 2070 - time: 11    - [train] loss: 0.294  (+/-0.1468) - [valid] loss: 0.3065 (+/-0.153 ) - [test] loss: 0.1696 (+/-0.2085)
Iter 2080 - time: 11    - [train] loss: 0.2931 (+/-0.1467) - [valid] loss: 0.3056 (+/-0.1528) - [test] loss: 0.1688 (+/-0.208 )
Iter 2090 - time: 11    - [train] loss: 0.2925 (+/-0.1467) - [valid] loss: 0.305  (+/-0.1528) - [test] loss: 0.1681 (+/-0.2077)
Iter 2100 - time: 11    - [train] loss: 0.2921 (+/-0.1466) - [valid] loss: 0.3046 (+/-0.1527) - [test] loss: 0.1677 (+/-0.2075)
Iter 2110 - time: 11    - [train] loss: 0.2931 (+/-0.1466) - [valid] loss: 0.3057 (+/-0.1528) - [test] loss: 0.1688 (+/-0.208 )
Iter 2120 - time: 11    - [train] loss: 0.2917 (+/-0.1462) - [valid] loss: 0.3043 (+/-0.1524) - [test] loss: 0.1677 (+/-0.2072)
Iter 2130 - time: 11    - [train] loss: 0.2828 (+/-0.1445) - [valid] loss: 0.2947 (+/-0.1504) - [test] loss: 0.16   (+/-0.2018)
Iter 2140 - time: 11    - [train] loss: 0.2836 (+/-0.1444) - [valid] loss: 0.2955 (+/-0.1503) - [test] loss: 0.1612 (+/-0.2022)
Iter 2150 - time: 11    - [train] loss: 0.2824 (+/-0.1438) - [valid] loss: 0.2943 (+/-0.1498) - [test] loss: 0.1604 (+/-0.2015)
Iter 2160 - time: 11    - [train] loss: 0.285  (+/-0.1445) - [valid] loss: 0.297  (+/-0.1504) - [test] loss: 0.1626 (+/-0.2032)
Iter 2170 - time: 11    - [train] loss: 0.2856 (+/-0.1447) - [valid] loss: 0.2976 (+/-0.1507) - [test] loss: 0.1629 (+/-0.2036)
Iter 2180 - time: 11    - [train] loss: 0.2883 (+/-0.1455) - [valid] loss: 0.3004 (+/-0.1515) - [test] loss: 0.165  (+/-0.2053)
Iter 2190 - time: 11    - [train] loss: 0.2855 (+/-0.1448) - [valid] loss: 0.2975 (+/-0.1508) - [test] loss: 0.1626 (+/-0.2036)
Iter 2200 - time: 11    - [train] loss: 0.2873 (+/-0.1452) - [valid] loss: 0.2994 (+/-0.1512) - [test] loss: 0.1642 (+/-0.2047)
Iter 2210 - time: 11    - [train] loss: 0.2873 (+/-0.1453) - [valid] loss: 0.2994 (+/-0.1512) - [test] loss: 0.1641 (+/-0.2048)
Iter 2220 - time: 11    - [train] loss: 0.2867 (+/-0.1451) - [valid] loss: 0.2987 (+/-0.1511) - [test] loss: 0.1635 (+/-0.2044)
Iter 2230 - time: 11    - [train] loss: 0.2875 (+/-0.1453) - [valid] loss: 0.2996 (+/-0.1513) - [test] loss: 0.1642 (+/-0.2049)
Iter 2240 - time: 11    - [train] loss: 0.2896 (+/-0.1458) - [valid] loss: 0.3018 (+/-0.1519) - [test] loss: 0.166  (+/-0.2062)
Iter 2250 - time: 11    - [train] loss: 0.2883 (+/-0.1455) - [valid] loss: 0.3004 (+/-0.1515) - [test] loss: 0.1648 (+/-0.2054)
Iter 2260 - time: 11    - [train] loss: 0.2878 (+/-0.1454) - [valid] loss: 0.2999 (+/-0.1514) - [test] loss: 0.1643 (+/-0.2051)
Iter 2270 - time: 11    - [train] loss: 0.2905 (+/-0.146 ) - [valid] loss: 0.3027 (+/-0.1521) - [test] loss: 0.1666 (+/-0.2067)
Iter 2280 - time: 11    - [train] loss: 0.2863 (+/-0.145 ) - [valid] loss: 0.2984 (+/-0.151 ) - [test] loss: 0.163  (+/-0.2042)
Iter 2290 - time: 11    - [train] loss: 0.2871 (+/-0.1453) - [valid] loss: 0.2991 (+/-0.1513) - [test] loss: 0.1636 (+/-0.2046)
Iter 2300 - time: 11    - [train] loss: 0.2869 (+/-0.1451) - [valid] loss: 0.299  (+/-0.1511) - [test] loss: 0.1636 (+/-0.2045)
Iter 2310 - time: 11    - [train] loss: 0.2879 (+/-0.1453) - [valid] loss: 0.3    (+/-0.1513) - [test] loss: 0.1645 (+/-0.2051)
Iter 2320 - time: 11    - [train] loss: 0.2845 (+/-0.1445) - [valid] loss: 0.2965 (+/-0.1505) - [test] loss: 0.1615 (+/-0.2031)
Iter 2330 - time: 11    - [train] loss: 0.2866 (+/-0.1451) - [valid] loss: 0.2986 (+/-0.1511) - [test] loss: 0.1634 (+/-0.2043)
Iter 2340 - time: 11    - [train] loss: 0.2867 (+/-0.1448) - [valid] loss: 0.2989 (+/-0.1508) - [test] loss: 0.1638 (+/-0.2042)
Iter 2350 - time: 11    - [train] loss: 0.2739 (+/-0.1414) - [valid] loss: 0.2853 (+/-0.1472) - [test] loss: 0.1534 (+/-0.1961)
Iter 2360 - time: 11    - [train] loss: 0.2838 (+/-0.1443) - [valid] loss: 0.2953 (+/-0.1502) - [test] loss: 0.1616 (+/-0.2024)
Iter 2370 - time: 11    - [train] loss: 0.279  (+/-0.1433) - [valid] loss: 0.2905 (+/-0.149 ) - [test] loss: 0.1574 (+/-0.1995)
Iter 2380 - time: 11    - [train] loss: 0.2715 (+/-0.1409) - [valid] loss: 0.2829 (+/-0.1466) - [test] loss: 0.1513 (+/-0.1947)
Iter 2390 - time: 12    - [train] loss: 0.2799 (+/-0.1434) - [valid] loss: 0.2914 (+/-0.1492) - [test] loss: 0.1582 (+/-0.2   )
Iter 2400 - time: 12    - [train] loss: 0.2711 (+/-0.141 ) - [valid] loss: 0.2824 (+/-0.1467) - [test] loss: 0.1509 (+/-0.1942)
Iter 2410 - time: 12    - [train] loss: 0.2706 (+/-0.1405) - [valid] loss: 0.2816 (+/-0.1462) - [test] loss: 0.1512 (+/-0.1936)
Iter 2420 - time: 12    - [train] loss: 0.2679 (+/-0.1397) - [valid] loss: 0.279  (+/-0.1454) - [test] loss: 0.1488 (+/-0.1919)
Iter 2430 - time: 12    - [train] loss: 0.2718 (+/-0.1407) - [valid] loss: 0.2828 (+/-0.1465) - [test] loss: 0.1521 (+/-0.1944)
Iter 2440 - time: 12    - [train] loss: 0.2708 (+/-0.1403) - [valid] loss: 0.2819 (+/-0.1461) - [test] loss: 0.1513 (+/-0.1938)
Iter 2450 - time: 11    - [train] loss: 0.2729 (+/-0.1412) - [valid] loss: 0.284  (+/-0.1469) - [test] loss: 0.1527 (+/-0.1953)
Iter 2460 - time: 11    - [train] loss: 0.2726 (+/-0.1412) - [valid] loss: 0.2838 (+/-0.147 ) - [test] loss: 0.1523 (+/-0.1952)
Iter 2470 - time: 11    - [train] loss: 0.273  (+/-0.1411) - [valid] loss: 0.2842 (+/-0.1469) - [test] loss: 0.1529 (+/-0.1955)
Iter 2480 - time: 11    - [train] loss: 0.2737 (+/-0.1413) - [valid] loss: 0.2849 (+/-0.147 ) - [test] loss: 0.1534 (+/-0.1959)
Iter 2490 - time: 11    - [train] loss: 0.2757 (+/-0.1419) - [valid] loss: 0.287  (+/-0.1477) - [test] loss: 0.155  (+/-0.1973)
Iter 2500 - time: 11    - [train] loss: 0.2759 (+/-0.142 ) - [valid] loss: 0.2872 (+/-0.1478) - [test] loss: 0.1551 (+/-0.1974)
Iter 2510 - time: 11    - [train] loss: 0.277  (+/-0.1424) - [valid] loss: 0.2882 (+/-0.1482) - [test] loss: 0.1558 (+/-0.1981)
Iter 2520 - time: 11    - [train] loss: 0.2608 (+/-0.1371) - [valid] loss: 0.2719 (+/-0.1428) - [test] loss: 0.1427 (+/-0.1874)
Iter 2530 - time: 11    - [train] loss: 0.1838 (+/-0.1113) - [valid] loss: 0.1932 (+/-0.1161) - [test] loss: 0.0816 (+/-0.1281)
Iter 2540 - time: 11    - [train] loss: 0.1939 (+/-0.1158) - [valid] loss: 0.2042 (+/-0.1213) - [test] loss: 0.0906 (+/-0.1373)
Iter 2550 - time: 11    - [train] loss: 0.2266 (+/-0.124 ) - [valid] loss: 0.2383 (+/-0.1304) - [test] loss: 0.1217 (+/-0.1594)
Iter 2560 - time: 11    - [train] loss: 0.2026 (+/-0.1167) - [valid] loss: 0.2133 (+/-0.1226) - [test] loss: 0.1006 (+/-0.1434)
Iter 2570 - time: 11    - [train] loss: 0.233  (+/-0.1261) - [valid] loss: 0.2446 (+/-0.1324) - [test] loss: 0.1259 (+/-0.1652)
Iter 2580 - time: 11    - [train] loss: 0.2319 (+/-0.1271) - [valid] loss: 0.2431 (+/-0.1331) - [test] loss: 0.1229 (+/-0.1664)
Iter 2590 - time: 11    - [train] loss: 0.2366 (+/-0.129 ) - [valid] loss: 0.248  (+/-0.135 ) - [test] loss: 0.126  (+/-0.1704)
Iter 2600 - time: 11    - [train] loss: 0.2366 (+/-0.1292) - [valid] loss: 0.2479 (+/-0.1351) - [test] loss: 0.1257 (+/-0.1706)
Iter 2610 - time: 11    - [train] loss: 0.2391 (+/-0.1301) - [valid] loss: 0.2504 (+/-0.136 ) - [test] loss: 0.1275 (+/-0.1725)
Iter 2620 - time: 11    - [train] loss: 0.2414 (+/-0.1312) - [valid] loss: 0.2528 (+/-0.137 ) - [test] loss: 0.1288 (+/-0.1743)
Iter 2630 - time: 11    - [train] loss: 0.2424 (+/-0.1316) - [valid] loss: 0.2538 (+/-0.1375) - [test] loss: 0.1293 (+/-0.1751)
Iter 2640 - time: 11    - [train] loss: 0.2436 (+/-0.1321) - [valid] loss: 0.255  (+/-0.138 ) - [test] loss: 0.1299 (+/-0.176 )
Iter 2650 - time: 11    - [train] loss: 0.246  (+/-0.133 ) - [valid] loss: 0.2575 (+/-0.1389) - [test] loss: 0.1316 (+/-0.1777)
Iter 2660 - time: 11    - [train] loss: 0.2468 (+/-0.1331) - [valid] loss: 0.2583 (+/-0.1389) - [test] loss: 0.1323 (+/-0.1782)
Iter 2670 - time: 11    - [train] loss: 0.2485 (+/-0.1338) - [valid] loss: 0.26   (+/-0.1397) - [test] loss: 0.1334 (+/-0.1794)
Iter 2680 - time: 12    - [train] loss: 0.2502 (+/-0.1345) - [valid] loss: 0.2618 (+/-0.1404) - [test] loss: 0.1345 (+/-0.1806)
Iter 2690 - time: 12    - [train] loss: 0.2505 (+/-0.1347) - [valid] loss: 0.262  (+/-0.1406) - [test] loss: 0.1345 (+/-0.1808)
Iter 2700 - time: 12    - [train] loss: 0.2511 (+/-0.1349) - [valid] loss: 0.2627 (+/-0.1408) - [test] loss: 0.1349 (+/-0.1813)
Iter 2710 - time: 11    - [train] loss: 0.2524 (+/-0.1354) - [valid] loss: 0.264  (+/-0.1412) - [test] loss: 0.1359 (+/-0.1822)
Iter 2720 - time: 11    - [train] loss: 0.2532 (+/-0.1356) - [valid] loss: 0.2647 (+/-0.1414) - [test] loss: 0.1364 (+/-0.1827)
Iter 2730 - time: 11    - [train] loss: 0.2541 (+/-0.1358) - [valid] loss: 0.2657 (+/-0.1417) - [test] loss: 0.1372 (+/-0.1833)
Iter 2740 - time: 11    - [train] loss: 0.2545 (+/-0.1361) - [valid] loss: 0.266  (+/-0.1419) - [test] loss: 0.1373 (+/-0.1836)
Iter 2750 - time: 11    - [train] loss: 0.2552 (+/-0.1364) - [valid] loss: 0.2667 (+/-0.1422) - [test] loss: 0.1378 (+/-0.1841)
Iter 2760 - time: 11    - [train] loss: 0.2557 (+/-0.1365) - [valid] loss: 0.2672 (+/-0.1423) - [test] loss: 0.1381 (+/-0.1844)
Iter 2770 - time: 11    - [train] loss: 0.2567 (+/-0.1368) - [valid] loss: 0.2682 (+/-0.1426) - [test] loss: 0.1388 (+/-0.1851)
Iter 2780 - time: 11    - [train] loss: 0.2567 (+/-0.1368) - [valid] loss: 0.2682 (+/-0.1427) - [test] loss: 0.1389 (+/-0.1852)
Iter 2790 - time: 11    - [train] loss: 0.259  (+/-0.1377) - [valid] loss: 0.2705 (+/-0.1435) - [test] loss: 0.1405 (+/-0.1867)
Iter 2800 - time: 11    - [train] loss: 0.2617 (+/-0.1381) - [valid] loss: 0.2733 (+/-0.144 ) - [test] loss: 0.1432 (+/-0.1883)
Iter 2810 - time: 11    - [train] loss: 0.2577 (+/-0.1369) - [valid] loss: 0.2692 (+/-0.1428) - [test] loss: 0.1398 (+/-0.1856)
Iter 2820 - time: 11    - [train] loss: 0.2551 (+/-0.1363) - [valid] loss: 0.2665 (+/-0.1421) - [test] loss: 0.1375 (+/-0.184 )
Iter 2830 - time: 11    - [train] loss: 0.2538 (+/-0.1361) - [valid] loss: 0.2652 (+/-0.1419) - [test] loss: 0.1362 (+/-0.1832)
Iter 2840 - time: 11    - [train] loss: 0.2553 (+/-0.1366) - [valid] loss: 0.2667 (+/-0.1424) - [test] loss: 0.1373 (+/-0.1842)
Iter 2850 - time: 11    - [train] loss: 0.2572 (+/-0.1371) - [valid] loss: 0.2687 (+/-0.1429) - [test] loss: 0.1389 (+/-0.1855)
Iter 2860 - time: 11    - [train] loss: 0.2587 (+/-0.1378) - [valid] loss: 0.2702 (+/-0.1436) - [test] loss: 0.1398 (+/-0.1866)
Iter 2870 - time: 11    - [train] loss: 0.2607 (+/-0.1383) - [valid] loss: 0.2723 (+/-0.1441) - [test] loss: 0.1416 (+/-0.1879)
Iter 2880 - time: 11    - [train] loss: 0.2616 (+/-0.1384) - [valid] loss: 0.2733 (+/-0.1443) - [test] loss: 0.1425 (+/-0.1885)
Iter 2890 - time: 11    - [train] loss: 0.2598 (+/-0.1381) - [valid] loss: 0.2714 (+/-0.1439) - [test] loss: 0.1409 (+/-0.1873)
Iter 2900 - time: 11    - [train] loss: 0.259  (+/-0.1376) - [valid] loss: 0.2706 (+/-0.1435) - [test] loss: 0.1403 (+/-0.1867)
Iter 2910 - time: 11    - [train] loss: 0.2583 (+/-0.1374) - [valid] loss: 0.27   (+/-0.1432) - [test] loss: 0.1398 (+/-0.1863)
Iter 2920 - time: 11    - [train] loss: 0.2593 (+/-0.1377) - [valid] loss: 0.2708 (+/-0.1436) - [test] loss: 0.1405 (+/-0.1869)
Iter 2930 - time: 11    - [train] loss: 0.2587 (+/-0.1374) - [valid] loss: 0.2704 (+/-0.1433) - [test] loss: 0.1401 (+/-0.1865)
Iter 2940 - time: 11    - [train] loss: 0.2584 (+/-0.1373) - [valid] loss: 0.2699 (+/-0.1432) - [test] loss: 0.1398 (+/-0.1862)
Iter 2950 - time: 11    - [train] loss: 0.2557 (+/-0.1364) - [valid] loss: 0.2673 (+/-0.1423) - [test] loss: 0.1378 (+/-0.1845)
Iter 2960 - time: 11    - [train] loss: 0.26   (+/-0.1379) - [valid] loss: 0.2717 (+/-0.1437) - [test] loss: 0.1412 (+/-0.1874)
Iter 2970 - time: 11    - [train] loss: 0.2592 (+/-0.1376) - [valid] loss: 0.2709 (+/-0.1435) - [test] loss: 0.1405 (+/-0.1869)
Iter 2980 - time: 11    - [train] loss: 0.2571 (+/-0.1369) - [valid] loss: 0.2687 (+/-0.1428) - [test] loss: 0.1388 (+/-0.1854)
Iter 2990 - time: 11    - [train] loss: 0.2621 (+/-0.1385) - [valid] loss: 0.2739 (+/-0.1444) - [test] loss: 0.1428 (+/-0.1888)
Iter 3000 - time: 11    - [train] loss: 0.2581 (+/-0.1371) - [valid] loss: 0.2697 (+/-0.143 ) - [test] loss: 0.1397 (+/-0.1861)
Iter 3010 - time: 11    - [train] loss: 0.2566 (+/-0.1367) - [valid] loss: 0.2682 (+/-0.1425) - [test] loss: 0.1384 (+/-0.1851)
Iter 3020 - time: 11    - [train] loss: 0.2589 (+/-0.1374) - [valid] loss: 0.2705 (+/-0.1433) - [test] loss: 0.1403 (+/-0.1866)
Iter 3030 - time: 11    - [train] loss: 0.2589 (+/-0.1373) - [valid] loss: 0.2706 (+/-0.1432) - [test] loss: 0.1404 (+/-0.1867)
Iter 3040 - time: 11    - [train] loss: 0.2565 (+/-0.1366) - [valid] loss: 0.2681 (+/-0.1425) - [test] loss: 0.1384 (+/-0.1851)
Iter 3050 - time: 11    - [train] loss: 0.2587 (+/-0.1373) - [valid] loss: 0.2704 (+/-0.1432) - [test] loss: 0.1403 (+/-0.1865)
Iter 3060 - time: 11    - [train] loss: 0.2573 (+/-0.1369) - [valid] loss: 0.2689 (+/-0.1427) - [test] loss: 0.139  (+/-0.1856)
Iter 3070 - time: 11    - [train] loss: 0.2591 (+/-0.1374) - [valid] loss: 0.2707 (+/-0.1433) - [test] loss: 0.1404 (+/-0.1868)
Iter 3080 - time: 11    - [train] loss: 0.2583 (+/-0.1372) - [valid] loss: 0.27   (+/-0.1431) - [test] loss: 0.1398 (+/-0.1863)
Iter 3090 - time: 11    - [train] loss: 0.2571 (+/-0.1369) - [valid] loss: 0.2687 (+/-0.1427) - [test] loss: 0.1387 (+/-0.1855)
Iter 3100 - time: 11    - [train] loss: 0.2586 (+/-0.1373) - [valid] loss: 0.2702 (+/-0.1432) - [test] loss: 0.1399 (+/-0.1865)
Iter 3110 - time: 11    - [train] loss: 0.2595 (+/-0.1377) - [valid] loss: 0.2711 (+/-0.1435) - [test] loss: 0.1406 (+/-0.1871)
Iter 3120 - time: 11    - [train] loss: 0.2587 (+/-0.1371) - [valid] loss: 0.2704 (+/-0.143 ) - [test] loss: 0.1402 (+/-0.1865)
Iter 3130 - time: 11    - [train] loss: 0.2591 (+/-0.1375) - [valid] loss: 0.2707 (+/-0.1434) - [test] loss: 0.1403 (+/-0.1868)
Iter 3140 - time: 11    - [train] loss: 0.2588 (+/-0.1374) - [valid] loss: 0.2704 (+/-0.1433) - [test] loss: 0.1401 (+/-0.1866)
Iter 3150 - time: 11    - [train] loss: 0.2579 (+/-0.1371) - [valid] loss: 0.2695 (+/-0.1429) - [test] loss: 0.1393 (+/-0.186 )
Iter 3160 - time: 11    - [train] loss: 0.2598 (+/-0.1377) - [valid] loss: 0.2715 (+/-0.1435) - [test] loss: 0.1409 (+/-0.1873)
Iter 3170 - time: 11    - [train] loss: 0.2584 (+/-0.1372) - [valid] loss: 0.27   (+/-0.1431) - [test] loss: 0.1397 (+/-0.1863)
Iter 3180 - time: 11    - [train] loss: 0.259  (+/-0.1376) - [valid] loss: 0.2707 (+/-0.1434) - [test] loss: 0.14   (+/-0.1868)
Iter 3190 - time: 11    - [train] loss: 0.2588 (+/-0.1375) - [valid] loss: 0.2704 (+/-0.1434) - [test] loss: 0.1398 (+/-0.1867)
Iter 3200 - time: 11    - [train] loss: 0.2593 (+/-0.1374) - [valid] loss: 0.271  (+/-0.1433) - [test] loss: 0.1404 (+/-0.1869)
Iter 3210 - time: 11    - [train] loss: 0.2591 (+/-0.1374) - [valid] loss: 0.2708 (+/-0.1433) - [test] loss: 0.1403 (+/-0.1868)
Iter 3220 - time: 11    - [train] loss: 0.2597 (+/-0.1376) - [valid] loss: 0.2714 (+/-0.1435) - [test] loss: 0.1407 (+/-0.1872)
Iter 3230 - time: 11    - [train] loss: 0.2596 (+/-0.1375) - [valid] loss: 0.2713 (+/-0.1434) - [test] loss: 0.1407 (+/-0.1872)
Iter 3240 - time: 11    - [train] loss: 0.2592 (+/-0.1375) - [valid] loss: 0.2709 (+/-0.1434) - [test] loss: 0.1402 (+/-0.1869)
Iter 3250 - time: 12    - [train] loss: 0.2593 (+/-0.1375) - [valid] loss: 0.271  (+/-0.1434) - [test] loss: 0.1403 (+/-0.187 )
Iter 3260 - time: 11    - [train] loss: 0.2598 (+/-0.1376) - [valid] loss: 0.2715 (+/-0.1435) - [test] loss: 0.1407 (+/-0.1873)
Iter 3270 - time: 11    - [train] loss: 0.26   (+/-0.1377) - [valid] loss: 0.2717 (+/-0.1436) - [test] loss: 0.1409 (+/-0.1874)
Iter 3280 - time: 11    - [train] loss: 0.26   (+/-0.1376) - [valid] loss: 0.2718 (+/-0.1436) - [test] loss: 0.1409 (+/-0.1874)
Iter 3290 - time: 11    - [train] loss: 0.2612 (+/-0.1381) - [valid] loss: 0.2729 (+/-0.144 ) - [test] loss: 0.1417 (+/-0.1882)
Iter 3300 - time: 11    - [train] loss: 0.2592 (+/-0.1376) - [valid] loss: 0.271  (+/-0.1435) - [test] loss: 0.14   (+/-0.1869)
Iter 3310 - time: 11    - [train] loss: 0.2561 (+/-0.1367) - [valid] loss: 0.2677 (+/-0.1425) - [test] loss: 0.1377 (+/-0.1848)
Iter 3320 - time: 11    - [train] loss: 0.26   (+/-0.1378) - [valid] loss: 0.2717 (+/-0.1436) - [test] loss: 0.141  (+/-0.1874)
Iter 3330 - time: 11    - [train] loss: 0.2563 (+/-0.1365) - [valid] loss: 0.2678 (+/-0.1423) - [test] loss: 0.1381 (+/-0.1848)
Iter 3340 - time: 11    - [train] loss: 0.2575 (+/-0.1368) - [valid] loss: 0.2691 (+/-0.1427) - [test] loss: 0.1391 (+/-0.1857)
Iter 3350 - time: 11    - [train] loss: 0.2589 (+/-0.1373) - [valid] loss: 0.2705 (+/-0.1432) - [test] loss: 0.1402 (+/-0.1866)
Iter 3360 - time: 12    - [train] loss: 0.2568 (+/-0.1367) - [valid] loss: 0.2683 (+/-0.1426) - [test] loss: 0.1384 (+/-0.1852)
Iter 3370 - time: 11    - [train] loss: 0.257  (+/-0.1367) - [valid] loss: 0.2687 (+/-0.1426) - [test] loss: 0.1386 (+/-0.1854)
Iter 3380 - time: 11    - [train] loss: 0.2567 (+/-0.1368) - [valid] loss: 0.2683 (+/-0.1426) - [test] loss: 0.1383 (+/-0.1852)
Iter 3390 - time: 11    - [train] loss: 0.2573 (+/-0.1369) - [valid] loss: 0.2689 (+/-0.1427) - [test] loss: 0.1388 (+/-0.1856)
Iter 3400 - time: 11    - [train] loss: 0.2571 (+/-0.1367) - [valid] loss: 0.2687 (+/-0.1426) - [test] loss: 0.1387 (+/-0.1855)
Iter 3410 - time: 11    - [train] loss: 0.2554 (+/-0.1364) - [valid] loss: 0.2669 (+/-0.1422) - [test] loss: 0.1372 (+/-0.1843)
Iter 3420 - time: 11    - [train] loss: 0.2565 (+/-0.1365) - [valid] loss: 0.2681 (+/-0.1424) - [test] loss: 0.1382 (+/-0.1851)
Iter 3430 - time: 11    - [train] loss: 0.2563 (+/-0.1363) - [valid] loss: 0.2679 (+/-0.1422) - [test] loss: 0.1382 (+/-0.1848)
Iter 3440 - time: 11    - [train] loss: 0.2562 (+/-0.1366) - [valid] loss: 0.2677 (+/-0.1424) - [test] loss: 0.1379 (+/-0.1848)
Iter 3450 - time: 11    - [train] loss: 0.2557 (+/-0.1364) - [valid] loss: 0.2673 (+/-0.1422) - [test] loss: 0.1376 (+/-0.1845)
Iter 3460 - time: 11    - [train] loss: 0.2565 (+/-0.1366) - [valid] loss: 0.2681 (+/-0.1425) - [test] loss: 0.1382 (+/-0.1851)
Iter 3470 - time: 11    - [train] loss: 0.2577 (+/-0.1368) - [valid] loss: 0.2693 (+/-0.1427) - [test] loss: 0.1393 (+/-0.1858)
Iter 3480 - time: 11    - [train] loss: 0.2564 (+/-0.1366) - [valid] loss: 0.268  (+/-0.1425) - [test] loss: 0.1381 (+/-0.185 )
Iter 3490 - time: 11    - [train] loss: 0.2556 (+/-0.1364) - [valid] loss: 0.2672 (+/-0.1422) - [test] loss: 0.1375 (+/-0.1845)
Iter 3500 - time: 11    - [train] loss: 0.2559 (+/-0.1364) - [valid] loss: 0.2674 (+/-0.1423) - [test] loss: 0.1377 (+/-0.1847)
Iter 3510 - time: 11    - [train] loss: 0.256  (+/-0.1364) - [valid] loss: 0.2677 (+/-0.1423) - [test] loss: 0.1378 (+/-0.1848)
Iter 3520 - time: 11    - [train] loss: 0.256  (+/-0.1363) - [valid] loss: 0.2677 (+/-0.1422) - [test] loss: 0.1379 (+/-0.1848)
Iter 3530 - time: 11    - [train] loss: 0.2545 (+/-0.136 ) - [valid] loss: 0.266  (+/-0.1419) - [test] loss: 0.1365 (+/-0.1838)
Iter 3540 - time: 11    - [train] loss: 0.2555 (+/-0.1363) - [valid] loss: 0.2671 (+/-0.1422) - [test] loss: 0.1374 (+/-0.1844)
Iter 3550 - time: 11    - [train] loss: 0.2559 (+/-0.1365) - [valid] loss: 0.2675 (+/-0.1423) - [test] loss: 0.1377 (+/-0.1847)
Iter 3560 - time: 11    - [train] loss: 0.2554 (+/-0.1363) - [valid] loss: 0.2669 (+/-0.1422) - [test] loss: 0.1372 (+/-0.1843)
Iter 3570 - time: 11    - [train] loss: 0.2552 (+/-0.1362) - [valid] loss: 0.2668 (+/-0.142 ) - [test] loss: 0.1371 (+/-0.1842)
Iter 3580 - time: 11    - [train] loss: 0.2567 (+/-0.1365) - [valid] loss: 0.2683 (+/-0.1424) - [test] loss: 0.1384 (+/-0.1852)
Iter 3590 - time: 11    - [train] loss: 0.2546 (+/-0.136 ) - [valid] loss: 0.2661 (+/-0.1419) - [test] loss: 0.1366 (+/-0.1838)
Iter 3600 - time: 11    - [train] loss: 0.2548 (+/-0.1362) - [valid] loss: 0.2663 (+/-0.142 ) - [test] loss: 0.1367 (+/-0.184 )
Iter 3610 - time: 11    - [train] loss: 0.2565 (+/-0.1365) - [valid] loss: 0.2682 (+/-0.1424) - [test] loss: 0.1383 (+/-0.1852)
Iter 3620 - time: 11    - [train] loss: 0.2519 (+/-0.1352) - [valid] loss: 0.2632 (+/-0.141 ) - [test] loss: 0.1346 (+/-0.1819)
Iter 3630 - time: 11    - [train] loss: 0.25   (+/-0.1347) - [valid] loss: 0.2612 (+/-0.1405) - [test] loss: 0.1331 (+/-0.1806)
Iter 3640 - time: 11    - [train] loss: 0.253  (+/-0.1354) - [valid] loss: 0.2642 (+/-0.1412) - [test] loss: 0.1358 (+/-0.1826)
Iter 3650 - time: 11    - [train] loss: 0.252  (+/-0.1351) - [valid] loss: 0.2632 (+/-0.1409) - [test] loss: 0.135  (+/-0.1819)
Iter 3660 - time: 11    - [train] loss: 0.2521 (+/-0.1352) - [valid] loss: 0.2633 (+/-0.141 ) - [test] loss: 0.135  (+/-0.182 )
Iter 3670 - time: 11    - [train] loss: 0.2515 (+/-0.135 ) - [valid] loss: 0.2628 (+/-0.1408) - [test] loss: 0.1346 (+/-0.1816)
Iter 3680 - time: 11    - [train] loss: 0.2526 (+/-0.1352) - [valid] loss: 0.2638 (+/-0.141 ) - [test] loss: 0.1354 (+/-0.1823)
Iter 3690 - time: 11    - [train] loss: 0.2522 (+/-0.1351) - [valid] loss: 0.2634 (+/-0.1409) - [test] loss: 0.1352 (+/-0.182 )
Iter 3700 - time: 11    - [train] loss: 0.2519 (+/-0.1352) - [valid] loss: 0.2631 (+/-0.1409) - [test] loss: 0.1347 (+/-0.1818)
Iter 3710 - time: 11    - [train] loss: 0.2541 (+/-0.1351) - [valid] loss: 0.2657 (+/-0.1411) - [test] loss: 0.1373 (+/-0.1832)
Iter 3720 - time: 11    - [train] loss: 0.2466 (+/-0.1336) - [valid] loss: 0.2576 (+/-0.1393) - [test] loss: 0.1305 (+/-0.1781)
Iter 3730 - time: 11    - [train] loss: 0.2356 (+/-0.1316) - [valid] loss: 0.2461 (+/-0.137 ) - [test] loss: 0.1209 (+/-0.1703)
Iter 3740 - time: 11    - [train] loss: 0.2203 (+/-0.1258) - [valid] loss: 0.2299 (+/-0.1311) - [test] loss: 0.1108 (+/-0.1583)
Iter 3750 - time: 11    - [train] loss: 0.213  (+/-0.1218) - [valid] loss: 0.2224 (+/-0.1271) - [test] loss: 0.1071 (+/-0.1523)
Iter 3760 - time: 11    - [train] loss: 0.2221 (+/-0.1247) - [valid] loss: 0.2319 (+/-0.1302) - [test] loss: 0.1143 (+/-0.1591)
Iter 3770 - time: 11    - [train] loss: 0.2195 (+/-0.1245) - [valid] loss: 0.2291 (+/-0.1299) - [test] loss: 0.1115 (+/-0.1575)
Iter 3780 - time: 11    - [train] loss: 0.2201 (+/-0.1257) - [valid] loss: 0.2299 (+/-0.131 ) - [test] loss: 0.1108 (+/-0.1588)
Iter 3790 - time: 11    - [train] loss: 0.226  (+/-0.1271) - [valid] loss: 0.2361 (+/-0.1325) - [test] loss: 0.1157 (+/-0.1632)
Iter 3800 - time: 11    - [train] loss: 0.2253 (+/-0.1268) - [valid] loss: 0.2352 (+/-0.1322) - [test] loss: 0.1153 (+/-0.1625)
Iter 3810 - time: 11    - [train] loss: 0.2274 (+/-0.1275) - [valid] loss: 0.2375 (+/-0.133 ) - [test] loss: 0.1167 (+/-0.1642)
Iter 3820 - time: 11    - [train] loss: 0.2277 (+/-0.1281) - [valid] loss: 0.238  (+/-0.1335) - [test] loss: 0.1166 (+/-0.1647)
Iter 3830 - time: 11    - [train] loss: 0.1876 (+/-0.1165) - [valid] loss: 0.1964 (+/-0.1212) - [test] loss: 0.0839 (+/-0.1327)
Iter 3840 - time: 11    - [train] loss: 0.1371 (+/-0.0953) - [valid] loss: 0.1456 (+/-0.0998) - [test] loss: 0.0491 (+/-0.0831)
Iter 3850 - time: 11    - [train] loss: 0.1518 (+/-0.1048) - [valid] loss: 0.1603 (+/-0.1092) - [test] loss: 0.0604 (+/-0.1001)
Iter 3860 - time: 11    - [train] loss: 0.1531 (+/-0.1035) - [valid] loss: 0.1613 (+/-0.1079) - [test] loss: 0.061  (+/-0.1037)
Iter 3870 - time: 11    - [train] loss: 0.1725 (+/-0.1092) - [valid] loss: 0.182  (+/-0.1144) - [test] loss: 0.0765 (+/-0.1217)
Iter 3880 - time: 11    - [train] loss: 0.176  (+/-0.1113) - [valid] loss: 0.1858 (+/-0.1165) - [test] loss: 0.0776 (+/-0.1249)
Iter 3890 - time: 11    - [train] loss: 0.1846 (+/-0.115 ) - [valid] loss: 0.1943 (+/-0.1201) - [test] loss: 0.0835 (+/-0.1324)
Iter 3900 - time: 11    - [train] loss: 0.1871 (+/-0.115 ) - [valid] loss: 0.1969 (+/-0.1203) - [test] loss: 0.0861 (+/-0.1345)
Iter 3910 - time: 11    - [train] loss: 0.1909 (+/-0.1166) - [valid] loss: 0.201  (+/-0.1219) - [test] loss: 0.0886 (+/-0.1378)
Iter 3920 - time: 11    - [train] loss: 0.1925 (+/-0.1171) - [valid] loss: 0.2026 (+/-0.1225) - [test] loss: 0.0896 (+/-0.1391)
Iter 3930 - time: 11    - [train] loss: 0.1938 (+/-0.1179) - [valid] loss: 0.2039 (+/-0.1232) - [test] loss: 0.0901 (+/-0.1401)
Iter 3940 - time: 11    - [train] loss: 0.1931 (+/-0.1176) - [valid] loss: 0.2033 (+/-0.1229) - [test] loss: 0.0896 (+/-0.1396)
Iter 3950 - time: 11    - [train] loss: 0.1953 (+/-0.1183) - [valid] loss: 0.2056 (+/-0.1237) - [test] loss: 0.0913 (+/-0.1414)
Iter 3960 - time: 11    - [train] loss: 0.199  (+/-0.1196) - [valid] loss: 0.2093 (+/-0.125 ) - [test] loss: 0.094  (+/-0.1444)
Iter 3970 - time: 11    - [train] loss: 0.2014 (+/-0.1203) - [valid] loss: 0.2119 (+/-0.1258) - [test] loss: 0.096  (+/-0.1463)
Iter 3980 - time: 11    - [train] loss: 0.198  (+/-0.1191) - [valid] loss: 0.2084 (+/-0.1246) - [test] loss: 0.0933 (+/-0.1436)
Iter 3990 - time: 11    - [train] loss: 0.196  (+/-0.1189) - [valid] loss: 0.2062 (+/-0.1242) - [test] loss: 0.0914 (+/-0.142 )
Iter 4000 - time: 11    - [train] loss: 0.196  (+/-0.1191) - [valid] loss: 0.2062 (+/-0.1244) - [test] loss: 0.0913 (+/-0.1421)
Iter 4010 - time: 11    - [train] loss: 0.1962 (+/-0.1191) - [valid] loss: 0.2065 (+/-0.1244) - [test] loss: 0.0914 (+/-0.1423)
Iter 4020 - time: 11    - [train] loss: 0.199  (+/-0.1201) - [valid] loss: 0.2093 (+/-0.1254) - [test] loss: 0.0935 (+/-0.1446)
Iter 4030 - time: 11    - [train] loss: 0.1997 (+/-0.1203) - [valid] loss: 0.21   (+/-0.1256) - [test] loss: 0.094  (+/-0.1452)
Iter 4040 - time: 11    - [train] loss: 0.2006 (+/-0.1207) - [valid] loss: 0.211  (+/-0.126 ) - [test] loss: 0.0947 (+/-0.1459)
Iter 4050 - time: 11    - [train] loss: 0.201  (+/-0.1208) - [valid] loss: 0.2114 (+/-0.1261) - [test] loss: 0.095  (+/-0.1462)
Iter 4060 - time: 11    - [train] loss: 0.2015 (+/-0.121 ) - [valid] loss: 0.2118 (+/-0.1263) - [test] loss: 0.0953 (+/-0.1466)
Iter 4070 - time: 11    - [train] loss: 0.2024 (+/-0.1214) - [valid] loss: 0.2127 (+/-0.1267) - [test] loss: 0.0959 (+/-0.1473)
Iter 4080 - time: 11    - [train] loss: 0.2032 (+/-0.1216) - [valid] loss: 0.2136 (+/-0.1269) - [test] loss: 0.0965 (+/-0.148 )
Iter 4090 - time: 11    - [train] loss: 0.2039 (+/-0.1218) - [valid] loss: 0.2143 (+/-0.1272) - [test] loss: 0.097  (+/-0.1485)
Iter 4100 - time: 11    - [train] loss: 0.2038 (+/-0.1218) - [valid] loss: 0.2141 (+/-0.1272) - [test] loss: 0.0968 (+/-0.1484)
Iter 4110 - time: 11    - [train] loss: 0.2078 (+/-0.1231) - [valid] loss: 0.2183 (+/-0.1285) - [test] loss: 0.1    (+/-0.1516)
Iter 4120 - time: 11    - [train] loss: 0.2039 (+/-0.1218) - [valid] loss: 0.2143 (+/-0.1271) - [test] loss: 0.0969 (+/-0.1485)
Iter 4130 - time: 11    - [train] loss: 0.2063 (+/-0.1227) - [valid] loss: 0.2168 (+/-0.1281) - [test] loss: 0.0988 (+/-0.1504)
Iter 4140 - time: 11    - [train] loss: 0.2061 (+/-0.1227) - [valid] loss: 0.2165 (+/-0.128 ) - [test] loss: 0.0985 (+/-0.1502)
Iter 4150 - time: 11    - [train] loss: 0.2071 (+/-0.123 ) - [valid] loss: 0.2177 (+/-0.1284) - [test] loss: 0.0993 (+/-0.1511)
Iter 4160 - time: 11    - [train] loss: 0.207  (+/-0.1229) - [valid] loss: 0.2175 (+/-0.1283) - [test] loss: 0.0992 (+/-0.1509)
Iter 4170 - time: 11    - [train] loss: 0.207  (+/-0.123 ) - [valid] loss: 0.2175 (+/-0.1283) - [test] loss: 0.0991 (+/-0.1509)
Iter 4180 - time: 11    - [train] loss: 0.2074 (+/-0.1231) - [valid] loss: 0.2179 (+/-0.1284) - [test] loss: 0.0994 (+/-0.1512)
Iter 4190 - time: 11    - [train] loss: 0.2072 (+/-0.1231) - [valid] loss: 0.2177 (+/-0.1284) - [test] loss: 0.0992 (+/-0.1511)
Iter 4200 - time: 11    - [train] loss: 0.2073 (+/-0.1231) - [valid] loss: 0.2178 (+/-0.1284) - [test] loss: 0.0992 (+/-0.1511)
Iter 4210 - time: 11    - [train] loss: 0.2077 (+/-0.1232) - [valid] loss: 0.2182 (+/-0.1286) - [test] loss: 0.0995 (+/-0.1515)
Iter 4220 - time: 11    - [train] loss: 0.208  (+/-0.1233) - [valid] loss: 0.2185 (+/-0.1287) - [test] loss: 0.0997 (+/-0.1517)
Iter 4230 - time: 11    - [train] loss: 0.208  (+/-0.1233) - [valid] loss: 0.2185 (+/-0.1287) - [test] loss: 0.0997 (+/-0.1517)
Iter 4240 - time: 11    - [train] loss: 0.2085 (+/-0.1235) - [valid] loss: 0.2191 (+/-0.1289) - [test] loss: 0.1001 (+/-0.1521)
Iter 4250 - time: 11    - [train] loss: 0.2083 (+/-0.1234) - [valid] loss: 0.2189 (+/-0.1287) - [test] loss: 0.0999 (+/-0.1519)
Iter 4260 - time: 11    - [train] loss: 0.2083 (+/-0.1234) - [valid] loss: 0.2189 (+/-0.1288) - [test] loss: 0.0999 (+/-0.1519)
Iter 4270 - time: 11    - [train] loss: 0.2081 (+/-0.1234) - [valid] loss: 0.2186 (+/-0.1288) - [test] loss: 0.0996 (+/-0.1517)
Iter 4280 - time: 11    - [train] loss: 0.2097 (+/-0.1238) - [valid] loss: 0.2203 (+/-0.1292) - [test] loss: 0.1009 (+/-0.153 )
Iter 4290 - time: 11    - [train] loss: 0.2093 (+/-0.1238) - [valid] loss: 0.2199 (+/-0.1291) - [test] loss: 0.1005 (+/-0.1526)
Iter 4300 - time: 11    - [train] loss: 0.209  (+/-0.1237) - [valid] loss: 0.2196 (+/-0.129 ) - [test] loss: 0.1002 (+/-0.1524)
Iter 4310 - time: 11    - [train] loss: 0.2092 (+/-0.1237) - [valid] loss: 0.2198 (+/-0.1291) - [test] loss: 0.1004 (+/-0.1526)
Iter 4320 - time: 11    - [train] loss: 0.2102 (+/-0.1241) - [valid] loss: 0.2209 (+/-0.1294) - [test] loss: 0.1012 (+/-0.1534)
Iter 4330 - time: 11    - [train] loss: 0.2093 (+/-0.1238) - [valid] loss: 0.2199 (+/-0.1291) - [test] loss: 0.1004 (+/-0.1526)
Iter 4340 - time: 11    - [train] loss: 0.2096 (+/-0.1239) - [valid] loss: 0.2203 (+/-0.1293) - [test] loss: 0.1007 (+/-0.1529)
Iter 4350 - time: 11    - [train] loss: 0.2117 (+/-0.1245) - [valid] loss: 0.2225 (+/-0.1299) - [test] loss: 0.1024 (+/-0.1545)
Iter 4360 - time: 11    - [train] loss: 0.2094 (+/-0.1238) - [valid] loss: 0.2201 (+/-0.1292) - [test] loss: 0.1005 (+/-0.1528)
Iter 4370 - time: 11    - [train] loss: 0.2111 (+/-0.1243) - [valid] loss: 0.2218 (+/-0.1297) - [test] loss: 0.1018 (+/-0.154 )
Iter 4380 - time: 11    - [train] loss: 0.21   (+/-0.1239) - [valid] loss: 0.2207 (+/-0.1293) - [test] loss: 0.1009 (+/-0.1532)
Iter 4390 - time: 11    - [train] loss: 0.2089 (+/-0.1235) - [valid] loss: 0.2196 (+/-0.1289) - [test] loss: 0.1002 (+/-0.1524)
Iter 4400 - time: 11    - [train] loss: 0.2131 (+/-0.1249) - [valid] loss: 0.224  (+/-0.1303) - [test] loss: 0.1035 (+/-0.1556)
Iter 4410 - time: 11    - [train] loss: 0.2106 (+/-0.1241) - [valid] loss: 0.2214 (+/-0.1295) - [test] loss: 0.1015 (+/-0.1537)
Iter 4420 - time: 11    - [train] loss: 0.2106 (+/-0.1241) - [valid] loss: 0.2213 (+/-0.1295) - [test] loss: 0.1014 (+/-0.1536)
Iter 4430 - time: 11    - [train] loss: 0.209  (+/-0.1237) - [valid] loss: 0.2197 (+/-0.129 ) - [test] loss: 0.1001 (+/-0.1524)
Iter 4440 - time: 11    - [train] loss: 0.2118 (+/-0.1245) - [valid] loss: 0.2226 (+/-0.1299) - [test] loss: 0.1024 (+/-0.1546)
Iter 4450 - time: 12    - [train] loss: 0.2076 (+/-0.1231) - [valid] loss: 0.2182 (+/-0.1284) - [test] loss: 0.099  (+/-0.1513)
Iter 4460 - time: 11    - [train] loss: 0.2133 (+/-0.1248) - [valid] loss: 0.2243 (+/-0.1303) - [test] loss: 0.1038 (+/-0.1558)
Iter 4470 - time: 11    - [train] loss: 0.2087 (+/-0.1234) - [valid] loss: 0.2194 (+/-0.1288) - [test] loss: 0.1    (+/-0.1522)
Iter 4480 - time: 11    - [train] loss: 0.2078 (+/-0.1231) - [valid] loss: 0.2185 (+/-0.1285) - [test] loss: 0.0992 (+/-0.1514)
Iter 4490 - time: 11    - [train] loss: 0.2076 (+/-0.1231) - [valid] loss: 0.2182 (+/-0.1285) - [test] loss: 0.099  (+/-0.1513)
Iter 4500 - time: 11    - [train] loss: 0.2122 (+/-0.1245) - [valid] loss: 0.2231 (+/-0.1299) - [test] loss: 0.1028 (+/-0.1549)
Iter 4510 - time: 11    - [train] loss: 0.2099 (+/-0.1238) - [valid] loss: 0.2206 (+/-0.1292) - [test] loss: 0.1008 (+/-0.1531)
Iter 4520 - time: 11    - [train] loss: 0.2108 (+/-0.124 ) - [valid] loss: 0.2216 (+/-0.1294) - [test] loss: 0.1016 (+/-0.1538)
Iter 4530 - time: 11    - [train] loss: 0.2118 (+/-0.1242) - [valid] loss: 0.2227 (+/-0.1297) - [test] loss: 0.1025 (+/-0.1546)
Iter 4540 - time: 11    - [train] loss: 0.2085 (+/-0.1234) - [valid] loss: 0.2192 (+/-0.1288) - [test] loss: 0.0997 (+/-0.152 )
Iter 4550 - time: 11    - [train] loss: 0.2115 (+/-0.1242) - [valid] loss: 0.2224 (+/-0.1297) - [test] loss: 0.1022 (+/-0.1544)
Iter 4560 - time: 11    - [train] loss: 0.2111 (+/-0.1242) - [valid] loss: 0.2219 (+/-0.1296) - [test] loss: 0.1017 (+/-0.154 )
Iter 4570 - time: 11    - [train] loss: 0.2115 (+/-0.1242) - [valid] loss: 0.2223 (+/-0.1297) - [test] loss: 0.1021 (+/-0.1543)
Iter 4580 - time: 11    - [train] loss: 0.2124 (+/-0.1245) - [valid] loss: 0.2233 (+/-0.13  ) - [test] loss: 0.1028 (+/-0.155 )
Iter 4590 - time: 11    - [train] loss: 0.2101 (+/-0.1235) - [valid] loss: 0.221  (+/-0.129 ) - [test] loss: 0.1012 (+/-0.1533)
Iter 4600 - time: 11    - [train] loss: 0.208  (+/-0.1226) - [valid] loss: 0.2187 (+/-0.1281) - [test] loss: 0.0997 (+/-0.1515)
Iter 4610 - time: 11    - [train] loss: 0.2102 (+/-0.1235) - [valid] loss: 0.221  (+/-0.129 ) - [test] loss: 0.1013 (+/-0.1533)
Iter 4620 - time: 11    - [train] loss: 0.213  (+/-0.1244) - [valid] loss: 0.2239 (+/-0.13  ) - [test] loss: 0.1035 (+/-0.1555)
Iter 4630 - time: 11    - [train] loss: 0.211  (+/-0.1241) - [valid] loss: 0.2218 (+/-0.1295) - [test] loss: 0.1017 (+/-0.1539)
Iter 4640 - time: 11    - [train] loss: 0.2135 (+/-0.1248) - [valid] loss: 0.2244 (+/-0.1303) - [test] loss: 0.1038 (+/-0.1559)
Iter 4650 - time: 11    - [train] loss: 0.2113 (+/-0.124 ) - [valid] loss: 0.2221 (+/-0.1295) - [test] loss: 0.102  (+/-0.1542)
Iter 4660 - time: 11    - [train] loss: 0.214  (+/-0.1248) - [valid] loss: 0.225  (+/-0.1303) - [test] loss: 0.1043 (+/-0.1563)
Iter 4670 - time: 11    - [train] loss: 0.2086 (+/-0.1231) - [valid] loss: 0.2194 (+/-0.1285) - [test] loss: 0.0999 (+/-0.152 )
Iter 4680 - time: 11    - [train] loss: 0.2146 (+/-0.1249) - [valid] loss: 0.2256 (+/-0.1305) - [test] loss: 0.1048 (+/-0.1568)
Iter 4690 - time: 11    - [train] loss: 0.2113 (+/-0.124 ) - [valid] loss: 0.2221 (+/-0.1295) - [test] loss: 0.1021 (+/-0.1542)
Iter 4700 - time: 11    - [train] loss: 0.2128 (+/-0.1245) - [valid] loss: 0.2236 (+/-0.13  ) - [test] loss: 0.1033 (+/-0.1553)
Iter 4710 - time: 11    - [train] loss: 0.2133 (+/-0.1247) - [valid] loss: 0.2242 (+/-0.1302) - [test] loss: 0.1037 (+/-0.1558)
Iter 4720 - time: 11    - [train] loss: 0.2128 (+/-0.1245) - [valid] loss: 0.2236 (+/-0.13  ) - [test] loss: 0.1032 (+/-0.1553)
Iter 4730 - time: 11    - [train] loss: 0.2132 (+/-0.1247) - [valid] loss: 0.2241 (+/-0.1302) - [test] loss: 0.1036 (+/-0.1557)
Iter 4740 - time: 11    - [train] loss: 0.2122 (+/-0.1242) - [valid] loss: 0.2231 (+/-0.1297) - [test] loss: 0.1029 (+/-0.1549)
Iter 4750 - time: 11    - [train] loss: 0.2115 (+/-0.124 ) - [valid] loss: 0.2224 (+/-0.1295) - [test] loss: 0.1023 (+/-0.1543)
Iter 4760 - time: 11    - [train] loss: 0.2125 (+/-0.1244) - [valid] loss: 0.2234 (+/-0.1299) - [test] loss: 0.103  (+/-0.1551)
Iter 4770 - time: 11    - [train] loss: 0.2121 (+/-0.1243) - [valid] loss: 0.223  (+/-0.1298) - [test] loss: 0.1026 (+/-0.1548)
Iter 4780 - time: 11    - [train] loss: 0.214  (+/-0.1248) - [valid] loss: 0.2249 (+/-0.1304) - [test] loss: 0.1041 (+/-0.1562)
Iter 4790 - time: 11    - [train] loss: 0.2147 (+/-0.1251) - [valid] loss: 0.2257 (+/-0.1306) - [test] loss: 0.1047 (+/-0.1568)
Iter 4800 - time: 11    - [train] loss: 0.2119 (+/-0.1242) - [valid] loss: 0.2228 (+/-0.1297) - [test] loss: 0.1025 (+/-0.1546)
Iter 4810 - time: 11    - [train] loss: 0.213  (+/-0.1245) - [valid] loss: 0.2239 (+/-0.13  ) - [test] loss: 0.1033 (+/-0.1555)
Iter 4820 - time: 11    - [train] loss: 0.2157 (+/-0.1253) - [valid] loss: 0.2268 (+/-0.1309) - [test] loss: 0.1055 (+/-0.1575)
Iter 4830 - time: 11    - [train] loss: 0.2154 (+/-0.1253) - [valid] loss: 0.2265 (+/-0.1309) - [test] loss: 0.1053 (+/-0.1574)
Iter 4840 - time: 11    - [train] loss: 0.2113 (+/-0.1238) - [valid] loss: 0.2222 (+/-0.1294) - [test] loss: 0.1021 (+/-0.1541)
Iter 4850 - time: 11    - [train] loss: 0.2104 (+/-0.1235) - [valid] loss: 0.2212 (+/-0.129 ) - [test] loss: 0.1014 (+/-0.1534)
Iter 4860 - time: 11    - [train] loss: 0.214  (+/-0.1248) - [valid] loss: 0.225  (+/-0.1303) - [test] loss: 0.1042 (+/-0.1562)
Iter 4870 - time: 11    - [train] loss: 0.2132 (+/-0.1244) - [valid] loss: 0.2242 (+/-0.13  ) - [test] loss: 0.1037 (+/-0.1557)
Iter 4880 - time: 11    - [train] loss: 0.216  (+/-0.1253) - [valid] loss: 0.2271 (+/-0.1309) - [test] loss: 0.1059 (+/-0.1578)
Iter 4890 - time: 11    - [train] loss: 0.2167 (+/-0.1256) - [valid] loss: 0.2277 (+/-0.1312) - [test] loss: 0.1064 (+/-0.1583)
Iter 4900 - time: 11    - [train] loss: 0.2176 (+/-0.1256) - [valid] loss: 0.2288 (+/-0.1313) - [test] loss: 0.1075 (+/-0.1591)
Iter 4910 - time: 11    - [train] loss: 0.2357 (+/-0.1298) - [valid] loss: 0.2478 (+/-0.136 ) - [test] loss: 0.1237 (+/-0.1719)
Iter 4920 - time: 11    - [train] loss: 0.2177 (+/-0.1234) - [valid] loss: 0.2284 (+/-0.1293) - [test] loss: 0.112  (+/-0.158 )
Iter 4930 - time: 11    - [train] loss: 0.1752 (+/-0.1115) - [valid] loss: 0.1846 (+/-0.1166) - [test] loss: 0.0762 (+/-0.124 )
Iter 4940 - time: 11    - [train] loss: 0.1724 (+/-0.1104) - [valid] loss: 0.1811 (+/-0.1151) - [test] loss: 0.0751 (+/-0.1218)
Iter 4950 - time: 11    - [train] loss: 0.1869 (+/-0.1149) - [valid] loss: 0.1959 (+/-0.1198) - [test] loss: 0.0871 (+/-0.1351)
Iter 4960 - time: 11    - [train] loss: 0.195  (+/-0.119 ) - [valid] loss: 0.2036 (+/-0.1237) - [test] loss: 0.0924 (+/-0.142 )
Iter 4970 - time: 11    - [train] loss: 0.1891 (+/-0.1175) - [valid] loss: 0.1978 (+/-0.1221) - [test] loss: 0.087  (+/-0.1368)
Iter 4980 - time: 11    - [train] loss: 0.1814 (+/-0.114 ) - [valid] loss: 0.1903 (+/-0.1188) - [test] loss: 0.0812 (+/-0.1304)
Iter 4990 - time: 11    - [train] loss: 0.1788 (+/-0.1141) - [valid] loss: 0.1873 (+/-0.1186) - [test] loss: 0.0789 (+/-0.1279)

Total script time in hours minutes seconds:  01:37:25
