CUDA available:  True
Number of parameters in the model:  5929
saving best model at iter 0
Iter 0    - time: 9     - [train]: 0.5599 - [valid]: 0.5604 - [adapt]: 0.5224 - [adapt_test]: 0.5515 - [adapt_test_per_env]: [0.5206, 0.6015, 0.4993, 0.5846]
saving best model at iter 1
Iter 1    - time: 7     - [train]: 0.4628 - [valid]: 0.4641 - [adapt]: 0.4292 - [adapt_test]: 0.4561 - [adapt_test_per_env]: [0.4283, 0.5003, 0.4101, 0.4857]
saving best model at iter 2
Iter 2    - time: 7     - [train]: 0.3788 - [valid]: 0.3809 - [adapt]: 0.349  - [adapt_test]: 0.3738 - [adapt_test_per_env]: [0.349, 0.4123, 0.3338, 0.3999]
saving best model at iter 3
Iter 3    - time: 7     - [train]: 0.3067 - [valid]: 0.3095 - [adapt]: 0.2806 - [adapt_test]: 0.3033 - [adapt_test_per_env]: [0.2816, 0.3362, 0.2694, 0.326]
saving best model at iter 4
Iter 4    - time: 7     - [train]: 0.2459 - [valid]: 0.2495 - [adapt]: 0.2236 - [adapt_test]: 0.2442 - [adapt_test_per_env]: [0.2256, 0.2715, 0.2162, 0.2634]
saving best model at iter 5
Iter 5    - time: 7     - [train]: 0.1962 - [valid]: 0.2005 - [adapt]: 0.1776 - [adapt_test]: 0.1961 - [adapt_test_per_env]: [0.1806, 0.2178, 0.1741, 0.2119]
saving best model at iter 6
Iter 6    - time: 7     - [train]: 0.1574 - [valid]: 0.1625 - [adapt]: 0.1426 - [adapt_test]: 0.159  - [adapt_test_per_env]: [0.1466, 0.1752, 0.1429, 0.1714]
saving best model at iter 7
Iter 7    - time: 7     - [train]: 0.1296 - [valid]: 0.1354 - [adapt]: 0.1186 - [adapt_test]: 0.1328 - [adapt_test_per_env]: [0.1235, 0.1436, 0.1226, 0.1418]
saving best model at iter 8
Iter 8    - time: 7     - [train]: 0.1126 - [valid]: 0.1192 - [adapt]: 0.1052 - [adapt_test]: 0.1175 - [adapt_test_per_env]: [0.1111, 0.1229, 0.1128, 0.1231]
saving best model at iter 9
Iter 9    - time: 7     - [train]: 0.1061 - [valid]: 0.1133 - [adapt]: 0.1022 - [adapt_test]: 0.1125 - [adapt_test_per_env]: [0.109, 0.1129, 0.1132, 0.1149]
Iter 10   - time: 7     - [train]: 0.1093 - [valid]: 0.1173 - [adapt]: 0.1086 - [adapt_test]: 0.1172 - [adapt_test_per_env]: [0.1164, 0.1131, 0.1227, 0.1166]
Iter 11   - time: 7     - [train]: 0.1193 - [valid]: 0.1278 - [adapt]: 0.1212 - [adapt_test]: 0.1283 - [adapt_test_per_env]: [0.1297, 0.1206, 0.1377, 0.1254]
Iter 12   - time: 7     - [train]: 0.1299 - [valid]: 0.1387 - [adapt]: 0.1336 - [adapt_test]: 0.1397 - [adapt_test_per_env]: [0.1426, 0.1295, 0.1517, 0.1351]
Iter 13   - time: 7     - [train]: 0.1365 - [valid]: 0.1455 - [adapt]: 0.1411 - [adapt_test]: 0.1467 - [adapt_test_per_env]: [0.1503, 0.1353, 0.1599, 0.1412]
Iter 14   - time: 7     - [train]: 0.1379 - [valid]: 0.1469 - [adapt]: 0.1427 - [adapt_test]: 0.1481 - [adapt_test_per_env]: [0.1519, 0.1365, 0.1616, 0.1425]
Iter 15   - time: 7     - [train]: 0.1352 - [valid]: 0.1441 - [adapt]: 0.1396 - [adapt_test]: 0.1452 - [adapt_test_per_env]: [0.1488, 0.1341, 0.1582, 0.1399]
Iter 16   - time: 7     - [train]: 0.13   - [valid]: 0.1387 - [adapt]: 0.1337 - [adapt_test]: 0.1397 - [adapt_test_per_env]: [0.1427, 0.1296, 0.1515, 0.1351]
Iter 17   - time: 7     - [train]: 0.1237 - [valid]: 0.1322 - [adapt]: 0.1264 - [adapt_test]: 0.133  - [adapt_test_per_env]: [0.1351, 0.1243, 0.1433, 0.1292]
Iter 18   - time: 7     - [train]: 0.1175 - [valid]: 0.1257 - [adapt]: 0.119  - [adapt_test]: 0.1262 - [adapt_test_per_env]: [0.1274, 0.1192, 0.1348, 0.1235]
Iter 19   - time: 7     - [train]: 0.1119 - [valid]: 0.12   - [adapt]: 0.1122 - [adapt_test]: 0.1202 - [adapt_test_per_env]: [0.1203, 0.1149, 0.1268, 0.1186]
Iter 20   - time: 7     - [train]: 0.1077 - [valid]: 0.1155 - [adapt]: 0.1067 - [adapt_test]: 0.1153 - [adapt_test_per_env]: [0.1145, 0.1119, 0.1201, 0.1149]
saving best model at iter 21
Iter 21   - time: 7     - [train]: 0.1048 - [valid]: 0.1124 - [adapt]: 0.1027 - [adapt_test]: 0.112  - [adapt_test_per_env]: [0.1101, 0.1103, 0.1149, 0.1127]
saving best model at iter 22
Iter 22   - time: 7     - [train]: 0.1034 - [valid]: 0.1107 - [adapt]: 0.1001 - [adapt_test]: 0.1101 - [adapt_test_per_env]: [0.1072, 0.11, 0.1112, 0.1118]
saving best model at iter 23
Iter 23   - time: 7     - [train]: 0.1031 - [valid]: 0.1103 - [adapt]: 0.0988 - [adapt_test]: 0.1093 - [adapt_test_per_env]: [0.1056, 0.1107, 0.109, 0.1121]
Iter 24   - time: 7     - [train]: 0.1037 - [valid]: 0.1107 - [adapt]: 0.0985 - [adapt_test]: 0.1096 - [adapt_test_per_env]: [0.1051, 0.1122, 0.1079, 0.1131]
Iter 25   - time: 7     - [train]: 0.1048 - [valid]: 0.1117 - [adapt]: 0.0989 - [adapt_test]: 0.1103 - [adapt_test_per_env]: [0.1052, 0.114, 0.1076, 0.1146]
Iter 26   - time: 7     - [train]: 0.106  - [valid]: 0.1128 - [adapt]: 0.0995 - [adapt_test]: 0.1113 - [adapt_test_per_env]: [0.1058, 0.1158, 0.1077, 0.1161]
Iter 27   - time: 7     - [train]: 0.1072 - [valid]: 0.1139 - [adapt]: 0.1003 - [adapt_test]: 0.1123 - [adapt_test_per_env]: [0.1064, 0.1173, 0.1081, 0.1174]
Iter 28   - time: 7     - [train]: 0.108  - [valid]: 0.1146 - [adapt]: 0.1008 - [adapt_test]: 0.113  - [adapt_test_per_env]: [0.1069, 0.1183, 0.1084, 0.1184]
Iter 29   - time: 7     - [train]: 0.1084 - [valid]: 0.115  - [adapt]: 0.1011 - [adapt_test]: 0.1134 - [adapt_test_per_env]: [0.1071, 0.1188, 0.1087, 0.1188]
Iter 30   - time: 7     - [train]: 0.1083 - [valid]: 0.115  - [adapt]: 0.1011 - [adapt_test]: 0.1133 - [adapt_test_per_env]: [0.1071, 0.1188, 0.1087, 0.1188]
Iter 31   - time: 7     - [train]: 0.1079 - [valid]: 0.1146 - [adapt]: 0.1008 - [adapt_test]: 0.113  - [adapt_test_per_env]: [0.1069, 0.1182, 0.1086, 0.1183]
Iter 32   - time: 7     - [train]: 0.1071 - [valid]: 0.1139 - [adapt]: 0.1004 - [adapt_test]: 0.1124 - [adapt_test_per_env]: [0.1065, 0.1172, 0.1084, 0.1175]
Iter 33   - time: 7     - [train]: 0.1063 - [valid]: 0.1131 - [adapt]: 0.0998 - [adapt_test]: 0.1117 - [adapt_test_per_env]: [0.1061, 0.1161, 0.1082, 0.1164]
Iter 34   - time: 7     - [train]: 0.1054 - [valid]: 0.1123 - [adapt]: 0.0993 - [adapt_test]: 0.111  - [adapt_test_per_env]: [0.1057, 0.1148, 0.108, 0.1154]
Iter 35   - time: 7     - [train]: 0.1045 - [valid]: 0.1116 - [adapt]: 0.099  - [adapt_test]: 0.1104 - [adapt_test_per_env]: [0.1055, 0.1136, 0.1081, 0.1144]
Iter 36   - time: 7     - [train]: 0.1039 - [valid]: 0.1111 - [adapt]: 0.0988 - [adapt_test]: 0.1099 - [adapt_test_per_env]: [0.1054, 0.1125, 0.1083, 0.1135]
Iter 37   - time: 7     - [train]: 0.1034 - [valid]: 0.1107 - [adapt]: 0.0988 - [adapt_test]: 0.1097 - [adapt_test_per_env]: [0.1055, 0.1117, 0.1087, 0.1128]
Iter 38   - time: 7     - [train]: 0.1032 - [valid]: 0.1105 - [adapt]: 0.0989 - [adapt_test]: 0.1096 - [adapt_test_per_env]: [0.1058, 0.111, 0.1093, 0.1124]
Iter 39   - time: 7     - [train]: 0.1031 - [valid]: 0.1105 - [adapt]: 0.0992 - [adapt_test]: 0.1097 - [adapt_test_per_env]: [0.1062, 0.1106, 0.1099, 0.1121]
Iter 40   - time: 7     - [train]: 0.1031 - [valid]: 0.1106 - [adapt]: 0.0996 - [adapt_test]: 0.1098 - [adapt_test_per_env]: [0.1066, 0.1102, 0.1105, 0.1119]
Iter 41   - time: 7     - [train]: 0.1031 - [valid]: 0.1106 - [adapt]: 0.0998 - [adapt_test]: 0.1099 - [adapt_test_per_env]: [0.107, 0.1099, 0.1111, 0.1118]
Iter 42   - time: 7     - [train]: 0.103  - [valid]: 0.1106 - [adapt]: 0.0999 - [adapt_test]: 0.1099 - [adapt_test_per_env]: [0.1071, 0.1096, 0.1114, 0.1116]
Iter 43   - time: 7     - [train]: 0.1028 - [valid]: 0.1104 - [adapt]: 0.0999 - [adapt_test]: 0.1098 - [adapt_test_per_env]: [0.1071, 0.1093, 0.1114, 0.1113]
saving best model at iter 44
Iter 44   - time: 7     - [train]: 0.1025 - [valid]: 0.11   - [adapt]: 0.0996 - [adapt_test]: 0.1094 - [adapt_test_per_env]: [0.1068, 0.1089, 0.1112, 0.111]
saving best model at iter 45
Iter 45   - time: 7     - [train]: 0.102  - [valid]: 0.1096 - [adapt]: 0.0991 - [adapt_test]: 0.109  - [adapt_test_per_env]: [0.1063, 0.1084, 0.1106, 0.1105]
saving best model at iter 46
Iter 46   - time: 7     - [train]: 0.1015 - [valid]: 0.109  - [adapt]: 0.0984 - [adapt_test]: 0.1083 - [adapt_test_per_env]: [0.1055, 0.108, 0.1098, 0.11]
saving best model at iter 47
Iter 47   - time: 7     - [train]: 0.1009 - [valid]: 0.1083 - [adapt]: 0.0976 - [adapt_test]: 0.1076 - [adapt_test_per_env]: [0.1046, 0.1075, 0.1087, 0.1094]
saving best model at iter 48
Iter 48   - time: 7     - [train]: 0.1003 - [valid]: 0.1076 - [adapt]: 0.0967 - [adapt_test]: 0.1068 - [adapt_test_per_env]: [0.1036, 0.1072, 0.1075, 0.1089]
saving best model at iter 49
Iter 49   - time: 7     - [train]: 0.0997 - [valid]: 0.1069 - [adapt]: 0.0957 - [adapt_test]: 0.106  - [adapt_test_per_env]: [0.1025, 0.1068, 0.1062, 0.1084]
saving best model at iter 50
Iter 50   - time: 7     - [train]: 0.0992 - [valid]: 0.1062 - [adapt]: 0.0948 - [adapt_test]: 0.1052 - [adapt_test_per_env]: [0.1015, 0.1066, 0.1048, 0.108]
saving best model at iter 51
Iter 51   - time: 7     - [train]: 0.0988 - [valid]: 0.1056 - [adapt]: 0.0939 - [adapt_test]: 0.1045 - [adapt_test_per_env]: [0.1005, 0.1065, 0.1035, 0.1076]
saving best model at iter 52
Iter 52   - time: 7     - [train]: 0.0984 - [valid]: 0.1051 - [adapt]: 0.0932 - [adapt_test]: 0.1039 - [adapt_test_per_env]: [0.0996, 0.1064, 0.1023, 0.1073]
saving best model at iter 53
Iter 53   - time: 7     - [train]: 0.0981 - [valid]: 0.1047 - [adapt]: 0.0925 - [adapt_test]: 0.1034 - [adapt_test_per_env]: [0.0988, 0.1064, 0.1013, 0.1071]
saving best model at iter 54
Iter 54   - time: 7     - [train]: 0.0978 - [valid]: 0.1042 - [adapt]: 0.0919 - [adapt_test]: 0.1029 - [adapt_test_per_env]: [0.0982, 0.1062, 0.1004, 0.1067]
saving best model at iter 55
Iter 55   - time: 7     - [train]: 0.0974 - [valid]: 0.1037 - [adapt]: 0.0914 - [adapt_test]: 0.1023 - [adapt_test_per_env]: [0.0975, 0.1058, 0.0996, 0.1062]
saving best model at iter 56
Iter 56   - time: 7     - [train]: 0.0968 - [valid]: 0.103  - [adapt]: 0.0908 - [adapt_test]: 0.1016 - [adapt_test_per_env]: [0.0969, 0.1052, 0.099, 0.1056]
saving best model at iter 57
Iter 57   - time: 7     - [train]: 0.0961 - [valid]: 0.1023 - [adapt]: 0.0902 - [adapt_test]: 0.1009 - [adapt_test_per_env]: [0.0963, 0.1042, 0.0984, 0.1047]
saving best model at iter 58
Iter 58   - time: 7     - [train]: 0.0953 - [valid]: 0.1015 - [adapt]: 0.0896 - [adapt_test]: 0.1001 - [adapt_test_per_env]: [0.0958, 0.1031, 0.0981, 0.1037]
saving best model at iter 59
Iter 59   - time: 7     - [train]: 0.0945 - [valid]: 0.1006 - [adapt]: 0.0891 - [adapt_test]: 0.0994 - [adapt_test_per_env]: [0.0953, 0.1018, 0.0978, 0.1026]
saving best model at iter 60
Iter 60   - time: 7     - [train]: 0.0937 - [valid]: 0.0998 - [adapt]: 0.0887 - [adapt_test]: 0.0987 - [adapt_test_per_env]: [0.0949, 0.1006, 0.0977, 0.1015]
saving best model at iter 61
Iter 61   - time: 7     - [train]: 0.093  - [valid]: 0.0991 - [adapt]: 0.0882 - [adapt_test]: 0.098  - [adapt_test_per_env]: [0.0945, 0.0993, 0.0975, 0.1005]
saving best model at iter 62
Iter 62   - time: 7     - [train]: 0.0922 - [valid]: 0.0982 - [adapt]: 0.0877 - [adapt_test]: 0.0972 - [adapt_test_per_env]: [0.094, 0.0982, 0.0971, 0.0995]
saving best model at iter 63
Iter 63   - time: 7     - [train]: 0.0914 - [valid]: 0.0973 - [adapt]: 0.087  - [adapt_test]: 0.0963 - [adapt_test_per_env]: [0.0932, 0.097, 0.0964, 0.0984]
saving best model at iter 64
Iter 64   - time: 7     - [train]: 0.0905 - [valid]: 0.0962 - [adapt]: 0.0861 - [adapt_test]: 0.0952 - [adapt_test_per_env]: [0.0922, 0.0959, 0.0954, 0.0973]
saving best model at iter 65
Iter 65   - time: 7     - [train]: 0.0895 - [valid]: 0.095  - [adapt]: 0.0849 - [adapt_test]: 0.0939 - [adapt_test_per_env]: [0.0909, 0.0948, 0.094, 0.096]
saving best model at iter 66
Iter 66   - time: 7     - [train]: 0.0885 - [valid]: 0.0937 - [adapt]: 0.0837 - [adapt_test]: 0.0925 - [adapt_test_per_env]: [0.0895, 0.0936, 0.0923, 0.0947]
saving best model at iter 67
Iter 67   - time: 7     - [train]: 0.0875 - [valid]: 0.0924 - [adapt]: 0.0825 - [adapt_test]: 0.0912 - [adapt_test_per_env]: [0.0881, 0.0925, 0.0907, 0.0934]
saving best model at iter 68
Iter 68   - time: 7     - [train]: 0.0866 - [valid]: 0.0912 - [adapt]: 0.0814 - [adapt_test]: 0.0899 - [adapt_test_per_env]: [0.0868, 0.0913, 0.0892, 0.0922]
saving best model at iter 69
Iter 69   - time: 7     - [train]: 0.0857 - [valid]: 0.09   - [adapt]: 0.0803 - [adapt_test]: 0.0886 - [adapt_test_per_env]: [0.0856, 0.0901, 0.0878, 0.0909]
saving best model at iter 70
Iter 70   - time: 7     - [train]: 0.0847 - [valid]: 0.0887 - [adapt]: 0.0793 - [adapt_test]: 0.0873 - [adapt_test_per_env]: [0.0844, 0.0887, 0.0866, 0.0895]
saving best model at iter 71
Iter 71   - time: 7     - [train]: 0.0837 - [valid]: 0.0874 - [adapt]: 0.0784 - [adapt_test]: 0.086  - [adapt_test_per_env]: [0.0833, 0.0871, 0.0857, 0.088]
saving best model at iter 72
Iter 72   - time: 7     - [train]: 0.0826 - [valid]: 0.0861 - [adapt]: 0.0776 - [adapt_test]: 0.0848 - [adapt_test_per_env]: [0.0824, 0.0853, 0.085, 0.0863]
saving best model at iter 73
Iter 73   - time: 7     - [train]: 0.0816 - [valid]: 0.0849 - [adapt]: 0.0768 - [adapt_test]: 0.0836 - [adapt_test_per_env]: [0.0815, 0.0836, 0.0842, 0.0848]
saving best model at iter 74
Iter 74   - time: 7     - [train]: 0.0806 - [valid]: 0.0837 - [adapt]: 0.0759 - [adapt_test]: 0.0824 - [adapt_test_per_env]: [0.0805, 0.0822, 0.0833, 0.0835]
saving best model at iter 75
Iter 75   - time: 7     - [train]: 0.0797 - [valid]: 0.0824 - [adapt]: 0.0751 - [adapt_test]: 0.0811 - [adapt_test_per_env]: [0.0794, 0.0807, 0.0823, 0.082]
saving best model at iter 76
Iter 76   - time: 7     - [train]: 0.0787 - [valid]: 0.0811 - [adapt]: 0.074  - [adapt_test]: 0.0797 - [adapt_test_per_env]: [0.0781, 0.0794, 0.0809, 0.0806]
saving best model at iter 77
Iter 77   - time: 7     - [train]: 0.0777 - [valid]: 0.0798 - [adapt]: 0.0727 - [adapt_test]: 0.0783 - [adapt_test_per_env]: [0.0766, 0.0783, 0.0791, 0.0793]
saving best model at iter 78
Iter 78   - time: 7     - [train]: 0.0767 - [valid]: 0.0786 - [adapt]: 0.0717 - [adapt_test]: 0.077  - [adapt_test_per_env]: [0.0754, 0.077, 0.0777, 0.078]
saving best model at iter 79
Iter 79   - time: 7     - [train]: 0.0759 - [valid]: 0.0775 - [adapt]: 0.0705 - [adapt_test]: 0.0758 - [adapt_test_per_env]: [0.074, 0.0763, 0.0761, 0.077]
saving best model at iter 80
Iter 80   - time: 7     - [train]: 0.075  - [valid]: 0.0763 - [adapt]: 0.0696 - [adapt_test]: 0.0746 - [adapt_test_per_env]: [0.0728, 0.0749, 0.0749, 0.0757]
Iter 81   - time: 7     - [train]: 0.078  - [valid]: 0.0787 - [adapt]: 0.0748 - [adapt_test]: 0.0775 - [adapt_test_per_env]: [0.0783, 0.0742, 0.0816, 0.0759]
Iter 82   - time: 7     - [train]: 0.0776 - [valid]: 0.0801 - [adapt]: 0.0731 - [adapt_test]: 0.0786 - [adapt_test_per_env]: [0.0771, 0.0776, 0.0804, 0.0793]
Iter 83   - time: 7     - [train]: 0.0778 - [valid]: 0.08   - [adapt]: 0.0723 - [adapt_test]: 0.0782 - [adapt_test_per_env]: [0.0759, 0.0788, 0.0784, 0.0798]
saving best model at iter 84
Iter 84   - time: 7     - [train]: 0.0749 - [valid]: 0.0749 - [adapt]: 0.0676 - [adapt_test]: 0.0725 - [adapt_test_per_env]: [0.0696, 0.0755, 0.0701, 0.075]
Iter 85   - time: 7     - [train]: 0.0767 - [valid]: 0.0752 - [adapt]: 0.0702 - [adapt_test]: 0.0729 - [adapt_test_per_env]: [0.0715, 0.0742, 0.072, 0.0739]
saving best model at iter 86
Iter 86   - time: 7     - [train]: 0.0732 - [valid]: 0.0734 - [adapt]: 0.0687 - [adapt_test]: 0.0717 - [adapt_test_per_env]: [0.0712, 0.0705, 0.0736, 0.0715]
Iter 87   - time: 7     - [train]: 0.077  - [valid]: 0.0789 - [adapt]: 0.0744 - [adapt_test]: 0.0779 - [adapt_test_per_env]: [0.0784, 0.0738, 0.0829, 0.0763]
Iter 88   - time: 7     - [train]: 0.0741 - [valid]: 0.0757 - [adapt]: 0.0703 - [adapt_test]: 0.0742 - [adapt_test_per_env]: [0.0738, 0.072, 0.0773, 0.0738]
saving best model at iter 89
Iter 89   - time: 7     - [train]: 0.0735 - [valid]: 0.0728 - [adapt]: 0.0673 - [adapt_test]: 0.0706 - [adapt_test_per_env]: [0.069, 0.0718, 0.07, 0.0717]
Iter 90   - time: 7     - [train]: 0.075  - [valid]: 0.0738 - [adapt]: 0.068  - [adapt_test]: 0.0714 - [adapt_test_per_env]: [0.0693, 0.0737, 0.0695, 0.0732]
Iter 91   - time: 7     - [train]: 0.0725 - [valid]: 0.0732 - [adapt]: 0.0662 - [adapt_test]: 0.0711 - [adapt_test_per_env]: [0.0688, 0.0727, 0.0701, 0.0729]
Iter 92   - time: 7     - [train]: 0.0736 - [valid]: 0.0754 - [adapt]: 0.0684 - [adapt_test]: 0.0736 - [adapt_test_per_env]: [0.0718, 0.0736, 0.0744, 0.0747]
Iter 93   - time: 7     - [train]: 0.0731 - [valid]: 0.0749 - [adapt]: 0.0687 - [adapt_test]: 0.0734 - [adapt_test_per_env]: [0.0723, 0.0721, 0.0754, 0.0736]
saving best model at iter 94
Iter 94   - time: 7     - [train]: 0.0717 - [valid]: 0.0726 - [adapt]: 0.0674 - [adapt_test]: 0.071  - [adapt_test_per_env]: [0.0705, 0.0695, 0.0732, 0.0708]
Iter 95   - time: 7     - [train]: 0.0736 - [valid]: 0.0731 - [adapt]: 0.0689 - [adapt_test]: 0.0713 - [adapt_test_per_env]: [0.0712, 0.0701, 0.0731, 0.0709]
saving best model at iter 96
Iter 96   - time: 7     - [train]: 0.0714 - [valid]: 0.0721 - [adapt]: 0.0668 - [adapt_test]: 0.0704 - [adapt_test_per_env]: [0.0697, 0.0693, 0.0722, 0.0704]
Iter 97   - time: 7     - [train]: 0.0718 - [valid]: 0.0734 - [adapt]: 0.0671 - [adapt_test]: 0.0718 - [adapt_test_per_env]: [0.0705, 0.071, 0.0733, 0.0722]
Iter 98   - time: 7     - [train]: 0.072  - [valid]: 0.0736 - [adapt]: 0.0668 - [adapt_test]: 0.0719 - [adapt_test_per_env]: [0.0701, 0.072, 0.0725, 0.0729]
Iter 99   - time: 7     - [train]: 0.0711 - [valid]: 0.0722 - [adapt]: 0.0653 - [adapt_test]: 0.0702 - [adapt_test_per_env]: [0.0681, 0.0713, 0.0698, 0.0717]
saving best model at iter 100
Iter 100  - time: 7     - [train]: 0.0715 - [valid]: 0.0717 - [adapt]: 0.0653 - [adapt_test]: 0.0695 - [adapt_test_per_env]: [0.0676, 0.0711, 0.0686, 0.071]
saving best model at iter 101
Iter 101  - time: 7     - [train]: 0.0709 - [valid]: 0.0713 - [adapt]: 0.0653 - [adapt_test]: 0.0693 - [adapt_test_per_env]: [0.0678, 0.07, 0.0692, 0.0703]
Iter 102  - time: 7     - [train]: 0.0706 - [valid]: 0.0718 - [adapt]: 0.066  - [adapt_test]: 0.0701 - [adapt_test_per_env]: [0.0692, 0.0692, 0.0718, 0.0702]
Iter 103  - time: 7     - [train]: 0.0712 - [valid]: 0.0727 - [adapt]: 0.0673 - [adapt_test]: 0.0712 - [adapt_test_per_env]: [0.0707, 0.0694, 0.0738, 0.0709]
Iter 104  - time: 7     - [train]: 0.0704 - [valid]: 0.0715 - [adapt]: 0.066  - [adapt_test]: 0.0699 - [adapt_test_per_env]: [0.0691, 0.0688, 0.0717, 0.0699]
saving best model at iter 105
Iter 105  - time: 7     - [train]: 0.0704 - [valid]: 0.0709 - [adapt]: 0.065  - [adapt_test]: 0.0689 - [adapt_test_per_env]: [0.0675, 0.0693, 0.0691, 0.0697]
saving best model at iter 106
Iter 106  - time: 7     - [train]: 0.0705 - [valid]: 0.0709 - [adapt]: 0.0645 - [adapt_test]: 0.0688 - [adapt_test_per_env]: [0.0669, 0.07, 0.0681, 0.07]
Iter 107  - time: 7     - [train]: 0.0701 - [valid]: 0.071  - [adapt]: 0.0644 - [adapt_test]: 0.0691 - [adapt_test_per_env]: [0.0672, 0.0699, 0.0689, 0.0703]
Iter 108  - time: 7     - [train]: 0.0705 - [valid]: 0.0717 - [adapt]: 0.0653 - [adapt_test]: 0.0698 - [adapt_test_per_env]: [0.0683, 0.0699, 0.0705, 0.0706]
saving best model at iter 109
Iter 109  - time: 7     - [train]: 0.0698 - [valid]: 0.0705 - [adapt]: 0.0647 - [adapt_test]: 0.0687 - [adapt_test_per_env]: [0.0675, 0.0686, 0.0694, 0.0692]
saving best model at iter 110
Iter 110  - time: 7     - [train]: 0.0702 - [valid]: 0.0704 - [adapt]: 0.065  - [adapt_test]: 0.0684 - [adapt_test_per_env]: [0.0674, 0.0685, 0.069, 0.0689]
saving best model at iter 111
Iter 111  - time: 7     - [train]: 0.0699 - [valid]: 0.0702 - [adapt]: 0.0648 - [adapt_test]: 0.0683 - [adapt_test_per_env]: [0.0674, 0.0681, 0.0692, 0.0687]
Iter 112  - time: 7     - [train]: 0.0697 - [valid]: 0.0706 - [adapt]: 0.0648 - [adapt_test]: 0.0687 - [adapt_test_per_env]: [0.0676, 0.0683, 0.0698, 0.0692]
Iter 113  - time: 7     - [train]: 0.0698 - [valid]: 0.0708 - [adapt]: 0.0645 - [adapt_test]: 0.0689 - [adapt_test_per_env]: [0.0674, 0.0691, 0.0695, 0.0697]
Iter 114  - time: 7     - [train]: 0.0696 - [valid]: 0.0703 - [adapt]: 0.0639 - [adapt_test]: 0.0682 - [adapt_test_per_env]: [0.0665, 0.0691, 0.068, 0.0694]
saving best model at iter 115
Iter 115  - time: 7     - [train]: 0.0696 - [valid]: 0.0699 - [adapt]: 0.0639 - [adapt_test]: 0.0678 - [adapt_test_per_env]: [0.0662, 0.0686, 0.0676, 0.0688]
saving best model at iter 116
Iter 116  - time: 7     - [train]: 0.0695 - [valid]: 0.0698 - [adapt]: 0.0644 - [adapt_test]: 0.0679 - [adapt_test_per_env]: [0.0669, 0.0677, 0.0687, 0.0683]
Iter 117  - time: 7     - [train]: 0.0695 - [valid]: 0.0702 - [adapt]: 0.0649 - [adapt_test]: 0.0684 - [adapt_test_per_env]: [0.0677, 0.0674, 0.0701, 0.0684]
Iter 118  - time: 7     - [train]: 0.0694 - [valid]: 0.0702 - [adapt]: 0.0645 - [adapt_test]: 0.0683 - [adapt_test_per_env]: [0.0673, 0.0678, 0.0696, 0.0687]
Iter 119  - time: 7     - [train]: 0.0694 - [valid]: 0.07   - [adapt]: 0.0637 - [adapt_test]: 0.068  - [adapt_test_per_env]: [0.0663, 0.0687, 0.0679, 0.069]
Iter 120  - time: 7     - [train]: 0.0694 - [valid]: 0.0699 - [adapt]: 0.0636 - [adapt_test]: 0.0677 - [adapt_test_per_env]: [0.066, 0.0687, 0.0674, 0.0689]
saving best model at iter 121
Iter 121  - time: 7     - [train]: 0.0693 - [valid]: 0.0698 - [adapt]: 0.0642 - [adapt_test]: 0.0678 - [adapt_test_per_env]: [0.0667, 0.0676, 0.0687, 0.0682]
Iter 122  - time: 7     - [train]: 0.0694 - [valid]: 0.07   - [adapt]: 0.0648 - [adapt_test]: 0.0682 - [adapt_test_per_env]: [0.0676, 0.0673, 0.0699, 0.0682]
Iter 123  - time: 7     - [train]: 0.0692 - [valid]: 0.0699 - [adapt]: 0.0642 - [adapt_test]: 0.0679 - [adapt_test_per_env]: [0.0669, 0.0676, 0.0689, 0.0683]
Iter 124  - time: 7     - [train]: 0.0693 - [valid]: 0.0699 - [adapt]: 0.0636 - [adapt_test]: 0.0678 - [adapt_test_per_env]: [0.066, 0.0687, 0.0675, 0.0689]
Iter 125  - time: 7     - [train]: 0.0692 - [valid]: 0.0699 - [adapt]: 0.0638 - [adapt_test]: 0.0679 - [adapt_test_per_env]: [0.0664, 0.0683, 0.0681, 0.0687]
Iter 126  - time: 7     - [train]: 0.0693 - [valid]: 0.0701 - [adapt]: 0.0646 - [adapt_test]: 0.0682 - [adapt_test_per_env]: [0.0673, 0.0675, 0.0696, 0.0683]
Iter 127  - time: 7     - [train]: 0.0693 - [valid]: 0.0699 - [adapt]: 0.0644 - [adapt_test]: 0.068  - [adapt_test_per_env]: [0.0671, 0.0675, 0.0692, 0.0682]
Iter 128  - time: 7     - [train]: 0.0693 - [valid]: 0.0698 - [adapt]: 0.0637 - [adapt_test]: 0.0677 - [adapt_test_per_env]: [0.0662, 0.0683, 0.0678, 0.0686]
Iter 129  - time: 7     - [train]: 0.0692 - [valid]: 0.07   - [adapt]: 0.0638 - [adapt_test]: 0.068  - [adapt_test_per_env]: [0.0665, 0.0684, 0.0683, 0.0688]
Iter 130  - time: 7     - [train]: 0.0693 - [valid]: 0.0702 - [adapt]: 0.0644 - [adapt_test]: 0.0683 - [adapt_test_per_env]: [0.0673, 0.0678, 0.0696, 0.0686]
Iter 131  - time: 7     - [train]: 0.0692 - [valid]: 0.0699 - [adapt]: 0.0642 - [adapt_test]: 0.068  - [adapt_test_per_env]: [0.0669, 0.0678, 0.0689, 0.0683]
Iter 132  - time: 7     - [train]: 0.0693 - [valid]: 0.0698 - [adapt]: 0.0638 - [adapt_test]: 0.0677 - [adapt_test_per_env]: [0.0663, 0.0682, 0.0679, 0.0685]
Iter 133  - time: 7     - [train]: 0.0692 - [valid]: 0.0701 - [adapt]: 0.064  - [adapt_test]: 0.0681 - [adapt_test_per_env]: [0.0668, 0.0681, 0.0688, 0.0687]
Iter 134  - time: 7     - [train]: 0.0692 - [valid]: 0.0703 - [adapt]: 0.0643 - [adapt_test]: 0.0684 - [adapt_test_per_env]: [0.0673, 0.068, 0.0695, 0.0687]
Iter 135  - time: 7     - [train]: 0.0692 - [valid]: 0.0699 - [adapt]: 0.0639 - [adapt_test]: 0.0679 - [adapt_test_per_env]: [0.0666, 0.0681, 0.0684, 0.0685]
Iter 136  - time: 7     - [train]: 0.0692 - [valid]: 0.0698 - [adapt]: 0.0638 - [adapt_test]: 0.0678 - [adapt_test_per_env]: [0.0664, 0.0681, 0.0681, 0.0685]
Iter 137  - time: 7     - [train]: 0.0692 - [valid]: 0.0701 - [adapt]: 0.0642 - [adapt_test]: 0.0682 - [adapt_test_per_env]: [0.0671, 0.0679, 0.0692, 0.0686]
Iter 138  - time: 7     - [train]: 0.0692 - [valid]: 0.0702 - [adapt]: 0.0641 - [adapt_test]: 0.0682 - [adapt_test_per_env]: [0.067, 0.0681, 0.069, 0.0687]
Iter 139  - time: 7     - [train]: 0.0692 - [valid]: 0.0699 - [adapt]: 0.0637 - [adapt_test]: 0.0679 - [adapt_test_per_env]: [0.0664, 0.0683, 0.0681, 0.0687]
Iter 140  - time: 7     - [train]: 0.0692 - [valid]: 0.0699 - [adapt]: 0.064  - [adapt_test]: 0.0679 - [adapt_test_per_env]: [0.0667, 0.0679, 0.0686, 0.0684]
Iter 141  - time: 7     - [train]: 0.0692 - [valid]: 0.07   - [adapt]: 0.0642 - [adapt_test]: 0.0681 - [adapt_test_per_env]: [0.0671, 0.0678, 0.0692, 0.0685]
Iter 142  - time: 7     - [train]: 0.0691 - [valid]: 0.07   - [adapt]: 0.0639 - [adapt_test]: 0.068  - [adapt_test_per_env]: [0.0666, 0.0682, 0.0685, 0.0687]
Iter 143  - time: 7     - [train]: 0.0691 - [valid]: 0.0699 - [adapt]: 0.0637 - [adapt_test]: 0.0679 - [adapt_test_per_env]: [0.0664, 0.0683, 0.0682, 0.0687]
Iter 144  - time: 7     - [train]: 0.0691 - [valid]: 0.0699 - [adapt]: 0.0641 - [adapt_test]: 0.068  - [adapt_test_per_env]: [0.0669, 0.0678, 0.0689, 0.0684]
Iter 145  - time: 7     - [train]: 0.0691 - [valid]: 0.0699 - [adapt]: 0.0641 - [adapt_test]: 0.068  - [adapt_test_per_env]: [0.0669, 0.0678, 0.0689, 0.0684]
Iter 146  - time: 7     - [train]: 0.0691 - [valid]: 0.0699 - [adapt]: 0.0638 - [adapt_test]: 0.0679 - [adapt_test_per_env]: [0.0665, 0.0681, 0.0682, 0.0686]
Iter 147  - time: 7     - [train]: 0.0691 - [valid]: 0.0699 - [adapt]: 0.0638 - [adapt_test]: 0.068  - [adapt_test_per_env]: [0.0666, 0.0681, 0.0685, 0.0686]
Iter 148  - time: 7     - [train]: 0.0691 - [valid]: 0.07   - [adapt]: 0.0641 - [adapt_test]: 0.068  - [adapt_test_per_env]: [0.0669, 0.0678, 0.069, 0.0684]
Iter 149  - time: 7     - [train]: 0.0691 - [valid]: 0.0698 - [adapt]: 0.0639 - [adapt_test]: 0.0678 - [adapt_test_per_env]: [0.0666, 0.0679, 0.0685, 0.0684]
Iter 150  - time: 7     - [train]: 0.0691 - [valid]: 0.0698 - [adapt]: 0.0638 - [adapt_test]: 0.0678 - [adapt_test_per_env]: [0.0665, 0.068, 0.0683, 0.0685]
Iter 151  - time: 7     - [train]: 0.0691 - [valid]: 0.07   - [adapt]: 0.064  - [adapt_test]: 0.068  - [adapt_test_per_env]: [0.0668, 0.0679, 0.0688, 0.0685]
Iter 152  - time: 7     - [train]: 0.0691 - [valid]: 0.0699 - [adapt]: 0.0639 - [adapt_test]: 0.068  - [adapt_test_per_env]: [0.0668, 0.0679, 0.0688, 0.0685]
saving best model at iter 153
Iter 153  - time: 7     - [train]: 0.0691 - [valid]: 0.0698 - [adapt]: 0.0637 - [adapt_test]: 0.0678 - [adapt_test_per_env]: [0.0665, 0.068, 0.0683, 0.0684]
Iter 154  - time: 7     - [train]: 0.0691 - [valid]: 0.0698 - [adapt]: 0.0639 - [adapt_test]: 0.0679 - [adapt_test_per_env]: [0.0667, 0.0678, 0.0686, 0.0684]
Iter 155  - time: 7     - [train]: 0.0691 - [valid]: 0.0699 - [adapt]: 0.064  - [adapt_test]: 0.068  - [adapt_test_per_env]: [0.0668, 0.0678, 0.0688, 0.0684]
Iter 156  - time: 7     - [train]: 0.0691 - [valid]: 0.0698 - [adapt]: 0.0637 - [adapt_test]: 0.0679 - [adapt_test_per_env]: [0.0665, 0.068, 0.0684, 0.0685]
Iter 157  - time: 7     - [train]: 0.069  - [valid]: 0.0698 - [adapt]: 0.0638 - [adapt_test]: 0.0678 - [adapt_test_per_env]: [0.0666, 0.0679, 0.0685, 0.0684]
Iter 158  - time: 7     - [train]: 0.069  - [valid]: 0.0698 - [adapt]: 0.0639 - [adapt_test]: 0.0679 - [adapt_test_per_env]: [0.0668, 0.0677, 0.0688, 0.0683]
Iter 159  - time: 7     - [train]: 0.069  - [valid]: 0.0698 - [adapt]: 0.0637 - [adapt_test]: 0.0678 - [adapt_test_per_env]: [0.0665, 0.0679, 0.0684, 0.0684]
Iter 160  - time: 7     - [train]: 0.069  - [valid]: 0.0698 - [adapt]: 0.0638 - [adapt_test]: 0.0679 - [adapt_test_per_env]: [0.0666, 0.0679, 0.0685, 0.0684]
Iter 161  - time: 7     - [train]: 0.069  - [valid]: 0.0699 - [adapt]: 0.0639 - [adapt_test]: 0.0679 - [adapt_test_per_env]: [0.0668, 0.0678, 0.0688, 0.0683]
saving best model at iter 162
Iter 162  - time: 7     - [train]: 0.069  - [valid]: 0.0697 - [adapt]: 0.0637 - [adapt_test]: 0.0678 - [adapt_test_per_env]: [0.0665, 0.0679, 0.0683, 0.0683]
Iter 163  - time: 7     - [train]: 0.069  - [valid]: 0.0698 - [adapt]: 0.0638 - [adapt_test]: 0.0679 - [adapt_test_per_env]: [0.0667, 0.0678, 0.0686, 0.0683]
Iter 164  - time: 7     - [train]: 0.069  - [valid]: 0.0698 - [adapt]: 0.0638 - [adapt_test]: 0.0679 - [adapt_test_per_env]: [0.0667, 0.0678, 0.0687, 0.0684]
Iter 165  - time: 7     - [train]: 0.069  - [valid]: 0.0698 - [adapt]: 0.0637 - [adapt_test]: 0.0678 - [adapt_test_per_env]: [0.0665, 0.0679, 0.0684, 0.0684]
Iter 166  - time: 7     - [train]: 0.069  - [valid]: 0.0698 - [adapt]: 0.0639 - [adapt_test]: 0.0679 - [adapt_test_per_env]: [0.0668, 0.0676, 0.0688, 0.0682]
saving best model at iter 167
Iter 167  - time: 7     - [train]: 0.069  - [valid]: 0.0697 - [adapt]: 0.0636 - [adapt_test]: 0.0677 - [adapt_test_per_env]: [0.0664, 0.0679, 0.0682, 0.0684]
Iter 168  - time: 7     - [train]: 0.069  - [valid]: 0.0699 - [adapt]: 0.0639 - [adapt_test]: 0.0679 - [adapt_test_per_env]: [0.0669, 0.0676, 0.069, 0.0683]
saving best model at iter 169
Iter 169  - time: 7     - [train]: 0.069  - [valid]: 0.0697 - [adapt]: 0.0634 - [adapt_test]: 0.0677 - [adapt_test_per_env]: [0.0662, 0.068, 0.068, 0.0684]
Iter 170  - time: 7     - [train]: 0.069  - [valid]: 0.07   - [adapt]: 0.0643 - [adapt_test]: 0.0681 - [adapt_test_per_env]: [0.0673, 0.0673, 0.0696, 0.0681]
Iter 171  - time: 7     - [train]: 0.0693 - [valid]: 0.0698 - [adapt]: 0.0631 - [adapt_test]: 0.0676 - [adapt_test_per_env]: [0.0657, 0.0689, 0.0669, 0.0689]
Iter 172  - time: 7     - [train]: 0.0706 - [valid]: 0.0719 - [adapt]: 0.0674 - [adapt_test]: 0.0704 - [adapt_test_per_env]: [0.0709, 0.0674, 0.0744, 0.069]
Iter 173  - time: 7     - [train]: 0.0709 - [valid]: 0.0708 - [adapt]: 0.0634 - [adapt_test]: 0.0682 - [adapt_test_per_env]: [0.0654, 0.0712, 0.0656, 0.0705]
Iter 174  - time: 7     - [train]: 0.071  - [valid]: 0.0724 - [adapt]: 0.068  - [adapt_test]: 0.071  - [adapt_test_per_env]: [0.0716, 0.0676, 0.0753, 0.0694]
Iter 175  - time: 7     - [train]: 0.0692 - [valid]: 0.0701 - [adapt]: 0.0648 - [adapt_test]: 0.0683 - [adapt_test_per_env]: [0.0678, 0.0671, 0.0703, 0.0681]
Iter 176  - time: 7     - [train]: 0.0708 - [valid]: 0.0707 - [adapt]: 0.0636 - [adapt_test]: 0.0682 - [adapt_test_per_env]: [0.0654, 0.0711, 0.0658, 0.0704]
Iter 177  - time: 7     - [train]: 0.0695 - [valid]: 0.0708 - [adapt]: 0.0643 - [adapt_test]: 0.069  - [adapt_test_per_env]: [0.0675, 0.069, 0.0697, 0.0697]
Iter 178  - time: 7     - [train]: 0.07   - [valid]: 0.0714 - [adapt]: 0.0661 - [adapt_test]: 0.0698 - [adapt_test_per_env]: [0.0695, 0.0679, 0.0727, 0.0693]
saving best model at iter 179
Iter 179  - time: 7     - [train]: 0.0694 - [valid]: 0.0697 - [adapt]: 0.0645 - [adapt_test]: 0.0678 - [adapt_test_per_env]: [0.067, 0.0671, 0.0691, 0.0678]
Iter 180  - time: 7     - [train]: 0.0701 - [valid]: 0.0697 - [adapt]: 0.0642 - [adapt_test]: 0.0675 - [adapt_test_per_env]: [0.0659, 0.0684, 0.0671, 0.0684]
Iter 181  - time: 7     - [train]: 0.0695 - [valid]: 0.0707 - [adapt]: 0.0647 - [adapt_test]: 0.0689 - [adapt_test_per_env]: [0.0677, 0.0683, 0.0701, 0.0693]
Iter 182  - time: 7     - [train]: 0.0701 - [valid]: 0.0718 - [adapt]: 0.0654 - [adapt_test]: 0.07   - [adapt_test_per_env]: [0.0688, 0.0695, 0.0714, 0.0705]
Iter 183  - time: 7     - [train]: 0.0695 - [valid]: 0.0706 - [adapt]: 0.0642 - [adapt_test]: 0.0686 - [adapt_test_per_env]: [0.0671, 0.0689, 0.0691, 0.0695]
Iter 184  - time: 7     - [train]: 0.0698 - [valid]: 0.0699 - [adapt]: 0.0637 - [adapt_test]: 0.0676 - [adapt_test_per_env]: [0.0657, 0.069, 0.0668, 0.0689]
saving best model at iter 185
Iter 185  - time: 7     - [train]: 0.0694 - [valid]: 0.0697 - [adapt]: 0.064  - [adapt_test]: 0.0677 - [adapt_test_per_env]: [0.0664, 0.0679, 0.0681, 0.0683]
Iter 186  - time: 7     - [train]: 0.0696 - [valid]: 0.0706 - [adapt]: 0.0654 - [adapt_test]: 0.0689 - [adapt_test_per_env]: [0.0684, 0.0675, 0.071, 0.0686]
Iter 187  - time: 7     - [train]: 0.0696 - [valid]: 0.0706 - [adapt]: 0.0652 - [adapt_test]: 0.0689 - [adapt_test_per_env]: [0.0682, 0.0676, 0.0709, 0.0687]
Iter 188  - time: 7     - [train]: 0.0693 - [valid]: 0.0698 - [adapt]: 0.0639 - [adapt_test]: 0.0678 - [adapt_test_per_env]: [0.0664, 0.0681, 0.0682, 0.0686]
Iter 189  - time: 7     - [train]: 0.0696 - [valid]: 0.0699 - [adapt]: 0.0636 - [adapt_test]: 0.0677 - [adapt_test_per_env]: [0.0658, 0.0691, 0.0669, 0.0691]
Iter 190  - time: 7     - [train]: 0.0693 - [valid]: 0.0701 - [adapt]: 0.0638 - [adapt_test]: 0.0681 - [adapt_test_per_env]: [0.0664, 0.0688, 0.0681, 0.0692]
Iter 191  - time: 7     - [train]: 0.0694 - [valid]: 0.0706 - [adapt]: 0.0645 - [adapt_test]: 0.0688 - [adapt_test_per_env]: [0.0675, 0.0685, 0.0698, 0.0693]
Iter 192  - time: 7     - [train]: 0.0694 - [valid]: 0.0704 - [adapt]: 0.0646 - [adapt_test]: 0.0686 - [adapt_test_per_env]: [0.0676, 0.068, 0.0699, 0.0689]
Iter 193  - time: 7     - [train]: 0.0692 - [valid]: 0.0698 - [adapt]: 0.0641 - [adapt_test]: 0.0678 - [adapt_test_per_env]: [0.0666, 0.0679, 0.0684, 0.0684]
Iter 194  - time: 7     - [train]: 0.0694 - [valid]: 0.0697 - [adapt]: 0.0639 - [adapt_test]: 0.0676 - [adapt_test_per_env]: [0.0662, 0.0682, 0.0677, 0.0685]
Iter 195  - time: 7     - [train]: 0.0692 - [valid]: 0.0699 - [adapt]: 0.064  - [adapt_test]: 0.0679 - [adapt_test_per_env]: [0.0667, 0.0679, 0.0686, 0.0685]
Iter 196  - time: 7     - [train]: 0.0693 - [valid]: 0.0704 - [adapt]: 0.0644 - [adapt_test]: 0.0685 - [adapt_test_per_env]: [0.0674, 0.0682, 0.0696, 0.069]
Iter 197  - time: 7     - [train]: 0.0693 - [valid]: 0.0704 - [adapt]: 0.0642 - [adapt_test]: 0.0685 - [adapt_test_per_env]: [0.0671, 0.0685, 0.0692, 0.0692]
Iter 198  - time: 7     - [train]: 0.0692 - [valid]: 0.07   - [adapt]: 0.0637 - [adapt_test]: 0.0679 - [adapt_test_per_env]: [0.0663, 0.0686, 0.068, 0.0689]
Iter 199  - time: 7     - [train]: 0.0693 - [valid]: 0.0698 - [adapt]: 0.0636 - [adapt_test]: 0.0677 - [adapt_test_per_env]: [0.066, 0.0685, 0.0675, 0.0687]
Iter 200  - time: 7     - [train]: 0.0691 - [valid]: 0.0698 - [adapt]: 0.064  - [adapt_test]: 0.0679 - [adapt_test_per_env]: [0.0666, 0.0679, 0.0685, 0.0684]
Iter 201  - time: 7     - [train]: 0.0692 - [valid]: 0.0701 - [adapt]: 0.0645 - [adapt_test]: 0.0683 - [adapt_test_per_env]: [0.0673, 0.0677, 0.0696, 0.0685]
Iter 202  - time: 7     - [train]: 0.0691 - [valid]: 0.07   - [adapt]: 0.0642 - [adapt_test]: 0.0681 - [adapt_test_per_env]: [0.067, 0.0678, 0.0691, 0.0685]
Iter 203  - time: 7     - [train]: 0.0691 - [valid]: 0.0698 - [adapt]: 0.0636 - [adapt_test]: 0.0677 - [adapt_test_per_env]: [0.0662, 0.0683, 0.0678, 0.0686]
Iter 204  - time: 7     - [train]: 0.0691 - [valid]: 0.0698 - [adapt]: 0.0635 - [adapt_test]: 0.0677 - [adapt_test_per_env]: [0.066, 0.0685, 0.0675, 0.0688]
Iter 205  - time: 7     - [train]: 0.0691 - [valid]: 0.07   - [adapt]: 0.0638 - [adapt_test]: 0.068  - [adapt_test_per_env]: [0.0667, 0.0682, 0.0686, 0.0687]
Iter 206  - time: 7     - [train]: 0.0691 - [valid]: 0.07   - [adapt]: 0.0641 - [adapt_test]: 0.0682 - [adapt_test_per_env]: [0.067, 0.0679, 0.0691, 0.0686]
Iter 207  - time: 7     - [train]: 0.0691 - [valid]: 0.0697 - [adapt]: 0.0639 - [adapt_test]: 0.0678 - [adapt_test_per_env]: [0.0666, 0.0678, 0.0684, 0.0683]
saving best model at iter 208
Iter 208  - time: 7     - [train]: 0.0691 - [valid]: 0.0696 - [adapt]: 0.0637 - [adapt_test]: 0.0676 - [adapt_test_per_env]: [0.0663, 0.0679, 0.0679, 0.0683]
Iter 209  - time: 7     - [train]: 0.069  - [valid]: 0.0699 - [adapt]: 0.0639 - [adapt_test]: 0.068  - [adapt_test_per_env]: [0.0667, 0.068, 0.0686, 0.0685]
Iter 210  - time: 7     - [train]: 0.069  - [valid]: 0.0701 - [adapt]: 0.0639 - [adapt_test]: 0.0681 - [adapt_test_per_env]: [0.0668, 0.0682, 0.0688, 0.0688]
Iter 211  - time: 7     - [train]: 0.069  - [valid]: 0.0698 - [adapt]: 0.0636 - [adapt_test]: 0.0677 - [adapt_test_per_env]: [0.0663, 0.0682, 0.068, 0.0685]
Iter 212  - time: 7     - [train]: 0.069  - [valid]: 0.0697 - [adapt]: 0.0637 - [adapt_test]: 0.0677 - [adapt_test_per_env]: [0.0664, 0.0679, 0.0682, 0.0684]
Iter 213  - time: 7     - [train]: 0.069  - [valid]: 0.07   - [adapt]: 0.0641 - [adapt_test]: 0.0681 - [adapt_test_per_env]: [0.067, 0.0677, 0.0692, 0.0684]
Iter 214  - time: 7     - [train]: 0.069  - [valid]: 0.0699 - [adapt]: 0.0639 - [adapt_test]: 0.0679 - [adapt_test_per_env]: [0.0668, 0.0678, 0.0688, 0.0684]
Iter 215  - time: 7     - [train]: 0.069  - [valid]: 0.0698 - [adapt]: 0.0636 - [adapt_test]: 0.0677 - [adapt_test_per_env]: [0.0663, 0.0681, 0.068, 0.0685]
Iter 216  - time: 7     - [train]: 0.069  - [valid]: 0.07   - [adapt]: 0.0638 - [adapt_test]: 0.068  - [adapt_test_per_env]: [0.0667, 0.0681, 0.0686, 0.0686]
Iter 217  - time: 7     - [train]: 0.069  - [valid]: 0.0701 - [adapt]: 0.064  - [adapt_test]: 0.0681 - [adapt_test_per_env]: [0.0669, 0.0679, 0.0691, 0.0686]
Iter 218  - time: 7     - [train]: 0.069  - [valid]: 0.0698 - [adapt]: 0.0638 - [adapt_test]: 0.0678 - [adapt_test_per_env]: [0.0665, 0.0679, 0.0684, 0.0683]
Iter 219  - time: 7     - [train]: 0.0689 - [valid]: 0.0698 - [adapt]: 0.0639 - [adapt_test]: 0.0679 - [adapt_test_per_env]: [0.0667, 0.0678, 0.0687, 0.0683]
Iter 220  - time: 7     - [train]: 0.069  - [valid]: 0.0701 - [adapt]: 0.064  - [adapt_test]: 0.0682 - [adapt_test_per_env]: [0.067, 0.0679, 0.0692, 0.0686]
Iter 221  - time: 7     - [train]: 0.0689 - [valid]: 0.0699 - [adapt]: 0.0637 - [adapt_test]: 0.0679 - [adapt_test_per_env]: [0.0666, 0.0681, 0.0685, 0.0686]
Iter 222  - time: 7     - [train]: 0.0689 - [valid]: 0.0699 - [adapt]: 0.0637 - [adapt_test]: 0.0679 - [adapt_test_per_env]: [0.0665, 0.068, 0.0684, 0.0685]
Iter 223  - time: 7     - [train]: 0.0689 - [valid]: 0.07   - [adapt]: 0.064  - [adapt_test]: 0.0681 - [adapt_test_per_env]: [0.067, 0.0678, 0.0692, 0.0685]
Iter 224  - time: 7     - [train]: 0.0689 - [valid]: 0.0699 - [adapt]: 0.0639 - [adapt_test]: 0.0679 - [adapt_test_per_env]: [0.0668, 0.0678, 0.0688, 0.0684]
Iter 225  - time: 7     - [train]: 0.0689 - [valid]: 0.0698 - [adapt]: 0.0637 - [adapt_test]: 0.0678 - [adapt_test_per_env]: [0.0665, 0.0679, 0.0684, 0.0684]
Iter 226  - time: 7     - [train]: 0.0689 - [valid]: 0.07   - [adapt]: 0.0639 - [adapt_test]: 0.0681 - [adapt_test_per_env]: [0.0669, 0.068, 0.069, 0.0686]
Iter 227  - time: 7     - [train]: 0.0689 - [valid]: 0.0699 - [adapt]: 0.0637 - [adapt_test]: 0.068  - [adapt_test_per_env]: [0.0667, 0.0679, 0.0687, 0.0685]
Iter 228  - time: 7     - [train]: 0.0689 - [valid]: 0.0698 - [adapt]: 0.0637 - [adapt_test]: 0.0678 - [adapt_test_per_env]: [0.0665, 0.0679, 0.0684, 0.0683]
Iter 229  - time: 7     - [train]: 0.0689 - [valid]: 0.0699 - [adapt]: 0.0639 - [adapt_test]: 0.068  - [adapt_test_per_env]: [0.0669, 0.0677, 0.069, 0.0684]
Iter 230  - time: 7     - [train]: 0.0689 - [valid]: 0.0699 - [adapt]: 0.0637 - [adapt_test]: 0.0679 - [adapt_test_per_env]: [0.0666, 0.0679, 0.0686, 0.0684]
Iter 231  - time: 7     - [train]: 0.0689 - [valid]: 0.0698 - [adapt]: 0.0636 - [adapt_test]: 0.0678 - [adapt_test_per_env]: [0.0664, 0.068, 0.0683, 0.0684]
Iter 232  - time: 7     - [train]: 0.0689 - [valid]: 0.0699 - [adapt]: 0.0638 - [adapt_test]: 0.068  - [adapt_test_per_env]: [0.0668, 0.0678, 0.0689, 0.0684]
Iter 233  - time: 7     - [train]: 0.0688 - [valid]: 0.0698 - [adapt]: 0.0637 - [adapt_test]: 0.0678 - [adapt_test_per_env]: [0.0666, 0.0677, 0.0686, 0.0683]
Iter 234  - time: 7     - [train]: 0.0688 - [valid]: 0.0697 - [adapt]: 0.0636 - [adapt_test]: 0.0677 - [adapt_test_per_env]: [0.0665, 0.0678, 0.0684, 0.0683]
Iter 235  - time: 7     - [train]: 0.0688 - [valid]: 0.0699 - [adapt]: 0.0637 - [adapt_test]: 0.0679 - [adapt_test_per_env]: [0.0667, 0.0678, 0.0688, 0.0684]
Iter 236  - time: 7     - [train]: 0.0688 - [valid]: 0.0698 - [adapt]: 0.0636 - [adapt_test]: 0.0678 - [adapt_test_per_env]: [0.0665, 0.0679, 0.0684, 0.0683]
Iter 237  - time: 7     - [train]: 0.0688 - [valid]: 0.0697 - [adapt]: 0.0636 - [adapt_test]: 0.0677 - [adapt_test_per_env]: [0.0665, 0.0677, 0.0684, 0.0683]
Iter 238  - time: 7     - [train]: 0.0688 - [valid]: 0.0698 - [adapt]: 0.0637 - [adapt_test]: 0.0679 - [adapt_test_per_env]: [0.0667, 0.0677, 0.0688, 0.0683]
Iter 239  - time: 7     - [train]: 0.0688 - [valid]: 0.0697 - [adapt]: 0.0635 - [adapt_test]: 0.0677 - [adapt_test_per_env]: [0.0664, 0.0678, 0.0683, 0.0683]
Iter 240  - time: 7     - [train]: 0.0688 - [valid]: 0.0698 - [adapt]: 0.0636 - [adapt_test]: 0.0678 - [adapt_test_per_env]: [0.0666, 0.0678, 0.0686, 0.0683]
Iter 241  - time: 7     - [train]: 0.0688 - [valid]: 0.0698 - [adapt]: 0.0636 - [adapt_test]: 0.0678 - [adapt_test_per_env]: [0.0666, 0.0677, 0.0686, 0.0682]
Iter 242  - time: 7     - [train]: 0.0688 - [valid]: 0.0697 - [adapt]: 0.0635 - [adapt_test]: 0.0677 - [adapt_test_per_env]: [0.0664, 0.0677, 0.0683, 0.0682]
Iter 243  - time: 7     - [train]: 0.0688 - [valid]: 0.0698 - [adapt]: 0.0636 - [adapt_test]: 0.0679 - [adapt_test_per_env]: [0.0667, 0.0677, 0.0687, 0.0683]
Iter 244  - time: 7     - [train]: 0.0688 - [valid]: 0.0697 - [adapt]: 0.0635 - [adapt_test]: 0.0677 - [adapt_test_per_env]: [0.0664, 0.0678, 0.0683, 0.0683]
Iter 245  - time: 7     - [train]: 0.0687 - [valid]: 0.0697 - [adapt]: 0.0636 - [adapt_test]: 0.0677 - [adapt_test_per_env]: [0.0666, 0.0676, 0.0686, 0.0682]
Iter 246  - time: 7     - [train]: 0.0687 - [valid]: 0.0697 - [adapt]: 0.0636 - [adapt_test]: 0.0678 - [adapt_test_per_env]: [0.0666, 0.0677, 0.0686, 0.0682]
Iter 247  - time: 7     - [train]: 0.0687 - [valid]: 0.0697 - [adapt]: 0.0634 - [adapt_test]: 0.0677 - [adapt_test_per_env]: [0.0664, 0.0678, 0.0683, 0.0683]
Iter 248  - time: 7     - [train]: 0.0687 - [valid]: 0.0698 - [adapt]: 0.0636 - [adapt_test]: 0.0678 - [adapt_test_per_env]: [0.0667, 0.0676, 0.0688, 0.0682]
saving best model at iter 249
Iter 249  - time: 7     - [train]: 0.0687 - [valid]: 0.0696 - [adapt]: 0.0634 - [adapt_test]: 0.0676 - [adapt_test_per_env]: [0.0663, 0.0677, 0.0682, 0.0682]
Iter 250  - time: 7     - [train]: 0.0687 - [valid]: 0.0698 - [adapt]: 0.0637 - [adapt_test]: 0.0679 - [adapt_test_per_env]: [0.0668, 0.0676, 0.0689, 0.0682]
saving best model at iter 251
Iter 251  - time: 7     - [train]: 0.0687 - [valid]: 0.0696 - [adapt]: 0.0632 - [adapt_test]: 0.0675 - [adapt_test_per_env]: [0.0662, 0.0678, 0.0679, 0.0682]
Iter 252  - time: 7     - [train]: 0.0688 - [valid]: 0.0699 - [adapt]: 0.0639 - [adapt_test]: 0.0681 - [adapt_test_per_env]: [0.0672, 0.0674, 0.0695, 0.0682]
saving best model at iter 253
Iter 253  - time: 7     - [train]: 0.0689 - [valid]: 0.0695 - [adapt]: 0.063  - [adapt_test]: 0.0674 - [adapt_test_per_env]: [0.0657, 0.0682, 0.0671, 0.0684]
Iter 254  - time: 7     - [train]: 0.0695 - [valid]: 0.0711 - [adapt]: 0.0656 - [adapt_test]: 0.0695 - [adapt_test_per_env]: [0.0693, 0.0675, 0.0723, 0.0689]
Iter 255  - time: 7     - [train]: 0.0707 - [valid]: 0.0705 - [adapt]: 0.0633 - [adapt_test]: 0.0679 - [adapt_test_per_env]: [0.0652, 0.0709, 0.0655, 0.0701]
Iter 256  - time: 7     - [train]: 0.0764 - [valid]: 0.0797 - [adapt]: 0.0754 - [adapt_test]: 0.0789 - [adapt_test_per_env]: [0.0808, 0.0728, 0.0861, 0.0758]
Iter 257  - time: 7     - [train]: 0.0696 - [valid]: 0.0697 - [adapt]: 0.0631 - [adapt_test]: 0.0674 - [adapt_test_per_env]: [0.0652, 0.0691, 0.0661, 0.0689]
Iter 258  - time: 7     - [train]: 0.0713 - [valid]: 0.0717 - [adapt]: 0.0637 - [adapt_test]: 0.0691 - [adapt_test_per_env]: [0.0658, 0.0726, 0.0661, 0.0719]
Iter 259  - time: 7     - [train]: 0.0706 - [valid]: 0.0728 - [adapt]: 0.0671 - [adapt_test]: 0.0713 - [adapt_test_per_env]: [0.0711, 0.0689, 0.0747, 0.0706]
Iter 260  - time: 7     - [train]: 0.0705 - [valid]: 0.0718 - [adapt]: 0.0672 - [adapt_test]: 0.0703 - [adapt_test_per_env]: [0.0707, 0.0673, 0.0741, 0.0691]
Iter 261  - time: 7     - [train]: 0.0708 - [valid]: 0.0702 - [adapt]: 0.0647 - [adapt_test]: 0.0677 - [adapt_test_per_env]: [0.0661, 0.0691, 0.067, 0.0688]
Iter 262  - time: 7     - [train]: 0.0692 - [valid]: 0.0696 - [adapt]: 0.0638 - [adapt_test]: 0.0676 - [adapt_test_per_env]: [0.0663, 0.0678, 0.0682, 0.0683]
Iter 263  - time: 7     - [train]: 0.07   - [valid]: 0.0713 - [adapt]: 0.0651 - [adapt_test]: 0.0695 - [adapt_test_per_env]: [0.0683, 0.069, 0.0709, 0.07]
Iter 264  - time: 7     - [train]: 0.07   - [valid]: 0.0713 - [adapt]: 0.0649 - [adapt_test]: 0.0695 - [adapt_test_per_env]: [0.0679, 0.0695, 0.0702, 0.0703]
Iter 265  - time: 7     - [train]: 0.0696 - [valid]: 0.0702 - [adapt]: 0.0637 - [adapt_test]: 0.0681 - [adapt_test_per_env]: [0.0661, 0.0693, 0.0675, 0.0695]
Iter 266  - time: 7     - [train]: 0.0699 - [valid]: 0.0701 - [adapt]: 0.0636 - [adapt_test]: 0.0678 - [adapt_test_per_env]: [0.0656, 0.0695, 0.0665, 0.0693]
Iter 267  - time: 7     - [train]: 0.0693 - [valid]: 0.0697 - [adapt]: 0.064  - [adapt_test]: 0.0676 - [adapt_test_per_env]: [0.0664, 0.0678, 0.0682, 0.0683]
Iter 268  - time: 7     - [train]: 0.0697 - [valid]: 0.0704 - [adapt]: 0.0655 - [adapt_test]: 0.0687 - [adapt_test_per_env]: [0.0683, 0.0673, 0.0709, 0.0684]
Iter 269  - time: 7     - [train]: 0.0696 - [valid]: 0.0701 - [adapt]: 0.0652 - [adapt_test]: 0.0684 - [adapt_test_per_env]: [0.0679, 0.0671, 0.0703, 0.0681]
Iter 270  - time: 7     - [train]: 0.0695 - [valid]: 0.0697 - [adapt]: 0.0643 - [adapt_test]: 0.0676 - [adapt_test_per_env]: [0.0665, 0.0678, 0.0681, 0.0682]
Iter 271  - time: 7     - [train]: 0.0695 - [valid]: 0.0697 - [adapt]: 0.0639 - [adapt_test]: 0.0676 - [adapt_test_per_env]: [0.066, 0.0684, 0.0674, 0.0685]
Iter 272  - time: 7     - [train]: 0.0693 - [valid]: 0.0699 - [adapt]: 0.064  - [adapt_test]: 0.0679 - [adapt_test_per_env]: [0.0664, 0.0682, 0.0683, 0.0687]
Iter 273  - time: 7     - [train]: 0.0695 - [valid]: 0.0704 - [adapt]: 0.0644 - [adapt_test]: 0.0686 - [adapt_test_per_env]: [0.0672, 0.0685, 0.0693, 0.0692]
Iter 274  - time: 7     - [train]: 0.0695 - [valid]: 0.0704 - [adapt]: 0.0643 - [adapt_test]: 0.0685 - [adapt_test_per_env]: [0.067, 0.0687, 0.069, 0.0693]
Iter 275  - time: 7     - [train]: 0.0694 - [valid]: 0.07   - [adapt]: 0.0638 - [adapt_test]: 0.068  - [adapt_test_per_env]: [0.0663, 0.0687, 0.0679, 0.0691]
Iter 276  - time: 7     - [train]: 0.0694 - [valid]: 0.0699 - [adapt]: 0.0637 - [adapt_test]: 0.0677 - [adapt_test_per_env]: [0.0659, 0.0687, 0.0673, 0.0689]
Iter 277  - time: 7     - [train]: 0.0693 - [valid]: 0.0697 - [adapt]: 0.0639 - [adapt_test]: 0.0677 - [adapt_test_per_env]: [0.0662, 0.0682, 0.0679, 0.0685]
Iter 278  - time: 7     - [train]: 0.0693 - [valid]: 0.0699 - [adapt]: 0.0645 - [adapt_test]: 0.068  - [adapt_test_per_env]: [0.067, 0.0676, 0.0691, 0.0683]
Iter 279  - time: 7     - [train]: 0.0694 - [valid]: 0.0701 - [adapt]: 0.0648 - [adapt_test]: 0.0682 - [adapt_test_per_env]: [0.0674, 0.0675, 0.0697, 0.0683]
Iter 280  - time: 7     - [train]: 0.0693 - [valid]: 0.0699 - [adapt]: 0.0644 - [adapt_test]: 0.068  - [adapt_test_per_env]: [0.067, 0.0676, 0.069, 0.0683]
Iter 281  - time: 7     - [train]: 0.0693 - [valid]: 0.0698 - [adapt]: 0.0639 - [adapt_test]: 0.0677 - [adapt_test_per_env]: [0.0663, 0.0681, 0.068, 0.0685]
Iter 282  - time: 7     - [train]: 0.0693 - [valid]: 0.0698 - [adapt]: 0.0637 - [adapt_test]: 0.0678 - [adapt_test_per_env]: [0.0661, 0.0686, 0.0676, 0.0688]
Iter 283  - time: 7     - [train]: 0.0692 - [valid]: 0.07   - [adapt]: 0.0638 - [adapt_test]: 0.068  - [adapt_test_per_env]: [0.0663, 0.0685, 0.068, 0.0689]
Iter 284  - time: 7     - [train]: 0.0693 - [valid]: 0.0702 - [adapt]: 0.064  - [adapt_test]: 0.0683 - [adapt_test_per_env]: [0.0668, 0.0685, 0.0687, 0.0691]
Iter 285  - time: 7     - [train]: 0.0692 - [valid]: 0.0702 - [adapt]: 0.0641 - [adapt_test]: 0.0682 - [adapt_test_per_env]: [0.0668, 0.0683, 0.0688, 0.069]
Iter 286  - time: 7     - [train]: 0.0692 - [valid]: 0.0699 - [adapt]: 0.0639 - [adapt_test]: 0.0679 - [adapt_test_per_env]: [0.0665, 0.0682, 0.0683, 0.0687]
Iter 287  - time: 7     - [train]: 0.0692 - [valid]: 0.0698 - [adapt]: 0.0638 - [adapt_test]: 0.0677 - [adapt_test_per_env]: [0.0662, 0.0682, 0.0679, 0.0686]
Iter 288  - time: 7     - [train]: 0.0692 - [valid]: 0.0697 - [adapt]: 0.0639 - [adapt_test]: 0.0677 - [adapt_test_per_env]: [0.0664, 0.068, 0.0681, 0.0684]
Iter 289  - time: 7     - [train]: 0.0691 - [valid]: 0.0698 - [adapt]: 0.0642 - [adapt_test]: 0.0679 - [adapt_test_per_env]: [0.0668, 0.0677, 0.0688, 0.0684]
Iter 290  - time: 7     - [train]: 0.0691 - [valid]: 0.0699 - [adapt]: 0.0642 - [adapt_test]: 0.068  - [adapt_test_per_env]: [0.0669, 0.0677, 0.069, 0.0684]
Iter 291  - time: 7     - [train]: 0.0691 - [valid]: 0.0698 - [adapt]: 0.0639 - [adapt_test]: 0.0679 - [adapt_test_per_env]: [0.0666, 0.068, 0.0685, 0.0685]
Iter 292  - time: 7     - [train]: 0.0691 - [valid]: 0.0698 - [adapt]: 0.0637 - [adapt_test]: 0.0678 - [adapt_test_per_env]: [0.0662, 0.0683, 0.0679, 0.0687]
Iter 293  - time: 7     - [train]: 0.0691 - [valid]: 0.0699 - [adapt]: 0.0636 - [adapt_test]: 0.0679 - [adapt_test_per_env]: [0.0662, 0.0684, 0.0679, 0.0688]
Iter 294  - time: 7     - [train]: 0.0691 - [valid]: 0.07   - [adapt]: 0.0638 - [adapt_test]: 0.068  - [adapt_test_per_env]: [0.0666, 0.0683, 0.0685, 0.0688]
Iter 295  - time: 7     - [train]: 0.069  - [valid]: 0.07   - [adapt]: 0.0639 - [adapt_test]: 0.0681 - [adapt_test_per_env]: [0.0667, 0.0682, 0.0687, 0.0688]
Iter 296  - time: 7     - [train]: 0.069  - [valid]: 0.0699 - [adapt]: 0.0638 - [adapt_test]: 0.0679 - [adapt_test_per_env]: [0.0665, 0.0681, 0.0684, 0.0686]
Iter 297  - time: 7     - [train]: 0.069  - [valid]: 0.0698 - [adapt]: 0.0637 - [adapt_test]: 0.0678 - [adapt_test_per_env]: [0.0663, 0.0681, 0.0681, 0.0685]
Iter 298  - time: 7     - [train]: 0.069  - [valid]: 0.0698 - [adapt]: 0.0639 - [adapt_test]: 0.0678 - [adapt_test_per_env]: [0.0665, 0.0679, 0.0684, 0.0684]
Iter 299  - time: 7     - [train]: 0.069  - [valid]: 0.0699 - [adapt]: 0.064  - [adapt_test]: 0.068  - [adapt_test_per_env]: [0.0668, 0.0678, 0.0689, 0.0685]
/lustre/home/br-rnzoyem/Projects/CAVIA/venv/lib64/python3.6/site-packages/torchdiffeq/_impl/misc.py:11: UserWarning: RK4: Unexpected arguments {'first_step': 10, 'dtype': torch.float64}
  warnings.warn('{}: Unexpected arguments {}'.format(solver.__class__.__name__, unused_kwargs))

Total script time in hours minutes seconds:  00:37:35
