/home/gb21553/miniconda3/envs/torch/lib/python3.12/site-packages/torchdiffeq/_impl/misc.py:11: UserWarning: Dopri5Solver: Unexpected arguments {'step_size': 40}
  warnings.warn('{}: Unexpected arguments {}'.format(solver.__class__.__name__, unused_kwargs))
CUDA available:  True
Using the following arguments:
task brussel
n_iter 500
tasks_per_metaupdate 25
k_meta_train 10
k_meta_test 10
k_shot_eval 10
lr_inner 0.1
lr_meta 0.001
num_inner_updates 1
num_context_params 64
num_hidden_layers [178, 178, 178, 178, 178]
first_order False
maml False
seed 20060
use_ordered_pixels False
device cuda:0

Copied files into to regression/BackupBrussel
Number of parameters in the model:  116665
saving best model at iter 0
Iter 0    - time: 2     - [train]: 8.5642 - [valid]: 8.6192 - [adapt]: 7.1135 - [adapt_test]: 7.4211 - [adapt_test_per_env]: [7.5285, 9.2972, 11.4259, 13.7508, 5.0253, 5.9968, 7.1461, 8.5366, 3.6933, 4.5192, 5.5143, 6.6193]
saving best model at iter 1
Iter 1    - time: 1     - [train]: 8.5184 - [valid]: 8.5735 - [adapt]: 7.0725 - [adapt_test]: 7.3795 - [adapt_test_per_env]: [7.485, 9.2486, 11.3715, 13.6905, 4.9916, 5.9602, 7.1062, 8.4933, 3.6635, 4.4862, 5.4779, 6.5797]
saving best model at iter 2
Iter 2    - time: 1     - [train]: 8.4356 - [valid]: 8.4879 - [adapt]: 6.9968 - [adapt_test]: 7.302  - [adapt_test_per_env]: [7.403, 9.157, 11.2693, 13.5772, 4.9294, 5.8924, 7.0318, 8.4124, 3.6087, 4.4255, 5.4109, 6.5065]
saving best model at iter 3
Iter 3    - time: 1     - [train]: 8.2279 - [valid]: 8.2659 - [adapt]: 6.8036 - [adapt_test]: 7.1018 - [adapt_test_per_env]: [7.1889, 8.9185, 11.004, 13.2832, 4.77, 5.718, 6.8398, 8.2029, 3.4686, 4.2697, 5.239, 6.3185]
saving best model at iter 4
Iter 4    - time: 1     - [train]: 7.6025 - [valid]: 7.5982 - [adapt]: 6.228  - [adapt_test]: 6.5059 - [adapt_test_per_env]: [6.5446, 8.1959, 10.1953, 12.382, 4.3087, 5.2093, 6.2742, 7.5811, 3.0656, 3.8166, 4.7345, 5.7629]
saving best model at iter 5
Iter 5    - time: 1     - [train]: 5.6236 - [valid]: 5.7193 - [adapt]: 4.5863 - [adapt_test]: 4.947  - [adapt_test_per_env]: [4.7572, 6.0756, 7.7095, 9.5059, 3.339, 4.0544, 4.888, 5.9662, 2.3025, 2.8431, 3.5506, 4.3718]
Iter 6    - time: 4     - [train]: 61.5291 - [valid]: 102.4751 - [adapt]: 73.8167 - [adapt_test]: 105.0587 - [adapt_test_per_env]: [102.6518, 100.5823, 98.4285, 96.2346, 109.5316, 108.7013, 107.4379, 106.4348, 109.8122, 108.2469, 106.8928, 105.7491]
saving best model at iter 7
Iter 7    - time: 3     - [train]: 4.8235 - [valid]: 5.1778 - [adapt]: 4.1594 - [adapt_test]: 4.6131 - [adapt_test_per_env]: [4.3225, 5.4184, 6.7909, 8.3194, 3.3651, 3.9731, 4.6725, 5.6194, 2.4626, 2.8661, 3.4313, 4.1164]
Iter 8    - time: 2     - [train]: 6.2701 - [valid]: 6.3157 - [adapt]: 5.1007 - [adapt_test]: 5.3798 - [adapt_test_per_env]: [5.3508, 6.8144, 8.5957, 10.56, 3.471, 4.2736, 5.2236, 6.4182, 2.3589, 2.9956, 3.7922, 4.704]
Iter 9    - time: 1     - [train]: 6.8941 - [valid]: 6.9543 - [adapt]: 5.6304 - [adapt_test]: 5.9283 - [adapt_test_per_env]: [5.9575, 7.5195, 9.4108, 11.4903, 3.8538, 4.7102, 5.7256, 6.9851, 2.6751, 3.3731, 4.2325, 5.2056]
Iter 10   - time: 1     - [train]: 7.2153 - [valid]: 7.2806 - [adapt]: 5.9105 - [adapt_test]: 6.2143 - [adapt_test_per_env]: [6.2649, 7.8718, 9.8147, 11.9483, 4.0678, 4.9491, 5.9939, 7.282, 2.8554, 3.5814, 4.4702, 5.4721]
Iter 11   - time: 1     - [train]: 7.4076 - [valid]: 7.4744 - [adapt]: 6.0795 - [adapt_test]: 6.3851 - [adapt_test_per_env]: [6.447, 8.0796, 10.0522, 12.2169, 4.1982, 5.0937, 6.1553, 7.4596, 2.9657, 3.7077, 4.6134, 5.6319]
Iter 12   - time: 1     - [train]: 7.5305 - [valid]: 7.5979 - [adapt]: 6.1876 - [adapt_test]: 6.4939 - [adapt_test_per_env]: [6.5629, 8.2116, 10.203, 12.3874, 4.2819, 5.1863, 6.2583, 7.5727, 3.0362, 3.7883, 4.7048, 5.7337]
Iter 13   - time: 1     - [train]: 7.611  - [valid]: 7.6786 - [adapt]: 6.2582 - [adapt_test]: 6.5648 - [adapt_test_per_env]: [6.6386, 8.2978, 10.3016, 12.499, 4.3364, 5.2466, 6.3254, 7.6463, 3.0817, 3.8403, 4.7639, 5.7997]
Iter 14   - time: 1     - [train]: 7.6632 - [valid]: 7.7311 - [adapt]: 6.3037 - [adapt_test]: 6.6104 - [adapt_test_per_env]: [6.6876, 8.3538, 10.3659, 12.572, 4.3712, 5.2853, 6.3685, 7.6936, 3.1101, 3.8731, 4.8014, 5.8418]
Iter 15   - time: 1     - [train]: 7.6957 - [valid]: 7.7638 - [adapt]: 6.3313 - [adapt_test]: 6.638  - [adapt_test_per_env]: [6.7178, 8.3885, 10.4062, 12.6181, 4.392, 5.3085, 6.3946, 7.7224, 3.1262, 3.892, 4.8234, 5.8669]
Iter 16   - time: 1     - [train]: 7.7134 - [valid]: 7.7817 - [adapt]: 6.3457 - [adapt_test]: 6.6525 - [adapt_test_per_env]: [6.7341, 8.4076, 10.4288, 12.6445, 4.4023, 5.3202, 6.4079, 7.7372, 3.1329, 3.9006, 4.8339, 5.8794]
Iter 17   - time: 1     - [train]: 7.7198 - [valid]: 7.7884 - [adapt]: 6.3498 - [adapt_test]: 6.6566 - [adapt_test_per_env]: [6.7397, 8.4146, 10.4378, 12.6557, 4.4045, 5.323, 6.4114, 7.7414, 3.1325, 3.901, 4.8355, 5.882]
Iter 18   - time: 1     - [train]: 7.7171 - [valid]: 7.7862 - [adapt]: 6.3457 - [adapt_test]: 6.6525 - [adapt_test_per_env]: [6.7369, 8.412, 10.436, 12.655, 4.4001, 5.3186, 6.4071, 7.737, 3.1261, 3.895, 4.8298, 5.8767]
Iter 19   - time: 1     - [train]: 7.7072 - [valid]: 7.7767 - [adapt]: 6.3349 - [adapt_test]: 6.6418 - [adapt_test_per_env]: [6.7271, 8.4018, 10.4257, 12.6447, 4.3904, 5.3085, 6.3965, 7.7257, 3.1149, 3.8835, 4.8182, 5.8651]
Iter 20   - time: 1     - [train]: 7.6913 - [valid]: 7.7612 - [adapt]: 6.3186 - [adapt_test]: 6.6256 - [adapt_test_per_env]: [6.7117, 8.3851, 10.4082, 12.6264, 4.3763, 5.2935, 6.3805, 7.7087, 3.0997, 3.8677, 4.8018, 5.8481]
Iter 21   - time: 1     - [train]: 7.6703 - [valid]: 7.7409 - [adapt]: 6.2976 - [adapt_test]: 6.6048 - [adapt_test_per_env]: [6.6915, 8.3632, 10.3847, 12.6016, 4.3585, 5.2745, 6.3601, 7.6868, 3.081, 3.848, 4.7812, 5.8266]
Iter 22   - time: 1     - [train]: 7.6451 - [valid]: 7.7163 - [adapt]: 6.2727 - [adapt_test]: 6.5802 - [adapt_test_per_env]: [6.6674, 8.3368, 10.3563, 12.5713, 4.3376, 5.2521, 6.3361, 7.6609, 3.0596, 3.8253, 4.7572, 5.8014]
Iter 23   - time: 1     - [train]: 7.6164 - [valid]: 7.6883 - [adapt]: 6.2446 - [adapt_test]: 6.5523 - [adapt_test_per_env]: [6.64, 8.3067, 10.3238, 12.5364, 4.3142, 5.2269, 6.3089, 7.6316, 3.0357, 3.7999, 4.7303, 5.7731]
Iter 24   - time: 1     - [train]: 7.5848 - [valid]: 7.6575 - [adapt]: 6.2137 - [adapt_test]: 6.5217 - [adapt_test_per_env]: [6.6098, 8.2734, 10.2877, 12.4975, 4.2886, 5.1994, 6.2791, 7.5994, 3.0099, 3.7723, 4.701, 5.7421]
Iter 25   - time: 1     - [train]: 7.5507 - [valid]: 7.6242 - [adapt]: 6.1805 - [adapt_test]: 6.4889 - [adapt_test_per_env]: [6.5773, 8.2376, 10.2487, 12.4554, 4.2614, 5.17, 6.2472, 7.565, 2.9825, 3.7429, 4.6697, 5.709]
Iter 26   - time: 1     - [train]: 7.5146 - [valid]: 7.5889 - [adapt]: 6.1455 - [adapt_test]: 6.4543 - [adapt_test_per_env]: [6.543, 8.1996, 10.2072, 12.4105, 4.2327, 5.139, 6.2136, 7.5285, 2.9539, 3.7121, 4.6368, 5.6741]
Iter 27   - time: 1     - [train]: 7.4768 - [valid]: 7.5519 - [adapt]: 6.109  - [adapt_test]: 6.4181 - [adapt_test_per_env]: [6.5071, 8.1598, 10.1636, 12.3633, 4.203, 5.1068, 6.1785, 7.4905, 2.9243, 3.6802, 4.6026, 5.6377]
Iter 28   - time: 1     - [train]: 7.4376 - [valid]: 7.5135 - [adapt]: 6.0711 - [adapt_test]: 6.3807 - [adapt_test_per_env]: [6.4698, 8.1184, 10.1182, 12.3139, 4.1723, 5.0735, 6.1422, 7.4511, 2.8939, 3.6474, 4.5673, 5.6001]
Iter 29   - time: 1     - [train]: 7.3971 - [valid]: 7.4739 - [adapt]: 6.0322 - [adapt_test]: 6.3421 - [adapt_test_per_env]: [6.4314, 8.0756, 10.0712, 12.2626, 4.1408, 5.0393, 6.1049, 7.4105, 2.8629, 3.6138, 4.5311, 5.5615]
Iter 30   - time: 1     - [train]: 7.3553 - [valid]: 7.433  - [adapt]: 5.9923 - [adapt_test]: 6.3026 - [adapt_test_per_env]: [6.3919, 8.0315, 10.0226, 12.2095, 4.1088, 5.0043, 6.0667, 7.3689, 2.8314, 3.5796, 4.4942, 5.5219]
Iter 31   - time: 1     - [train]: 7.3124 - [valid]: 7.391  - [adapt]: 5.9515 - [adapt_test]: 6.2621 - [adapt_test_per_env]: [6.3514, 7.9861, 9.9724, 12.1545, 4.0761, 4.9686, 6.0275, 7.3262, 2.7996, 3.5449, 4.4566, 5.4815]
Iter 32   - time: 1     - [train]: 7.2682 - [valid]: 7.3477 - [adapt]: 5.9096 - [adapt_test]: 6.2206 - [adapt_test_per_env]: [6.3097, 7.9394, 9.9205, 12.0975, 4.0427, 4.9322, 5.9875, 7.2824, 2.7673, 3.5096, 4.4183, 5.4403]
Iter 33   - time: 1     - [train]: 7.2225 - [valid]: 7.303  - [adapt]: 5.8667 - [adapt_test]: 6.178  - [adapt_test_per_env]: [6.2668, 7.8911, 9.8667, 12.0383, 4.0087, 4.8949, 5.9464, 7.2375, 2.7347, 3.4737, 4.3791, 5.398]
Iter 34   - time: 1     - [train]: 7.1752 - [valid]: 7.2568 - [adapt]: 5.8226 - [adapt_test]: 6.1341 - [adapt_test_per_env]: [6.2226, 7.8411, 9.8109, 11.9765, 3.9739, 4.8566, 5.9042, 7.1912, 2.7015, 3.4372, 4.3391, 5.3546]
Iter 35   - time: 1     - [train]: 7.1259 - [valid]: 7.2086 - [adapt]: 5.777  - [adapt_test]: 6.0887 - [adapt_test_per_env]: [6.1766, 7.7891, 9.7525, 11.9118, 3.9381, 4.8172, 5.8606, 7.1433, 2.6678, 3.3998, 4.298, 5.3099]
Iter 36   - time: 1     - [train]: 7.0743 - [valid]: 7.1582 - [adapt]: 5.7296 - [adapt_test]: 6.0415 - [adapt_test_per_env]: [6.1286, 7.7346, 9.6911, 11.8436, 3.9011, 4.7764, 5.8153, 7.0936, 2.6333, 3.3614, 4.2555, 5.2636]
Iter 37   - time: 1     - [train]: 7.0199 - [valid]: 7.1051 - [adapt]: 5.6801 - [adapt_test]: 5.9921 - [adapt_test_per_env]: [6.0783, 7.6772, 9.6262, 11.7711, 3.8627, 4.7338, 5.7681, 7.0415, 2.5979, 3.3217, 4.2115, 5.2153]
Iter 38   - time: 1     - [train]: 6.9621 - [valid]: 7.0488 - [adapt]: 5.6281 - [adapt_test]: 5.9401 - [adapt_test_per_env]: [6.025, 7.6163, 9.5571, 11.6937, 3.8225, 4.6892, 5.7183, 6.9866, 2.5613, 3.2805, 4.1655, 5.1647]
Iter 39   - time: 1     - [train]: 6.9002 - [valid]: 6.9886 - [adapt]: 5.573  - [adapt_test]: 5.8848 - [adapt_test_per_env]: [5.9683, 7.5512, 9.4829, 11.6104, 3.7802, 4.642, 5.6657, 6.9284, 2.5232, 3.2375, 4.1171, 5.1113]
Iter 40   - time: 1     - [train]: 6.8335 - [valid]: 6.9237 - [adapt]: 5.5141 - [adapt_test]: 5.8258 - [adapt_test_per_env]: [5.9073, 7.481, 9.4025, 11.5198, 3.7353, 4.5919, 5.6095, 6.8662, 2.4835, 3.1921, 4.0659, 5.0544]
Iter 41   - time: 1     - [train]: 6.7609 - [valid]: 6.8532 - [adapt]: 5.4508 - [adapt_test]: 5.7622 - [adapt_test_per_env]: [5.8414, 7.4049, 9.315, 11.4208, 3.6872, 4.5381, 5.5491, 6.7993, 2.4416, 3.144, 4.0112, 4.9934]
Iter 42   - time: 1     - [train]: 6.6814 - [valid]: 6.7761 - [adapt]: 5.3823 - [adapt_test]: 5.6931 - [adapt_test_per_env]: [5.7696, 7.3215, 9.2188, 11.3116, 3.6355, 4.48, 5.4837, 6.7266, 2.3973, 3.0927, 3.9526, 4.9276]
Iter 43   - time: 1     - [train]: 6.5936 - [valid]: 6.6911 - [adapt]: 5.3075 - [adapt_test]: 5.6176 - [adapt_test_per_env]: [5.6906, 7.2297, 9.1122, 11.1902, 3.5795, 4.4168, 5.4124, 6.6472, 2.3501, 3.0377, 3.8891, 4.8561]
Iter 44   - time: 1     - [train]: 6.4961 - [valid]: 6.5967 - [adapt]: 5.2254 - [adapt_test]: 5.5346 - [adapt_test_per_env]: [5.6034, 7.1278, 8.9934, 11.0544, 3.5184, 4.3477, 5.3341, 6.5598, 2.2997, 2.9783, 3.8201, 4.7779]
Iter 45   - time: 1     - [train]: 6.3869 - [valid]: 6.4913 - [adapt]: 5.1347 - [adapt_test]: 5.4427 - [adapt_test_per_env]: [5.5063, 7.0139, 8.8601, 10.9014, 3.4514, 4.2717, 5.2477, 6.4632, 2.2456, 2.914, 3.7447, 4.6919]
Iter 46   - time: 1     - [train]: 6.2642 - [valid]: 6.373  - [adapt]: 5.0341 - [adapt_test]: 5.3405 - [adapt_test_per_env]: [5.3979, 6.8861, 8.7097, 10.7281, 3.3778, 4.1877, 5.1518, 6.3558, 2.1876, 2.8441, 3.6621, 4.5969]
Iter 47   - time: 1     - [train]: 6.1256 - [valid]: 6.2396 - [adapt]: 4.9221 - [adapt_test]: 5.2264 - [adapt_test_per_env]: [5.2761, 6.7421, 8.5392, 10.531, 3.2966, 4.0946, 5.0452, 6.236, 2.1253, 2.7681, 3.5712, 4.4918]
Iter 48   - time: 1     - [train]: 5.9687 - [valid]: 6.0889 - [adapt]: 4.7973 - [adapt_test]: 5.099  - [adapt_test_per_env]: [5.1393, 6.5793, 8.3455, 10.3059, 3.2071, 3.9915, 4.9265, 6.1021, 2.0589, 2.6857, 3.4714, 4.3752]
Iter 49   - time: 1     - [train]: 5.7908 - [valid]: 5.9184 - [adapt]: 4.6583 - [adapt_test]: 4.9567 - [adapt_test_per_env]: [4.9853, 6.395, 8.1248, 10.0483, 3.1088, 3.8774, 4.7943, 5.9525, 1.9887, 2.5967, 3.362, 4.2462]
Iter 50   - time: 1     - [train]: 5.5893 - [valid]: 5.7258 - [adapt]: 4.5038 - [adapt_test]: 4.798  - [adapt_test_per_env]: [4.8125, 6.1867, 7.8735, 9.7535, 3.0014, 3.7517, 4.6477, 5.7858, 1.9154, 2.5015, 3.2429, 4.1039]
Iter 51   - time: 1     - [train]: 5.3619 - [valid]: 5.509  - [adapt]: 4.3332 - [adapt_test]: 4.6222 - [adapt_test_per_env]: [4.6193, 5.952, 7.588, 9.4165, 2.8853, 3.6144, 4.486, 5.6008, 1.8409, 2.4012, 3.1143, 3.9481]
Iter 52   - time: 1     - [train]: 5.107  - [valid]: 5.2669 - [adapt]: 4.1467 - [adapt_test]: 4.4293 - [adapt_test_per_env]: [4.4053, 5.6892, 7.2652, 9.033, 2.7622, 3.4665, 4.3097, 5.3973, 1.768, 2.2981, 2.9777, 3.7795]
saving best model at iter 53
Iter 53   - time: 1     - [train]: 4.8243 - [valid]: 4.9994 - [adapt]: 3.9458 - [adapt_test]: 4.2207 - [adapt_test_per_env]: [4.1712, 5.3978, 6.9031, 8.5991, 2.6352, 3.3105, 4.1206, 5.1767, 1.7014, 2.196, 2.8364, 3.6002]
saving best model at iter 54
Iter 54   - time: 1     - [train]: 4.5156 - [valid]: 4.7089 - [adapt]: 3.7348 - [adapt_test]: 4.0002 - [adapt_test_per_env]: [3.9202, 5.0796, 6.5017, 8.1132, 2.5101, 3.1516, 3.923, 4.9424, 1.6486, 2.1014, 2.6956, 3.415]
saving best model at iter 55
Iter 55   - time: 1     - [train]: 4.1861 - [valid]: 4.4007 - [adapt]: 3.5208 - [adapt_test]: 3.7748 - [adapt_test_per_env]: [3.6583, 4.7392, 6.0637, 7.5763, 2.3959, 2.9979, 3.7242, 4.7009, 1.6203, 2.0243, 2.5644, 3.2317]
saving best model at iter 56
Iter 56   - time: 1     - [train]: 3.8452 - [valid]: 4.0848 - [adapt]: 3.3157 - [adapt_test]: 3.5558 - [adapt_test_per_env]: [3.3964, 4.3857, 5.5966, 6.9937, 2.3062, 2.8623, 3.5363, 4.4631, 1.6318, 1.9789, 2.456, 3.0625]
saving best model at iter 57
Iter 57   - time: 1     - [train]: 3.5086 - [valid]: 3.7769 - [adapt]: 3.1364 - [adapt_test]: 3.3602 - [adapt_test_per_env]: [3.1506, 4.0342, 5.1134, 6.3771, 2.2602, 2.7631, 3.3763, 4.2456, 1.7033, 1.9847, 2.3888, 2.925]
saving best model at iter 58
Iter 58   - time: 1     - [train]: 3.1988 - [valid]: 3.4995 - [adapt]: 3.0061 - [adapt_test]: 3.2109 - [adapt_test_per_env]: [2.9441, 3.7063, 4.6351, 5.7463, 2.2824, 2.7241, 3.2676, 4.0706, 1.8598, 2.0659, 2.3864, 2.8421]
saving best model at iter 59
Iter 59   - time: 1     - [train]: 2.9455 - [valid]: 3.282  - [adapt]: 2.9519 - [adapt_test]: 3.1355 - [adapt_test_per_env]: [2.8054, 3.4309, 4.191, 5.1311, 2.4008, 2.7731, 3.2376, 3.9651, 2.1272, 2.2484, 2.4751, 2.8402]
saving best model at iter 60
Iter 60   - time: 1     - [train]: 2.7821 - [valid]: 3.1566 - [adapt]: 3.0006 - [adapt_test]: 3.1618 - [adapt_test_per_env]: [2.7648, 3.2407, 3.8176, 4.5721, 2.6402, 2.9357, 3.3128, 3.9564, 2.5251, 2.5534, 2.6778, 2.9442]
saving best model at iter 61
Iter 61   - time: 1     - [train]: 2.7355 - [valid]: 3.1483 - [adapt]: 3.1661 - [adapt_test]: 3.3049 - [adapt_test_per_env]: [2.8416, 3.163, 3.5531, 4.1181, 3.0052, 3.2199, 3.5051, 4.06, 3.048, 2.9805, 2.9998, 3.1647]
Iter 62   - time: 1     - [train]: 2.7936 - [valid]: 3.2417 - [adapt]: 3.4103 - [adapt_test]: 3.5301 - [adapt_test_per_env]: [3.0072, 3.1881, 3.4123, 3.8088, 3.4347, 3.5733, 3.7722, 4.2424, 3.6159, 3.4612, 3.3857, 3.4589]
Iter 63   - time: 2     - [train]: 2.9109 - [valid]: 3.3853 - [adapt]: 3.6666 - [adapt_test]: 3.7753 - [adapt_test_per_env]: [3.2188, 3.2855, 3.3736, 3.6327, 3.8422, 3.9164, 4.0439, 4.4421, 4.136, 3.9088, 3.7536, 3.7499]
Iter 64   - time: 2     - [train]: 3.0355 - [valid]: 3.525  - [adapt]: 3.8398 - [adapt_test]: 3.9728 - [adapt_test_per_env]: [3.4023, 3.3934, 3.3939, 3.5661, 4.1479, 4.1821, 4.2634, 4.6154, 4.4992, 4.2245, 4.0186, 3.9663]
Iter 65   - time: 2     - [train]: 2.9913 - [valid]: 3.4743 - [adapt]: 3.76   - [adapt_test]: 3.9047 - [adapt_test_per_env]: [3.3449, 3.3429, 3.3564, 3.5426, 4.0694, 4.1035, 4.1856, 4.5362, 4.4092, 4.1384, 3.9373, 3.8894]
Iter 66   - time: 3     - [train]: 2.8344 - [valid]: 3.299  - [adapt]: 3.529  - [adapt_test]: 3.6644 - [adapt_test_per_env]: [3.1325, 3.192, 3.2836, 3.5497, 3.7387, 3.8012, 3.9168, 4.298, 4.0221, 3.7888, 3.6291, 3.6207]
saving best model at iter 67
Iter 67   - time: 3     - [train]: 2.6489 - [valid]: 3.0888 - [adapt]: 3.2042 - [adapt_test]: 3.3571 - [adapt_test_per_env]: [2.8646, 3.0222, 3.2358, 3.6263, 3.287, 3.3969, 3.568, 4.0008, 3.4839, 3.3107, 3.217, 3.2716]
saving best model at iter 68
Iter 68   - time: 3     - [train]: 2.5111 - [valid]: 2.9233 - [adapt]: 2.8925 - [adapt_test]: 3.0753 - [adapt_test_per_env]: [2.6292, 2.9056, 3.2662, 3.8064, 2.8308, 2.9983, 3.2369, 3.7328, 2.9239, 2.8235, 2.8095, 2.9403]
saving best model at iter 69
Iter 69   - time: 3     - [train]: 2.4635 - [valid]: 2.8496 - [adapt]: 2.7239 - [adapt_test]: 2.8825 - [adapt_test_per_env]: [2.4838, 2.8813, 3.3921, 4.0854, 2.4601, 2.6864, 2.9936, 3.5538, 2.4471, 2.4209, 2.4884, 2.6971]
Iter 70   - time: 3     - [train]: 2.4924 - [valid]: 2.8599 - [adapt]: 2.6469 - [adapt_test]: 2.797  - [adapt_test_per_env]: [2.4371, 2.932, 3.5636, 4.3801, 2.2311, 2.5046, 2.8672, 3.4789, 2.133, 2.1665, 2.2993, 2.5705]
Iter 71   - time: 3     - [train]: 2.5295 - [valid]: 2.8886 - [adapt]: 2.6137 - [adapt_test]: 2.774  - [adapt_test_per_env]: [2.4347, 2.9824, 3.6799, 4.5636, 2.1296, 2.4283, 2.8206, 3.4598, 1.9876, 2.0534, 2.2216, 2.5265]
Iter 72   - time: 3     - [train]: 2.5253 - [valid]: 2.8834 - [adapt]: 2.5999 - [adapt_test]: 2.7637 - [adapt_test_per_env]: [2.4235, 2.9771, 3.6831, 4.5752, 2.1099, 2.4098, 2.8043, 3.4448, 1.9691, 2.0384, 2.2104, 2.5188]
saving best model at iter 73
Iter 73   - time: 3     - [train]: 2.4787 - [valid]: 2.8437 - [adapt]: 2.5887 - [adapt_test]: 2.7541 - [adapt_test_per_env]: [2.3964, 2.9192, 3.5895, 4.4451, 2.145, 2.4271, 2.8021, 3.4232, 2.04, 2.0904, 2.2418, 2.53]
saving best model at iter 74
Iter 74   - time: 3     - [train]: 2.4152 - [valid]: 2.7929 - [adapt]: 2.5637 - [adapt_test]: 2.7603 - [adapt_test_per_env]: [2.3722, 2.8363, 3.4372, 4.222, 2.2371, 2.4872, 2.8262, 3.4125, 2.1936, 2.208, 2.3202, 2.5705]
saving best model at iter 75
Iter 75   - time: 3     - [train]: 2.3682 - [valid]: 2.7623 - [adapt]: 2.5208 - [adapt_test]: 2.8047 - [adapt_test_per_env]: [2.3781, 2.7645, 3.2728, 3.9631, 2.3959, 2.6048, 2.8969, 3.4382, 2.4301, 2.3969, 2.4573, 2.6576]
Iter 76   - time: 2     - [train]: 2.3612 - [valid]: 2.7722 - [adapt]: 2.6408 - [adapt_test]: 2.8933 - [adapt_test_per_env]: [2.428, 2.7321, 3.1418, 3.7318, 2.6058, 2.7717, 3.0146, 3.5091, 2.7191, 2.6356, 2.6412, 2.7887]
Iter 77   - time: 2     - [train]: 2.3833 - [valid]: 2.808  - [adapt]: 2.756  - [adapt_test]: 2.9917 - [adapt_test_per_env]: [2.4971, 2.7337, 3.0632, 3.5717, 2.8037, 2.9341, 3.1364, 3.5919, 2.9796, 2.8547, 2.8154, 2.9196]
Iter 78   - time: 2     - [train]: 2.396  - [valid]: 2.8277 - [adapt]: 2.8056 - [adapt_test]: 3.042  - [adapt_test_per_env]: [2.5338, 2.7338, 3.0214, 3.4876, 2.9078, 3.0174, 3.1962, 3.6282, 3.1167, 2.9691, 2.9055, 2.9859]
Iter 79   - time: 2     - [train]: 2.3746 - [valid]: 2.8057 - [adapt]: 2.761  - [adapt_test]: 3.0146 - [adapt_test_per_env]: [2.5101, 2.7085, 2.9981, 3.4666, 2.8824, 2.9877, 3.1627, 3.5892, 3.0919, 2.9428, 2.878, 2.9571]
saving best model at iter 80
Iter 80   - time: 2     - [train]: 2.326  - [valid]: 2.7498 - [adapt]: 2.623  - [adapt_test]: 2.9228 - [adapt_test_per_env]: [2.4376, 2.6659, 2.9955, 3.5051, 2.7457, 2.8625, 3.0519, 3.4898, 2.927, 2.7954, 2.7501, 2.8476]
saving best model at iter 81
Iter 81   - time: 2     - [train]: 2.2782 - [valid]: 2.6902 - [adapt]: 2.4924 - [adapt_test]: 2.808  - [adapt_test_per_env]: [2.353, 2.6325, 3.0267, 3.6025, 2.5539, 2.6941, 2.9111, 3.3733, 2.6869, 2.5856, 2.5737, 2.7029]
saving best model at iter 82
Iter 82   - time: 3     - [train]: 2.2546 - [valid]: 2.6531 - [adapt]: 2.5536 - [adapt_test]: 2.7108 - [adapt_test_per_env]: [2.2896, 2.6277, 3.0939, 3.7436, 2.3684, 2.5373, 2.7877, 3.2803, 2.4453, 2.3789, 2.4053, 2.571]
saving best model at iter 83
Iter 83   - time: 3     - [train]: 2.2543 - [valid]: 2.6417 - [adapt]: 2.5012 - [adapt_test]: 2.6505 - [adapt_test_per_env]: [2.2567, 2.6438, 3.1696, 3.8805, 2.2342, 2.4278, 2.7065, 3.2255, 2.2649, 2.2278, 2.2861, 2.4824]
saving best model at iter 84
Iter 84   - time: 3     - [train]: 2.2551 - [valid]: 2.6383 - [adapt]: 2.5783 - [adapt_test]: 2.6222 - [adapt_test_per_env]: [2.2405, 2.6541, 3.2125, 3.9567, 2.1662, 2.3724, 2.6658, 3.1981, 2.1756, 2.1538, 2.2289, 2.4413]
saving best model at iter 85
Iter 85   - time: 3     - [train]: 2.2396 - [valid]: 2.6251 - [adapt]: 2.4128 - [adapt_test]: 2.6066 - [adapt_test_per_env]: [2.2267, 2.6431, 3.206, 3.9548, 2.1445, 2.3505, 2.6442, 3.176, 2.1576, 2.1368, 2.213, 2.4259]
saving best model at iter 86
Iter 86   - time: 4     - [train]: 2.2092 - [valid]: 2.5997 - [adapt]: 2.4161 - [adapt_test]: 2.6025 - [adapt_test_per_env]: [2.2116, 2.6062, 3.1446, 3.8686, 2.1702, 2.3623, 2.6411, 3.1573, 2.2137, 2.1786, 2.2393, 2.4368]
saving best model at iter 87
Iter 87   - time: 4     - [train]: 2.1702 - [valid]: 2.5701 - [adapt]: 2.4412 - [adapt_test]: 2.6148 - [adapt_test_per_env]: [2.2017, 2.5528, 3.0415, 3.715, 2.2438, 2.4099, 2.6603, 3.1475, 2.3409, 2.2782, 2.3089, 2.477]
saving best model at iter 88
Iter 88   - time: 3     - [train]: 2.1377 - [valid]: 2.5481 - [adapt]: 2.6673 - [adapt_test]: 2.65   - [adapt_test_per_env]: [2.207, 2.4982, 2.9182, 3.5216, 2.364, 2.4947, 2.706, 3.1539, 2.5327, 2.4322, 2.4217, 2.5496]
saving best model at iter 89
Iter 89   - time: 3     - [train]: 2.1215 - [valid]: 2.5452 - [adapt]: 2.6206 - [adapt_test]: 2.6985 - [adapt_test_per_env]: [2.2276, 2.4638, 2.8211, 3.3609, 2.4916, 2.5894, 2.7648, 3.1762, 2.7243, 2.5891, 2.541, 2.6321]
saving best model at iter 90
Iter 90   - time: 3     - [train]: 2.1115 - [valid]: 2.5432 - [adapt]: 2.6055 - [adapt_test]: 2.7319 - [adapt_test_per_env]: [2.2417, 2.4377, 2.7509, 3.2458, 2.5823, 2.6546, 2.8024, 3.1851, 2.8631, 2.7023, 2.6266, 2.6906]
saving best model at iter 91
Iter 91   - time: 3     - [train]: 2.0865 - [valid]: 2.5177 - [adapt]: 2.6398 - [adapt_test]: 2.7096 - [adapt_test_per_env]: [2.2176, 2.4046, 2.7119, 3.2008, 2.5713, 2.6335, 2.7713, 3.1419, 2.8683, 2.7008, 2.6183, 2.6749]
saving best model at iter 92
Iter 92   - time: 4     - [train]: 2.0431 - [valid]: 2.4676 - [adapt]: 2.3752 - [adapt_test]: 2.6187 - [adapt_test_per_env]: [2.1467, 2.3681, 2.7221, 3.2588, 2.4289, 2.5042, 2.6581, 3.0418, 2.6952, 2.5477, 2.4877, 2.5654]
saving best model at iter 93
Iter 93   - time: 4     - [train]: 2.0096 - [valid]: 2.4242 - [adapt]: 2.2456 - [adapt_test]: 2.5091 - [adapt_test_per_env]: [2.07, 2.3521, 2.7836, 3.3999, 2.2297, 2.3325, 2.5191, 2.9316, 2.4366, 2.3257, 2.3064, 2.4224]
saving best model at iter 94
Iter 94   - time: 5     - [train]: 1.9977 - [valid]: 2.3995 - [adapt]: 2.1516 - [adapt_test]: 2.4253 - [adapt_test_per_env]: [2.0153, 2.352, 2.8543, 3.5427, 2.0641, 2.1897, 2.404, 2.8404, 2.2243, 2.1452, 2.1611, 2.3103]
saving best model at iter 95
Iter 95   - time: 5     - [train]: 1.9854 - [valid]: 2.3833 - [adapt]: 2.1066 - [adapt_test]: 2.3846 - [adapt_test_per_env]: [1.9876, 2.3438, 2.8744, 3.5916, 1.9931, 2.1235, 2.3451, 2.7856, 2.1404, 2.0717, 2.0994, 2.2592]
saving best model at iter 96
Iter 96   - time: 6     - [train]: 1.953  - [valid]: 2.3564 - [adapt]: 2.1034 - [adapt_test]: 2.3817 - [adapt_test_per_env]: [1.9741, 2.2994, 2.798, 3.4826, 2.0333, 2.1416, 2.3399, 2.7549, 2.2192, 2.1296, 2.1352, 2.2728]
saving best model at iter 97
Iter 97   - time: 5     - [train]: 1.9211 - [valid]: 2.3409 - [adapt]: 2.1551 - [adapt_test]: 2.4364 - [adapt_test_per_env]: [1.9917, 2.2379, 2.6477, 3.2423, 2.2022, 2.2626, 2.4085, 2.7699, 2.4745, 2.336, 2.2888, 2.3747]
Iter 98   - time: 5     - [train]: 1.9165 - [valid]: 2.3541 - [adapt]: 2.2299 - [adapt_test]: 2.5122 - [adapt_test_per_env]: [2.0357, 2.2115, 2.5422, 3.0563, 2.3792, 2.3962, 2.495, 2.8077, 2.731, 2.5479, 2.4524, 2.491]
Iter 99   - time: 5     - [train]: 1.9048 - [valid]: 2.3485 - [adapt]: 2.2331 - [adapt_test]: 2.5188 - [adapt_test_per_env]: [2.0379, 2.1963, 2.5109, 3.0084, 2.4085, 2.411, 2.495, 2.7905, 2.7861, 2.5907, 2.4822, 2.5075]
saving best model at iter 100
Iter 100  - time: 5     - [train]: 1.8832 - [valid]: 2.3126 - [adapt]: 2.1501 - [adapt_test]: 2.4431 - [adapt_test_per_env]: [1.9873, 2.184, 2.5471, 3.0943, 2.2733, 2.2922, 2.3959, 2.7079, 2.6196, 2.4458, 2.361, 2.4084]
saving best model at iter 101
Iter 101  - time: 6     - [train]: 1.8731 - [valid]: 2.2887 - [adapt]: 2.0563 - [adapt_test]: 2.3549 - [adapt_test_per_env]: [1.9385, 2.2007, 2.6429, 3.2708, 2.086, 2.1378, 2.2793, 2.6263, 2.3702, 2.2348, 2.1919, 2.2792]
saving best model at iter 102
Iter 102  - time: 7     - [train]: 1.8786 - [valid]: 2.2867 - [adapt]: 2.0179 - [adapt_test]: 2.319  - [adapt_test_per_env]: [1.9251, 2.2216, 2.7052, 3.3757, 1.9979, 2.0663, 2.227, 2.5918, 2.2504, 2.1343, 2.1128, 2.2204]
saving best model at iter 103
Iter 103  - time: 7     - [train]: 1.8685 - [valid]: 2.2795 - [adapt]: 2.026  - [adapt_test]: 2.323  - [adapt_test_per_env]: [1.9282, 2.2069, 2.6726, 3.3249, 2.0266, 2.0819, 2.2291, 2.5787, 2.2971, 2.1684, 2.1339, 2.2284]
saving best model at iter 104
Iter 104  - time: 7     - [train]: 1.8561 - [valid]: 2.2783 - [adapt]: 2.0818 - [adapt_test]: 2.372  - [adapt_test_per_env]: [1.9544, 2.1736, 2.5732, 3.1584, 2.1608, 2.1789, 2.2856, 2.5933, 2.4961, 2.3289, 2.2532, 2.3074]
Iter 105  - time: 7     - [train]: 1.8622 - [valid]: 2.2972 - [adapt]: 2.1529 - [adapt_test]: 2.447  - [adapt_test_per_env]: [2.0011, 2.1594, 2.4897, 3.0044, 2.3229, 2.304, 2.3702, 2.6366, 2.7291, 2.5231, 2.4052, 2.4184]
Iter 106  - time: 7     - [train]: 1.8621 - [valid]: 2.297  - [adapt]: 2.1615 - [adapt_test]: 2.4489 - [adapt_test_per_env]: [2.0061, 2.159, 2.4846, 2.9946, 2.3309, 2.3071, 2.3686, 2.6284, 2.7433, 2.5332, 2.4113, 2.4197]
saving best model at iter 107
Iter 107  - time: 7     - [train]: 1.8514 - [valid]: 2.2761 - [adapt]: 2.0947 - [adapt_test]: 2.3919 - [adapt_test_per_env]: [1.9721, 2.165, 2.537, 3.0939, 2.213, 2.2129, 2.2991, 2.5833, 2.5853, 2.4003, 2.3041, 2.3372]
saving best model at iter 108
Iter 108  - time: 8     - [train]: 1.854  - [valid]: 2.2666 - [adapt]: 2.0388 - [adapt_test]: 2.3371 - [adapt_test_per_env]: [1.9442, 2.1871, 2.6166, 3.2328, 2.0838, 2.1126, 2.2306, 2.5463, 2.4042, 2.2493, 2.1863, 2.2513]
saving best model at iter 109
Iter 109  - time: 9     - [train]: 1.8587 - [valid]: 2.2662 - [adapt]: 2.0214 - [adapt_test]: 2.3194 - [adapt_test_per_env]: [1.9384, 2.1994, 2.6501, 3.2881, 2.0387, 2.0778, 2.2069, 2.5337, 2.3396, 2.1956, 2.1442, 2.2206]
saving best model at iter 110
Iter 110  - time: 9     - [train]: 1.8521 - [valid]: 2.264  - [adapt]: 2.0366 - [adapt_test]: 2.3373 - [adapt_test_per_env]: [1.9481, 2.1852, 2.6092, 3.2202, 2.0907, 2.1147, 2.2274, 2.537, 2.4176, 2.258, 2.1899, 2.2499]
Iter 111  - time: 9     - [train]: 1.8494 - [valid]: 2.269  - [adapt]: 2.0782 - [adapt_test]: 2.3788 - [adapt_test_per_env]: [1.9731, 2.1667, 2.5423, 3.104, 2.1948, 2.1919, 2.2751, 2.5543, 2.5676, 2.3802, 2.2823, 2.313]
Iter 112  - time: 9     - [train]: 1.8538 - [valid]: 2.278  - [adapt]: 2.1104 - [adapt_test]: 2.4114 - [adapt_test_per_env]: [1.9958, 2.1601, 2.5033, 3.0322, 2.2696, 2.2484, 2.3117, 2.57, 2.6722, 2.4661, 2.348, 2.359]
Iter 113  - time: 9     - [train]: 1.8517 - [valid]: 2.2726 - [adapt]: 2.0929 - [adapt_test]: 2.3945 - [adapt_test_per_env]: [1.9878, 2.1613, 2.516, 3.0569, 2.2394, 2.223, 2.2914, 2.5547, 2.6282, 2.4276, 2.3158, 2.3325]
saving best model at iter 114
Iter 114  - time: 9     - [train]: 1.8485 - [valid]: 2.2605 - [adapt]: 2.0506 - [adapt_test]: 2.3476 - [adapt_test_per_env]: [1.9616, 2.1707, 2.5669, 3.1501, 2.1411, 2.1456, 2.2366, 2.5226, 2.4867, 2.3083, 2.2206, 2.2609]
saving best model at iter 115
Iter 115  - time: 9     - [train]: 1.8513 - [valid]: 2.2557 - [adapt]: 2.018  - [adapt_test]: 2.3148 - [adapt_test_per_env]: [1.9451, 2.1833, 2.613, 3.2306, 2.0664, 2.0881, 2.1975, 2.5024, 2.3769, 2.2167, 2.1489, 2.2082]
saving best model at iter 116
Iter 116  - time: 9     - [train]: 1.8519 - [valid]: 2.2547 - [adapt]: 2.0105 - [adapt_test]: 2.3127 - [adapt_test_per_env]: [1.9445, 2.1828, 2.6132, 3.2315, 2.064, 2.0855, 2.1948, 2.4993, 2.3734, 2.2132, 2.1456, 2.2049]
Iter 117  - time: 9     - [train]: 1.8483 - [valid]: 2.2568 - [adapt]: 2.0358 - [adapt_test]: 2.3383 - [adapt_test_per_env]: [1.9583, 2.1702, 2.5709, 3.1592, 2.1274, 2.1329, 2.2245, 2.5109, 2.4666, 2.2896, 2.2038, 2.2455]
Iter 118  - time: 9     - [train]: 1.8493 - [valid]: 2.2643 - [adapt]: 2.0776 - [adapt_test]: 2.3742 - [adapt_test_per_env]: [1.9793, 2.1601, 2.5254, 3.0777, 2.208, 2.1946, 2.2658, 2.5312, 2.5831, 2.3864, 2.2793, 2.3]
Iter 119  - time: 9     - [train]: 1.8502 - [valid]: 2.268  - [adapt]: 2.0925 - [adapt_test]: 2.3899 - [adapt_test_per_env]: [1.9883, 2.1569, 2.5084, 3.0466, 2.2407, 2.2202, 2.2835, 2.5409, 2.631, 2.4267, 2.3113, 2.3238]
Iter 120  - time: 8     - [train]: 1.8467 - [valid]: 2.2595 - [adapt]: 2.0776 - [adapt_test]: 2.3613 - [adapt_test_per_env]: [1.9715, 2.1611, 2.5365, 3.0994, 2.1815, 2.1738, 2.2506, 2.5221, 2.5471, 2.356, 2.2548, 2.2813]
saving best model at iter 121
Iter 121  - time: 8     - [train]: 1.8456 - [valid]: 2.2531 - [adapt]: 2.045  - [adapt_test]: 2.3294 - [adapt_test_per_env]: [1.9522, 2.1708, 2.5793, 3.1756, 2.1078, 2.1177, 2.2137, 2.5047, 2.4415, 2.2686, 2.1874, 2.2333]
saving best model at iter 122
Iter 122  - time: 8     - [train]: 1.846  - [valid]: 2.2517 - [adapt]: 2.0304 - [adapt_test]: 2.3254 - [adapt_test_per_env]: [1.9471, 2.1742, 2.5908, 3.1956, 2.0908, 2.1063, 2.2085, 2.5063, 2.4219, 2.2547, 2.1792, 2.2301]
Iter 123  - time: 8     - [train]: 1.8455 - [valid]: 2.2521 - [adapt]: 2.037  - [adapt_test]: 2.3303 - [adapt_test_per_env]: [1.9484, 2.1704, 2.5816, 3.181, 2.1036, 2.116, 2.2148, 2.5092, 2.4399, 2.2696, 2.1905, 2.2383]
Iter 124  - time: 8     - [train]: 1.8434 - [valid]: 2.255  - [adapt]: 2.0622 - [adapt_test]: 2.3556 - [adapt_test_per_env]: [1.9614, 2.159, 2.5425, 3.1136, 2.1641, 2.1621, 2.245, 2.5234, 2.5281, 2.3425, 2.247, 2.2786]
Iter 125  - time: 8     - [train]: 1.844  - [valid]: 2.2601 - [adapt]: 2.0876 - [adapt_test]: 2.3803 - [adapt_test_per_env]: [1.9754, 2.1511, 2.5098, 3.0557, 2.2206, 2.2057, 2.2745, 2.5385, 2.6084, 2.4092, 2.2989, 2.3163]
Iter 126  - time: 8     - [train]: 1.8433 - [valid]: 2.2593 - [adapt]: 2.0878 - [adapt_test]: 2.38   - [adapt_test_per_env]: [1.9746, 2.1493, 2.5068, 3.0516, 2.2222, 2.2068, 2.275, 2.5385, 2.6097, 2.41, 2.2993, 2.3161]
Iter 127  - time: 8     - [train]: 1.8408 - [valid]: 2.2526 - [adapt]: 2.0636 - [adapt_test]: 2.3563 - [adapt_test_per_env]: [1.9595, 2.1525, 2.5308, 3.0967, 2.1728, 2.1684, 2.2485, 2.5244, 2.5383, 2.3502, 2.2521, 2.2813]
saving best model at iter 128
Iter 128  - time: 8     - [train]: 1.8401 - [valid]: 2.2472 - [adapt]: 2.0379 - [adapt_test]: 2.3315 - [adapt_test_per_env]: [1.9446, 2.1584, 2.5603, 3.1504, 2.1185, 2.1267, 2.2205, 2.5106, 2.4592, 2.2844, 2.2007, 2.2439]
saving best model at iter 129
Iter 129  - time: 8     - [train]: 1.8396 - [valid]: 2.2466 - [adapt]: 2.0277 - [adapt_test]: 2.3032 - [adapt_test_per_env]: [1.9343, 2.1692, 2.5979, 3.2152, 2.0614, 2.082, 2.1887, 2.4911, 2.3653, 2.2042, 2.1355, 2.1936]
saving best model at iter 130
Iter 130  - time: 8     - [train]: 1.841  - [valid]: 2.2456 - [adapt]: 2.0361 - [adapt_test]: 2.3165 - [adapt_test_per_env]: [1.9384, 2.1599, 2.5724, 3.1732, 2.0946, 2.1078, 2.2063, 2.501, 2.4145, 2.2452, 2.1677, 2.2171]
Iter 131  - time: 8     - [train]: 1.8394 - [valid]: 2.2491 - [adapt]: 2.0636 - [adapt_test]: 2.3489 - [adapt_test_per_env]: [1.9537, 2.1466, 2.5252, 3.0918, 2.1684, 2.165, 2.2456, 2.5227, 2.5231, 2.336, 2.2392, 2.2697]
Iter 132  - time: 7     - [train]: 1.8391 - [valid]: 2.2534 - [adapt]: 2.0835 - [adapt_test]: 2.3728 - [adapt_test_per_env]: [1.9658, 2.1399, 2.4961, 3.0398, 2.2195, 2.2054, 2.2742, 2.54, 2.5977, 2.3989, 2.2893, 2.3074]
Iter 133  - time: 7     - [train]: 1.8371 - [valid]: 2.2493 - [adapt]: 2.0706 - [adapt_test]: 2.36   - [adapt_test_per_env]: [1.9566, 2.1412, 2.509, 3.0646, 2.1917, 2.1844, 2.2605, 2.5341, 2.558, 2.3662, 2.2639, 2.2892]
saving best model at iter 134
Iter 134  - time: 7     - [train]: 1.8372 - [valid]: 2.2432 - [adapt]: 2.0381 - [adapt_test]: 2.3275 - [adapt_test_per_env]: [1.9374, 2.1501, 2.5501, 3.1386, 2.1194, 2.1295, 2.2243, 2.5172, 2.4516, 2.2777, 2.195, 2.2396]
saving best model at iter 135
Iter 135  - time: 7     - [train]: 1.8369 - [valid]: 2.2418 - [adapt]: 2.0274 - [adapt_test]: 2.31   - [adapt_test_per_env]: [1.9281, 2.1577, 2.577, 3.1853, 2.0781, 2.0991, 2.2056, 2.5104, 2.3879, 2.225, 2.1545, 2.2109]
Iter 136  - time: 7     - [train]: 1.8345 - [valid]: 2.2423 - [adapt]: 2.0353 - [adapt_test]: 2.3311 - [adapt_test_per_env]: [1.9361, 2.1477, 2.545, 3.1307, 2.1249, 2.1353, 2.2304, 2.5245, 2.4607, 2.2866, 2.2034, 2.2475]
Iter 137  - time: 7     - [train]: 1.8342 - [valid]: 2.2454 - [adapt]: 2.0531 - [adapt_test]: 2.3533 - [adapt_test_per_env]: [1.9474, 2.1398, 2.5143, 3.0769, 2.1749, 2.1744, 2.2575, 2.5399, 2.5334, 2.3474, 2.2511, 2.2825]
Iter 138  - time: 7     - [train]: 1.8344 - [valid]: 2.2467 - [adapt]: 2.063  - [adapt_test]: 2.3611 - [adapt_test_per_env]: [1.9513, 2.1371, 2.5037, 3.0583, 2.1926, 2.1888, 2.268, 2.5467, 2.5575, 2.3676, 2.2671, 2.2944]
Iter 139  - time: 7     - [train]: 1.8333 - [valid]: 2.2434 - [adapt]: 2.0505 - [adapt_test]: 2.3487 - [adapt_test_per_env]: [1.9434, 2.1392, 2.517, 3.083, 2.1661, 2.1686, 2.2546, 2.5405, 2.5189, 2.3354, 2.2419, 2.276]
saving best model at iter 140
Iter 140  - time: 7     - [train]: 1.8329 - [valid]: 2.2396 - [adapt]: 2.0331 - [adapt_test]: 2.3299 - [adapt_test_per_env]: [1.9322, 2.1441, 2.5401, 3.1246, 2.1246, 2.1367, 2.2333, 2.5301, 2.458, 2.2848, 2.2024, 2.2473]
saving best model at iter 141
Iter 141  - time: 7     - [train]: 1.8329 - [valid]: 2.2379 - [adapt]: 2.0307 - [adapt_test]: 2.3211 - [adapt_test_per_env]: [1.9273, 2.1462, 2.5501, 3.1429, 2.1061, 2.1226, 2.2238, 2.5256, 2.4298, 2.2611, 2.1837, 2.2336]
Iter 142  - time: 7     - [train]: 1.8322 - [valid]: 2.2383 - [adapt]: 2.0389 - [adapt_test]: 2.3281 - [adapt_test_per_env]: [1.9312, 2.142, 2.5368, 3.1202, 2.1253, 2.1371, 2.2332, 2.5298, 2.4559, 2.2822, 2.1995, 2.2441]
Iter 143  - time: 7     - [train]: 1.8321 - [valid]: 2.2403 - [adapt]: 2.0533 - [adapt_test]: 2.3416 - [adapt_test_per_env]: [1.9391, 2.1366, 2.5161, 3.0841, 2.1585, 2.1626, 2.25, 2.538, 2.502, 2.3201, 2.2284, 2.2644]
Iter 144  - time: 7     - [train]: 1.8321 - [valid]: 2.2408 - [adapt]: 2.0522 - [adapt_test]: 2.3454 - [adapt_test_per_env]: [1.9414, 2.1348, 2.5097, 3.0729, 2.1684, 2.1701, 2.2548, 2.5402, 2.5152, 2.3308, 2.2364, 2.2697]
Iter 145  - time: 7     - [train]: 1.8327 - [valid]: 2.2381 - [adapt]: 2.0385 - [adapt_test]: 2.3342 - [adapt_test_per_env]: [1.9348, 2.1372, 2.5224, 3.0963, 2.1443, 2.1512, 2.2418, 2.533, 2.4806, 2.3018, 2.2136, 2.2529]
saving best model at iter 146
Iter 146  - time: 6     - [train]: 1.8322 - [valid]: 2.2367 - [adapt]: 2.0372 - [adapt_test]: 2.3287 - [adapt_test_per_env]: [1.9314, 2.1385, 2.5291, 3.1085, 2.132, 2.1418, 2.2354, 2.5298, 2.4634, 2.2876, 2.2025, 2.2449]
Iter 147  - time: 6     - [train]: 1.8317 - [valid]: 2.2373 - [adapt]: 2.043  - [adapt_test]: 2.334  - [adapt_test_per_env]: [1.934, 2.1367, 2.5221, 3.0962, 2.1434, 2.1507, 2.2414, 2.533, 2.4808, 2.3021, 2.214, 2.2534]
Iter 148  - time: 6     - [train]: 1.8314 - [valid]: 2.239  - [adapt]: 2.053  - [adapt_test]: 2.3443 - [adapt_test_per_env]: [1.9395, 2.1337, 2.5094, 3.0736, 2.1656, 2.1679, 2.2533, 2.5395, 2.5137, 2.3297, 2.2358, 2.2695]
Iter 149  - time: 6     - [train]: 1.8311 - [valid]: 2.2397 - [adapt]: 2.0575 - [adapt_test]: 2.3494 - [adapt_test_per_env]: [1.942, 2.1325, 2.5037, 3.0633, 2.176, 2.1761, 2.259, 2.5427, 2.5299, 2.3435, 2.2469, 2.2778]
Iter 150  - time: 6     - [train]: 1.8328 - [valid]: 2.2387 - [adapt]: 2.0535 - [adapt_test]: 2.346  - [adapt_test_per_env]: [1.9395, 2.1335, 2.5086, 3.0721, 2.1672, 2.1693, 2.2544, 2.5403, 2.5189, 2.3346, 2.2401, 2.2732]
Iter 151  - time: 6     - [train]: 1.8321 - [valid]: 2.2385 - [adapt]: 2.054  - [adapt_test]: 2.3467 - [adapt_test_per_env]: [1.9396, 2.1334, 2.5082, 3.0714, 2.168, 2.1699, 2.2548, 2.5405, 2.5213, 2.3368, 2.242, 2.2748]
Iter 152  - time: 6     - [train]: 1.8313 - [valid]: 2.2391 - [adapt]: 2.058  - [adapt_test]: 2.3507 - [adapt_test_per_env]: [1.9418, 2.1322, 2.5033, 3.0628, 2.1765, 2.1763, 2.259, 2.5424, 2.5344, 2.3477, 2.2506, 2.281]
Iter 153  - time: 6     - [train]: 1.8307 - [valid]: 2.2392 - [adapt]: 2.06   - [adapt_test]: 2.3525 - [adapt_test_per_env]: [1.9429, 2.1314, 2.5005, 3.0578, 2.1809, 2.1795, 2.2607, 2.5427, 2.5413, 2.3533, 2.2549, 2.2839]
Iter 154  - time: 6     - [train]: 1.8299 - [valid]: 2.238  - [adapt]: 2.0563 - [adapt_test]: 2.3486 - [adapt_test_per_env]: [1.9407, 2.1317, 2.5038, 3.0642, 2.1735, 2.1733, 2.2559, 2.5391, 2.531, 2.3445, 2.2477, 2.2782]
saving best model at iter 155
Iter 155  - time: 6     - [train]: 1.8292 - [valid]: 2.2358 - [adapt]: 2.047  - [adapt_test]: 2.3372 - [adapt_test_per_env]: [1.9348, 2.1337, 2.5157, 3.0862, 2.1513, 2.1558, 2.2431, 2.5313, 2.4961, 2.3147, 2.2237, 2.26]
saving best model at iter 156
Iter 156  - time: 6     - [train]: 1.8291 - [valid]: 2.2345 - [adapt]: 2.044  - [adapt_test]: 2.3326 - [adapt_test_per_env]: [1.9325, 2.1339, 2.5192, 3.0929, 2.1432, 2.1488, 2.2375, 2.5268, 2.4842, 2.3042, 2.2149, 2.2528]
saving best model at iter 157
Iter 157  - time: 6     - [train]: 1.8285 - [valid]: 2.2341 - [adapt]: 2.0444 - [adapt_test]: 2.3334 - [adapt_test_per_env]: [1.9335, 2.1324, 2.5151, 3.0864, 2.1478, 2.1516, 2.2384, 2.5257, 2.4903, 2.3087, 2.2176, 2.2538]
Iter 158  - time: 6     - [train]: 1.8282 - [valid]: 2.2346 - [adapt]: 2.0425 - [adapt_test]: 2.3402 - [adapt_test_per_env]: [1.9377, 2.1297, 2.5043, 3.0673, 2.1643, 2.1635, 2.2456, 2.5278, 2.5155, 2.3294, 2.2333, 2.2642]
Iter 159  - time: 6     - [train]: 1.8268 - [valid]: 2.2344 - [adapt]: 2.0483 - [adapt_test]: 2.3406 - [adapt_test_per_env]: [1.9383, 2.1287, 2.5018, 3.0634, 2.167, 2.1652, 2.246, 2.5268, 2.519, 2.3318, 2.2346, 2.2646]
saving best model at iter 160
Iter 160  - time: 7     - [train]: 1.8269 - [valid]: 2.2312 - [adapt]: 2.0326 - [adapt_test]: 2.3238 - [adapt_test_per_env]: [1.929, 2.1327, 2.5216, 3.0993, 2.1315, 2.1374, 2.2264, 2.5158, 2.4663, 2.2874, 2.1996, 2.2386]
saving best model at iter 161
Iter 161  - time: 7     - [train]: 1.826  - [valid]: 2.2298 - [adapt]: 2.0222 - [adapt_test]: 2.3176 - [adapt_test_per_env]: [1.9256, 2.1343, 2.5291, 3.1128, 2.118, 2.1266, 2.2187, 2.5112, 2.4471, 2.2713, 2.1868, 2.2291]
saving best model at iter 162
Iter 162  - time: 7     - [train]: 1.8267 - [valid]: 2.2294 - [adapt]: 2.0261 - [adapt_test]: 2.3168 - [adapt_test_per_env]: [1.9252, 2.1339, 2.5289, 3.1128, 2.1172, 2.1256, 2.2177, 2.5099, 2.4462, 2.2704, 2.1859, 2.2281]
Iter 163  - time: 7     - [train]: 1.8258 - [valid]: 2.2316 - [adapt]: 2.0334 - [adapt_test]: 2.3315 - [adapt_test_per_env]: [1.9335, 2.1289, 2.5086, 3.0768, 2.151, 2.1515, 2.2348, 2.5182, 2.4954, 2.3111, 2.2174, 2.2506]
Iter 164  - time: 6     - [train]: 1.8258 - [valid]: 2.2333 - [adapt]: 2.0415 - [adapt_test]: 2.341  - [adapt_test_per_env]: [1.9389, 2.1262, 2.4966, 3.0554, 2.172, 2.1677, 2.2458, 2.5238, 2.5262, 2.3368, 2.2375, 2.2652]
Iter 165  - time: 6     - [train]: 1.8251 - [valid]: 2.2316 - [adapt]: 2.0406 - [adapt_test]: 2.3344 - [adapt_test_per_env]: [1.9346, 2.1278, 2.505, 3.0706, 2.1567, 2.1559, 2.2378, 2.5197, 2.5052, 2.3195, 2.2241, 2.2557]
saving best model at iter 166
Iter 166  - time: 7     - [train]: 1.8247 - [valid]: 2.2292 - [adapt]: 2.0315 - [adapt_test]: 2.3218 - [adapt_test_per_env]: [1.9271, 2.1318, 2.5221, 3.1011, 2.1275, 2.1335, 2.2229, 2.5124, 2.4637, 2.2852, 2.1977, 2.2369]
saving best model at iter 167
Iter 167  - time: 7     - [train]: 1.8245 - [valid]: 2.2286 - [adapt]: 2.0284 - [adapt_test]: 2.3218 - [adapt_test_per_env]: [1.9265, 2.1321, 2.5228, 3.1023, 2.1257, 2.1321, 2.2222, 2.5123, 2.464, 2.286, 2.1985, 2.2378]
Iter 168  - time: 7     - [train]: 1.824  - [valid]: 2.2297 - [adapt]: 2.0384 - [adapt_test]: 2.3302 - [adapt_test_per_env]: [1.931, 2.1289, 2.5108, 3.0814, 2.1451, 2.147, 2.232, 2.5171, 2.4922, 2.3093, 2.2166, 2.2507]
Iter 169  - time: 7     - [train]: 1.8238 - [valid]: 2.2311 - [adapt]: 2.0492 - [adapt_test]: 2.3387 - [adapt_test_per_env]: [1.9359, 2.1259, 2.4988, 3.0602, 2.1651, 2.1623, 2.2422, 2.5219, 2.5207, 2.3328, 2.2348, 2.2636]
Iter 170  - time: 7     - [train]: 1.823  - [valid]: 2.2303 - [adapt]: 2.0456 - [adapt_test]: 2.3361 - [adapt_test_per_env]: [1.9344, 2.1261, 2.5009, 3.0643, 2.1603, 2.1583, 2.2392, 2.52, 2.5137, 2.3268, 2.2298, 2.2598]
saving best model at iter 171
Iter 171  - time: 7     - [train]: 1.8229 - [valid]: 2.2274 - [adapt]: 2.0302 - [adapt_test]: 2.3225 - [adapt_test_per_env]: [1.9266, 2.129, 2.5164, 3.0926, 2.1314, 2.1357, 2.2234, 2.511, 2.4713, 2.2913, 2.2018, 2.239]
saving best model at iter 172
Iter 172  - time: 7     - [train]: 1.8228 - [valid]: 2.2259 - [adapt]: 2.0232 - [adapt_test]: 2.3157 - [adapt_test_per_env]: [1.9229, 2.1304, 2.524, 3.1064, 2.1174, 2.1246, 2.2154, 2.5063, 2.4505, 2.2737, 2.1878, 2.2284]
Iter 173  - time: 7     - [train]: 1.8224 - [valid]: 2.2263 - [adapt]: 2.0238 - [adapt_test]: 2.3204 - [adapt_test_per_env]: [1.9257, 2.1278, 2.5153, 3.0916, 2.1301, 2.134, 2.2213, 2.5085, 2.4684, 2.2882, 2.1986, 2.2357]
Iter 174  - time: 7     - [train]: 1.8221 - [valid]: 2.2275 - [adapt]: 2.0308 - [adapt_test]: 2.3288 - [adapt_test_per_env]: [1.9306, 2.1246, 2.5028, 3.0696, 2.1504, 2.1494, 2.2312, 2.513, 2.4971, 2.3118, 2.2166, 2.2482]
Iter 175  - time: 7     - [train]: 1.8218 - [valid]: 2.2273 - [adapt]: 2.0347 - [adapt_test]: 2.3265 - [adapt_test_per_env]: [1.9296, 2.1252, 2.5056, 3.0746, 2.1459, 2.146, 2.2289, 2.5118, 2.4894, 2.3051, 2.2113, 2.2442]
saving best model at iter 176
Iter 176  - time: 7     - [train]: 1.8219 - [valid]: 2.2254 - [adapt]: 2.0289 - [adapt_test]: 2.3189 - [adapt_test_per_env]: [1.9248, 2.127, 2.5146, 3.091, 2.1288, 2.1326, 2.2198, 2.5069, 2.4661, 2.2858, 2.1961, 2.2332]
saving best model at iter 177
Iter 177  - time: 7     - [train]: 1.8212 - [valid]: 2.2242 - [adapt]: 2.0192 - [adapt_test]: 2.3137 - [adapt_test_per_env]: [1.9216, 2.1283, 2.5212, 3.1028, 2.117, 2.1236, 2.2136, 2.5038, 2.4496, 2.2721, 2.1855, 2.2256]
Iter 178  - time: 8     - [train]: 1.8208 - [valid]: 2.2247 - [adapt]: 2.0276 - [adapt_test]: 2.319  - [adapt_test_per_env]: [1.9243, 2.1262, 2.5134, 3.0894, 2.1292, 2.1329, 2.2199, 2.5069, 2.4674, 2.2869, 2.197, 2.2339]
Iter 179  - time: 7     - [train]: 1.8205 - [valid]: 2.2259 - [adapt]: 2.0285 - [adapt_test]: 2.3267 - [adapt_test_per_env]: [1.9284, 2.1235, 2.5028, 3.0708, 2.1468, 2.1465, 2.2291, 2.5117, 2.493, 2.3082, 2.2137, 2.246]
Iter 180  - time: 7     - [train]: 1.8202 - [valid]: 2.2255 - [adapt]: 2.0383 - [adapt_test]: 2.3261 - [adapt_test_per_env]: [1.9277, 2.1233, 2.5033, 3.0718, 2.1454, 2.1454, 2.2284, 2.5114, 2.4912, 2.3068, 2.2126, 2.2453]
saving best model at iter 181
Iter 181  - time: 7     - [train]: 1.8205 - [valid]: 2.2239 - [adapt]: 2.0275 - [adapt_test]: 2.3176 - [adapt_test_per_env]: [1.9226, 2.1256, 2.5141, 3.0913, 2.1264, 2.1308, 2.2186, 2.5066, 2.4636, 2.2839, 2.1948, 2.2325]
saving best model at iter 182
Iter 182  - time: 7     - [train]: 1.8196 - [valid]: 2.2231 - [adapt]: 2.0266 - [adapt_test]: 2.3173 - [adapt_test_per_env]: [1.9219, 2.125, 2.5134, 3.0906, 2.1258, 2.1302, 2.2181, 2.5061, 2.4639, 2.2843, 2.1952, 2.2327]
Iter 183  - time: 7     - [train]: 1.8193 - [valid]: 2.2235 - [adapt]: 2.0315 - [adapt_test]: 2.3213 - [adapt_test_per_env]: [1.924, 2.1232, 2.507, 3.0796, 2.1357, 2.1377, 2.223, 2.5084, 2.4782, 2.296, 2.2042, 2.2391]
Iter 184  - time: 7     - [train]: 1.8196 - [valid]: 2.224  - [adapt]: 2.0346 - [adapt_test]: 2.3229 - [adapt_test_per_env]: [1.925, 2.1224, 2.5045, 3.0752, 2.1399, 2.141, 2.2251, 2.5095, 2.4834, 2.3001, 2.2072, 2.2412]
Iter 185  - time: 7     - [train]: 1.8188 - [valid]: 2.2232 - [adapt]: 2.0347 - [adapt_test]: 2.3224 - [adapt_test_per_env]: [1.9244, 2.1217, 2.5036, 3.0741, 2.1395, 2.1405, 2.2245, 2.5087, 2.4836, 2.3003, 2.2073, 2.2409]
saving best model at iter 186
Iter 186  - time: 7     - [train]: 1.8185 - [valid]: 2.2221 - [adapt]: 2.0261 - [adapt_test]: 2.317  - [adapt_test_per_env]: [1.9212, 2.1231, 2.5102, 3.086, 2.1277, 2.1313, 2.2182, 2.5055, 2.4664, 2.2859, 2.196, 2.2327]
saving best model at iter 187
Iter 187  - time: 7     - [train]: 1.8183 - [valid]: 2.2214 - [adapt]: 2.0264 - [adapt_test]: 2.315  - [adapt_test_per_env]: [1.92, 2.123, 2.5115, 3.0887, 2.1241, 2.1284, 2.216, 2.504, 2.4612, 2.2814, 2.1923, 2.2298]
Iter 188  - time: 7     - [train]: 1.8179 - [valid]: 2.2217 - [adapt]: 2.0295 - [adapt_test]: 2.3184 - [adapt_test_per_env]: [1.9218, 2.1212, 2.5056, 3.0787, 2.1328, 2.1349, 2.2201, 2.5056, 2.4735, 2.2915, 2.1999, 2.235]
Iter 189  - time: 7     - [train]: 1.8177 - [valid]: 2.2217 - [adapt]: 2.032  - [adapt_test]: 2.3201 - [adapt_test_per_env]: [1.9227, 2.1198, 2.5018, 3.0724, 2.138, 2.1385, 2.222, 2.5058, 2.4808, 2.2973, 2.2042, 2.2378]
saving best model at iter 190
Iter 190  - time: 7     - [train]: 1.8173 - [valid]: 2.2207 - [adapt]: 2.03   - [adapt_test]: 2.3167 - [adapt_test_per_env]: [1.9205, 2.1204, 2.5055, 3.0792, 2.1307, 2.1328, 2.2181, 2.5037, 2.4705, 2.2887, 2.1975, 2.2329]
saving best model at iter 191
Iter 191  - time: 7     - [train]: 1.817  - [valid]: 2.2198 - [adapt]: 2.0261 - [adapt_test]: 2.3131 - [adapt_test_per_env]: [1.9181, 2.1211, 2.5097, 3.0871, 2.1226, 2.1265, 2.2139, 2.5015, 2.4592, 2.2793, 2.1902, 2.2276]
saving best model at iter 192
Iter 192  - time: 7     - [train]: 1.8167 - [valid]: 2.2198 - [adapt]: 2.0278 - [adapt_test]: 2.3146 - [adapt_test_per_env]: [1.9188, 2.1202, 2.507, 3.0824, 2.1265, 2.1295, 2.2157, 2.5023, 2.465, 2.2841, 2.1939, 2.2302]
Iter 193  - time: 7     - [train]: 1.8164 - [valid]: 2.2202 - [adapt]: 2.0314 - [adapt_test]: 2.3182 - [adapt_test_per_env]: [1.9206, 2.1186, 2.5015, 3.073, 2.135, 2.136, 2.22, 2.5044, 2.4775, 2.2945, 2.2019, 2.2359]
Iter 194  - time: 7     - [train]: 1.8161 - [valid]: 2.2198 - [adapt]: 2.0308 - [adapt_test]: 2.3177 - [adapt_test_per_env]: [1.92, 2.1184, 2.5017, 3.0737, 2.1339, 2.1351, 2.2193, 2.504, 2.4761, 2.2934, 2.2011, 2.2354]
saving best model at iter 195
Iter 195  - time: 7     - [train]: 1.8162 - [valid]: 2.2191 - [adapt]: 2.0276 - [adapt_test]: 2.3143 - [adapt_test_per_env]: [1.9178, 2.119, 2.5056, 3.0809, 2.1266, 2.1293, 2.2153, 2.5017, 2.4658, 2.2848, 2.1944, 2.2305]
saving best model at iter 196
Iter 196  - time: 7     - [train]: 1.8156 - [valid]: 2.2187 - [adapt]: 2.0266 - [adapt_test]: 2.3135 - [adapt_test_per_env]: [1.917, 2.1188, 2.5061, 3.082, 2.125, 2.128, 2.2144, 2.5011, 2.4638, 2.2831, 2.1931, 2.2296]
Iter 197  - time: 7     - [train]: 1.8153 - [valid]: 2.2189 - [adapt]: 2.0297 - [adapt_test]: 2.3166 - [adapt_test_per_env]: [1.9185, 2.1173, 2.5011, 3.0735, 2.1325, 2.1337, 2.218, 2.5028, 2.4748, 2.2922, 2.2001, 2.2345]
Iter 198  - time: 7     - [train]: 1.815  - [valid]: 2.2192 - [adapt]: 2.03   - [adapt_test]: 2.3174 - [adapt_test_per_env]: [1.9188, 2.117, 2.5002, 3.0719, 2.1342, 2.1351, 2.2192, 2.5037, 2.4771, 2.2941, 2.2017, 2.2359]
saving best model at iter 199
Iter 199  - time: 7     - [train]: 1.8147 - [valid]: 2.2179 - [adapt]: 2.0267 - [adapt_test]: 2.3138 - [adapt_test_per_env]: [1.9164, 2.117, 2.5031, 3.0778, 2.1272, 2.1293, 2.2149, 2.5007, 2.4673, 2.2859, 2.1951, 2.2308]
saving best model at iter 200
Iter 200  - time: 7     - [train]: 1.8145 - [valid]: 2.2175 - [adapt]: 2.0251 - [adapt_test]: 2.3124 - [adapt_test_per_env]: [1.9155, 2.1172, 2.5046, 3.0805, 2.1242, 2.1272, 2.2135, 2.5001, 2.463, 2.2824, 2.1923, 2.2288]
Iter 201  - time: 7     - [train]: 1.8142 - [valid]: 2.2177 - [adapt]: 2.0275 - [adapt_test]: 2.3148 - [adapt_test_per_env]: [1.9166, 2.116, 2.5006, 3.0739, 2.1301, 2.1316, 2.2163, 2.5014, 2.4715, 2.2893, 2.1976, 2.2326]
Iter 202  - time: 7     - [train]: 1.8139 - [valid]: 2.2176 - [adapt]: 2.0279 - [adapt_test]: 2.3153 - [adapt_test_per_env]: [1.9167, 2.1152, 2.499, 3.0712, 2.132, 2.1329, 2.217, 2.5015, 2.4742, 2.2915, 2.1993, 2.2336]
saving best model at iter 203
Iter 203  - time: 7     - [train]: 1.8134 - [valid]: 2.217  - [adapt]: 2.0249 - [adapt_test]: 2.3124 - [adapt_test_per_env]: [1.9146, 2.1156, 2.5023, 3.0769, 2.1258, 2.1279, 2.2136, 2.4997, 2.4654, 2.2841, 2.1936, 2.2297]
saving best model at iter 204
Iter 204  - time: 7     - [train]: 1.8131 - [valid]: 2.2161 - [adapt]: 2.0237 - [adapt_test]: 2.3111 - [adapt_test_per_env]: [1.9134, 2.115, 2.5023, 3.0782, 2.1236, 2.1261, 2.212, 2.4984, 2.4626, 2.2818, 2.1916, 2.228]
Iter 205  - time: 7     - [train]: 1.8127 - [valid]: 2.2168 - [adapt]: 2.0256 - [adapt_test]: 2.3135 - [adapt_test_per_env]: [1.9145, 2.1142, 2.4995, 3.0731, 2.1288, 2.1302, 2.2149, 2.5002, 2.4699, 2.2879, 2.1966, 2.2319]
saving best model at iter 206
Iter 206  - time: 7     - [train]: 1.8124 - [valid]: 2.2161 - [adapt]: 2.0259 - [adapt_test]: 2.3136 - [adapt_test_per_env]: [1.914, 2.1131, 2.4975, 3.0704, 2.1299, 2.1308, 2.215, 2.4997, 2.4721, 2.2897, 2.1978, 2.2325]
saving best model at iter 207
Iter 207  - time: 7     - [train]: 1.8125 - [valid]: 2.216  - [adapt]: 2.0237 - [adapt_test]: 2.3119 - [adapt_test_per_env]: [1.9127, 2.1137, 2.5004, 3.0754, 2.1256, 2.1277, 2.2132, 2.4993, 2.4657, 2.2846, 2.1941, 2.2302]
saving best model at iter 208
Iter 208  - time: 7     - [train]: 1.8117 - [valid]: 2.2151 - [adapt]: 2.0232 - [adapt_test]: 2.3112 - [adapt_test_per_env]: [1.9117, 2.1127, 2.4994, 3.0744, 2.1249, 2.1269, 2.2124, 2.4985, 2.4654, 2.2842, 2.1937, 2.2297]
Iter 209  - time: 7     - [train]: 1.8113 - [valid]: 2.2152 - [adapt]: 2.0247 - [adapt_test]: 2.3127 - [adapt_test_per_env]: [1.912, 2.1116, 2.4966, 3.0699, 2.1288, 2.1299, 2.2144, 2.4995, 2.4711, 2.289, 2.1975, 2.2326]
saving best model at iter 210
Iter 210  - time: 7     - [train]: 1.8109 - [valid]: 2.2148 - [adapt]: 2.024  - [adapt_test]: 2.3122 - [adapt_test_per_env]: [1.9111, 2.1111, 2.4965, 3.0702, 2.1278, 2.1292, 2.2139, 2.4994, 2.4699, 2.2881, 2.1969, 2.2323]
saving best model at iter 211
Iter 211  - time: 7     - [train]: 1.8105 - [valid]: 2.2143 - [adapt]: 2.0224 - [adapt_test]: 2.3109 - [adapt_test_per_env]: [1.9097, 2.1108, 2.4975, 3.0724, 2.1251, 2.1271, 2.2126, 2.4988, 2.4661, 2.2851, 2.1946, 2.2308]
saving best model at iter 212
Iter 212  - time: 7     - [train]: 1.8101 - [valid]: 2.2141 - [adapt]: 2.0224 - [adapt_test]: 2.3111 - [adapt_test_per_env]: [1.9092, 2.11, 2.4964, 3.071, 2.1259, 2.1277, 2.2131, 2.4992, 2.4673, 2.2861, 2.1956, 2.2317]
saving best model at iter 213
Iter 213  - time: 7     - [train]: 1.8097 - [valid]: 2.214  - [adapt]: 2.0232 - [adapt_test]: 2.312  - [adapt_test_per_env]: [1.9087, 2.1087, 2.4942, 3.0677, 2.1283, 2.1296, 2.2144, 2.5001, 2.4708, 2.2891, 2.1981, 2.2337]
saving best model at iter 214
Iter 214  - time: 7     - [train]: 1.8092 - [valid]: 2.2136 - [adapt]: 2.0213 - [adapt_test]: 2.3106 - [adapt_test_per_env]: [1.9073, 2.1086, 2.4955, 3.0704, 2.1254, 2.1274, 2.2131, 2.4997, 2.4665, 2.2857, 2.1956, 2.2321]
saving best model at iter 215
Iter 215  - time: 7     - [train]: 1.8087 - [valid]: 2.2133 - [adapt]: 2.0207 - [adapt_test]: 2.3103 - [adapt_test_per_env]: [1.9062, 2.1078, 2.495, 3.0702, 2.125, 2.1272, 2.2131, 2.5, 2.4658, 2.2853, 2.1955, 2.2324]
saving best model at iter 216
Iter 216  - time: 7     - [train]: 1.8082 - [valid]: 2.2133 - [adapt]: 2.0214 - [adapt_test]: 2.3114 - [adapt_test_per_env]: [1.9057, 2.1065, 2.4928, 3.0669, 2.1276, 2.1294, 2.2148, 2.5014, 2.4695, 2.2886, 2.1983, 2.2348]
saving best model at iter 217
Iter 217  - time: 7     - [train]: 1.8076 - [valid]: 2.2129 - [adapt]: 2.021  - [adapt_test]: 2.311  - [adapt_test_per_env]: [1.9039, 2.1053, 2.4921, 3.0665, 2.1272, 2.1292, 2.215, 2.5021, 2.4689, 2.2883, 2.1985, 2.2355]
saving best model at iter 218
Iter 218  - time: 7     - [train]: 1.8071 - [valid]: 2.2125 - [adapt]: 2.0197 - [adapt_test]: 2.3101 - [adapt_test_per_env]: [1.9022, 2.1046, 2.4926, 3.0682, 2.1251, 2.1278, 2.2144, 2.5025, 2.4658, 2.2861, 2.1972, 2.235]
saving best model at iter 219
Iter 219  - time: 7     - [train]: 1.8065 - [valid]: 2.2124 - [adapt]: 2.0198 - [adapt_test]: 2.3107 - [adapt_test_per_env]: [1.9011, 2.1034, 2.4911, 3.0661, 2.1265, 2.1291, 2.2155, 2.5037, 2.4678, 2.288, 2.1991, 2.2369]
Iter 220  - time: 7     - [train]: 1.806  - [valid]: 2.2125 - [adapt]: 2.0198 - [adapt_test]: 2.3114 - [adapt_test_per_env]: [1.9007, 2.1027, 2.4901, 3.0648, 2.1279, 2.1303, 2.2166, 2.5046, 2.4697, 2.2899, 2.2008, 2.2385]
saving best model at iter 221
Iter 221  - time: 7     - [train]: 1.8054 - [valid]: 2.2121 - [adapt]: 2.0181 - [adapt_test]: 2.3106 - [adapt_test_per_env]: [1.8992, 2.102, 2.4903, 3.066, 2.1263, 2.129, 2.2158, 2.5043, 2.4678, 2.2885, 2.2, 2.2383]
saving best model at iter 222
Iter 222  - time: 7     - [train]: 1.8048 - [valid]: 2.2119 - [adapt]: 2.0177 - [adapt_test]: 2.3107 - [adapt_test_per_env]: [1.8983, 2.101, 2.4895, 3.065, 2.1266, 2.1291, 2.2157, 2.5041, 2.4688, 2.2895, 2.201, 2.2393]
saving best model at iter 223
Iter 223  - time: 7     - [train]: 1.8041 - [valid]: 2.2117 - [adapt]: 2.0173 - [adapt_test]: 2.311  - [adapt_test_per_env]: [1.8977, 2.1, 2.4881, 3.0633, 2.1277, 2.1296, 2.2157, 2.5035, 2.4712, 2.2916, 2.2027, 2.2406]
Iter 224  - time: 7     - [train]: 1.8035 - [valid]: 2.212  - [adapt]: 2.0158 - [adapt_test]: 2.3097 - [adapt_test_per_env]: [1.8966, 2.1002, 2.4902, 3.0669, 2.1251, 2.1271, 2.2135, 2.5016, 2.4675, 2.2885, 2.2004, 2.2394]
saving best model at iter 225
Iter 225  - time: 7     - [train]: 1.8028 - [valid]: 2.2109 - [adapt]: 2.0148 - [adapt_test]: 2.3099 - [adapt_test_per_env]: [1.896, 2.0983, 2.4873, 3.063, 2.1266, 2.1276, 2.213, 2.4997, 2.4719, 2.292, 2.203, 2.2407]
saving best model at iter 226
Iter 226  - time: 7     - [train]: 1.8021 - [valid]: 2.2104 - [adapt]: 2.0139 - [adapt_test]: 2.31   - [adapt_test_per_env]: [1.8954, 2.0971, 2.4855, 3.0606, 2.1277, 2.1277, 2.2122, 2.4979, 2.4749, 2.2944, 2.2048, 2.2419]
Iter 227  - time: 7     - [train]: 1.8016 - [valid]: 2.2108 - [adapt]: 2.0097 - [adapt_test]: 2.3089 - [adapt_test_per_env]: [1.8946, 2.0975, 2.4876, 3.0643, 2.1253, 2.1252, 2.2099, 2.4957, 2.4716, 2.2917, 2.2029, 2.2408]
Iter 228  - time: 7     - [train]: 1.8012 - [valid]: 2.2106 - [adapt]: 2.0111 - [adapt_test]: 2.311  - [adapt_test_per_env]: [1.8951, 2.0957, 2.4835, 3.0576, 2.1304, 2.1286, 2.2115, 2.4952, 2.481, 2.2995, 2.2089, 2.245]
Iter 229  - time: 7     - [train]: 1.8005 - [valid]: 2.2107 - [adapt]: 2.013  - [adapt_test]: 2.313  - [adapt_test_per_env]: [1.8955, 2.0941, 2.4798, 3.0518, 2.1354, 2.1319, 2.2132, 2.4952, 2.4892, 2.3062, 2.2143, 2.2489]
saving best model at iter 230
Iter 230  - time: 7     - [train]: 1.7997 - [valid]: 2.2096 - [adapt]: 2.0058 - [adapt_test]: 2.3089 - [adapt_test_per_env]: [1.8923, 2.0942, 2.484, 3.0601, 2.1265, 2.1248, 2.208, 2.4919, 2.4774, 2.2966, 2.2069, 2.2437]
Iter 231  - time: 7     - [train]: 1.7989 - [valid]: 2.2097 - [adapt]: 2.007  - [adapt_test]: 2.3111 - [adapt_test_per_env]: [1.8925, 2.0923, 2.4799, 3.0535, 2.132, 2.1288, 2.2105, 2.4928, 2.486, 2.3039, 2.2128, 2.2483]
saving best model at iter 232
Iter 232  - time: 7     - [train]: 1.7983 - [valid]: 2.2093 - [adapt]: 2.0056 - [adapt_test]: 2.3107 - [adapt_test_per_env]: [1.891, 2.0911, 2.4791, 3.0531, 2.1316, 2.1283, 2.21, 2.4924, 2.486, 2.3041, 2.2132, 2.2489]
saving best model at iter 233
Iter 233  - time: 8     - [train]: 1.7977 - [valid]: 2.2074 - [adapt]: 1.9966 - [adapt_test]: 2.3018 - [adapt_test_per_env]: [1.8849, 2.0927, 2.4896, 3.0727, 2.1118, 2.1128, 2.1995, 2.4868, 2.4581, 2.281, 2.1954, 2.2363]
Iter 234  - time: 8     - [train]: 1.7971 - [valid]: 2.2104 - [adapt]: 2.0134 - [adapt_test]: 2.3195 - [adapt_test_per_env]: [1.8939, 2.0858, 2.4649, 3.0296, 2.1528, 2.1441, 2.2202, 2.4969, 2.5174, 2.3304, 2.234, 2.2645]
saving best model at iter 235
Iter 235  - time: 8     - [train]: 1.7968 - [valid]: 2.2051 - [adapt]: 1.9859 - [adapt_test]: 2.2908 - [adapt_test_per_env]: [1.877, 2.0938, 2.5015, 3.0954, 2.0884, 2.0942, 2.1861, 2.4787, 2.4252, 2.2538, 2.1744, 2.2212]
Iter 236  - time: 8     - [train]: 1.7961 - [valid]: 2.211  - [adapt]: 2.0181 - [adapt_test]: 2.3252 - [adapt_test_per_env]: [1.896, 2.0819, 2.4547, 3.0131, 2.1674, 2.1543, 2.2256, 2.4972, 2.54, 2.349, 2.2484, 2.2746]
saving best model at iter 237
Iter 237  - time: 7     - [train]: 1.7955 - [valid]: 2.2042 - [adapt]: 1.9906 - [adapt_test]: 2.2907 - [adapt_test_per_env]: [1.8762, 2.0911, 2.4976, 3.0902, 2.0911, 2.0946, 2.1843, 2.4743, 2.4311, 2.2582, 2.1773, 2.2226]
Iter 238  - time: 8     - [train]: 1.7945 - [valid]: 2.2077 - [adapt]: 2.0025 - [adapt_test]: 2.3128 - [adapt_test_per_env]: [1.8883, 2.0826, 2.4664, 3.0356, 2.1427, 2.1332, 2.209, 2.4845, 2.507, 2.3209, 2.2259, 2.2573]
Iter 239  - time: 7     - [train]: 1.7938 - [valid]: 2.2057 - [adapt]: 2.0028 - [adapt_test]: 2.3046 - [adapt_test_per_env]: [1.8832, 2.0838, 2.4752, 3.0522, 2.1254, 2.1191, 2.1985, 2.4774, 2.4834, 2.3012, 2.2103, 2.2457]
saving best model at iter 240
Iter 240  - time: 7     - [train]: 1.7933 - [valid]: 2.2039 - [adapt]: 1.9934 - [adapt_test]: 2.2956 - [adapt_test_per_env]: [1.8774, 2.0855, 2.4859, 3.072, 2.1056, 2.1034, 2.1873, 2.4706, 2.4559, 2.2783, 2.1926, 2.2329]
Iter 241  - time: 8     - [train]: 1.7929 - [valid]: 2.2084 - [adapt]: 2.0138 - [adapt_test]: 2.3201 - [adapt_test_per_env]: [1.8902, 2.077, 2.4534, 3.0149, 2.161, 2.1457, 2.2153, 2.4841, 2.5368, 2.3459, 2.2456, 2.2716]
saving best model at iter 242
Iter 242  - time: 7     - [train]: 1.793  - [valid]: 2.2014 - [adapt]: 1.9833 - [adapt_test]: 2.2809 - [adapt_test_per_env]: [1.8668, 2.0884, 2.5046, 3.1066, 2.0721, 2.0774, 2.1696, 2.4614, 2.4087, 2.2396, 2.1632, 2.2125]
Iter 243  - time: 7     - [train]: 1.7945 - [valid]: 2.2136 - [adapt]: 2.0407 - [adapt_test]: 2.3422 - [adapt_test_per_env]: [1.901, 2.07, 2.4268, 2.968, 2.2091, 2.1823, 2.2396, 2.4959, 2.6077, 2.4054, 2.293, 2.3072]
saving best model at iter 244
Iter 244  - time: 8     - [train]: 1.7977 - [valid]: 2.2001 - [adapt]: 1.9394 - [adapt_test]: 2.2511 - [adapt_test_per_env]: [1.8502, 2.1021, 2.5536, 3.1914, 1.9994, 2.0221, 2.1336, 2.4449, 2.3019, 2.152, 2.0965, 2.1661]
Iter 245  - time: 8     - [train]: 1.8035 - [valid]: 2.2317 - [adapt]: 2.0829 - [adapt_test]: 2.3958 - [adapt_test_per_env]: [1.9354, 2.0657, 2.3793, 2.8766, 2.3185, 2.2676, 2.2987, 2.528, 2.7628, 2.5358, 2.3967, 2.3846]
Iter 246  - time: 8     - [train]: 1.8031 - [valid]: 2.2017 - [adapt]: 1.9227 - [adapt_test]: 2.233  - [adapt_test_per_env]: [1.8445, 2.1139, 2.5877, 3.248, 1.9552, 1.9861, 2.1071, 2.4266, 2.2385, 2.0989, 2.0546, 2.1351]
Iter 247  - time: 8     - [train]: 1.792  - [valid]: 2.2095 - [adapt]: 2.0233 - [adapt_test]: 2.3282 - [adapt_test_per_env]: [1.8944, 2.0701, 2.438, 2.9902, 2.1844, 2.1579, 2.2163, 2.4717, 2.5783, 2.3789, 2.2702, 2.2874]
Iter 248  - time: 8     - [train]: 1.7923 - [valid]: 2.2129 - [adapt]: 2.0303 - [adapt_test]: 2.3387 - [adapt_test_per_env]: [1.8995, 2.0674, 2.4265, 2.9698, 2.2066, 2.1757, 2.2292, 2.4798, 2.6092, 2.4052, 2.2913, 2.3036]
saving best model at iter 249
Iter 249  - time: 9     - [train]: 1.7984 - [valid]: 2.1999 - [adapt]: 1.9255 - [adapt_test]: 2.2401 - [adapt_test_per_env]: [1.844, 2.1037, 2.5674, 3.2172, 1.9772, 2.0014, 2.1152, 2.4274, 2.273, 2.1272, 2.0765, 2.1506]
Iter 250  - time: 9     - [train]: 1.7916 - [valid]: 2.2143 - [adapt]: 2.0301 - [adapt_test]: 2.3467 - [adapt_test_per_env]: [1.8979, 2.0617, 2.4151, 2.9526, 2.223, 2.1904, 2.242, 2.4918, 2.6314, 2.4255, 2.3096, 2.32]
Iter 251  - time: 9     - [train]: 1.7876 - [valid]: 2.205  - [adapt]: 1.9971 - [adapt_test]: 2.3127 - [adapt_test_per_env]: [1.873, 2.0649, 2.4499, 3.0195, 2.15, 2.1351, 2.206, 2.4764, 2.5252, 2.3379, 2.242, 2.2722]
saving best model at iter 252
Iter 252  - time: 9     - [train]: 1.793  - [valid]: 2.1987 - [adapt]: 1.9395 - [adapt_test]: 2.2543 - [adapt_test_per_env]: [1.8391, 2.0878, 2.5369, 3.1721, 2.0114, 2.0313, 2.14, 2.4495, 2.3201, 2.1693, 2.1128, 2.1817]
Iter 253  - time: 8     - [train]: 1.7953 - [valid]: 2.2241 - [adapt]: 2.0606 - [adapt_test]: 2.3788 - [adapt_test_per_env]: [1.9108, 2.0538, 2.3832, 2.8962, 2.2871, 2.2428, 2.2815, 2.5195, 2.7213, 2.5034, 2.3742, 2.3719]
saving best model at iter 254
Iter 254  - time: 9     - [train]: 1.7891 - [valid]: 2.1981 - [adapt]: 1.9443 - [adapt_test]: 2.2637 - [adapt_test_per_env]: [1.8453, 2.0803, 2.5164, 3.1377, 2.039, 2.0479, 2.1453, 2.4417, 2.3669, 2.2062, 2.1395, 2.1981]
Iter 255  - time: 9     - [train]: 1.7862 - [valid]: 2.1997 - [adapt]: 1.9624 - [adapt_test]: 2.2834 - [adapt_test_per_env]: [1.8561, 2.0708, 2.4847, 3.0833, 2.0872, 2.0829, 2.166, 2.4473, 2.4402, 2.2664, 2.1854, 2.2299]
Iter 256  - time: 9     - [train]: 1.7908 - [valid]: 2.2178 - [adapt]: 2.0356 - [adapt_test]: 2.3591 - [adapt_test_per_env]: [1.8997, 2.0538, 2.3986, 2.9266, 2.2504, 2.2095, 2.2526, 2.4935, 2.6756, 2.4634, 2.3409, 2.3448]
saving best model at iter 257
Iter 257  - time: 9     - [train]: 1.7881 - [valid]: 2.1976 - [adapt]: 1.9389 - [adapt_test]: 2.2607 - [adapt_test_per_env]: [1.8423, 2.0785, 2.5178, 3.142, 2.0342, 2.0419, 2.1385, 2.4332, 2.3635, 2.2031, 2.137, 2.1959]
Iter 258  - time: 9     - [train]: 1.7841 - [valid]: 2.2013 - [adapt]: 1.9759 - [adapt_test]: 2.2977 - [adapt_test_per_env]: [1.8577, 2.0606, 2.4611, 3.046, 2.1205, 2.1089, 2.1842, 2.4582, 2.4893, 2.3085, 2.22, 2.2573]
Iter 259  - time: 9     - [train]: 1.7872 - [valid]: 2.2139 - [adapt]: 2.0291 - [adapt_test]: 2.3501 - [adapt_test_per_env]: [1.8838, 2.0472, 2.4018, 2.9399, 2.2315, 2.1975, 2.248, 2.4981, 2.6464, 2.4416, 2.327, 2.3388]
saving best model at iter 260
Iter 260  - time: 9     - [train]: 1.789  - [valid]: 2.1973 - [adapt]: 1.9327 - [adapt_test]: 2.2539 - [adapt_test_per_env]: [1.8281, 2.0758, 2.5267, 3.1632, 2.0152, 2.0318, 2.1376, 2.4441, 2.3306, 2.1793, 2.1229, 2.1916]
Iter 261  - time: 9     - [train]: 1.7842 - [valid]: 2.2086 - [adapt]: 2.0094 - [adapt_test]: 2.3325 - [adapt_test_per_env]: [1.8713, 2.0471, 2.417, 2.9705, 2.1963, 2.1684, 2.2259, 2.4827, 2.5988, 2.4015, 2.2953, 2.3151]
Iter 262  - time: 9     - [train]: 1.7825 - [valid]: 2.2037 - [adapt]: 1.986  - [adapt_test]: 2.3117 - [adapt_test_per_env]: [1.8613, 2.0514, 2.4393, 3.0108, 2.1538, 2.1327, 2.1979, 2.4613, 2.5413, 2.3523, 2.2551, 2.2837]
saving best model at iter 263
Iter 263  - time: 9     - [train]: 1.7849 - [valid]: 2.1966 - [adapt]: 1.9341 - [adapt_test]: 2.2618 - [adapt_test_per_env]: [1.8351, 2.0688, 2.5076, 3.1309, 2.0409, 2.0446, 2.1372, 2.4278, 2.3781, 2.2161, 2.1485, 2.2058]
Iter 264  - time: 9     - [train]: 1.7833 - [valid]: 2.2094 - [adapt]: 2.0074 - [adapt_test]: 2.3351 - [adapt_test_per_env]: [1.8728, 2.0442, 2.4117, 2.9623, 2.2045, 2.1712, 2.2233, 2.4733, 2.6161, 2.4151, 2.3052, 2.3212]
Iter 265  - time: 9     - [train]: 1.7805 - [valid]: 2.1997 - [adapt]: 1.9661 - [adapt_test]: 2.2945 - [adapt_test_per_env]: [1.8457, 2.0504, 2.4559, 3.0452, 2.1174, 2.1041, 2.1782, 2.4508, 2.4898, 2.3103, 2.2236, 2.2624]
Iter 266  - time: 9     - [train]: 1.7817 - [valid]: 2.1972 - [adapt]: 1.947  - [adapt_test]: 2.2738 - [adapt_test_per_env]: [1.8318, 2.0566, 2.485, 3.0978, 2.0697, 2.0685, 2.1556, 2.4422, 2.4178, 2.251, 2.1784, 2.2312]
Iter 267  - time: 9     - [train]: 1.784  - [valid]: 2.2136 - [adapt]: 2.0249 - [adapt_test]: 2.3525 - [adapt_test_per_env]: [1.8725, 2.0345, 2.3901, 2.9287, 2.2397, 2.2024, 2.2497, 2.4971, 2.6623, 2.457, 2.3424, 2.3539]
saving best model at iter 268
Iter 268  - time: 9     - [train]: 1.7838 - [valid]: 2.1957 - [adapt]: 1.9255 - [adapt_test]: 2.2542 - [adapt_test_per_env]: [1.8179, 2.0622, 2.5133, 3.1492, 2.0234, 2.0337, 2.1334, 2.4333, 2.3491, 2.1952, 2.1368, 2.2031]
Iter 269  - time: 9     - [train]: 1.7804 - [valid]: 2.2081 - [adapt]: 1.9978 - [adapt_test]: 2.3314 - [adapt_test_per_env]: [1.8639, 2.0375, 2.4098, 2.9649, 2.1998, 2.165, 2.2161, 2.465, 2.6133, 2.4135, 2.3053, 2.3226]
Iter 270  - time: 9     - [train]: 1.7786 - [valid]: 2.2001 - [adapt]: 1.9581 - [adapt_test]: 2.2942 - [adapt_test_per_env]: [1.8454, 2.0467, 2.4527, 3.0416, 2.1215, 2.101, 2.1683, 2.432, 2.5042, 2.3207, 2.2307, 2.2655]
Iter 271  - time: 9     - [train]: 1.779  - [valid]: 2.1964 - [adapt]: 1.9356 - [adapt_test]: 2.2725 - [adapt_test_per_env]: [1.8313, 2.0519, 2.4801, 3.0917, 2.0726, 2.0636, 2.1435, 2.4202, 2.4332, 2.2622, 2.1856, 2.2336]
Iter 272  - time: 9     - [train]: 1.7792 - [valid]: 2.2088 - [adapt]: 2.0014 - [adapt_test]: 2.3371 - [adapt_test_per_env]: [1.8601, 2.0305, 2.3996, 2.9512, 2.2123, 2.1753, 2.224, 2.4712, 2.632, 2.4308, 2.321, 2.3369]
saving best model at iter 273
Iter 273  - time: 9     - [train]: 1.7791 - [valid]: 2.1949 - [adapt]: 1.9317 - [adapt_test]: 2.2643 - [adapt_test_per_env]: [1.8139, 2.0476, 2.4884, 3.1137, 2.0511, 2.0532, 2.1443, 2.4356, 2.3939, 2.2337, 2.1685, 2.2279]
Iter 274  - time: 9     - [train]: 1.7779 - [valid]: 2.2082 - [adapt]: 1.9974 - [adapt_test]: 2.3355 - [adapt_test_per_env]: [1.8548, 2.0271, 2.399, 2.9535, 2.2095, 2.1729, 2.2222, 2.4703, 2.6288, 2.4289, 2.3208, 2.3381]
Iter 275  - time: 9     - [train]: 1.7768 - [valid]: 2.1951 - [adapt]: 1.9277 - [adapt_test]: 2.2675 - [adapt_test_per_env]: [1.8196, 2.0459, 2.4819, 3.1013, 2.0624, 2.0557, 2.1382, 2.4182, 2.4196, 2.2527, 2.1808, 2.2332]
Iter 276  - time: 9     - [train]: 1.7753 - [valid]: 2.2032 - [adapt]: 1.9721 - [adapt_test]: 2.3137 - [adapt_test_per_env]: [1.8446, 2.031, 2.4222, 2.9956, 2.1658, 2.1342, 2.1898, 2.4422, 2.5725, 2.38, 2.2805, 2.3057]
Iter 277  - time: 9     - [train]: 1.774  - [valid]: 2.1983 - [adapt]: 1.9515 - [adapt_test]: 2.2935 - [adapt_test_per_env]: [1.8297, 2.0328, 2.4431, 3.036, 2.1228, 2.1013, 2.168, 2.432, 2.5099, 2.3284, 2.2408, 2.2776]
Iter 278  - time: 9     - [train]: 1.7737 - [valid]: 2.1959 - [adapt]: 1.9432 - [adapt_test]: 2.2831 - [adapt_test_per_env]: [1.8182, 2.032, 2.4537, 3.0585, 2.0992, 2.0855, 2.1602, 2.4339, 2.4725, 2.299, 2.2197, 2.265]
Iter 279  - time: 10    - [train]: 1.7746 - [valid]: 2.2056 - [adapt]: 1.9874 - [adapt_test]: 2.3286 - [adapt_test_per_env]: [1.8414, 2.019, 2.3992, 2.9617, 2.1976, 2.1623, 2.2133, 2.4634, 2.6152, 2.419, 2.3152, 2.3362]
saving best model at iter 280
Iter 280  - time: 9     - [train]: 1.7772 - [valid]: 2.1927 - [adapt]: 1.905  - [adapt_test]: 2.2478 - [adapt_test_per_env]: [1.7979, 2.0444, 2.5048, 3.1489, 2.0178, 2.0222, 2.1169, 2.4105, 2.3541, 2.2009, 2.144, 2.2109]
Iter 281  - time: 10    - [train]: 1.7844 - [valid]: 2.2269 - [adapt]: 2.0394 - [adapt_test]: 2.3888 - [adapt_test_per_env]: [1.885, 2.0181, 2.3509, 2.8641, 2.3191, 2.2525, 2.2706, 2.4845, 2.7961, 2.5695, 2.4333, 2.4223]
Iter 282  - time: 10    - [train]: 1.7968 - [valid]: 2.2015 - [adapt]: 1.8527 - [adapt_test]: 2.2023 - [adapt_test_per_env]: [1.7921, 2.0869, 2.6078, 3.3125, 1.8985, 1.9252, 2.0462, 2.3616, 2.1831, 2.0572, 2.0306, 2.1265]
Iter 283  - time: 10    - [train]: 1.7904 - [valid]: 2.2376 - [adapt]: 2.0642 - [adapt_test]: 2.4159 - [adapt_test_per_env]: [1.9007, 2.0172, 2.3316, 2.8258, 2.3708, 2.2934, 2.2999, 2.5021, 2.8696, 2.6325, 2.4849, 2.4625]
Iter 284  - time: 10    - [train]: 1.78   - [valid]: 2.1929 - [adapt]: 1.883  - [adapt_test]: 2.2301 - [adapt_test_per_env]: [1.7891, 2.0521, 2.5344, 3.2001, 1.9761, 1.9866, 2.0891, 2.389, 2.2983, 2.1542, 2.1076, 2.1842]
Iter 285  - time: 10    - [train]: 1.7706 - [valid]: 2.2016 - [adapt]: 1.9673 - [adapt_test]: 2.3148 - [adapt_test_per_env]: [1.8279, 2.0151, 2.4096, 2.9858, 2.171, 2.1376, 2.1916, 2.4437, 2.5844, 2.3932, 2.2953, 2.3218]
Iter 286  - time: 10    - [train]: 1.7719 - [valid]: 2.2057 - [adapt]: 1.9857 - [adapt_test]: 2.3319 - [adapt_test_per_env]: [1.8338, 2.0099, 2.3906, 2.9531, 2.206, 2.1667, 2.2142, 2.4608, 2.6327, 2.4351, 2.3301, 2.3498]
saving best model at iter 287
Iter 287  - time: 10    - [train]: 1.78   - [valid]: 2.1924 - [adapt]: 1.8811 - [adapt_test]: 2.2268 - [adapt_test_per_env]: [1.7802, 2.0495, 2.5382, 3.2107, 1.9665, 1.9816, 2.0889, 2.3951, 2.2825, 2.1432, 2.1017, 2.1834]
Iter 288  - time: 10    - [train]: 1.7819 - [valid]: 2.2265 - [adapt]: 2.0356 - [adapt_test]: 2.3893 - [adapt_test_per_env]: [1.8777, 2.0118, 2.3474, 2.8627, 2.3204, 2.2521, 2.2689, 2.4817, 2.8027, 2.5763, 2.4405, 2.4297]
Iter 289  - time: 10    - [train]: 1.7769 - [valid]: 2.1949 - [adapt]: 1.888  - [adapt_test]: 2.2436 - [adapt_test_per_env]: [1.8031, 2.0494, 2.5168, 3.1658, 2.0102, 2.0049, 2.0917, 2.372, 2.3605, 2.2027, 2.1419, 2.2042]
Iter 290  - time: 10    - [train]: 1.7684 - [valid]: 2.1958 - [adapt]: 1.9358 - [adapt_test]: 2.2876 - [adapt_test_per_env]: [1.812, 2.0202, 2.441, 3.0433, 2.1136, 2.089, 2.1539, 2.4155, 2.5079, 2.3284, 2.2435, 2.2825]
Iter 291  - time: 10    - [train]: 1.775  - [valid]: 2.211  - [adapt]: 2.0112 - [adapt_test]: 2.3523 - [adapt_test_per_env]: [1.832, 1.9993, 2.3677, 2.9187, 2.2451, 2.2041, 2.2483, 2.4957, 2.6798, 2.4792, 2.3707, 2.3868]
saving best model at iter 292
Iter 292  - time: 10    - [train]: 1.7819 - [valid]: 2.1924 - [adapt]: 1.8793 - [adapt_test]: 2.2215 - [adapt_test_per_env]: [1.7667, 2.0458, 2.5446, 3.2285, 1.9518, 1.9749, 2.0901, 2.4072, 2.2545, 2.1232, 2.0903, 2.1803]
Iter 293  - time: 10    - [train]: 1.7763 - [valid]: 2.2176 - [adapt]: 1.9962 - [adapt_test]: 2.3567 - [adapt_test_per_env]: [1.8639, 2.0176, 2.3793, 2.9201, 2.2577, 2.1961, 2.2214, 2.4398, 2.721, 2.5044, 2.3798, 2.3795]
Iter 294  - time: 10    - [train]: 1.7801 - [valid]: 2.2066 - [adapt]: 1.9198 - [adapt_test]: 2.2838 - [adapt_test_per_env]: [1.8414, 2.0498, 2.4782, 3.0863, 2.1002, 2.0668, 2.1239, 2.37, 2.4976, 2.3125, 2.2229, 2.2563]
Iter 295  - time: 10    - [train]: 1.7768 - [valid]: 2.2054 - [adapt]: 1.925  - [adapt_test]: 2.289  - [adapt_test_per_env]: [1.839, 2.0429, 2.4656, 3.0677, 2.1134, 2.0779, 2.1326, 2.377, 2.5168, 2.3294, 2.2371, 2.268]
Iter 296  - time: 10    - [train]: 1.7706 - [valid]: 2.2089 - [adapt]: 1.9825 - [adapt_test]: 2.3393 - [adapt_test_per_env]: [1.841, 2.0089, 2.3852, 2.9412, 2.2243, 2.1737, 2.2103, 2.4429, 2.6694, 2.4634, 2.3502, 2.3614]
Iter 297  - time: 10    - [train]: 1.7813 - [valid]: 2.1926 - [adapt]: 1.8917 - [adapt_test]: 2.2293 - [adapt_test_per_env]: [1.7607, 2.0371, 2.531, 3.2111, 1.9682, 1.9925, 2.108, 2.4284, 2.2707, 2.1398, 2.1069, 2.1967]
Iter 298  - time: 10    - [train]: 1.7703 - [valid]: 2.2086 - [adapt]: 1.9923 - [adapt_test]: 2.3441 - [adapt_test_per_env]: [1.8333, 2.0014, 2.3756, 2.9303, 2.2334, 2.1861, 2.2254, 2.4638, 2.6752, 2.4715, 2.3603, 2.3736]
Iter 299  - time: 10    - [train]: 1.771  - [valid]: 2.1975 - [adapt]: 1.9097 - [adapt_test]: 2.2716 - [adapt_test_per_env]: [1.8154, 2.0353, 2.4745, 3.0933, 2.0784, 2.0542, 2.121, 2.3804, 2.4628, 2.2869, 2.207, 2.2503]
Iter 300  - time: 10    - [train]: 1.7699 - [valid]: 2.1994 - [adapt]: 1.922  - [adapt_test]: 2.2845 - [adapt_test_per_env]: [1.8215, 2.0304, 2.457, 3.0628, 2.1075, 2.0769, 2.1364, 2.3888, 2.5049, 2.3221, 2.2347, 2.2707]
Iter 301  - time: 10    - [train]: 1.7694 - [valid]: 2.2085 - [adapt]: 1.984  - [adapt_test]: 2.3404 - [adapt_test_per_env]: [1.8356, 2.005, 2.3824, 2.9393, 2.2269, 2.1777, 2.2157, 2.451, 2.6688, 2.4643, 2.3528, 2.3655]
saving best model at iter 302
Iter 302  - time: 10    - [train]: 1.7705 - [valid]: 2.1885 - [adapt]: 1.891  - [adapt_test]: 2.2398 - [adapt_test_per_env]: [1.7717, 2.0278, 2.503, 3.1609, 2.0049, 2.0102, 2.1069, 2.404, 2.3401, 2.1922, 2.1419, 2.2146]
Iter 303  - time: 10    - [train]: 1.7671 - [valid]: 2.1946 - [adapt]: 1.9486 - [adapt_test]: 2.2926 - [adapt_test_per_env]: [1.7905, 2.0032, 2.4261, 3.032, 2.1241, 2.1071, 2.1781, 2.4524, 2.5067, 2.3337, 2.2558, 2.3014]
Iter 304  - time: 10    - [train]: 1.7658 - [valid]: 2.2009 - [adapt]: 1.9616 - [adapt_test]: 2.3167 - [adapt_test_per_env]: [1.8162, 2.0038, 2.4019, 2.9803, 2.1796, 2.1418, 2.1917, 2.4403, 2.5984, 2.406, 2.3077, 2.3331]
Iter 305  - time: 10    - [train]: 1.7712 - [valid]: 2.1931 - [adapt]: 1.8833 - [adapt_test]: 2.2459 - [adapt_test_per_env]: [1.7956, 2.0391, 2.5059, 3.1524, 2.0223, 2.0118, 2.0933, 2.3685, 2.3778, 2.217, 2.1538, 2.2133]
Iter 306  - time: 10    - [train]: 1.7676 - [valid]: 2.2066 - [adapt]: 1.9706 - [adapt_test]: 2.3314 - [adapt_test_per_env]: [1.8311, 2.0056, 2.3912, 2.9557, 2.2114, 2.1628, 2.2016, 2.4369, 2.6473, 2.445, 2.3364, 2.3516]
Iter 307  - time: 10    - [train]: 1.7638 - [valid]: 2.1931 - [adapt]: 1.9244 - [adapt_test]: 2.2821 - [adapt_test_per_env]: [1.7974, 2.0104, 2.4396, 3.0491, 2.1088, 2.0838, 2.1483, 2.4104, 2.4979, 2.3205, 2.239, 2.2806]
saving best model at iter 308
Iter 308  - time: 10    - [train]: 1.766  - [valid]: 2.1874 - [adapt]: 1.898  - [adapt_test]: 2.2503 - [adapt_test_per_env]: [1.7728, 2.0159, 2.4783, 3.1228, 2.0367, 2.032, 2.1179, 2.4038, 2.387, 2.2304, 2.1711, 2.2345]
Iter 309  - time: 10    - [train]: 1.7671 - [valid]: 2.2003 - [adapt]: 1.9726 - [adapt_test]: 2.3197 - [adapt_test_per_env]: [1.8023, 1.9917, 2.3901, 2.9708, 2.1878, 2.1548, 2.2082, 2.4647, 2.5969, 2.4089, 2.3151, 2.3446]
Iter 310  - time: 10    - [train]: 1.7656 - [valid]: 2.1886 - [adapt]: 1.8892 - [adapt_test]: 2.2494 - [adapt_test_per_env]: [1.7811, 2.0206, 2.4825, 3.1248, 2.0381, 2.0266, 2.1062, 2.3825, 2.3959, 2.2345, 2.1706, 2.2291]
Iter 311  - time: 10    - [train]: 1.7634 - [valid]: 2.1962 - [adapt]: 1.9308 - [adapt_test]: 2.2934 - [adapt_test_per_env]: [1.8045, 2.0059, 2.4246, 3.0228, 2.1376, 2.1029, 2.157, 2.4077, 2.5405, 2.355, 2.2649, 2.2978]
Iter 312  - time: 10    - [train]: 1.7635 - [valid]: 2.1979 - [adapt]: 1.9402 - [adapt_test]: 2.3025 - [adapt_test_per_env]: [1.8068, 2.0014, 2.4121, 3.0024, 2.1582, 2.1195, 2.1691, 2.4159, 2.5684, 2.3788, 2.2844, 2.313]
Iter 313  - time: 10    - [train]: 1.7654 - [valid]: 2.1874 - [adapt]: 1.8823 - [adapt_test]: 2.2435 - [adapt_test_per_env]: [1.775, 2.0183, 2.4857, 3.1338, 2.0292, 2.0186, 2.0992, 2.3767, 2.3812, 2.2221, 2.1609, 2.2218]
Iter 314  - time: 10    - [train]: 1.7652 - [valid]: 2.1963 - [adapt]: 1.9549 - [adapt_test]: 2.305  - [adapt_test_per_env]: [1.7914, 1.9884, 2.3987, 2.9912, 2.1649, 2.1334, 2.1886, 2.4463, 2.563, 2.3792, 2.2905, 2.3243]
saving best model at iter 315
Iter 315  - time: 10    - [train]: 1.7642 - [valid]: 2.1861 - [adapt]: 1.8891 - [adapt_test]: 2.2469 - [adapt_test_per_env]: [1.7689, 2.0093, 2.4729, 3.1181, 2.0404, 2.0295, 2.1091, 2.3876, 2.3922, 2.2326, 2.1709, 2.231]
Iter 316  - time: 10    - [train]: 1.7627 - [valid]: 2.1921 - [adapt]: 1.9171 - [adapt_test]: 2.2787 - [adapt_test_per_env]: [1.7885, 2.0004, 2.4326, 3.045, 2.1131, 2.0836, 2.1431, 2.4005, 2.4991, 2.3208, 2.2389, 2.2792]
Iter 317  - time: 10    - [train]: 1.7634 - [valid]: 2.1956 - [adapt]: 1.9253 - [adapt_test]: 2.2896 - [adapt_test_per_env]: [1.797, 1.9996, 2.4221, 3.0243, 2.1373, 2.101, 2.1532, 2.4025, 2.5343, 2.3494, 2.2607, 2.2941]
Iter 318  - time: 10    - [train]: 1.7654 - [valid]: 2.1886 - [adapt]: 1.881  - [adapt_test]: 2.2463 - [adapt_test_per_env]: [1.7768, 2.0148, 2.479, 3.1232, 2.0421, 2.0252, 2.0992, 2.3694, 2.3976, 2.2341, 2.1687, 2.225]
Iter 319  - time: 10    - [train]: 1.7655 - [valid]: 2.1962 - [adapt]: 1.9462 - [adapt_test]: 2.2998 - [adapt_test_per_env]: [1.7895, 1.9877, 2.4024, 2.9989, 2.1604, 2.1262, 2.1788, 2.433, 2.5542, 2.3699, 2.2814, 2.3148]
saving best model at iter 320
Iter 320  - time: 10    - [train]: 1.7679 - [valid]: 2.1851 - [adapt]: 1.8674 - [adapt_test]: 2.2265 - [adapt_test_per_env]: [1.7592, 2.0166, 2.5018, 3.1688, 1.9983, 1.9951, 2.0832, 2.3699, 2.3261, 2.1765, 2.126, 2.1967]
Iter 321  - time: 10    - [train]: 1.7661 - [valid]: 2.1962 - [adapt]: 1.9405 - [adapt_test]: 2.2957 - [adapt_test_per_env]: [1.7895, 1.9901, 2.4086, 3.0085, 2.1535, 2.1193, 2.1722, 2.4259, 2.5431, 2.3596, 2.2722, 2.3064]
Iter 322  - time: 10    - [train]: 1.7674 - [valid]: 2.1897 - [adapt]: 1.878  - [adapt_test]: 2.2435 - [adapt_test_per_env]: [1.7765, 2.0168, 2.4845, 3.1321, 2.0387, 2.0221, 2.0963, 2.3668, 2.3866, 2.2242, 2.1603, 2.2176]
Iter 323  - time: 10    - [train]: 1.7664 - [valid]: 2.1957 - [adapt]: 1.9216 - [adapt_test]: 2.2832 - [adapt_test_per_env]: [1.7916, 2.0002, 2.43, 3.0398, 2.1276, 2.0947, 2.1499, 2.4035, 2.5085, 2.3276, 2.2436, 2.2811]
Iter 324  - time: 10    - [train]: 1.7673 - [valid]: 2.1901 - [adapt]: 1.8938 - [adapt_test]: 2.2537 - [adapt_test_per_env]: [1.776, 2.0089, 2.4665, 3.1048, 2.0634, 2.0451, 2.1162, 2.3857, 2.4139, 2.2483, 2.1809, 2.2347]
Iter 325  - time: 10    - [train]: 1.7683 - [valid]: 2.1897 - [adapt]: 1.8996 - [adapt_test]: 2.2543 - [adapt_test_per_env]: [1.772, 2.0061, 2.4635, 3.1028, 2.0651, 2.0497, 2.1232, 2.3968, 2.4095, 2.246, 2.1807, 2.2365]
Iter 326  - time: 10    - [train]: 1.7694 - [valid]: 2.1921 - [adapt]: 1.9096 - [adapt_test]: 2.2633 - [adapt_test_per_env]: [1.7775, 2.0049, 2.4542, 3.0852, 2.0849, 2.066, 2.1353, 2.4052, 2.4342, 2.2666, 2.197, 2.2485]
Iter 327  - time: 10    - [train]: 1.7717 - [valid]: 2.1919 - [adapt]: 1.8857 - [adapt_test]: 2.2452 - [adapt_test_per_env]: [1.778, 2.0196, 2.487, 3.1347, 2.0434, 2.0298, 2.1062, 2.3804, 2.3775, 2.2167, 2.1547, 2.2137]
Iter 328  - time: 10    - [train]: 1.7726 - [valid]: 2.1987 - [adapt]: 1.9228 - [adapt_test]: 2.2792 - [adapt_test_per_env]: [1.7947, 2.0095, 2.4449, 3.0607, 2.1188, 2.0911, 2.151, 2.4104, 2.4792, 2.3025, 2.2231, 2.2651]
Iter 329  - time: 10    - [train]: 1.7758 - [valid]: 2.1938 - [adapt]: 1.8805 - [adapt_test]: 2.2394 - [adapt_test_per_env]: [1.7821, 2.0301, 2.5044, 3.1586, 2.0283, 2.0188, 2.0992, 2.3774, 2.3497, 2.1923, 2.1342, 2.1971]
Iter 330  - time: 10    - [train]: 1.7766 - [valid]: 2.1992 - [adapt]: 1.9277 - [adapt_test]: 2.2763 - [adapt_test_per_env]: [1.7933, 2.0136, 2.4526, 3.0729, 2.1108, 2.09, 2.1561, 2.4233, 2.4553, 2.2833, 2.2089, 2.2559]
Iter 331  - time: 10    - [train]: 1.78   - [valid]: 2.1937 - [adapt]: 1.8813 - [adapt_test]: 2.2325 - [adapt_test_per_env]: [1.7794, 2.0366, 2.5186, 3.1814, 2.0106, 2.0099, 2.0987, 2.3873, 2.3126, 2.1621, 2.1113, 2.1814]
Iter 332  - time: 10    - [train]: 1.7808 - [valid]: 2.1996 - [adapt]: 1.9249 - [adapt_test]: 2.2687 - [adapt_test_per_env]: [1.7962, 2.0247, 2.471, 3.0988, 2.0915, 2.0778, 2.1509, 2.4258, 2.4183, 2.2514, 2.1826, 2.2353]
Iter 333  - time: 10    - [train]: 1.7836 - [valid]: 2.1979 - [adapt]: 1.8959 - [adapt_test]: 2.2443 - [adapt_test_per_env]: [1.7955, 2.0437, 2.5132, 3.1628, 2.035, 2.0309, 2.1154, 2.3996, 2.3389, 2.1824, 2.125, 2.189]
Iter 334  - time: 10    - [train]: 1.7852 - [valid]: 2.2017 - [adapt]: 1.9139 - [adapt_test]: 2.2607 - [adapt_test_per_env]: [1.8089, 2.044, 2.4969, 3.1297, 2.0704, 2.0606, 2.138, 2.4156, 2.3836, 2.2191, 2.1529, 2.2085]
Iter 335  - time: 10    - [train]: 1.7871 - [valid]: 2.2035 - [adapt]: 1.9202 - [adapt_test]: 2.2637 - [adapt_test_per_env]: [1.8162, 2.05, 2.4995, 3.1288, 2.0749, 2.0661, 2.1443, 2.423, 2.3842, 2.219, 2.1518, 2.2067]
Iter 336  - time: 9     - [train]: 1.7906 - [valid]: 2.203  - [adapt]: 1.9283 - [adapt_test]: 2.2581 - [adapt_test_per_env]: [1.818, 2.0581, 2.5125, 3.147, 2.0596, 2.0573, 2.1418, 2.4275, 2.3562, 2.1952, 2.1323, 2.1919]
Iter 337  - time: 10    - [train]: 1.7933 - [valid]: 2.2019 - [adapt]: 1.915  - [adapt_test]: 2.2481 - [adapt_test_per_env]: [1.8196, 2.0697, 2.5331, 3.1766, 2.0333, 2.0395, 2.1327, 2.4274, 2.3143, 2.1592, 2.103, 2.1688]
Iter 338  - time: 10    - [train]: 1.796  - [valid]: 2.2058 - [adapt]: 1.9323 - [adapt_test]: 2.2665 - [adapt_test_per_env]: [1.8314, 2.0683, 2.5139, 3.1405, 2.0719, 2.073, 2.16, 2.4498, 2.3616, 2.1996, 2.1348, 2.1928]
Iter 339  - time: 10    - [train]: 1.7981 - [valid]: 2.2046 - [adapt]: 1.9221 - [adapt_test]: 2.2475 - [adapt_test_per_env]: [1.8296, 2.0824, 2.5458, 3.1896, 2.0278, 2.0385, 2.1358, 2.435, 2.2964, 2.1435, 2.0888, 2.1567]
Iter 340  - time: 10    - [train]: 1.7964 - [valid]: 2.2104 - [adapt]: 1.9583 - [adapt_test]: 2.2769 - [adapt_test_per_env]: [1.8474, 2.076, 2.51, 3.1245, 2.0931, 2.0919, 2.1756, 2.4623, 2.383, 2.2157, 2.145, 2.1979]
Iter 341  - time: 10    - [train]: 1.8    - [valid]: 2.2106 - [adapt]: 1.9616 - [adapt_test]: 2.2767 - [adapt_test_per_env]: [1.8489, 2.0775, 2.5108, 3.125, 2.0924, 2.0925, 2.1773, 2.4648, 2.38, 2.2128, 2.1424, 2.1957]
Iter 342  - time: 10    - [train]: 1.8044 - [valid]: 2.2024 - [adapt]: 1.9102 - [adapt_test]: 2.231  - [adapt_test_per_env]: [1.8314, 2.0962, 2.5716, 3.2267, 1.9905, 2.0091, 2.1156, 2.4243, 2.2406, 2.0951, 2.0478, 2.1235]
Iter 343  - time: 10    - [train]: 1.8057 - [valid]: 2.2034 - [adapt]: 1.9086 - [adapt_test]: 2.2319 - [adapt_test_per_env]: [1.8292, 2.0921, 2.5667, 3.2214, 1.9957, 2.0129, 2.1174, 2.424, 2.2457, 2.0998, 2.0514, 2.1263]
Iter 344  - time: 10    - [train]: 1.8072 - [valid]: 2.2107 - [adapt]: 1.9382 - [adapt_test]: 2.2611 - [adapt_test_per_env]: [1.8339, 2.0726, 2.5216, 3.153, 2.0665, 2.0702, 2.1589, 2.4499, 2.3375, 2.1772, 2.1153, 2.1766]
Iter 345  - time: 10    - [train]: 1.8115 - [valid]: 2.2081 - [adapt]: 1.8947 - [adapt_test]: 2.2255 - [adapt_test_per_env]: [1.8159, 2.0841, 2.5713, 3.2395, 1.9882, 2.0037, 2.1066, 2.4109, 2.2301, 2.0873, 2.0443, 2.1236]
Iter 346  - time: 10    - [train]: 1.8169 - [valid]: 2.2114 - [adapt]: 1.891  - [adapt_test]: 2.2199 - [adapt_test_per_env]: [1.8052, 2.0795, 2.5778, 3.2584, 1.9785, 1.9951, 2.0994, 2.4042, 2.2111, 2.073, 2.0363, 2.1204]
Iter 347  - time: 9     - [train]: 1.8256 - [valid]: 2.2349 - [adapt]: 1.955  - [adapt_test]: 2.2649 - [adapt_test_per_env]: [1.812, 2.0685, 2.5451, 3.2132, 2.0616, 2.0842, 2.1922, 2.5031, 2.2754, 2.1366, 2.1008, 2.1861]
Iter 348  - time: 9     - [train]: 1.8345 - [valid]: 2.2233 - [adapt]: 1.8435 - [adapt_test]: 2.1889 - [adapt_test_per_env]: [1.7782, 2.0928, 2.646, 3.3845, 1.8989, 1.9337, 2.0582, 2.3812, 2.0822, 1.9706, 1.9643, 2.0767]
Iter 349  - time: 9     - [train]: 1.8352 - [valid]: 2.2414 - [adapt]: 1.9068 - [adapt_test]: 2.2317 - [adapt_test_per_env]: [1.8114, 2.1035, 2.6245, 3.3368, 1.9723, 2.0108, 2.1381, 2.4682, 2.1478, 2.0294, 2.0156, 2.1215]
Iter 350  - time: 10    - [train]: 1.8413 - [valid]: 2.2577 - [adapt]: 1.927  - [adapt_test]: 2.252  - [adapt_test_per_env]: [1.8536, 2.1451, 2.659, 3.3651, 1.9834, 2.024, 2.1538, 2.4905, 2.1593, 2.0403, 2.0238, 2.1266]
Iter 351  - time: 10    - [train]: 1.8486 - [valid]: 2.2263 - [adapt]: 1.8598 - [adapt_test]: 2.1854 - [adapt_test_per_env]: [1.8015, 2.1137, 2.6592, 3.3928, 1.8913, 1.9293, 2.0579, 2.3816, 2.06, 1.9477, 1.9389, 2.0502]
Iter 352  - time: 10    - [train]: 1.8437 - [valid]: 2.2247 - [adapt]: 1.9614 - [adapt_test]: 2.2426 - [adapt_test_per_env]: [1.8395, 2.0904, 2.5573, 3.2139, 2.0332, 2.0467, 2.1471, 2.4436, 2.2504, 2.1036, 2.0557, 2.13]
Iter 353  - time: 9     - [train]: 1.8339 - [valid]: 2.2273 - [adapt]: 1.9327 - [adapt_test]: 2.2286 - [adapt_test_per_env]: [1.8618, 2.1424, 2.6329, 3.3163, 1.9597, 2.0036, 2.1362, 2.4729, 2.1391, 2.0131, 1.985, 2.0796]
Iter 354  - time: 10    - [train]: 1.827  - [valid]: 2.2258 - [adapt]: 1.9193 - [adapt_test]: 2.2138 - [adapt_test_per_env]: [1.8738, 2.1816, 2.6936, 3.3986, 1.8964, 1.9598, 2.1136, 2.4756, 2.0555, 1.9444, 1.9319, 2.041]
Iter 355  - time: 10    - [train]: 1.818  - [valid]: 2.209  - [adapt]: 1.9644 - [adapt_test]: 2.2379 - [adapt_test_per_env]: [1.8892, 2.1617, 2.6271, 3.2828, 1.9668, 2.0124, 2.1446, 2.4868, 2.1705, 2.0357, 1.9967, 2.08]
Iter 356  - time: 10    - [train]: 1.8134 - [valid]: 2.1968 - [adapt]: 1.9896 - [adapt_test]: 2.2586 - [adapt_test_per_env]: [1.882, 2.1208, 2.5497, 3.1644, 2.0461, 2.0678, 2.1722, 2.4829, 2.2914, 2.1323, 2.0673, 2.1256]
Iter 357  - time: 10    - [train]: 1.8129 - [valid]: 2.1961 - [adapt]: 1.969  - [adapt_test]: 2.2481 - [adapt_test_per_env]: [1.8878, 2.1401, 2.5828, 3.2085, 2.0109, 2.0391, 2.1506, 2.468, 2.2514, 2.0978, 2.0381, 2.1018]
Iter 358  - time: 9     - [train]: 1.8097 - [valid]: 2.1933 - [adapt]: 1.997  - [adapt_test]: 2.2667 - [adapt_test_per_env]: [1.9008, 2.135, 2.5522, 3.1536, 2.0514, 2.0725, 2.1756, 2.4859, 2.3154, 2.1507, 2.0781, 2.1295]
saving best model at iter 359







































Iter 359  - time: 9     - [train]: 1.8051 - [valid]: 2.1818 - [adapt]: 2.0176 - [adapt_test]: 2.2586 - [adapt_test_per_env]: [1.8989, 2.1343, 2.5479, 3.1469, 2.0328, 2.0599, 2.1697, 2.4899, 2.299, 2.1375, 2.0666, 2.1199]
Iter 360  - time: 9     - [train]: 1.8027 - [valid]: 2.1881 - [adapt]: 1.977  - [adapt_test]: 2.2135 - [adapt_test_per_env]: [1.9136, 2.2032, 2.6672, 3.3189, 1.8839, 1.9498, 2.105, 2.477, 2.0986, 1.9742, 1.9404, 2.0306]
Iter 361  - time: 9     - [train]: 1.8019 - [valid]: 2.1886 - [adapt]: 2.0548 - [adapt_test]: 2.3058 - [adapt_test_per_env]: [1.9063, 2.0909, 2.4571, 3.0091, 2.1604, 2.1503, 2.22, 2.4962, 2.4868, 2.2931, 2.1897, 2.2098]
Iter 362  - time: 9     - [train]: 1.8194 - [valid]: 2.1949 - [adapt]: 1.855  - [adapt_test]: 2.159  - [adapt_test_per_env]: [1.7987, 2.1276, 2.6864, 3.4314, 1.8204, 1.8709, 2.0114, 2.3487, 2.0074, 1.9001, 1.8958, 2.0096]
Iter 363  - time: 9     - [train]: 1.8334 - [valid]: 2.2471 - [adapt]: 2.0951 - [adapt_test]: 2.4137 - [adapt_test_per_env]: [1.9672, 2.079, 2.3816, 2.8648, 2.3869, 2.3143, 2.3165, 2.5191, 2.8039, 2.5584, 2.4031, 2.3701]
Iter 364  - time: 12    - [train]: 2.7736 - [valid]: 3.0496 - [adapt]: 2.331  - [adapt_test]: 2.6138 - [adapt_test_per_env]: [2.5098, 3.2766, 4.2906, 5.5287, 1.5893, 1.9529, 2.435, 3.1278, 1.2735, 1.4552, 1.7526, 2.1732]
Traceback (most recent call last):
  File "/home/gb21553/Projects/CAVIA/regression/main.py", line 49, in <module>
    logger = cavia.run(args, log_interval=1, rerun=True)
             ^^^^^^^^^^^^^^^^^^^^^^^^^^^^^^^^^^^^^^^^^^^
  File "/home/gb21553/Projects/CAVIA/regression/cavia.py", line 237, in run
    loss_train, loss_valid, _ = eval_cavia(args, copy.deepcopy(model), task_family=task_family_train, task_family_test=task_family_valid,
                                ^^^^^^^^^^^^^^^^^^^^^^^^^^^^^^^^^^^^^^^^^^^^^^^^^^^^^^^^^^^^^^^^^^^^^^^^^^^^^^^^^^^^^^^^^^^^^^^^^^^^^^^^^
  File "/home/gb21553/Projects/CAVIA/regression/cavia.py", line 405, in eval_cavia
    curr_outputs_test = model(curr_inputs_test, t_eval_test)
                        ^^^^^^^^^^^^^^^^^^^^^^^^^^^^^^^^^^^^
  File "/home/gb21553/miniconda3/envs/torch/lib/python3.12/site-packages/torch/nn/modules/module.py", line 1511, in _wrapped_call_impl
    return self._call_impl(*args, **kwargs)
           ^^^^^^^^^^^^^^^^^^^^^^^^^^^^^^^^
  File "/home/gb21553/miniconda3/envs/torch/lib/python3.12/site-packages/torch/nn/modules/module.py", line 1520, in _call_impl
    return forward_call(*args, **kwargs)
           ^^^^^^^^^^^^^^^^^^^^^^^^^^^^^
  File "/home/gb21553/Projects/CAVIA/regression/cavia_model.py", line 357, in forward
    pred_y = odeint(newodefunc, x, t_eval, method='dopri5', rtol=1e-3, atol=1e-6, options=options)[:,...]
             ^^^^^^^^^^^^^^^^^^^^^^^^^^^^^^^^^^^^^^^^^^^^^^^^^^^^^^^^^^^^^^^^^^^^^^^^^^^^^^^^^^^^^
  File "/home/gb21553/miniconda3/envs/torch/lib/python3.12/site-packages/torchdiffeq/_impl/odeint.py", line 77, in odeint
    solution = solver.integrate(t)
               ^^^^^^^^^^^^^^^^^^^
  File "/home/gb21553/miniconda3/envs/torch/lib/python3.12/site-packages/torchdiffeq/_impl/solvers.py", line 30, in integrate
    solution[i] = self._advance(t[i])
                  ^^^^^^^^^^^^^^^^^^^
  File "/home/gb21553/miniconda3/envs/torch/lib/python3.12/site-packages/torchdiffeq/_impl/rk_common.py", line 194, in _advance
    self.rk_state = self._adaptive_step(self.rk_state)
                    ^^^^^^^^^^^^^^^^^^^^^^^^^^^^^^^^^^
  File "/home/gb21553/miniconda3/envs/torch/lib/python3.12/site-packages/torchdiffeq/_impl/rk_common.py", line 228, in _adaptive_step
    assert t0 + dt > t0, 'underflow in dt {}'.format(dt.item())
AssertionError: underflow in dt nan
