Number of parameters in the model:  305714
saving best model at iter 0
Iter 0    - time: 4     - [train] loss: 4.8317 - [valid] loss: 4.8388 - [test] loss: 5.1569
saving best model at iter 10
Iter 10   - time: 15    - [train] loss: 0.6863 - [valid] loss: 0.727  - [test] loss: 0.7599
saving best model at iter 20
Iter 20   - time: 15    - [train] loss: 0.5161 - [valid] loss: 0.5738 - [test] loss: 0.5264
saving best model at iter 30
Iter 30   - time: 14    - [train] loss: 0.3129 - [valid] loss: 0.3686 - [test] loss: 0.2748
Iter 40   - time: 15    - [train] loss: 0.3404 - [valid] loss: 0.3936 - [test] loss: 0.2967
Iter 50   - time: 15    - [train] loss: 0.3145 - [valid] loss: 0.3706 - [test] loss: 0.2739
saving best model at iter 60
Iter 60   - time: 15    - [train] loss: 0.3097 - [valid] loss: 0.3635 - [test] loss: 0.2835
Iter 70   - time: 14    - [train] loss: 0.3102 - [valid] loss: 0.3651 - [test] loss: 0.2829
Iter 80   - time: 14    - [train] loss: 0.31   - [valid] loss: 0.3641 - [test] loss: 0.2842
Iter 90   - time: 15    - [train] loss: 0.3097 - [valid] loss: 0.3642 - [test] loss: 0.2821
Iter 100  - time: 15    - [train] loss: 0.3096 - [valid] loss: 0.3641 - [test] loss: 0.2813
Iter 110  - time: 15    - [train] loss: 0.3095 - [valid] loss: 0.3638 - [test] loss: 0.2811
Iter 120  - time: 15    - [train] loss: 0.3094 - [valid] loss: 0.3638 - [test] loss: 0.2807
Iter 130  - time: 15    - [train] loss: 0.3093 - [valid] loss: 0.3637 - [test] loss: 0.2803
Iter 140  - time: 15    - [train] loss: 0.3092 - [valid] loss: 0.3636 - [test] loss: 0.2801
Iter 150  - time: 14    - [train] loss: 0.3091 - [valid] loss: 0.3635 - [test] loss: 0.28  
saving best model at iter 160
Iter 160  - time: 14    - [train] loss: 0.309  - [valid] loss: 0.3633 - [test] loss: 0.2799
saving best model at iter 170
Iter 170  - time: 14    - [train] loss: 0.3088 - [valid] loss: 0.3631 - [test] loss: 0.2797
saving best model at iter 180
Iter 180  - time: 14    - [train] loss: 0.3086 - [valid] loss: 0.3629 - [test] loss: 0.2795
saving best model at iter 190
Iter 190  - time: 14    - [train] loss: 0.3083 - [valid] loss: 0.3625 - [test] loss: 0.279 
saving best model at iter 200
Iter 200  - time: 14    - [train] loss: 0.3078 - [valid] loss: 0.3619 - [test] loss: 0.2784
saving best model at iter 210
Iter 210  - time: 14    - [train] loss: 0.307  - [valid] loss: 0.3608 - [test] loss: 0.2771
saving best model at iter 220
Iter 220  - time: 14    - [train] loss: 0.3052 - [valid] loss: 0.3585 - [test] loss: 0.2743
saving best model at iter 230
Iter 230  - time: 14    - [train] loss: 0.2996 - [valid] loss: 0.3515 - [test] loss: 0.2648
saving best model at iter 240
Iter 240  - time: 14    - [train] loss: 0.2763 - [valid] loss: 0.3226 - [test] loss: 0.2254
saving best model at iter 250
Iter 250  - time: 14    - [train] loss: 0.2703 - [valid] loss: 0.3155 - [test] loss: 0.2188
saving best model at iter 260
Iter 260  - time: 15    - [train] loss: 0.2627 - [valid] loss: 0.307  - [test] loss: 0.2104
saving best model at iter 270
Iter 270  - time: 15    - [train] loss: 0.2523 - [valid] loss: 0.2942 - [test] loss: 0.2008
saving best model at iter 280
Iter 280  - time: 15    - [train] loss: 0.2333 - [valid] loss: 0.2725 - [test] loss: 0.1797
saving best model at iter 290
Iter 290  - time: 15    - [train] loss: 0.2031 - [valid] loss: 0.2381 - [test] loss: 0.1432
saving best model at iter 300
Iter 300  - time: 14    - [train] loss: 0.1788 - [valid] loss: 0.2101 - [test] loss: 0.1095
saving best model at iter 310
Iter 310  - time: 15    - [train] loss: 0.1699 - [valid] loss: 0.197  - [test] loss: 0.0966
saving best model at iter 320
Iter 320  - time: 15    - [train] loss: 0.1603 - [valid] loss: 0.1825 - [test] loss: 0.0862
saving best model at iter 330
Iter 330  - time: 15    - [train] loss: 0.1555 - [valid] loss: 0.1726 - [test] loss: 0.0821
saving best model at iter 340
Iter 340  - time: 15    - [train] loss: 0.1529 - [valid] loss: 0.1661 - [test] loss: 0.0803
saving best model at iter 350
Iter 350  - time: 15    - [train] loss: 0.1504 - [valid] loss: 0.1616 - [test] loss: 0.0789
saving best model at iter 360
Iter 360  - time: 15    - [train] loss: 0.148  - [valid] loss: 0.1579 - [test] loss: 0.0778
saving best model at iter 370
Iter 370  - time: 15    - [train] loss: 0.1455 - [valid] loss: 0.154  - [test] loss: 0.0768
saving best model at iter 380
Iter 380  - time: 15    - [train] loss: 0.1426 - [valid] loss: 0.1497 - [test] loss: 0.0752
saving best model at iter 390
Iter 390  - time: 15    - [train] loss: 0.1385 - [valid] loss: 0.1442 - [test] loss: 0.0717
saving best model at iter 400
Iter 400  - time: 15    - [train] loss: 0.1308 - [valid] loss: 0.1345 - [test] loss: 0.0626
saving best model at iter 410
Iter 410  - time: 15    - [train] loss: 0.1154 - [valid] loss: 0.1155 - [test] loss: 0.0564
saving best model at iter 420
Iter 420  - time: 15    - [train] loss: 0.1066 - [valid] loss: 0.1075 - [test] loss: 0.0454
saving best model at iter 430
Iter 430  - time: 15    - [train] loss: 0.1019 - [valid] loss: 0.0997 - [test] loss: 0.0656
saving best model at iter 440
Iter 440  - time: 15    - [train] loss: 0.0829 - [valid] loss: 0.0838 - [test] loss: 0.0423
saving best model at iter 450
Iter 450  - time: 15    - [train] loss: 0.0574 - [valid] loss: 0.0596 - [test] loss: 0.0276
Iter 460  - time: 15    - [train] loss: 0.0812 - [valid] loss: 0.085  - [test] loss: 0.0388
Iter 470  - time: 15    - [train] loss: 0.0818 - [valid] loss: 0.0888 - [test] loss: 0.0304
saving best model at iter 480
Iter 480  - time: 15    - [train] loss: 0.0499 - [valid] loss: 0.0522 - [test] loss: 0.0237
saving best model at iter 490
Iter 490  - time: 15    - [train] loss: 0.0354 - [valid] loss: 0.0384 - [test] loss: 0.0209
saving best model at iter 500
Iter 500  - time: 15    - [train] loss: 0.0311 - [valid] loss: 0.0344 - [test] loss: 0.0196
saving best model at iter 510
Iter 510  - time: 14    - [train] loss: 0.0301 - [valid] loss: 0.0335 - [test] loss: 0.0182
saving best model at iter 520
Iter 520  - time: 14    - [train] loss: 0.0288 - [valid] loss: 0.0331 - [test] loss: 0.0206
saving best model at iter 530
Iter 530  - time: 15    - [train] loss: 0.028  - [valid] loss: 0.0326 - [test] loss: 0.0204
saving best model at iter 540
Iter 540  - time: 14    - [train] loss: 0.0275 - [valid] loss: 0.032  - [test] loss: 0.0192
saving best model at iter 550
Iter 550  - time: 14    - [train] loss: 0.0269 - [valid] loss: 0.0316 - [test] loss: 0.019 
saving best model at iter 560
Iter 560  - time: 14    - [train] loss: 0.0264 - [valid] loss: 0.0312 - [test] loss: 0.0191
saving best model at iter 570
Iter 570  - time: 14    - [train] loss: 0.0259 - [valid] loss: 0.0307 - [test] loss: 0.019 
saving best model at iter 580
Iter 580  - time: 15    - [train] loss: 0.0255 - [valid] loss: 0.0303 - [test] loss: 0.0186
saving best model at iter 590
Iter 590  - time: 15    - [train] loss: 0.025  - [valid] loss: 0.0299 - [test] loss: 0.0183
saving best model at iter 600
Iter 600  - time: 15    - [train] loss: 0.0246 - [valid] loss: 0.0295 - [test] loss: 0.018 
saving best model at iter 610
Iter 610  - time: 14    - [train] loss: 0.0242 - [valid] loss: 0.0292 - [test] loss: 0.0177
saving best model at iter 620
Iter 620  - time: 14    - [train] loss: 0.0238 - [valid] loss: 0.0289 - [test] loss: 0.0174
saving best model at iter 630
Iter 630  - time: 15    - [train] loss: 0.0234 - [valid] loss: 0.0286 - [test] loss: 0.0172
saving best model at iter 640
Iter 640  - time: 14    - [train] loss: 0.0231 - [valid] loss: 0.0283 - [test] loss: 0.0169
saving best model at iter 650
Iter 650  - time: 14    - [train] loss: 0.0227 - [valid] loss: 0.028  - [test] loss: 0.0166
saving best model at iter 660
Iter 660  - time: 14    - [train] loss: 0.0224 - [valid] loss: 0.0278 - [test] loss: 0.0163
saving best model at iter 670
Iter 670  - time: 14    - [train] loss: 0.0221 - [valid] loss: 0.0276 - [test] loss: 0.016 
saving best model at iter 680
Iter 680  - time: 14    - [train] loss: 0.0217 - [valid] loss: 0.0273 - [test] loss: 0.0157
saving best model at iter 690
Iter 690  - time: 14    - [train] loss: 0.0214 - [valid] loss: 0.0271 - [test] loss: 0.0155
saving best model at iter 700
Iter 700  - time: 14    - [train] loss: 0.0212 - [valid] loss: 0.0269 - [test] loss: 0.0152
saving best model at iter 710
Iter 710  - time: 14    - [train] loss: 0.0209 - [valid] loss: 0.0266 - [test] loss: 0.0149
saving best model at iter 720
Iter 720  - time: 15    - [train] loss: 0.0206 - [valid] loss: 0.0264 - [test] loss: 0.0146
saving best model at iter 730
Iter 730  - time: 14    - [train] loss: 0.0203 - [valid] loss: 0.0261 - [test] loss: 0.0144
saving best model at iter 740
Iter 740  - time: 14    - [train] loss: 0.0201 - [valid] loss: 0.0258 - [test] loss: 0.0141
saving best model at iter 750
Iter 750  - time: 15    - [train] loss: 0.0198 - [valid] loss: 0.0255 - [test] loss: 0.0138
saving best model at iter 760
Iter 760  - time: 15    - [train] loss: 0.0195 - [valid] loss: 0.0251 - [test] loss: 0.0136
saving best model at iter 770
Iter 770  - time: 14    - [train] loss: 0.0193 - [valid] loss: 0.0248 - [test] loss: 0.0133
saving best model at iter 780
Iter 780  - time: 14    - [train] loss: 0.019  - [valid] loss: 0.0244 - [test] loss: 0.0131
saving best model at iter 790
Iter 790  - time: 14    - [train] loss: 0.0187 - [valid] loss: 0.024  - [test] loss: 0.0128
saving best model at iter 800
Iter 800  - time: 14    - [train] loss: 0.0185 - [valid] loss: 0.0236 - [test] loss: 0.0125
saving best model at iter 810
Iter 810  - time: 14    - [train] loss: 0.0182 - [valid] loss: 0.0232 - [test] loss: 0.0123
saving best model at iter 820
Iter 820  - time: 15    - [train] loss: 0.0179 - [valid] loss: 0.0228 - [test] loss: 0.012 
saving best model at iter 830
Iter 830  - time: 14    - [train] loss: 0.0176 - [valid] loss: 0.0224 - [test] loss: 0.0117
saving best model at iter 840
Iter 840  - time: 15    - [train] loss: 0.0173 - [valid] loss: 0.0219 - [test] loss: 0.0115
saving best model at iter 850
Iter 850  - time: 14    - [train] loss: 0.0169 - [valid] loss: 0.0215 - [test] loss: 0.0112
saving best model at iter 860
Iter 860  - time: 15    - [train] loss: 0.0166 - [valid] loss: 0.0211 - [test] loss: 0.0109
saving best model at iter 870
Iter 870  - time: 15    - [train] loss: 0.0162 - [valid] loss: 0.0206 - [test] loss: 0.0106
saving best model at iter 880
Iter 880  - time: 15    - [train] loss: 0.0158 - [valid] loss: 0.0202 - [test] loss: 0.0104
saving best model at iter 890
Iter 890  - time: 15    - [train] loss: 0.0154 - [valid] loss: 0.0198 - [test] loss: 0.0101
saving best model at iter 900
Iter 900  - time: 15    - [train] loss: 0.015  - [valid] loss: 0.0193 - [test] loss: 0.0098
saving best model at iter 910
Iter 910  - time: 15    - [train] loss: 0.0146 - [valid] loss: 0.0189 - [test] loss: 0.0095
saving best model at iter 920
Iter 920  - time: 15    - [train] loss: 0.0141 - [valid] loss: 0.0184 - [test] loss: 0.0092
saving best model at iter 930
Iter 930  - time: 15    - [train] loss: 0.0136 - [valid] loss: 0.018  - [test] loss: 0.0089
saving best model at iter 940
Iter 940  - time: 15    - [train] loss: 0.0132 - [valid] loss: 0.0175 - [test] loss: 0.0086
saving best model at iter 950
Iter 950  - time: 15    - [train] loss: 0.0127 - [valid] loss: 0.017  - [test] loss: 0.0083
saving best model at iter 960
Iter 960  - time: 15    - [train] loss: 0.0123 - [valid] loss: 0.0166 - [test] loss: 0.008 
saving best model at iter 970
Iter 970  - time: 15    - [train] loss: 0.0118 - [valid] loss: 0.0162 - [test] loss: 0.0078
saving best model at iter 980
Iter 980  - time: 15    - [train] loss: 0.0115 - [valid] loss: 0.0159 - [test] loss: 0.0075
saving best model at iter 990
Iter 990  - time: 15    - [train] loss: 0.0112 - [valid] loss: 0.0156 - [test] loss: 0.0073
saving best model at iter 1000
Iter 1000 - time: 14    - [train] loss: 0.0109 - [valid] loss: 0.0154 - [test] loss: 0.0072
saving best model at iter 1010
Iter 1010 - time: 15    - [train] loss: 0.0106 - [valid] loss: 0.0151 - [test] loss: 0.007 
saving best model at iter 1020
Iter 1020 - time: 15    - [train] loss: 0.0103 - [valid] loss: 0.0149 - [test] loss: 0.0069
saving best model at iter 1030
Iter 1030 - time: 15    - [train] loss: 0.0101 - [valid] loss: 0.0146 - [test] loss: 0.0068
saving best model at iter 1040
Iter 1040 - time: 15    - [train] loss: 0.0098 - [valid] loss: 0.0144 - [test] loss: 0.0067
saving best model at iter 1050
Iter 1050 - time: 15    - [train] loss: 0.0096 - [valid] loss: 0.0141 - [test] loss: 0.0066
saving best model at iter 1060
Iter 1060 - time: 15    - [train] loss: 0.0095 - [valid] loss: 0.0139 - [test] loss: 0.0066
saving best model at iter 1070
Iter 1070 - time: 14    - [train] loss: 0.0093 - [valid] loss: 0.0137 - [test] loss: 0.0065
saving best model at iter 1080
Iter 1080 - time: 15    - [train] loss: 0.0091 - [valid] loss: 0.0136 - [test] loss: 0.0064
saving best model at iter 1090
Iter 1090 - time: 15    - [train] loss: 0.0089 - [valid] loss: 0.0135 - [test] loss: 0.0064
saving best model at iter 1100
Iter 1100 - time: 15    - [train] loss: 0.0087 - [valid] loss: 0.0135 - [test] loss: 0.0063
saving best model at iter 1110
Iter 1110 - time: 15    - [train] loss: 0.0086 - [valid] loss: 0.0135 - [test] loss: 0.0063
Iter 1120 - time: 15    - [train] loss: 0.0089 - [valid] loss: 0.014  - [test] loss: 0.0072
saving best model at iter 1130
Iter 1130 - time: 15    - [train] loss: 0.0083 - [valid] loss: 0.0132 - [test] loss: 0.0063
Iter 1140 - time: 15    - [train] loss: 0.0084 - [valid] loss: 0.0136 - [test] loss: 0.0067
Iter 1150 - time: 15    - [train] loss: 0.0081 - [valid] loss: 0.0132 - [test] loss: 0.0061
saving best model at iter 1160
Iter 1160 - time: 15    - [train] loss: 0.0079 - [valid] loss: 0.0132 - [test] loss: 0.0061
saving best model at iter 1170
Iter 1170 - time: 15    - [train] loss: 0.0078 - [valid] loss: 0.0132 - [test] loss: 0.0061
Iter 1180 - time: 15    - [train] loss: 0.0076 - [valid] loss: 0.0132 - [test] loss: 0.0061
saving best model at iter 1190
Iter 1190 - time: 15    - [train] loss: 0.0075 - [valid] loss: 0.0132 - [test] loss: 0.006 
saving best model at iter 1200
Iter 1200 - time: 15    - [train] loss: 0.0073 - [valid] loss: 0.0131 - [test] loss: 0.0059
saving best model at iter 1210
Iter 1210 - time: 15    - [train] loss: 0.0072 - [valid] loss: 0.0131 - [test] loss: 0.0059
saving best model at iter 1220
Iter 1220 - time: 15    - [train] loss: 0.0071 - [valid] loss: 0.013  - [test] loss: 0.0058
saving best model at iter 1230
Iter 1230 - time: 15    - [train] loss: 0.0069 - [valid] loss: 0.0129 - [test] loss: 0.0058
saving best model at iter 1240
Iter 1240 - time: 15    - [train] loss: 0.0068 - [valid] loss: 0.0129 - [test] loss: 0.0057
saving best model at iter 1250
Iter 1250 - time: 15    - [train] loss: 0.0066 - [valid] loss: 0.0128 - [test] loss: 0.0056
Iter 1260 - time: 15    - [train] loss: 0.0071 - [valid] loss: 0.0134 - [test] loss: 0.0059
saving best model at iter 1270
Iter 1270 - time: 15    - [train] loss: 0.0064 - [valid] loss: 0.0125 - [test] loss: 0.0055
saving best model at iter 1280
Iter 1280 - time: 15    - [train] loss: 0.0062 - [valid] loss: 0.0124 - [test] loss: 0.0054
saving best model at iter 1290
Iter 1290 - time: 15    - [train] loss: 0.006  - [valid] loss: 0.0122 - [test] loss: 0.0053
saving best model at iter 1300
Iter 1300 - time: 15    - [train] loss: 0.0059 - [valid] loss: 0.0121 - [test] loss: 0.0053
saving best model at iter 1310
Iter 1310 - time: 14    - [train] loss: 0.0057 - [valid] loss: 0.012  - [test] loss: 0.0051
saving best model at iter 1320
Iter 1320 - time: 14    - [train] loss: 0.0056 - [valid] loss: 0.0117 - [test] loss: 0.0051
saving best model at iter 1330
Iter 1330 - time: 14    - [train] loss: 0.0056 - [valid] loss: 0.0114 - [test] loss: 0.0052
Iter 1340 - time: 14    - [train] loss: 0.0058 - [valid] loss: 0.0117 - [test] loss: 0.0054
saving best model at iter 1350
Iter 1350 - time: 14    - [train] loss: 0.0054 - [valid] loss: 0.0108 - [test] loss: 0.0052
saving best model at iter 1360
Iter 1360 - time: 15    - [train] loss: 0.005  - [valid] loss: 0.0102 - [test] loss: 0.0049
saving best model at iter 1370
Iter 1370 - time: 15    - [train] loss: 0.0048 - [valid] loss: 0.0101 - [test] loss: 0.0048
saving best model at iter 1380
Iter 1380 - time: 15    - [train] loss: 0.0047 - [valid] loss: 0.0096 - [test] loss: 0.0047
Iter 1390 - time: 15    - [train] loss: 0.0065 - [valid] loss: 0.0101 - [test] loss: 0.0067
saving best model at iter 1400
Iter 1400 - time: 15    - [train] loss: 0.0045 - [valid] loss: 0.0084 - [test] loss: 0.0049
Iter 1410 - time: 15    - [train] loss: 0.0043 - [valid] loss: 0.0084 - [test] loss: 0.0047
saving best model at iter 1420
Iter 1420 - time: 15    - [train] loss: 0.0043 - [valid] loss: 0.0079 - [test] loss: 0.005 
saving best model at iter 1430
Iter 1430 - time: 15    - [train] loss: 0.0042 - [valid] loss: 0.0077 - [test] loss: 0.0048
saving best model at iter 1440
Iter 1440 - time: 15    - [train] loss: 0.0039 - [valid] loss: 0.0073 - [test] loss: 0.0045
saving best model at iter 1450
Iter 1450 - time: 15    - [train] loss: 0.0038 - [valid] loss: 0.0071 - [test] loss: 0.0046
saving best model at iter 1460
Iter 1460 - time: 15    - [train] loss: 0.0041 - [valid] loss: 0.0065 - [test] loss: 0.0051
Iter 1470 - time: 15    - [train] loss: 0.0039 - [valid] loss: 0.007  - [test] loss: 0.0046
saving best model at iter 1480
Iter 1480 - time: 15    - [train] loss: 0.0034 - [valid] loss: 0.0064 - [test] loss: 0.0045
saving best model at iter 1490
Iter 1490 - time: 15    - [train] loss: 0.0035 - [valid] loss: 0.0062 - [test] loss: 0.0049
Iter 1500 - time: 16    - [train] loss: 0.0032 - [valid] loss: 0.0064 - [test] loss: 0.0042
saving best model at iter 1510
Iter 1510 - time: 15    - [train] loss: 0.0041 - [valid] loss: 0.006  - [test] loss: 0.005 
saving best model at iter 1520
Iter 1520 - time: 15    - [train] loss: 0.0032 - [valid] loss: 0.0058 - [test] loss: 0.0044
saving best model at iter 1530
Iter 1530 - time: 16    - [train] loss: 0.0031 - [valid] loss: 0.0056 - [test] loss: 0.0045
Iter 1540 - time: 15    - [train] loss: 0.0031 - [valid] loss: 0.0059 - [test] loss: 0.0043
saving best model at iter 1550
Iter 1550 - time: 15    - [train] loss: 0.0031 - [valid] loss: 0.0054 - [test] loss: 0.0048
Iter 1560 - time: 15    - [train] loss: 0.0034 - [valid] loss: 0.0062 - [test] loss: 0.0044
Iter 1570 - time: 15    - [train] loss: 0.003  - [valid] loss: 0.0059 - [test] loss: 0.0041
saving best model at iter 1580
Iter 1580 - time: 14    - [train] loss: 0.0029 - [valid] loss: 0.0049 - [test] loss: 0.0046
Iter 1590 - time: 14    - [train] loss: 0.0036 - [valid] loss: 0.0053 - [test] loss: 0.0053
saving best model at iter 1600
Iter 1600 - time: 15    - [train] loss: 0.0027 - [valid] loss: 0.0047 - [test] loss: 0.0043
Iter 1610 - time: 15    - [train] loss: 0.0025 - [valid] loss: 0.0048 - [test] loss: 0.0041
Iter 1620 - time: 15    - [train] loss: 0.0025 - [valid] loss: 0.0047 - [test] loss: 0.004 
Iter 1630 - time: 15    - [train] loss: 0.0029 - [valid] loss: 0.0052 - [test] loss: 0.0044
Iter 1640 - time: 15    - [train] loss: 0.0031 - [valid] loss: 0.0056 - [test] loss: 0.0046
Iter 1650 - time: 15    - [train] loss: 0.0025 - [valid] loss: 0.0048 - [test] loss: 0.004 
Iter 1660 - time: 15    - [train] loss: 0.0025 - [valid] loss: 0.0049 - [test] loss: 0.0039
saving best model at iter 1670
Iter 1670 - time: 15    - [train] loss: 0.0022 - [valid] loss: 0.0041 - [test] loss: 0.0041
Iter 1680 - time: 15    - [train] loss: 0.0039 - [valid] loss: 0.0066 - [test] loss: 0.005 
Iter 1690 - time: 15    - [train] loss: 0.0029 - [valid] loss: 0.0054 - [test] loss: 0.0039
Iter 1700 - time: 15    - [train] loss: 0.0027 - [valid] loss: 0.005  - [test] loss: 0.004 
Iter 1710 - time: 15    - [train] loss: 0.0029 - [valid] loss: 0.0053 - [test] loss: 0.0041
Iter 1720 - time: 15    - [train] loss: 0.0021 - [valid] loss: 0.0043 - [test] loss: 0.0038
Iter 1730 - time: 15    - [train] loss: 0.002  - [valid] loss: 0.0042 - [test] loss: 0.0036
saving best model at iter 1740
Iter 1740 - time: 15    - [train] loss: 0.0017 - [valid] loss: 0.0038 - [test] loss: 0.0036
Iter 1750 - time: 15    - [train] loss: 0.0026 - [valid] loss: 0.0041 - [test] loss: 0.004 
Iter 1760 - time: 15    - [train] loss: 0.0024 - [valid] loss: 0.0042 - [test] loss: 0.004 
Iter 1770 - time: 15    - [train] loss: 0.002  - [valid] loss: 0.0038 - [test] loss: 0.0038
Iter 1780 - time: 15    - [train] loss: 0.002  - [valid] loss: 0.0039 - [test] loss: 0.0039
Iter 1790 - time: 15    - [train] loss: 0.0019 - [valid] loss: 0.004  - [test] loss: 0.0037
saving best model at iter 1800
Iter 1800 - time: 15    - [train] loss: 0.0018 - [valid] loss: 0.0037 - [test] loss: 0.0037
Iter 1810 - time: 15    - [train] loss: 0.0017 - [valid] loss: 0.0038 - [test] loss: 0.0035
saving best model at iter 1820
Iter 1820 - time: 15    - [train] loss: 0.0016 - [valid] loss: 0.0036 - [test] loss: 0.0037
Iter 1830 - time: 15    - [train] loss: 0.0016 - [valid] loss: 0.0037 - [test] loss: 0.0033
saving best model at iter 1840
Iter 1840 - time: 15    - [train] loss: 0.0015 - [valid] loss: 0.0035 - [test] loss: 0.0034
saving best model at iter 1850
Iter 1850 - time: 15    - [train] loss: 0.0017 - [valid] loss: 0.0033 - [test] loss: 0.0036
Iter 1860 - time: 14    - [train] loss: 0.0015 - [valid] loss: 0.0035 - [test] loss: 0.0033
saving best model at iter 1870
Iter 1870 - time: 15    - [train] loss: 0.0016 - [valid] loss: 0.0033 - [test] loss: 0.0033
Iter 1880 - time: 14    - [train] loss: 0.0018 - [valid] loss: 0.0038 - [test] loss: 0.0035
saving best model at iter 1890
Iter 1890 - time: 15    - [train] loss: 0.0017 - [valid] loss: 0.0032 - [test] loss: 0.0035
saving best model at iter 1900
Iter 1900 - time: 15    - [train] loss: 0.0016 - [valid] loss: 0.0032 - [test] loss: 0.0035
Iter 1910 - time: 15    - [train] loss: 0.0022 - [valid] loss: 0.0045 - [test] loss: 0.0035
Iter 1920 - time: 15    - [train] loss: 0.0018 - [valid] loss: 0.0039 - [test] loss: 0.0031
Iter 1930 - time: 15    - [train] loss: 0.0014 - [valid] loss: 0.0034 - [test] loss: 0.0031
Iter 1940 - time: 15    - [train] loss: 0.0015 - [valid] loss: 0.0035 - [test] loss: 0.0031
Iter 1950 - time: 15    - [train] loss: 0.0018 - [valid] loss: 0.0039 - [test] loss: 0.0034
Iter 1960 - time: 15    - [train] loss: 0.0016 - [valid] loss: 0.0035 - [test] loss: 0.0032
saving best model at iter 1970
Iter 1970 - time: 15    - [train] loss: 0.0016 - [valid] loss: 0.0031 - [test] loss: 0.0034
Iter 1980 - time: 15    - [train] loss: 0.0017 - [valid] loss: 0.0038 - [test] loss: 0.0032
saving best model at iter 1990
Iter 1990 - time: 15    - [train] loss: 0.0013 - [valid] loss: 0.0029 - [test] loss: 0.0032
Iter 2000 - time: 15    - [train] loss: 0.0022 - [valid] loss: 0.0041 - [test] loss: 0.0038
Iter 2010 - time: 14    - [train] loss: 0.0014 - [valid] loss: 0.003  - [test] loss: 0.0032
Iter 2020 - time: 15    - [train] loss: 0.0016 - [valid] loss: 0.0037 - [test] loss: 0.0031
saving best model at iter 2030
Iter 2030 - time: 14    - [train] loss: 0.0013 - [valid] loss: 0.0028 - [test] loss: 0.0032
Iter 2040 - time: 15    - [train] loss: 0.0014 - [valid] loss: 0.0032 - [test] loss: 0.0029
Iter 2050 - time: 15    - [train] loss: 0.0016 - [valid] loss: 0.0037 - [test] loss: 0.003 
saving best model at iter 2060
Iter 2060 - time: 15    - [train] loss: 0.0013 - [valid] loss: 0.0028 - [test] loss: 0.0032
Iter 2070 - time: 15    - [train] loss: 0.0011 - [valid] loss: 0.0028 - [test] loss: 0.0028
saving best model at iter 2080
Iter 2080 - time: 15    - [train] loss: 0.0013 - [valid] loss: 0.0027 - [test] loss: 0.0029
Iter 2090 - time: 15    - [train] loss: 0.0017 - [valid] loss: 0.0038 - [test] loss: 0.003 
saving best model at iter 2100
Iter 2100 - time: 15    - [train] loss: 0.0011 - [valid] loss: 0.0027 - [test] loss: 0.0029
saving best model at iter 2110
Iter 2110 - time: 15    - [train] loss: 0.0012 - [valid] loss: 0.0026 - [test] loss: 0.003 
Iter 2120 - time: 14    - [train] loss: 0.0023 - [valid] loss: 0.0044 - [test] loss: 0.0036
Iter 2130 - time: 15    - [train] loss: 0.0015 - [valid] loss: 0.0028 - [test] loss: 0.0031
Iter 2140 - time: 15    - [train] loss: 0.0011 - [valid] loss: 0.0029 - [test] loss: 0.0027
Iter 2150 - time: 15    - [train] loss: 0.001  - [valid] loss: 0.0028 - [test] loss: 0.0027
Iter 2160 - time: 15    - [train] loss: 0.0017 - [valid] loss: 0.0029 - [test] loss: 0.0034
saving best model at iter 2170
Iter 2170 - time: 15    - [train] loss: 0.0011 - [valid] loss: 0.0025 - [test] loss: 0.0029
Iter 2180 - time: 15    - [train] loss: 0.0011 - [valid] loss: 0.0025 - [test] loss: 0.0028
Iter 2190 - time: 15    - [train] loss: 0.0014 - [valid] loss: 0.0034 - [test] loss: 0.0028
Iter 2200 - time: 15    - [train] loss: 0.0019 - [valid] loss: 0.0037 - [test] loss: 0.003 
saving best model at iter 2210
Iter 2210 - time: 15    - [train] loss: 0.001  - [valid] loss: 0.0025 - [test] loss: 0.0028
Iter 2220 - time: 15    - [train] loss: 0.0013 - [valid] loss: 0.0026 - [test] loss: 0.0031
Iter 2230 - time: 15    - [train] loss: 0.0018 - [valid] loss: 0.0027 - [test] loss: 0.0036
Iter 2240 - time: 15    - [train] loss: 0.0017 - [valid] loss: 0.0028 - [test] loss: 0.0033
Iter 2250 - time: 14    - [train] loss: 0.0011 - [valid] loss: 0.0026 - [test] loss: 0.0026
Iter 2260 - time: 15    - [train] loss: 0.0011 - [valid] loss: 0.0025 - [test] loss: 0.0028
saving best model at iter 2270
Iter 2270 - time: 15    - [train] loss: 0.0011 - [valid] loss: 0.0024 - [test] loss: 0.0028
Iter 2280 - time: 15    - [train] loss: 0.0008 - [valid] loss: 0.0025 - [test] loss: 0.0024
Iter 2290 - time: 15    - [train] loss: 0.0025 - [valid] loss: 0.0034 - [test] loss: 0.0039
Iter 2300 - time: 14    - [train] loss: 0.0014 - [valid] loss: 0.0029 - [test] loss: 0.0026
Iter 2310 - time: 15    - [train] loss: 0.0011 - [valid] loss: 0.0029 - [test] loss: 0.0025
Iter 2320 - time: 15    - [train] loss: 0.001  - [valid] loss: 0.0028 - [test] loss: 0.0025
Iter 2330 - time: 15    - [train] loss: 0.0012 - [valid] loss: 0.0031 - [test] loss: 0.0025
Iter 2340 - time: 15    - [train] loss: 0.0011 - [valid] loss: 0.0025 - [test] loss: 0.0028
Iter 2350 - time: 15    - [train] loss: 0.0014 - [valid] loss: 0.0028 - [test] loss: 0.0028
Iter 2360 - time: 15    - [train] loss: 0.0012 - [valid] loss: 0.003  - [test] loss: 0.0026
Iter 2370 - time: 15    - [train] loss: 0.0013 - [valid] loss: 0.0032 - [test] loss: 0.0025
Iter 2380 - time: 15    - [train] loss: 0.0014 - [valid] loss: 0.0033 - [test] loss: 0.0028
Iter 2390 - time: 15    - [train] loss: 0.001  - [valid] loss: 0.0028 - [test] loss: 0.0025
Iter 2400 - time: 15    - [train] loss: 0.0013 - [valid] loss: 0.0025 - [test] loss: 0.0029
saving best model at iter 2410
Iter 2410 - time: 15    - [train] loss: 0.0008 - [valid] loss: 0.0022 - [test] loss: 0.0025
Iter 2420 - time: 14    - [train] loss: 0.0008 - [valid] loss: 0.0023 - [test] loss: 0.0024
Iter 2430 - time: 15    - [train] loss: 0.0007 - [valid] loss: 0.0023 - [test] loss: 0.0022
saving best model at iter 2440
Iter 2440 - time: 15    - [train] loss: 0.0008 - [valid] loss: 0.0022 - [test] loss: 0.0025
Iter 2450 - time: 15    - [train] loss: 0.0019 - [valid] loss: 0.0031 - [test] loss: 0.0028
Iter 2460 - time: 15    - [train] loss: 0.0014 - [valid] loss: 0.0032 - [test] loss: 0.0026
Iter 2470 - time: 14    - [train] loss: 0.0008 - [valid] loss: 0.0022 - [test] loss: 0.0024
saving best model at iter 2480
Iter 2480 - time: 15    - [train] loss: 0.0008 - [valid] loss: 0.0022 - [test] loss: 0.0023
Iter 2490 - time: 15    - [train] loss: 0.0007 - [valid] loss: 0.0024 - [test] loss: 0.0021
Iter 2500 - time: 15    - [train] loss: 0.0015 - [valid] loss: 0.0026 - [test] loss: 0.0031
Iter 2510 - time: 15    - [train] loss: 0.001  - [valid] loss: 0.0023 - [test] loss: 0.0023
Iter 2520 - time: 15    - [train] loss: 0.0007 - [valid] loss: 0.0023 - [test] loss: 0.0022
saving best model at iter 2530
Iter 2530 - time: 15    - [train] loss: 0.0008 - [valid] loss: 0.0021 - [test] loss: 0.0023
saving best model at iter 2540
Iter 2540 - time: 15    - [train] loss: 0.0007 - [valid] loss: 0.0021 - [test] loss: 0.0021
Iter 2550 - time: 15    - [train] loss: 0.0007 - [valid] loss: 0.0024 - [test] loss: 0.002 
Iter 2560 - time: 15    - [train] loss: 0.0008 - [valid] loss: 0.0027 - [test] loss: 0.002 
Iter 2570 - time: 15    - [train] loss: 0.001  - [valid] loss: 0.0026 - [test] loss: 0.0021
Iter 2580 - time: 15    - [train] loss: 0.0007 - [valid] loss: 0.0021 - [test] loss: 0.0021
Iter 2590 - time: 14    - [train] loss: 0.0008 - [valid] loss: 0.0025 - [test] loss: 0.002 
saving best model at iter 2600
Iter 2600 - time: 14    - [train] loss: 0.0007 - [valid] loss: 0.002  - [test] loss: 0.0021
Iter 2610 - time: 15    - [train] loss: 0.0008 - [valid] loss: 0.0025 - [test] loss: 0.0019
Iter 2620 - time: 15    - [train] loss: 0.0012 - [valid] loss: 0.0031 - [test] loss: 0.0023
Iter 2630 - time: 15    - [train] loss: 0.0006 - [valid] loss: 0.0021 - [test] loss: 0.0019
Iter 2640 - time: 15    - [train] loss: 0.0009 - [valid] loss: 0.0022 - [test] loss: 0.0024
Iter 2650 - time: 15    - [train] loss: 0.0007 - [valid] loss: 0.0024 - [test] loss: 0.0019
Iter 2660 - time: 15    - [train] loss: 0.0011 - [valid] loss: 0.0022 - [test] loss: 0.0026
Iter 2670 - time: 14    - [train] loss: 0.0012 - [valid] loss: 0.0027 - [test] loss: 0.002 
Iter 2680 - time: 15    - [train] loss: 0.0011 - [valid] loss: 0.0022 - [test] loss: 0.0025
Iter 2690 - time: 14    - [train] loss: 0.0007 - [valid] loss: 0.0023 - [test] loss: 0.0019
Iter 2700 - time: 15    - [train] loss: 0.0007 - [valid] loss: 0.0023 - [test] loss: 0.0019
Iter 2710 - time: 15    - [train] loss: 0.0006 - [valid] loss: 0.0021 - [test] loss: 0.002 
Iter 2720 - time: 14    - [train] loss: 0.0016 - [valid] loss: 0.0026 - [test] loss: 0.0029
saving best model at iter 2730
Iter 2730 - time: 15    - [train] loss: 0.0006 - [valid] loss: 0.002  - [test] loss: 0.0019
saving best model at iter 2740
Iter 2740 - time: 14    - [train] loss: 0.0007 - [valid] loss: 0.002  - [test] loss: 0.0021
Iter 2750 - time: 15    - [train] loss: 0.0006 - [valid] loss: 0.002  - [test] loss: 0.0019
saving best model at iter 2760
Iter 2760 - time: 15    - [train] loss: 0.0005 - [valid] loss: 0.0019 - [test] loss: 0.0018
Iter 2770 - time: 15    - [train] loss: 0.0019 - [valid] loss: 0.0035 - [test] loss: 0.0027
Iter 2780 - time: 15    - [train] loss: 0.0009 - [valid] loss: 0.0022 - [test] loss: 0.0021
Iter 2790 - time: 15    - [train] loss: 0.0006 - [valid] loss: 0.0019 - [test] loss: 0.0019
Iter 2800 - time: 14    - [train] loss: 0.0005 - [valid] loss: 0.002  - [test] loss: 0.0018
Iter 2810 - time: 14    - [train] loss: 0.0013 - [valid] loss: 0.0032 - [test] loss: 0.002 
Iter 2820 - time: 14    - [train] loss: 0.001  - [valid] loss: 0.0025 - [test] loss: 0.0021
saving best model at iter 2830
Iter 2830 - time: 14    - [train] loss: 0.0005 - [valid] loss: 0.0019 - [test] loss: 0.0018
saving best model at iter 2840
Iter 2840 - time: 14    - [train] loss: 0.0006 - [valid] loss: 0.0019 - [test] loss: 0.0019
Iter 2850 - time: 14    - [train] loss: 0.0005 - [valid] loss: 0.0021 - [test] loss: 0.0016
Iter 2860 - time: 14    - [train] loss: 0.0014 - [valid] loss: 0.0024 - [test] loss: 0.0027
Iter 2870 - time: 15    - [train] loss: 0.0007 - [valid] loss: 0.0019 - [test] loss: 0.0019
Iter 2880 - time: 15    - [train] loss: 0.0007 - [valid] loss: 0.0019 - [test] loss: 0.002 
saving best model at iter 2890
Iter 2890 - time: 15    - [train] loss: 0.0004 - [valid] loss: 0.0018 - [test] loss: 0.0016
Iter 2900 - time: 15    - [train] loss: 0.0007 - [valid] loss: 0.0019 - [test] loss: 0.0019
Iter 2910 - time: 15    - [train] loss: 0.0007 - [valid] loss: 0.0024 - [test] loss: 0.0017
Iter 2920 - time: 15    - [train] loss: 0.0006 - [valid] loss: 0.0019 - [test] loss: 0.0017
Iter 2930 - time: 15    - [train] loss: 0.0005 - [valid] loss: 0.002  - [test] loss: 0.0016
saving best model at iter 2940
Iter 2940 - time: 15    - [train] loss: 0.0005 - [valid] loss: 0.0018 - [test] loss: 0.0017
Iter 2950 - time: 14    - [train] loss: 0.0004 - [valid] loss: 0.0019 - [test] loss: 0.0015
Iter 2960 - time: 14    - [train] loss: 0.0014 - [valid] loss: 0.0033 - [test] loss: 0.002 
Iter 2970 - time: 14    - [train] loss: 0.0012 - [valid] loss: 0.0023 - [test] loss: 0.0023
Iter 2980 - time: 14    - [train] loss: 0.0006 - [valid] loss: 0.0018 - [test] loss: 0.0018
Iter 2990 - time: 14    - [train] loss: 0.0004 - [valid] loss: 0.0018 - [test] loss: 0.0016

Total script time in hours minutes seconds:  01:15:45
